[0.275s] Invoking command in '/home/ubuntu/rover_ws/build/urdf_tutorial_cpp': CMAKE_PREFIX_PATH=${CMAKE_PREFIX_PATH}:/opt/ros/jazzy DEBUGINFOD_URLS=https://debuginfod.ubuntu.com /usr/bin/cmake --build /home/ubuntu/rover_ws/build/urdf_tutorial_cpp -- -j16 -l16
[0.908s] [100%] Built target urdf_tutorial_cpp
[1.068s] Invoked command in '/home/ubuntu/rover_ws/build/urdf_tutorial_cpp' returned '0': CMAKE_PREFIX_PATH=${CMAKE_PREFIX_PATH}:/opt/ros/jazzy DEBUGINFOD_URLS=https://debuginfod.ubuntu.com /usr/bin/cmake --build /home/ubuntu/rover_ws/build/urdf_tutorial_cpp -- -j16 -l16
[1.105s] Invoking command in '/home/ubuntu/rover_ws/build/urdf_tutorial_cpp': CMAKE_PREFIX_PATH=${CMAKE_PREFIX_PATH}:/opt/ros/jazzy DEBUGINFOD_URLS=https://debuginfod.ubuntu.com /usr/bin/cmake --install /home/ubuntu/rover_ws/build/urdf_tutorial_cpp
[1.207s] -- Install configuration: ""
[1.245s] -- Execute custom install script
[1.245s] -- Up-to-date symlink: /home/ubuntu/rover_ws/install/urdf_tutorial_cpp/lib/urdf_tutorial_cpp/urdf_tutorial_cpp
[1.282s] -- Up-to-date symlink: /home/ubuntu/rover_ws/install/urdf_tutorial_cpp/share/urdf_tutorial_cpp/launch/launch.py
[1.284s] -- Up-to-date symlink: /home/ubuntu/rover_ws/install/urdf_tutorial_cpp/share/urdf_tutorial_cpp/urdf/r2d2.rviz
[1.284s] -- Up-to-date symlink: /home/ubuntu/rover_ws/install/urdf_tutorial_cpp/share/urdf_tutorial_cpp/urdf/r2d2.urdf.xml
[1.285s] -- Up-to-date symlink: /home/ubuntu/rover_ws/install/urdf_tutorial_cpp/share/ament_index/resource_index/package_run_dependencies/urdf_tutorial_cpp
[1.286s] -- Up-to-date symlink: /home/ubuntu/rover_ws/install/urdf_tutorial_cpp/share/ament_index/resource_index/parent_prefix_path/urdf_tutorial_cpp
[1.286s] -- Up-to-date symlink: /home/ubuntu/rover_ws/install/urdf_tutorial_cpp/share/urdf_tutorial_cpp/environment/ament_prefix_path.sh
[1.286s] -- Up-to-date symlink: /home/ubuntu/rover_ws/install/urdf_tutorial_cpp/share/urdf_tutorial_cpp/environment/ament_prefix_path.dsv
[1.287s] -- Up-to-date symlink: /home/ubuntu/rover_ws/install/urdf_tutorial_cpp/share/urdf_tutorial_cpp/environment/path.sh
[1.287s] -- Up-to-date symlink: /home/ubuntu/rover_ws/install/urdf_tutorial_cpp/share/urdf_tutorial_cpp/environment/path.dsv
[1.287s] -- Up-to-date symlink: /home/ubuntu/rover_ws/install/urdf_tutorial_cpp/share/urdf_tutorial_cpp/local_setup.bash
[1.288s] -- Up-to-date symlink: /home/ubuntu/rover_ws/install/urdf_tutorial_cpp/share/urdf_tutorial_cpp/local_setup.sh
[1.288s] -- Up-to-date symlink: /home/ubuntu/rover_ws/install/urdf_tutorial_cpp/share/urdf_tutorial_cpp/local_setup.zsh
[1.288s] -- Up-to-date symlink: /home/ubuntu/rover_ws/install/urdf_tutorial_cpp/share/urdf_tutorial_cpp/local_setup.dsv
[1.289s] -- Symlinking: /home/ubuntu/rover_ws/install/urdf_tutorial_cpp/share/urdf_tutorial_cpp/package.dsv
[1.312s] -- Up-to-date symlink: /home/ubuntu/rover_ws/install/urdf_tutorial_cpp/share/ament_index/resource_index/packages/urdf_tutorial_cpp
[1.312s] -- Up-to-date symlink: /home/ubuntu/rover_ws/install/urdf_tutorial_cpp/share/urdf_tutorial_cpp/cmake/urdf_tutorial_cppConfig.cmake
[1.313s] -- Up-to-date symlink: /home/ubuntu/rover_ws/install/urdf_tutorial_cpp/share/urdf_tutorial_cpp/cmake/urdf_tutorial_cppConfig-version.cmake
[1.313s] -- Up-to-date symlink: /home/ubuntu/rover_ws/install/urdf_tutorial_cpp/share/urdf_tutorial_cpp/package.xml
[1.317s] Invoked command in '/home/ubuntu/rover_ws/build/urdf_tutorial_cpp' returned '0': CMAKE_PREFIX_PATH=${CMAKE_PREFIX_PATH}:/opt/ros/jazzy DEBUGINFOD_URLS=https://debuginfod.ubuntu.com /usr/bin/cmake --install /home/ubuntu/rover_ws/build/urdf_tutorial_cpp
