[0.007s] Invoking command in '/home/ubuntu/rover_ws/build/gz_ros2_control_demos': CMAKE_PREFIX_PATH=/home/ubuntu/rover_ws/install/gz_ros2_control:/home/ubuntu/rover_ws/install/gz_ros2_control_tests:/home/ubuntu/rover_ws/install/gz_ros2_control_demos:/home/ubuntu/rover_ws/install/urdf_tutorial_cpp:/home/ubuntu/rover_ws/install/rover_utils:/home/ubuntu/rover_ws/install/rover_description:/home/ubuntu/rover_ws/install/halleffect_controller:/home/ubuntu/ros2_ws/install/yahboom_rosmaster:/home/ubuntu/ros2_ws/install/yahboom_rosmaster_system_tests:/home/ubuntu/ros2_ws/install/yahboom_rosmaster_gazebo:/home/ubuntu/ros2_ws/install/yahboom_rosmaster_description:/home/ubuntu/ros2_ws/install/yahboom_rosmaster_bringup:/home/ubuntu/ros2_ws/install/sllidar_ros2:/home/ubuntu/ros2_ws/install/rplidar_ros:/home/ubuntu/ros2_ws/install/mecanum_drive_controller:/opt/ros/jazzy/opt/gz_sim_vendor:/opt/ros/jazzy/opt/gz_sensors_vendor:/opt/ros/jazzy/opt/gz_physics_vendor:/opt/ros/jazzy/opt/sdformat_vendor:/opt/ros/jazzy/opt/gz_gui_vendor:/opt/ros/jazzy/opt/gz_transport_vendor:/opt/ros/jazzy/opt/gz_rendering_vendor:/opt/ros/jazzy/opt/gz_plugin_vendor:/opt/ros/jazzy/opt/gz_fuel_tools_vendor:/opt/ros/jazzy/opt/gz_msgs_vendor:/opt/ros/jazzy/opt/gz_common_vendor:/opt/ros/jazzy/opt/gz_math_vendor:/opt/ros/jazzy/opt/gz_utils_vendor:/opt/ros/jazzy/opt/gz_tools_vendor:/opt/ros/jazzy/opt/gz_ogre_next_vendor:/opt/ros/jazzy/opt/gz_dartsim_vendor:/opt/ros/jazzy/opt/gz_cmake_vendor:/opt/ros/jazzy DEBUGINFOD_URLS=https://debuginfod.ubuntu.com /usr/bin/cmake --build /home/ubuntu/rover_ws/build/gz_ros2_control_demos -- -j16 -l16
[0.050s] [ 14%] Built target example_position
[0.050s] [ 35%] Built target example_effort
[0.050s] [ 42%] Built target example_diff_drive
[0.051s] [ 57%] Built target example_ackermann_drive
[0.051s] [ 71%] Built target example_velocity
[0.051s] [ 85%] Built target example_gripper
[0.051s] [100%] Built target example_tricycle_drive
[0.059s] Invoked command in '/home/ubuntu/rover_ws/build/gz_ros2_control_demos' returned '0': CMAKE_PREFIX_PATH=/home/ubuntu/rover_ws/install/gz_ros2_control:/home/ubuntu/rover_ws/install/gz_ros2_control_tests:/home/ubuntu/rover_ws/install/gz_ros2_control_demos:/home/ubuntu/rover_ws/install/urdf_tutorial_cpp:/home/ubuntu/rover_ws/install/rover_utils:/home/ubuntu/rover_ws/install/rover_description:/home/ubuntu/rover_ws/install/halleffect_controller:/home/ubuntu/ros2_ws/install/yahboom_rosmaster:/home/ubuntu/ros2_ws/install/yahboom_rosmaster_system_tests:/home/ubuntu/ros2_ws/install/yahboom_rosmaster_gazebo:/home/ubuntu/ros2_ws/install/yahboom_rosmaster_description:/home/ubuntu/ros2_ws/install/yahboom_rosmaster_bringup:/home/ubuntu/ros2_ws/install/sllidar_ros2:/home/ubuntu/ros2_ws/install/rplidar_ros:/home/ubuntu/ros2_ws/install/mecanum_drive_controller:/opt/ros/jazzy/opt/gz_sim_vendor:/opt/ros/jazzy/opt/gz_sensors_vendor:/opt/ros/jazzy/opt/gz_physics_vendor:/opt/ros/jazzy/opt/sdformat_vendor:/opt/ros/jazzy/opt/gz_gui_vendor:/opt/ros/jazzy/opt/gz_transport_vendor:/opt/ros/jazzy/opt/gz_rendering_vendor:/opt/ros/jazzy/opt/gz_plugin_vendor:/opt/ros/jazzy/opt/gz_fuel_tools_vendor:/opt/ros/jazzy/opt/gz_msgs_vendor:/opt/ros/jazzy/opt/gz_common_vendor:/opt/ros/jazzy/opt/gz_math_vendor:/opt/ros/jazzy/opt/gz_utils_vendor:/opt/ros/jazzy/opt/gz_tools_vendor:/opt/ros/jazzy/opt/gz_ogre_next_vendor:/opt/ros/jazzy/opt/gz_dartsim_vendor:/opt/ros/jazzy/opt/gz_cmake_vendor:/opt/ros/jazzy DEBUGINFOD_URLS=https://debuginfod.ubuntu.com /usr/bin/cmake --build /home/ubuntu/rover_ws/build/gz_ros2_control_demos -- -j16 -l16
[0.060s] Invoking command in '/home/ubuntu/rover_ws/build/gz_ros2_control_demos': CMAKE_PREFIX_PATH=/home/ubuntu/rover_ws/install/gz_ros2_control:/home/ubuntu/rover_ws/install/gz_ros2_control_tests:/home/ubuntu/rover_ws/install/gz_ros2_control_demos:/home/ubuntu/rover_ws/install/urdf_tutorial_cpp:/home/ubuntu/rover_ws/install/rover_utils:/home/ubuntu/rover_ws/install/rover_description:/home/ubuntu/rover_ws/install/halleffect_controller:/home/ubuntu/ros2_ws/install/yahboom_rosmaster:/home/ubuntu/ros2_ws/install/yahboom_rosmaster_system_tests:/home/ubuntu/ros2_ws/install/yahboom_rosmaster_gazebo:/home/ubuntu/ros2_ws/install/yahboom_rosmaster_description:/home/ubuntu/ros2_ws/install/yahboom_rosmaster_bringup:/home/ubuntu/ros2_ws/install/sllidar_ros2:/home/ubuntu/ros2_ws/install/rplidar_ros:/home/ubuntu/ros2_ws/install/mecanum_drive_controller:/opt/ros/jazzy/opt/gz_sim_vendor:/opt/ros/jazzy/opt/gz_sensors_vendor:/opt/ros/jazzy/opt/gz_physics_vendor:/opt/ros/jazzy/opt/sdformat_vendor:/opt/ros/jazzy/opt/gz_gui_vendor:/opt/ros/jazzy/opt/gz_transport_vendor:/opt/ros/jazzy/opt/gz_rendering_vendor:/opt/ros/jazzy/opt/gz_plugin_vendor:/opt/ros/jazzy/opt/gz_fuel_tools_vendor:/opt/ros/jazzy/opt/gz_msgs_vendor:/opt/ros/jazzy/opt/gz_common_vendor:/opt/ros/jazzy/opt/gz_math_vendor:/opt/ros/jazzy/opt/gz_utils_vendor:/opt/ros/jazzy/opt/gz_tools_vendor:/opt/ros/jazzy/opt/gz_ogre_next_vendor:/opt/ros/jazzy/opt/gz_dartsim_vendor:/opt/ros/jazzy/opt/gz_cmake_vendor:/opt/ros/jazzy DEBUGINFOD_URLS=https://debuginfod.ubuntu.com /usr/bin/cmake --install /home/ubuntu/rover_ws/build/gz_ros2_control_demos
[0.065s] -- Install configuration: ""
[0.066s] -- Up-to-date: /home/ubuntu/rover_ws/install/gz_ros2_control_demos/share/gz_ros2_control_demos//launch
[0.066s] -- Up-to-date: /home/ubuntu/rover_ws/install/gz_ros2_control_demos/share/gz_ros2_control_demos//launch/cart_example_velocity.launch.py
[0.066s] -- Up-to-date: /home/ubuntu/rover_ws/install/gz_ros2_control_demos/share/gz_ros2_control_demos//launch/ackermann_drive_example.launch.py
[0.066s] -- Up-to-date: /home/ubuntu/rover_ws/install/gz_ros2_control_demos/share/gz_ros2_control_demos//launch/diff_drive_example_namespaced.launch.py
[0.066s] -- Up-to-date: /home/ubuntu/rover_ws/install/gz_ros2_control_demos/share/gz_ros2_control_demos//launch/mecanum_drive_example.launch.py
[0.066s] -- Up-to-date: /home/ubuntu/rover_ws/install/gz_ros2_control_demos/share/gz_ros2_control_demos//launch/cart_example_position.launch.py
[0.066s] -- Up-to-date: /home/ubuntu/rover_ws/install/gz_ros2_control_demos/share/gz_ros2_control_demos//launch/pendulum_example_effort.launch.py
[0.066s] -- Up-to-date: /home/ubuntu/rover_ws/install/gz_ros2_control_demos/share/gz_ros2_control_demos//launch/gripper_mimic_joint_example_effort.launch.py
[0.066s] -- Up-to-date: /home/ubuntu/rover_ws/install/gz_ros2_control_demos/share/gz_ros2_control_demos//launch/gripper_mimic_joint_example_position.launch.xml
[0.066s] -- Up-to-date: /home/ubuntu/rover_ws/install/gz_ros2_control_demos/share/gz_ros2_control_demos//launch/pendulum_example_position.launch.py
[0.066s] -- Up-to-date: /home/ubuntu/rover_ws/install/gz_ros2_control_demos/share/gz_ros2_control_demos//launch/tricycle_drive_example.launch.py
[0.067s] -- Up-to-date: /home/ubuntu/rover_ws/install/gz_ros2_control_demos/share/gz_ros2_control_demos//launch/cart_example_effort.launch.py
[0.067s] -- Up-to-date: /home/ubuntu/rover_ws/install/gz_ros2_control_demos/share/gz_ros2_control_demos//launch/diff_drive_example.launch.py
[0.067s] -- Up-to-date: /home/ubuntu/rover_ws/install/gz_ros2_control_demos/share/gz_ros2_control_demos//launch/gripper_mimic_joint_example_effort.launch.xml
[0.067s] -- Up-to-date: /home/ubuntu/rover_ws/install/gz_ros2_control_demos/share/gz_ros2_control_demos//launch/gripper_mimic_joint_example_position.launch.py
[0.067s] -- Up-to-date: /home/ubuntu/rover_ws/install/gz_ros2_control_demos/share/gz_ros2_control_demos//config
[0.067s] -- Up-to-date: /home/ubuntu/rover_ws/install/gz_ros2_control_demos/share/gz_ros2_control_demos//config/diff_drive_controller.yaml
[0.067s] -- Up-to-date: /home/ubuntu/rover_ws/install/gz_ros2_control_demos/share/gz_ros2_control_demos//config/mecanum_drive_controller.yaml
[0.067s] -- Up-to-date: /home/ubuntu/rover_ws/install/gz_ros2_control_demos/share/gz_ros2_control_demos//config/gripper_controller_position.yaml
[0.067s] -- Up-to-date: /home/ubuntu/rover_ws/install/gz_ros2_control_demos/share/gz_ros2_control_demos//config/ackermann_drive_controller.yaml
[0.067s] -- Up-to-date: /home/ubuntu/rover_ws/install/gz_ros2_control_demos/share/gz_ros2_control_demos//config/cart_controller_velocity.yaml
[0.067s] -- Up-to-date: /home/ubuntu/rover_ws/install/gz_ros2_control_demos/share/gz_ros2_control_demos//config/cart_controller_position.yaml
[0.067s] -- Up-to-date: /home/ubuntu/rover_ws/install/gz_ros2_control_demos/share/gz_ros2_control_demos//config/tricycle_drive_controller.yaml
[0.067s] -- Up-to-date: /home/ubuntu/rover_ws/install/gz_ros2_control_demos/share/gz_ros2_control_demos//config/gripper_controller_effort.yaml
[0.067s] -- Up-to-date: /home/ubuntu/rover_ws/install/gz_ros2_control_demos/share/gz_ros2_control_demos//config/cart_controller_effort.yaml
[0.068s] -- Up-to-date: /home/ubuntu/rover_ws/install/gz_ros2_control_demos/share/gz_ros2_control_demos//sdf
[0.068s] -- Up-to-date: /home/ubuntu/rover_ws/install/gz_ros2_control_demos/share/gz_ros2_control_demos//sdf/test_diff_drive.xacro.sdf
[0.068s] -- Up-to-date: /home/ubuntu/rover_ws/install/gz_ros2_control_demos/share/gz_ros2_control_demos//sdf/test_ackermann_drive.xacro.sdf
[0.068s] -- Up-to-date: /home/ubuntu/rover_ws/install/gz_ros2_control_demos/share/gz_ros2_control_demos//urdf
[0.068s] -- Up-to-date: /home/ubuntu/rover_ws/install/gz_ros2_control_demos/share/gz_ros2_control_demos//urdf/test_cart_position.xacro.urdf
[0.068s] -- Up-to-date: /home/ubuntu/rover_ws/install/gz_ros2_control_demos/share/gz_ros2_control_demos//urdf/test_ackermann_drive.xacro.urdf
[0.068s] -- Up-to-date: /home/ubuntu/rover_ws/install/gz_ros2_control_demos/share/gz_ros2_control_demos//urdf/test_diff_drive.xacro.urdf
[0.068s] -- Up-to-date: /home/ubuntu/rover_ws/install/gz_ros2_control_demos/share/gz_ros2_control_demos//urdf/test_gripper_mimic_joint_position.xacro.urdf
[0.068s] -- Up-to-date: /home/ubuntu/rover_ws/install/gz_ros2_control_demos/share/gz_ros2_control_demos//urdf/test_pendulum_effort.xacro.urdf
[0.068s] -- Up-to-date: /home/ubuntu/rover_ws/install/gz_ros2_control_demos/share/gz_ros2_control_demos//urdf/test_mecanum_drive.xacro.urdf
[0.068s] -- Up-to-date: /home/ubuntu/rover_ws/install/gz_ros2_control_demos/share/gz_ros2_control_demos//urdf/test_tricycle_drive.xacro.urdf
[0.068s] -- Up-to-date: /home/ubuntu/rover_ws/install/gz_ros2_control_demos/share/gz_ros2_control_demos//urdf/test_pendulum_position.xacro.urdf
[0.068s] -- Up-to-date: /home/ubuntu/rover_ws/install/gz_ros2_control_demos/share/gz_ros2_control_demos//urdf/test_cart_effort.xacro.urdf
[0.068s] -- Up-to-date: /home/ubuntu/rover_ws/install/gz_ros2_control_demos/share/gz_ros2_control_demos//urdf/test_gripper_mimic_joint_effort.xacro.urdf
[0.068s] -- Up-to-date: /home/ubuntu/rover_ws/install/gz_ros2_control_demos/share/gz_ros2_control_demos//urdf/test_cart_velocity.xacro.urdf
[0.068s] -- Up-to-date: /home/ubuntu/rover_ws/install/gz_ros2_control_demos/lib/gz_ros2_control_demos/example_position
[0.068s] -- Up-to-date: /home/ubuntu/rover_ws/install/gz_ros2_control_demos/lib/gz_ros2_control_demos/example_velocity
[0.068s] -- Up-to-date: /home/ubuntu/rover_ws/install/gz_ros2_control_demos/lib/gz_ros2_control_demos/example_effort
[0.069s] -- Up-to-date: /home/ubuntu/rover_ws/install/gz_ros2_control_demos/lib/gz_ros2_control_demos/example_diff_drive
[0.069s] -- Up-to-date: /home/ubuntu/rover_ws/install/gz_ros2_control_demos/lib/gz_ros2_control_demos/example_tricycle_drive
[0.069s] -- Up-to-date: /home/ubuntu/rover_ws/install/gz_ros2_control_demos/lib/gz_ros2_control_demos/example_ackermann_drive
[0.069s] -- Up-to-date: /home/ubuntu/rover_ws/install/gz_ros2_control_demos/lib/gz_ros2_control_demos/example_gripper
[0.069s] -- Up-to-date: /home/ubuntu/rover_ws/install/gz_ros2_control_demos/share/ament_index/resource_index/package_run_dependencies/gz_ros2_control_demos
[0.069s] -- Up-to-date: /home/ubuntu/rover_ws/install/gz_ros2_control_demos/share/ament_index/resource_index/parent_prefix_path/gz_ros2_control_demos
[0.069s] -- Up-to-date: /home/ubuntu/rover_ws/install/gz_ros2_control_demos/share/gz_ros2_control_demos/environment/ament_prefix_path.sh
[0.069s] -- Up-to-date: /home/ubuntu/rover_ws/install/gz_ros2_control_demos/share/gz_ros2_control_demos/environment/ament_prefix_path.dsv
[0.069s] -- Up-to-date: /home/ubuntu/rover_ws/install/gz_ros2_control_demos/share/gz_ros2_control_demos/environment/path.sh
[0.069s] -- Up-to-date: /home/ubuntu/rover_ws/install/gz_ros2_control_demos/share/gz_ros2_control_demos/environment/path.dsv
[0.070s] -- Up-to-date: /home/ubuntu/rover_ws/install/gz_ros2_control_demos/share/gz_ros2_control_demos/local_setup.bash
[0.070s] -- Up-to-date: /home/ubuntu/rover_ws/install/gz_ros2_control_demos/share/gz_ros2_control_demos/local_setup.sh
[0.070s] -- Up-to-date: /home/ubuntu/rover_ws/install/gz_ros2_control_demos/share/gz_ros2_control_demos/local_setup.zsh
[0.070s] -- Up-to-date: /home/ubuntu/rover_ws/install/gz_ros2_control_demos/share/gz_ros2_control_demos/local_setup.dsv
[0.070s] -- Installing: /home/ubuntu/rover_ws/install/gz_ros2_control_demos/share/gz_ros2_control_demos/package.dsv
[0.070s] -- Up-to-date: /home/ubuntu/rover_ws/install/gz_ros2_control_demos/share/ament_index/resource_index/packages/gz_ros2_control_demos
[0.070s] -- Up-to-date: /home/ubuntu/rover_ws/install/gz_ros2_control_demos/share/gz_ros2_control_demos/cmake/gz_ros2_control_demosConfig.cmake
[0.070s] -- Up-to-date: /home/ubuntu/rover_ws/install/gz_ros2_control_demos/share/gz_ros2_control_demos/cmake/gz_ros2_control_demosConfig-version.cmake
[0.070s] -- Up-to-date: /home/ubuntu/rover_ws/install/gz_ros2_control_demos/share/gz_ros2_control_demos/package.xml
[0.070s] Invoked command in '/home/ubuntu/rover_ws/build/gz_ros2_control_demos' returned '0': CMAKE_PREFIX_PATH=/home/ubuntu/rover_ws/install/gz_ros2_control:/home/ubuntu/rover_ws/install/gz_ros2_control_tests:/home/ubuntu/rover_ws/install/gz_ros2_control_demos:/home/ubuntu/rover_ws/install/urdf_tutorial_cpp:/home/ubuntu/rover_ws/install/rover_utils:/home/ubuntu/rover_ws/install/rover_description:/home/ubuntu/rover_ws/install/halleffect_controller:/home/ubuntu/ros2_ws/install/yahboom_rosmaster:/home/ubuntu/ros2_ws/install/yahboom_rosmaster_system_tests:/home/ubuntu/ros2_ws/install/yahboom_rosmaster_gazebo:/home/ubuntu/ros2_ws/install/yahboom_rosmaster_description:/home/ubuntu/ros2_ws/install/yahboom_rosmaster_bringup:/home/ubuntu/ros2_ws/install/sllidar_ros2:/home/ubuntu/ros2_ws/install/rplidar_ros:/home/ubuntu/ros2_ws/install/mecanum_drive_controller:/opt/ros/jazzy/opt/gz_sim_vendor:/opt/ros/jazzy/opt/gz_sensors_vendor:/opt/ros/jazzy/opt/gz_physics_vendor:/opt/ros/jazzy/opt/sdformat_vendor:/opt/ros/jazzy/opt/gz_gui_vendor:/opt/ros/jazzy/opt/gz_transport_vendor:/opt/ros/jazzy/opt/gz_rendering_vendor:/opt/ros/jazzy/opt/gz_plugin_vendor:/opt/ros/jazzy/opt/gz_fuel_tools_vendor:/opt/ros/jazzy/opt/gz_msgs_vendor:/opt/ros/jazzy/opt/gz_common_vendor:/opt/ros/jazzy/opt/gz_math_vendor:/opt/ros/jazzy/opt/gz_utils_vendor:/opt/ros/jazzy/opt/gz_tools_vendor:/opt/ros/jazzy/opt/gz_ogre_next_vendor:/opt/ros/jazzy/opt/gz_dartsim_vendor:/opt/ros/jazzy/opt/gz_cmake_vendor:/opt/ros/jazzy DEBUGINFOD_URLS=https://debuginfod.ubuntu.com /usr/bin/cmake --install /home/ubuntu/rover_ws/build/gz_ros2_control_demos
