[0.066s] DEBUG:colcon:Command line arguments: ['/usr/bin/colcon', 'build']
[0.066s] DEBUG:colcon:Parsed command line arguments: Namespace(log_base=None, log_level=None, verb_name='build', build_base='build', install_base='install', merge_install=False, symlink_install=False, test_result_base=None, continue_on_error=False, executor='parallel', parallel_workers=16, event_handlers=None, ignore_user_meta=False, metas=['./colcon.meta'], base_paths=['.'], packages_ignore=None, packages_ignore_regex=None, paths=None, packages_up_to=None, packages_up_to_regex=None, packages_above=None, packages_above_and_dependencies=None, packages_above_depth=None, packages_select_by_dep=None, packages_skip_by_dep=None, packages_skip_up_to=None, packages_select_build_failed=False, packages_skip_build_finished=False, packages_select_test_failures=False, packages_skip_test_passed=False, packages_select=None, packages_skip=None, packages_select_regex=None, packages_skip_regex=None, packages_start=None, packages_end=None, allow_overriding=[], cmake_args=None, cmake_target=None, cmake_target_skip_unavailable=False, cmake_clean_cache=False, cmake_clean_first=False, cmake_force_configure=False, ament_cmake_args=None, catkin_cmake_args=None, catkin_skip_building_tests=False, mixin_files=None, mixin=None, verb_parser=<colcon_mixin.mixin.mixin_argument.MixinArgumentDecorator object at 0x7f1cd2295ac0>, verb_extension=<colcon_core.verb.build.BuildVerb object at 0x7f1cd2295670>, main=<bound method BuildVerb.main of <colcon_core.verb.build.BuildVerb object at 0x7f1cd2295670>>, mixin_verb=('build',))
[0.088s] Level 1:colcon.colcon_core.package_discovery:discover_packages(colcon_meta) check parameters
[0.088s] Level 1:colcon.colcon_core.package_discovery:discover_packages(recursive) check parameters
[0.088s] Level 1:colcon.colcon_core.package_discovery:discover_packages(ignore) check parameters
[0.088s] Level 1:colcon.colcon_core.package_discovery:discover_packages(path) check parameters
[0.088s] Level 1:colcon.colcon_core.package_discovery:discover_packages(colcon_meta) discover
[0.088s] Level 1:colcon.colcon_core.package_discovery:discover_packages(recursive) discover
[0.088s] INFO:colcon.colcon_core.package_discovery:Crawling recursively for packages in '/home/ubuntu/rover_ws'
[0.088s] Level 1:colcon.colcon_core.package_identification:_identify(.) by extensions ['ignore', 'ignore_ament_install']
[0.089s] Level 1:colcon.colcon_core.package_identification:_identify(.) by extension 'ignore'
[0.089s] Level 1:colcon.colcon_core.package_identification:_identify(.) by extension 'ignore_ament_install'
[0.089s] Level 1:colcon.colcon_core.package_identification:_identify(.) by extensions ['colcon_pkg']
[0.089s] Level 1:colcon.colcon_core.package_identification:_identify(.) by extension 'colcon_pkg'
[0.089s] Level 1:colcon.colcon_core.package_identification:_identify(.) by extensions ['colcon_meta']
[0.089s] Level 1:colcon.colcon_core.package_identification:_identify(.) by extension 'colcon_meta'
[0.089s] Level 1:colcon.colcon_core.package_identification:_identify(.) by extensions ['ros']
[0.089s] Level 1:colcon.colcon_core.package_identification:_identify(.) by extension 'ros'
[0.104s] Level 1:colcon.colcon_core.package_identification:_identify(.) by extensions ['cmake', 'python']
[0.104s] Level 1:colcon.colcon_core.package_identification:_identify(.) by extension 'cmake'
[0.104s] Level 1:colcon.colcon_core.package_identification:_identify(.) by extension 'python'
[0.104s] Level 1:colcon.colcon_core.package_identification:_identify(.) by extensions ['python_setup_py']
[0.104s] Level 1:colcon.colcon_core.package_identification:_identify(.) by extension 'python_setup_py'
[0.104s] Level 1:colcon.colcon_core.package_identification:_identify(build) by extensions ['ignore', 'ignore_ament_install']
[0.104s] Level 1:colcon.colcon_core.package_identification:_identify(build) by extension 'ignore'
[0.104s] Level 1:colcon.colcon_core.package_identification:_identify(build) ignored
[0.104s] Level 1:colcon.colcon_core.package_identification:_identify(install) by extensions ['ignore', 'ignore_ament_install']
[0.104s] Level 1:colcon.colcon_core.package_identification:_identify(install) by extension 'ignore'
[0.104s] Level 1:colcon.colcon_core.package_identification:_identify(install) ignored
[0.105s] Level 1:colcon.colcon_core.package_identification:_identify(log) by extensions ['ignore', 'ignore_ament_install']
[0.105s] Level 1:colcon.colcon_core.package_identification:_identify(log) by extension 'ignore'
[0.105s] Level 1:colcon.colcon_core.package_identification:_identify(log) ignored
[0.105s] Level 1:colcon.colcon_core.package_identification:_identify(src) by extensions ['ignore', 'ignore_ament_install']
[0.105s] Level 1:colcon.colcon_core.package_identification:_identify(src) by extension 'ignore'
[0.105s] Level 1:colcon.colcon_core.package_identification:_identify(src) by extension 'ignore_ament_install'
[0.105s] Level 1:colcon.colcon_core.package_identification:_identify(src) by extensions ['colcon_pkg']
[0.105s] Level 1:colcon.colcon_core.package_identification:_identify(src) by extension 'colcon_pkg'
[0.105s] Level 1:colcon.colcon_core.package_identification:_identify(src) by extensions ['colcon_meta']
[0.105s] Level 1:colcon.colcon_core.package_identification:_identify(src) by extension 'colcon_meta'
[0.105s] Level 1:colcon.colcon_core.package_identification:_identify(src) by extensions ['ros']
[0.105s] Level 1:colcon.colcon_core.package_identification:_identify(src) by extension 'ros'
[0.105s] Level 1:colcon.colcon_core.package_identification:_identify(src) by extensions ['cmake', 'python']
[0.105s] Level 1:colcon.colcon_core.package_identification:_identify(src) by extension 'cmake'
[0.105s] Level 1:colcon.colcon_core.package_identification:_identify(src) by extension 'python'
[0.105s] Level 1:colcon.colcon_core.package_identification:_identify(src) by extensions ['python_setup_py']
[0.105s] Level 1:colcon.colcon_core.package_identification:_identify(src) by extension 'python_setup_py'
[0.105s] Level 1:colcon.colcon_core.package_identification:_identify(src/halleffect_controller) by extensions ['ignore', 'ignore_ament_install']
[0.105s] Level 1:colcon.colcon_core.package_identification:_identify(src/halleffect_controller) by extension 'ignore'
[0.105s] Level 1:colcon.colcon_core.package_identification:_identify(src/halleffect_controller) by extension 'ignore_ament_install'
[0.105s] Level 1:colcon.colcon_core.package_identification:_identify(src/halleffect_controller) by extensions ['colcon_pkg']
[0.105s] Level 1:colcon.colcon_core.package_identification:_identify(src/halleffect_controller) by extension 'colcon_pkg'
[0.105s] Level 1:colcon.colcon_core.package_identification:_identify(src/halleffect_controller) by extensions ['colcon_meta']
[0.105s] Level 1:colcon.colcon_core.package_identification:_identify(src/halleffect_controller) by extension 'colcon_meta'
[0.105s] Level 1:colcon.colcon_core.package_identification:_identify(src/halleffect_controller) by extensions ['ros']
[0.105s] Level 1:colcon.colcon_core.package_identification:_identify(src/halleffect_controller) by extension 'ros'
[0.107s] DEBUG:colcon.colcon_core.package_identification:Package 'src/halleffect_controller' with type 'ros.ament_cmake' and name 'halleffect_controller'
[0.107s] Level 1:colcon.colcon_core.package_identification:_identify(src/rover_description) by extensions ['ignore', 'ignore_ament_install']
[0.107s] Level 1:colcon.colcon_core.package_identification:_identify(src/rover_description) by extension 'ignore'
[0.107s] Level 1:colcon.colcon_core.package_identification:_identify(src/rover_description) by extension 'ignore_ament_install'
[0.107s] Level 1:colcon.colcon_core.package_identification:_identify(src/rover_description) by extensions ['colcon_pkg']
[0.107s] Level 1:colcon.colcon_core.package_identification:_identify(src/rover_description) by extension 'colcon_pkg'
[0.107s] Level 1:colcon.colcon_core.package_identification:_identify(src/rover_description) by extensions ['colcon_meta']
[0.107s] Level 1:colcon.colcon_core.package_identification:_identify(src/rover_description) by extension 'colcon_meta'
[0.107s] Level 1:colcon.colcon_core.package_identification:_identify(src/rover_description) by extensions ['ros']
[0.107s] Level 1:colcon.colcon_core.package_identification:_identify(src/rover_description) by extension 'ros'
[0.109s] DEBUG:colcon.colcon_core.package_identification:Package 'src/rover_description' with type 'ros.ament_cmake' and name 'rover_description'
[0.109s] Level 1:colcon.colcon_core.package_identification:_identify(src/urdf_tutorial_cpp) by extensions ['ignore', 'ignore_ament_install']
[0.109s] Level 1:colcon.colcon_core.package_identification:_identify(src/urdf_tutorial_cpp) by extension 'ignore'
[0.109s] Level 1:colcon.colcon_core.package_identification:_identify(src/urdf_tutorial_cpp) by extension 'ignore_ament_install'
[0.109s] Level 1:colcon.colcon_core.package_identification:_identify(src/urdf_tutorial_cpp) by extensions ['colcon_pkg']
[0.109s] Level 1:colcon.colcon_core.package_identification:_identify(src/urdf_tutorial_cpp) by extension 'colcon_pkg'
[0.109s] Level 1:colcon.colcon_core.package_identification:_identify(src/urdf_tutorial_cpp) by extensions ['colcon_meta']
[0.109s] Level 1:colcon.colcon_core.package_identification:_identify(src/urdf_tutorial_cpp) by extension 'colcon_meta'
[0.109s] Level 1:colcon.colcon_core.package_identification:_identify(src/urdf_tutorial_cpp) by extensions ['ros']
[0.109s] Level 1:colcon.colcon_core.package_identification:_identify(src/urdf_tutorial_cpp) by extension 'ros'
[0.110s] DEBUG:colcon.colcon_core.package_identification:Package 'src/urdf_tutorial_cpp' with type 'ros.ament_cmake' and name 'urdf_tutorial_cpp'
[0.110s] Level 1:colcon.colcon_core.package_discovery:discover_packages(recursive) using defaults
[0.110s] Level 1:colcon.colcon_core.package_discovery:discover_packages(ignore) discover
[0.110s] Level 1:colcon.colcon_core.package_discovery:discover_packages(ignore) using defaults
[0.110s] Level 1:colcon.colcon_core.package_discovery:discover_packages(path) discover
[0.110s] Level 1:colcon.colcon_core.package_discovery:discover_packages(path) using defaults
[0.120s] Level 1:colcon.colcon_core.package_discovery:discover_packages(prefix_path) check parameters
[0.120s] Level 1:colcon.colcon_core.package_discovery:discover_packages(prefix_path) discover
[0.122s] DEBUG:colcon.colcon_installed_package_information.package_discovery:Found 8 installed packages in /home/ubuntu/ros2_ws/install
[0.123s] DEBUG:colcon.colcon_installed_package_information.package_discovery:Found 430 installed packages in /opt/ros/jazzy
[0.124s] Level 1:colcon.colcon_core.package_discovery:discover_packages(prefix_path) using defaults
[0.158s] Level 5:colcon.colcon_core.verb:set package 'halleffect_controller' build argument 'cmake_args' from command line to 'None'
[0.158s] Level 5:colcon.colcon_core.verb:set package 'halleffect_controller' build argument 'cmake_target' from command line to 'None'
[0.158s] Level 5:colcon.colcon_core.verb:set package 'halleffect_controller' build argument 'cmake_target_skip_unavailable' from command line to 'False'
[0.158s] Level 5:colcon.colcon_core.verb:set package 'halleffect_controller' build argument 'cmake_clean_cache' from command line to 'False'
[0.158s] Level 5:colcon.colcon_core.verb:set package 'halleffect_controller' build argument 'cmake_clean_first' from command line to 'False'
[0.158s] Level 5:colcon.colcon_core.verb:set package 'halleffect_controller' build argument 'cmake_force_configure' from command line to 'False'
[0.158s] Level 5:colcon.colcon_core.verb:set package 'halleffect_controller' build argument 'ament_cmake_args' from command line to 'None'
[0.158s] Level 5:colcon.colcon_core.verb:set package 'halleffect_controller' build argument 'catkin_cmake_args' from command line to 'None'
[0.158s] Level 5:colcon.colcon_core.verb:set package 'halleffect_controller' build argument 'catkin_skip_building_tests' from command line to 'False'
[0.158s] DEBUG:colcon.colcon_core.verb:Building package 'halleffect_controller' with the following arguments: {'ament_cmake_args': None, 'build_base': '/home/ubuntu/rover_ws/build/halleffect_controller', 'catkin_cmake_args': None, 'catkin_skip_building_tests': False, 'cmake_args': None, 'cmake_clean_cache': False, 'cmake_clean_first': False, 'cmake_force_configure': False, 'cmake_target': None, 'cmake_target_skip_unavailable': False, 'install_base': '/home/ubuntu/rover_ws/install/halleffect_controller', 'merge_install': False, 'path': '/home/ubuntu/rover_ws/src/halleffect_controller', 'symlink_install': False, 'test_result_base': None}
[0.158s] Level 5:colcon.colcon_core.verb:set package 'rover_description' build argument 'cmake_args' from command line to 'None'
[0.158s] Level 5:colcon.colcon_core.verb:set package 'rover_description' build argument 'cmake_target' from command line to 'None'
[0.158s] Level 5:colcon.colcon_core.verb:set package 'rover_description' build argument 'cmake_target_skip_unavailable' from command line to 'False'
[0.158s] Level 5:colcon.colcon_core.verb:set package 'rover_description' build argument 'cmake_clean_cache' from command line to 'False'
[0.158s] Level 5:colcon.colcon_core.verb:set package 'rover_description' build argument 'cmake_clean_first' from command line to 'False'
[0.158s] Level 5:colcon.colcon_core.verb:set package 'rover_description' build argument 'cmake_force_configure' from command line to 'False'
[0.158s] Level 5:colcon.colcon_core.verb:set package 'rover_description' build argument 'ament_cmake_args' from command line to 'None'
[0.158s] Level 5:colcon.colcon_core.verb:set package 'rover_description' build argument 'catkin_cmake_args' from command line to 'None'
[0.158s] Level 5:colcon.colcon_core.verb:set package 'rover_description' build argument 'catkin_skip_building_tests' from command line to 'False'
[0.158s] DEBUG:colcon.colcon_core.verb:Building package 'rover_description' with the following arguments: {'ament_cmake_args': None, 'build_base': '/home/ubuntu/rover_ws/build/rover_description', 'catkin_cmake_args': None, 'catkin_skip_building_tests': False, 'cmake_args': None, 'cmake_clean_cache': False, 'cmake_clean_first': False, 'cmake_force_configure': False, 'cmake_target': None, 'cmake_target_skip_unavailable': False, 'install_base': '/home/ubuntu/rover_ws/install/rover_description', 'merge_install': False, 'path': '/home/ubuntu/rover_ws/src/rover_description', 'symlink_install': False, 'test_result_base': None}
[0.159s] Level 5:colcon.colcon_core.verb:set package 'urdf_tutorial_cpp' build argument 'cmake_args' from command line to 'None'
[0.159s] Level 5:colcon.colcon_core.verb:set package 'urdf_tutorial_cpp' build argument 'cmake_target' from command line to 'None'
[0.159s] Level 5:colcon.colcon_core.verb:set package 'urdf_tutorial_cpp' build argument 'cmake_target_skip_unavailable' from command line to 'False'
[0.159s] Level 5:colcon.colcon_core.verb:set package 'urdf_tutorial_cpp' build argument 'cmake_clean_cache' from command line to 'False'
[0.159s] Level 5:colcon.colcon_core.verb:set package 'urdf_tutorial_cpp' build argument 'cmake_clean_first' from command line to 'False'
[0.159s] Level 5:colcon.colcon_core.verb:set package 'urdf_tutorial_cpp' build argument 'cmake_force_configure' from command line to 'False'
[0.159s] Level 5:colcon.colcon_core.verb:set package 'urdf_tutorial_cpp' build argument 'ament_cmake_args' from command line to 'None'
[0.159s] Level 5:colcon.colcon_core.verb:set package 'urdf_tutorial_cpp' build argument 'catkin_cmake_args' from command line to 'None'
[0.159s] Level 5:colcon.colcon_core.verb:set package 'urdf_tutorial_cpp' build argument 'catkin_skip_building_tests' from command line to 'False'
[0.159s] DEBUG:colcon.colcon_core.verb:Building package 'urdf_tutorial_cpp' with the following arguments: {'ament_cmake_args': None, 'build_base': '/home/ubuntu/rover_ws/build/urdf_tutorial_cpp', 'catkin_cmake_args': None, 'catkin_skip_building_tests': False, 'cmake_args': None, 'cmake_clean_cache': False, 'cmake_clean_first': False, 'cmake_force_configure': False, 'cmake_target': None, 'cmake_target_skip_unavailable': False, 'install_base': '/home/ubuntu/rover_ws/install/urdf_tutorial_cpp', 'merge_install': False, 'path': '/home/ubuntu/rover_ws/src/urdf_tutorial_cpp', 'symlink_install': False, 'test_result_base': None}
[0.159s] INFO:colcon.colcon_core.executor:Executing jobs using 'parallel' executor
[0.159s] DEBUG:colcon.colcon_parallel_executor.executor.parallel:run_until_complete
[0.160s] INFO:colcon.colcon_ros.task.ament_cmake.build:Building ROS package in '/home/ubuntu/rover_ws/src/halleffect_controller' with build type 'ament_cmake'
[0.160s] INFO:colcon.colcon_cmake.task.cmake.build:Building CMake package in '/home/ubuntu/rover_ws/src/halleffect_controller'
[0.161s] INFO:colcon.colcon_core.plugin_system:Skipping extension 'colcon_core.shell.bat': Not used on non-Windows systems
[0.161s] INFO:colcon.colcon_core.shell:Skip shell extension 'powershell' for command environment: Not usable outside of PowerShell
[0.161s] DEBUG:colcon.colcon_core.shell:Skip shell extension 'dsv' for command environment
[0.163s] INFO:colcon.colcon_ros.task.ament_cmake.build:Building ROS package in '/home/ubuntu/rover_ws/src/rover_description' with build type 'ament_cmake'
[0.163s] INFO:colcon.colcon_cmake.task.cmake.build:Building CMake package in '/home/ubuntu/rover_ws/src/rover_description'
[0.163s] INFO:colcon.colcon_core.shell:Skip shell extension 'powershell' for command environment: Not usable outside of PowerShell
[0.163s] DEBUG:colcon.colcon_core.shell:Skip shell extension 'dsv' for command environment
[0.166s] INFO:colcon.colcon_ros.task.ament_cmake.build:Building ROS package in '/home/ubuntu/rover_ws/src/urdf_tutorial_cpp' with build type 'ament_cmake'
[0.166s] INFO:colcon.colcon_cmake.task.cmake.build:Building CMake package in '/home/ubuntu/rover_ws/src/urdf_tutorial_cpp'
[0.166s] INFO:colcon.colcon_core.shell:Skip shell extension 'powershell' for command environment: Not usable outside of PowerShell
[0.166s] DEBUG:colcon.colcon_core.shell:Skip shell extension 'dsv' for command environment
[0.171s] DEBUG:colcon.colcon_core.event_handler.log_command:Invoking command in '/home/ubuntu/rover_ws/build/halleffect_controller': CMAKE_PREFIX_PATH=${CMAKE_PREFIX_PATH}:/opt/ros/jazzy DEBUGINFOD_URLS=https://debuginfod.ubuntu.com /usr/bin/cmake --build /home/ubuntu/rover_ws/build/halleffect_controller -- -j16 -l16
[0.172s] DEBUG:colcon.colcon_core.event_handler.log_command:Invoking command in '/home/ubuntu/rover_ws/build/rover_description': CMAKE_PREFIX_PATH=${CMAKE_PREFIX_PATH}:/opt/ros/jazzy DEBUGINFOD_URLS=https://debuginfod.ubuntu.com /usr/bin/cmake --build /home/ubuntu/rover_ws/build/rover_description -- -j16 -l16
[0.174s] DEBUG:colcon.colcon_core.event_handler.log_command:Invoking command in '/home/ubuntu/rover_ws/build/urdf_tutorial_cpp': CMAKE_PREFIX_PATH=${CMAKE_PREFIX_PATH}:/opt/ros/jazzy DEBUGINFOD_URLS=https://debuginfod.ubuntu.com /usr/bin/cmake --build /home/ubuntu/rover_ws/build/urdf_tutorial_cpp -- -j16 -l16
[0.195s] DEBUG:colcon.colcon_core.event_handler.log_command:Invoked command in '/home/ubuntu/rover_ws/build/rover_description' returned '0': CMAKE_PREFIX_PATH=${CMAKE_PREFIX_PATH}:/opt/ros/jazzy DEBUGINFOD_URLS=https://debuginfod.ubuntu.com /usr/bin/cmake --build /home/ubuntu/rover_ws/build/rover_description -- -j16 -l16
[0.201s] DEBUG:colcon.colcon_core.event_handler.log_command:Invoking command in '/home/ubuntu/rover_ws/build/rover_description': CMAKE_PREFIX_PATH=${CMAKE_PREFIX_PATH}:/opt/ros/jazzy DEBUGINFOD_URLS=https://debuginfod.ubuntu.com /usr/bin/cmake --install /home/ubuntu/rover_ws/build/rover_description
[0.209s] Level 1:colcon.colcon_core.environment:create_environment_scripts_only(rover_description)
[0.209s] DEBUG:colcon.colcon_core.event_handler.log_command:Invoked command in '/home/ubuntu/rover_ws/build/rover_description' returned '0': CMAKE_PREFIX_PATH=${CMAKE_PREFIX_PATH}:/opt/ros/jazzy DEBUGINFOD_URLS=https://debuginfod.ubuntu.com /usr/bin/cmake --install /home/ubuntu/rover_ws/build/rover_description
[0.211s] Level 1:colcon.colcon_core.environment:checking '/home/ubuntu/rover_ws/install/rover_description' for CMake module files
[0.211s] Level 1:colcon.colcon_core.environment:checking '/home/ubuntu/rover_ws/install/rover_description' for CMake config files
[0.211s] Level 1:colcon.colcon_core.shell:create_environment_hook('rover_description', 'cmake_prefix_path')
[0.211s] INFO:colcon.colcon_core.shell:Creating environment hook '/home/ubuntu/rover_ws/install/rover_description/share/rover_description/hook/cmake_prefix_path.ps1'
[0.212s] INFO:colcon.colcon_core.shell:Creating environment descriptor '/home/ubuntu/rover_ws/install/rover_description/share/rover_description/hook/cmake_prefix_path.dsv'
[0.212s] INFO:colcon.colcon_core.shell:Creating environment hook '/home/ubuntu/rover_ws/install/rover_description/share/rover_description/hook/cmake_prefix_path.sh'
[0.212s] Level 1:colcon.colcon_core.environment:checking '/home/ubuntu/rover_ws/install/rover_description/bin'
[0.212s] Level 1:colcon.colcon_core.environment:checking '/home/ubuntu/rover_ws/install/rover_description/lib/pkgconfig/rover_description.pc'
[0.213s] Level 1:colcon.colcon_core.environment:checking '/home/ubuntu/rover_ws/install/rover_description/lib/python3.12/site-packages'
[0.213s] Level 1:colcon.colcon_core.environment:checking '/home/ubuntu/rover_ws/install/rover_description/bin'
[0.213s] INFO:colcon.colcon_core.shell:Creating package script '/home/ubuntu/rover_ws/install/rover_description/share/rover_description/package.ps1'
[0.213s] INFO:colcon.colcon_core.shell:Creating package descriptor '/home/ubuntu/rover_ws/install/rover_description/share/rover_description/package.dsv'
[0.214s] INFO:colcon.colcon_core.shell:Creating package script '/home/ubuntu/rover_ws/install/rover_description/share/rover_description/package.sh'
[0.214s] INFO:colcon.colcon_core.shell:Creating package script '/home/ubuntu/rover_ws/install/rover_description/share/rover_description/package.bash'
[0.214s] INFO:colcon.colcon_core.shell:Creating package script '/home/ubuntu/rover_ws/install/rover_description/share/rover_description/package.zsh'
[0.215s] Level 1:colcon.colcon_core.environment:create_file_with_runtime_dependencies(/home/ubuntu/rover_ws/install/rover_description/share/colcon-core/packages/rover_description)
[0.215s] Level 1:colcon.colcon_core.environment:create_environment_scripts_only(rover_description)
[0.215s] Level 1:colcon.colcon_core.environment:checking '/home/ubuntu/rover_ws/install/rover_description' for CMake module files
[0.215s] Level 1:colcon.colcon_core.environment:checking '/home/ubuntu/rover_ws/install/rover_description' for CMake config files
[0.215s] Level 1:colcon.colcon_core.shell:create_environment_hook('rover_description', 'cmake_prefix_path')
[0.216s] INFO:colcon.colcon_core.shell:Creating environment hook '/home/ubuntu/rover_ws/install/rover_description/share/rover_description/hook/cmake_prefix_path.ps1'
[0.216s] INFO:colcon.colcon_core.shell:Creating environment descriptor '/home/ubuntu/rover_ws/install/rover_description/share/rover_description/hook/cmake_prefix_path.dsv'
[0.216s] INFO:colcon.colcon_core.shell:Creating environment hook '/home/ubuntu/rover_ws/install/rover_description/share/rover_description/hook/cmake_prefix_path.sh'
[0.216s] Level 1:colcon.colcon_core.environment:checking '/home/ubuntu/rover_ws/install/rover_description/bin'
[0.216s] Level 1:colcon.colcon_core.environment:checking '/home/ubuntu/rover_ws/install/rover_description/lib/pkgconfig/rover_description.pc'
[0.217s] Level 1:colcon.colcon_core.environment:checking '/home/ubuntu/rover_ws/install/rover_description/lib/python3.12/site-packages'
[0.217s] Level 1:colcon.colcon_core.environment:checking '/home/ubuntu/rover_ws/install/rover_description/bin'
[0.217s] INFO:colcon.colcon_core.shell:Creating package script '/home/ubuntu/rover_ws/install/rover_description/share/rover_description/package.ps1'
[0.217s] INFO:colcon.colcon_core.shell:Creating package descriptor '/home/ubuntu/rover_ws/install/rover_description/share/rover_description/package.dsv'
[0.217s] INFO:colcon.colcon_core.shell:Creating package script '/home/ubuntu/rover_ws/install/rover_description/share/rover_description/package.sh'
[0.218s] INFO:colcon.colcon_core.shell:Creating package script '/home/ubuntu/rover_ws/install/rover_description/share/rover_description/package.bash'
[0.218s] INFO:colcon.colcon_core.shell:Creating package script '/home/ubuntu/rover_ws/install/rover_description/share/rover_description/package.zsh'
[0.218s] Level 1:colcon.colcon_core.environment:create_file_with_runtime_dependencies(/home/ubuntu/rover_ws/install/rover_description/share/colcon-core/packages/rover_description)
[0.219s] DEBUG:colcon.colcon_core.event_handler.log_command:Invoked command in '/home/ubuntu/rover_ws/build/urdf_tutorial_cpp' returned '0': CMAKE_PREFIX_PATH=${CMAKE_PREFIX_PATH}:/opt/ros/jazzy DEBUGINFOD_URLS=https://debuginfod.ubuntu.com /usr/bin/cmake --build /home/ubuntu/rover_ws/build/urdf_tutorial_cpp -- -j16 -l16
[0.220s] DEBUG:colcon.colcon_core.event_handler.log_command:Invoking command in '/home/ubuntu/rover_ws/build/urdf_tutorial_cpp': CMAKE_PREFIX_PATH=${CMAKE_PREFIX_PATH}:/opt/ros/jazzy DEBUGINFOD_URLS=https://debuginfod.ubuntu.com /usr/bin/cmake --install /home/ubuntu/rover_ws/build/urdf_tutorial_cpp
[0.233s] Level 1:colcon.colcon_core.environment:create_environment_scripts_only(urdf_tutorial_cpp)
[0.233s] Level 1:colcon.colcon_core.environment:checking '/home/ubuntu/rover_ws/install/urdf_tutorial_cpp' for CMake module files
[0.234s] DEBUG:colcon.colcon_core.event_handler.log_command:Invoked command in '/home/ubuntu/rover_ws/build/urdf_tutorial_cpp' returned '0': CMAKE_PREFIX_PATH=${CMAKE_PREFIX_PATH}:/opt/ros/jazzy DEBUGINFOD_URLS=https://debuginfod.ubuntu.com /usr/bin/cmake --install /home/ubuntu/rover_ws/build/urdf_tutorial_cpp
[0.234s] Level 1:colcon.colcon_core.environment:checking '/home/ubuntu/rover_ws/install/urdf_tutorial_cpp' for CMake config files
[0.234s] Level 1:colcon.colcon_core.shell:create_environment_hook('urdf_tutorial_cpp', 'cmake_prefix_path')
[0.234s] INFO:colcon.colcon_core.shell:Creating environment hook '/home/ubuntu/rover_ws/install/urdf_tutorial_cpp/share/urdf_tutorial_cpp/hook/cmake_prefix_path.ps1'
[0.235s] INFO:colcon.colcon_core.shell:Creating environment descriptor '/home/ubuntu/rover_ws/install/urdf_tutorial_cpp/share/urdf_tutorial_cpp/hook/cmake_prefix_path.dsv'
[0.235s] INFO:colcon.colcon_core.shell:Creating environment hook '/home/ubuntu/rover_ws/install/urdf_tutorial_cpp/share/urdf_tutorial_cpp/hook/cmake_prefix_path.sh'
[0.235s] Level 1:colcon.colcon_core.environment:checking '/home/ubuntu/rover_ws/install/urdf_tutorial_cpp/lib'
[0.235s] Level 1:colcon.colcon_core.environment:checking '/home/ubuntu/rover_ws/install/urdf_tutorial_cpp/bin'
[0.235s] Level 1:colcon.colcon_core.environment:checking '/home/ubuntu/rover_ws/install/urdf_tutorial_cpp/lib/pkgconfig/urdf_tutorial_cpp.pc'
[0.235s] Level 1:colcon.colcon_core.environment:checking '/home/ubuntu/rover_ws/install/urdf_tutorial_cpp/lib/python3.12/site-packages'
[0.236s] Level 1:colcon.colcon_core.environment:checking '/home/ubuntu/rover_ws/install/urdf_tutorial_cpp/bin'
[0.236s] INFO:colcon.colcon_core.shell:Creating package script '/home/ubuntu/rover_ws/install/urdf_tutorial_cpp/share/urdf_tutorial_cpp/package.ps1'
[0.236s] INFO:colcon.colcon_core.shell:Creating package descriptor '/home/ubuntu/rover_ws/install/urdf_tutorial_cpp/share/urdf_tutorial_cpp/package.dsv'
[0.236s] INFO:colcon.colcon_core.shell:Creating package script '/home/ubuntu/rover_ws/install/urdf_tutorial_cpp/share/urdf_tutorial_cpp/package.sh'
[0.236s] INFO:colcon.colcon_core.shell:Creating package script '/home/ubuntu/rover_ws/install/urdf_tutorial_cpp/share/urdf_tutorial_cpp/package.bash'
[0.237s] INFO:colcon.colcon_core.shell:Creating package script '/home/ubuntu/rover_ws/install/urdf_tutorial_cpp/share/urdf_tutorial_cpp/package.zsh'
[0.237s] Level 1:colcon.colcon_core.environment:create_file_with_runtime_dependencies(/home/ubuntu/rover_ws/install/urdf_tutorial_cpp/share/colcon-core/packages/urdf_tutorial_cpp)
[0.237s] Level 1:colcon.colcon_core.environment:create_environment_scripts_only(urdf_tutorial_cpp)
[0.237s] Level 1:colcon.colcon_core.environment:checking '/home/ubuntu/rover_ws/install/urdf_tutorial_cpp' for CMake module files
[0.238s] Level 1:colcon.colcon_core.environment:checking '/home/ubuntu/rover_ws/install/urdf_tutorial_cpp' for CMake config files
[0.238s] Level 1:colcon.colcon_core.shell:create_environment_hook('urdf_tutorial_cpp', 'cmake_prefix_path')
[0.238s] INFO:colcon.colcon_core.shell:Creating environment hook '/home/ubuntu/rover_ws/install/urdf_tutorial_cpp/share/urdf_tutorial_cpp/hook/cmake_prefix_path.ps1'
[0.238s] INFO:colcon.colcon_core.shell:Creating environment descriptor '/home/ubuntu/rover_ws/install/urdf_tutorial_cpp/share/urdf_tutorial_cpp/hook/cmake_prefix_path.dsv'
[0.238s] INFO:colcon.colcon_core.shell:Creating environment hook '/home/ubuntu/rover_ws/install/urdf_tutorial_cpp/share/urdf_tutorial_cpp/hook/cmake_prefix_path.sh'
[0.239s] Level 1:colcon.colcon_core.environment:checking '/home/ubuntu/rover_ws/install/urdf_tutorial_cpp/lib'
[0.239s] Level 1:colcon.colcon_core.environment:checking '/home/ubuntu/rover_ws/install/urdf_tutorial_cpp/bin'
[0.239s] Level 1:colcon.colcon_core.environment:checking '/home/ubuntu/rover_ws/install/urdf_tutorial_cpp/lib/pkgconfig/urdf_tutorial_cpp.pc'
[0.239s] Level 1:colcon.colcon_core.environment:checking '/home/ubuntu/rover_ws/install/urdf_tutorial_cpp/lib/python3.12/site-packages'
[0.239s] Level 1:colcon.colcon_core.environment:checking '/home/ubuntu/rover_ws/install/urdf_tutorial_cpp/bin'
[0.239s] INFO:colcon.colcon_core.shell:Creating package script '/home/ubuntu/rover_ws/install/urdf_tutorial_cpp/share/urdf_tutorial_cpp/package.ps1'
[0.239s] INFO:colcon.colcon_core.shell:Creating package descriptor '/home/ubuntu/rover_ws/install/urdf_tutorial_cpp/share/urdf_tutorial_cpp/package.dsv'
[0.240s] INFO:colcon.colcon_core.shell:Creating package script '/home/ubuntu/rover_ws/install/urdf_tutorial_cpp/share/urdf_tutorial_cpp/package.sh'
[0.240s] INFO:colcon.colcon_core.shell:Creating package script '/home/ubuntu/rover_ws/install/urdf_tutorial_cpp/share/urdf_tutorial_cpp/package.bash'
[0.240s] INFO:colcon.colcon_core.shell:Creating package script '/home/ubuntu/rover_ws/install/urdf_tutorial_cpp/share/urdf_tutorial_cpp/package.zsh'
[0.240s] Level 1:colcon.colcon_core.environment:create_file_with_runtime_dependencies(/home/ubuntu/rover_ws/install/urdf_tutorial_cpp/share/colcon-core/packages/urdf_tutorial_cpp)
[7.741s] DEBUG:colcon.colcon_core.event_handler.log_command:Invoked command in '/home/ubuntu/rover_ws/build/halleffect_controller' returned '0': CMAKE_PREFIX_PATH=${CMAKE_PREFIX_PATH}:/opt/ros/jazzy DEBUGINFOD_URLS=https://debuginfod.ubuntu.com /usr/bin/cmake --build /home/ubuntu/rover_ws/build/halleffect_controller -- -j16 -l16
[7.741s] DEBUG:colcon.colcon_core.event_handler.log_command:Invoking command in '/home/ubuntu/rover_ws/build/halleffect_controller': CMAKE_PREFIX_PATH=${CMAKE_PREFIX_PATH}:/opt/ros/jazzy DEBUGINFOD_URLS=https://debuginfod.ubuntu.com /usr/bin/cmake --install /home/ubuntu/rover_ws/build/halleffect_controller
[7.752s] Level 1:colcon.colcon_core.environment:create_environment_scripts_only(halleffect_controller)
[7.753s] Level 1:colcon.colcon_core.environment:checking '/home/ubuntu/rover_ws/install/halleffect_controller' for CMake module files
[7.753s] DEBUG:colcon.colcon_core.event_handler.log_command:Invoked command in '/home/ubuntu/rover_ws/build/halleffect_controller' returned '0': CMAKE_PREFIX_PATH=${CMAKE_PREFIX_PATH}:/opt/ros/jazzy DEBUGINFOD_URLS=https://debuginfod.ubuntu.com /usr/bin/cmake --install /home/ubuntu/rover_ws/build/halleffect_controller
[7.753s] Level 1:colcon.colcon_core.environment:checking '/home/ubuntu/rover_ws/install/halleffect_controller' for CMake config files
[7.753s] Level 1:colcon.colcon_core.shell:create_environment_hook('halleffect_controller', 'cmake_prefix_path')
[7.753s] INFO:colcon.colcon_core.shell:Creating environment hook '/home/ubuntu/rover_ws/install/halleffect_controller/share/halleffect_controller/hook/cmake_prefix_path.ps1'
[7.754s] INFO:colcon.colcon_core.shell:Creating environment descriptor '/home/ubuntu/rover_ws/install/halleffect_controller/share/halleffect_controller/hook/cmake_prefix_path.dsv'
[7.754s] INFO:colcon.colcon_core.shell:Creating environment hook '/home/ubuntu/rover_ws/install/halleffect_controller/share/halleffect_controller/hook/cmake_prefix_path.sh'
[7.754s] Level 1:colcon.colcon_core.environment:checking '/home/ubuntu/rover_ws/install/halleffect_controller/lib'
[7.754s] Level 1:colcon.colcon_core.environment:checking '/home/ubuntu/rover_ws/install/halleffect_controller/bin'
[7.754s] Level 1:colcon.colcon_core.environment:checking '/home/ubuntu/rover_ws/install/halleffect_controller/lib/pkgconfig/halleffect_controller.pc'
[7.754s] Level 1:colcon.colcon_core.environment:checking '/home/ubuntu/rover_ws/install/halleffect_controller/lib/python3.12/site-packages'
[7.755s] Level 1:colcon.colcon_core.environment:checking '/home/ubuntu/rover_ws/install/halleffect_controller/bin'
[7.755s] INFO:colcon.colcon_core.shell:Creating package script '/home/ubuntu/rover_ws/install/halleffect_controller/share/halleffect_controller/package.ps1'
[7.755s] INFO:colcon.colcon_core.shell:Creating package descriptor '/home/ubuntu/rover_ws/install/halleffect_controller/share/halleffect_controller/package.dsv'
[7.755s] INFO:colcon.colcon_core.shell:Creating package script '/home/ubuntu/rover_ws/install/halleffect_controller/share/halleffect_controller/package.sh'
[7.755s] INFO:colcon.colcon_core.shell:Creating package script '/home/ubuntu/rover_ws/install/halleffect_controller/share/halleffect_controller/package.bash'
[7.756s] INFO:colcon.colcon_core.shell:Creating package script '/home/ubuntu/rover_ws/install/halleffect_controller/share/halleffect_controller/package.zsh'
[7.756s] Level 1:colcon.colcon_core.environment:create_file_with_runtime_dependencies(/home/ubuntu/rover_ws/install/halleffect_controller/share/colcon-core/packages/halleffect_controller)
[7.756s] Level 1:colcon.colcon_core.environment:create_environment_scripts_only(halleffect_controller)
[7.756s] Level 1:colcon.colcon_core.environment:checking '/home/ubuntu/rover_ws/install/halleffect_controller' for CMake module files
[7.756s] Level 1:colcon.colcon_core.environment:checking '/home/ubuntu/rover_ws/install/halleffect_controller' for CMake config files
[7.757s] Level 1:colcon.colcon_core.shell:create_environment_hook('halleffect_controller', 'cmake_prefix_path')
[7.757s] INFO:colcon.colcon_core.shell:Creating environment hook '/home/ubuntu/rover_ws/install/halleffect_controller/share/halleffect_controller/hook/cmake_prefix_path.ps1'
[7.757s] INFO:colcon.colcon_core.shell:Creating environment descriptor '/home/ubuntu/rover_ws/install/halleffect_controller/share/halleffect_controller/hook/cmake_prefix_path.dsv'
[7.757s] INFO:colcon.colcon_core.shell:Creating environment hook '/home/ubuntu/rover_ws/install/halleffect_controller/share/halleffect_controller/hook/cmake_prefix_path.sh'
[7.757s] Level 1:colcon.colcon_core.environment:checking '/home/ubuntu/rover_ws/install/halleffect_controller/lib'
[7.757s] Level 1:colcon.colcon_core.environment:checking '/home/ubuntu/rover_ws/install/halleffect_controller/bin'
[7.757s] Level 1:colcon.colcon_core.environment:checking '/home/ubuntu/rover_ws/install/halleffect_controller/lib/pkgconfig/halleffect_controller.pc'
[7.758s] Level 1:colcon.colcon_core.environment:checking '/home/ubuntu/rover_ws/install/halleffect_controller/lib/python3.12/site-packages'
[7.758s] Level 1:colcon.colcon_core.environment:checking '/home/ubuntu/rover_ws/install/halleffect_controller/bin'
[7.758s] INFO:colcon.colcon_core.shell:Creating package script '/home/ubuntu/rover_ws/install/halleffect_controller/share/halleffect_controller/package.ps1'
[7.758s] INFO:colcon.colcon_core.shell:Creating package descriptor '/home/ubuntu/rover_ws/install/halleffect_controller/share/halleffect_controller/package.dsv'
[7.759s] INFO:colcon.colcon_core.shell:Creating package script '/home/ubuntu/rover_ws/install/halleffect_controller/share/halleffect_controller/package.sh'
[7.759s] INFO:colcon.colcon_core.shell:Creating package script '/home/ubuntu/rover_ws/install/halleffect_controller/share/halleffect_controller/package.bash'
[7.759s] INFO:colcon.colcon_core.shell:Creating package script '/home/ubuntu/rover_ws/install/halleffect_controller/share/halleffect_controller/package.zsh'
[7.759s] Level 1:colcon.colcon_core.environment:create_file_with_runtime_dependencies(/home/ubuntu/rover_ws/install/halleffect_controller/share/colcon-core/packages/halleffect_controller)
[7.759s] DEBUG:colcon.colcon_parallel_executor.executor.parallel:closing loop
[7.760s] DEBUG:colcon.colcon_parallel_executor.executor.parallel:loop closed
[7.760s] DEBUG:colcon.colcon_parallel_executor.executor.parallel:run_until_complete finished with '0'
[7.760s] DEBUG:colcon.colcon_core.event_reactor:joining thread
[7.770s] INFO:colcon.colcon_core.plugin_system:Skipping extension 'colcon_notification.desktop_notification.terminal_notifier': Not used on non-Darwin systems
[7.770s] INFO:colcon.colcon_core.plugin_system:Skipping extension 'colcon_notification.desktop_notification.win32': Not used on non-Windows systems
[7.770s] INFO:colcon.colcon_notification.desktop_notification:Sending desktop notification using 'notify2'
[7.782s] DEBUG:colcon.colcon_core.event_reactor:joined thread
[7.782s] INFO:colcon.colcon_core.shell:Creating prefix script '/home/ubuntu/rover_ws/install/local_setup.ps1'
[7.783s] INFO:colcon.colcon_core.shell:Creating prefix util module '/home/ubuntu/rover_ws/install/_local_setup_util_ps1.py'
[7.783s] INFO:colcon.colcon_core.shell:Creating prefix chain script '/home/ubuntu/rover_ws/install/setup.ps1'
[7.784s] INFO:colcon.colcon_core.shell:Creating prefix script '/home/ubuntu/rover_ws/install/local_setup.sh'
[7.784s] INFO:colcon.colcon_core.shell:Creating prefix util module '/home/ubuntu/rover_ws/install/_local_setup_util_sh.py'
[7.785s] INFO:colcon.colcon_core.shell:Creating prefix chain script '/home/ubuntu/rover_ws/install/setup.sh'
[7.785s] INFO:colcon.colcon_core.shell:Creating prefix script '/home/ubuntu/rover_ws/install/local_setup.bash'
[7.786s] INFO:colcon.colcon_core.shell:Creating prefix chain script '/home/ubuntu/rover_ws/install/setup.bash'
[7.786s] INFO:colcon.colcon_core.shell:Creating prefix script '/home/ubuntu/rover_ws/install/local_setup.zsh'
[7.786s] INFO:colcon.colcon_core.shell:Creating prefix chain script '/home/ubuntu/rover_ws/install/setup.zsh'
