-- Found ament_cmake: 2.5.4 (/opt/ros/jazzy/share/ament_cmake/cmake)
-- Found rclcpp: 28.1.9 (/opt/ros/jazzy/share/rclcpp/cmake)
-- Found rosidl_generator_c: 4.6.5 (/opt/ros/jazzy/share/rosidl_generator_c/cmake)
-- Found rosidl_generator_cpp: 4.6.5 (/opt/ros/jazzy/share/rosidl_generator_cpp/cmake)
-- Using all available rosidl_typesupport_c: rosidl_typesupport_fastrtps_c;rosidl_typesupport_introspection_c
-- Using all available rosidl_typesupport_cpp: rosidl_typesupport_fastrtps_cpp;rosidl_typesupport_introspection_cpp
-- Found rmw_implementation_cmake: 7.3.2 (/opt/ros/jazzy/share/rmw_implementation_cmake/cmake)
-- Found rmw_fastrtps_cpp: 8.4.2 (/opt/ros/jazzy/share/rmw_fastrtps_cpp/cmake)
-- Found OpenSSL: /usr/lib/x86_64-linux-gnu/libcrypto.so (found version "3.0.13")  
-- Found FastRTPS: /opt/ros/jazzy/include (Required is at least version "2.13") 
-- Using RMW implementation 'rmw_fastrtps_cpp' as default
-- Found rclpy: 7.1.4 (/opt/ros/jazzy/share/rclpy/cmake)
-- Found nav_msgs: 5.3.6 (/opt/ros/jazzy/share/nav_msgs/cmake)
-- Found sensor_msgs: 5.3.6 (/opt/ros/jazzy/share/sensor_msgs/cmake)
-- Configuring done (3.1s)
-- Generating done (0.0s)
-- Build files have been written to: /home/ubuntu/rover_ws/src/build/rover_localization
[ 50%] [32mBuilding CXX object CMakeFiles/kalman_filter.dir/src/kalman_filter.cpp.o[0m
[ 50%] [32mBuilding CXX object CMakeFiles/imu_republisher.dir/src/imu_republisher.cpp.o[0m
[ 75%] [32m[1mLinking CXX executable imu_republisher[0m
[ 75%] Built target imu_republisher
[100%] [32m[1mLinking CXX executable kalman_filter[0m
[100%] Built target kalman_filter
-- Install configuration: ""
-- Installing: /home/ubuntu/rover_ws/src/install/rover_localization/include/include
-- Installing: /home/ubuntu/rover_ws/src/install/rover_localization/include/include/rover_localization
-- Installing: /home/ubuntu/rover_ws/src/install/rover_localization/include/include/rover_localization/kalman_filter.hpp
-- Installing: /home/ubuntu/rover_ws/src/install/rover_localization/lib/rover_localization/kalman_filter
-- Set non-toolchain portion of runtime path of "/home/ubuntu/rover_ws/src/install/rover_localization/lib/rover_localization/kalman_filter" to ""
-- Installing: /home/ubuntu/rover_ws/src/install/rover_localization/lib/rover_localization/imu_republisher
-- Set non-toolchain portion of runtime path of "/home/ubuntu/rover_ws/src/install/rover_localization/lib/rover_localization/imu_republisher" to ""
-- Installing: /home/ubuntu/rover_ws/src/install/rover_localization/share/rover_localization/launch
-- Installing: /home/ubuntu/rover_ws/src/install/rover_localization/share/rover_localization/launch/local_localization.launch.py
-- Installing: /home/ubuntu/rover_ws/src/install/rover_localization/share/rover_localization/config
-- Installing: /home/ubuntu/rover_ws/src/install/rover_localization/share/rover_localization/config/ekf.yaml
-- Installing: /home/ubuntu/rover_ws/src/install/rover_localization/share/ament_index/resource_index/package_run_dependencies/rover_localization
-- Up-to-date: /home/ubuntu/rover_ws/src/install/rover_localization/share/ament_index/resource_index/parent_prefix_path/rover_localization
-- Up-to-date: /home/ubuntu/rover_ws/src/install/rover_localization/share/rover_localization/environment/ament_prefix_path.sh
-- Up-to-date: /home/ubuntu/rover_ws/src/install/rover_localization/share/rover_localization/environment/ament_prefix_path.dsv
-- Up-to-date: /home/ubuntu/rover_ws/src/install/rover_localization/share/rover_localization/environment/path.sh
-- Up-to-date: /home/ubuntu/rover_ws/src/install/rover_localization/share/rover_localization/environment/path.dsv
-- Up-to-date: /home/ubuntu/rover_ws/src/install/rover_localization/share/rover_localization/local_setup.bash
-- Up-to-date: /home/ubuntu/rover_ws/src/install/rover_localization/share/rover_localization/local_setup.sh
-- Up-to-date: /home/ubuntu/rover_ws/src/install/rover_localization/share/rover_localization/local_setup.zsh
-- Up-to-date: /home/ubuntu/rover_ws/src/install/rover_localization/share/rover_localization/local_setup.dsv
-- Up-to-date: /home/ubuntu/rover_ws/src/install/rover_localization/share/rover_localization/package.dsv
-- Up-to-date: /home/ubuntu/rover_ws/src/install/rover_localization/share/ament_index/resource_index/packages/rover_localization
-- Up-to-date: /home/ubuntu/rover_ws/src/install/rover_localization/share/rover_localization/cmake/rover_localizationConfig.cmake
-- Up-to-date: /home/ubuntu/rover_ws/src/install/rover_localization/share/rover_localization/cmake/rover_localizationConfig-version.cmake
-- Installing: /home/ubuntu/rover_ws/src/install/rover_localization/share/rover_localization/package.xml
