[0.076s] Invoking command in '/home/ubuntu/rover_ws/src/build/rover_localization': CMAKE_PREFIX_PATH=${CMAKE_PREFIX_PATH}:/opt/ros/jazzy DEBUGINFOD_URLS=https://debuginfod.ubuntu.com /usr/bin/cmake --build /home/ubuntu/rover_ws/src/build/rover_localization -- -j16 -l16
[0.561s] -- Found ament_cmake: 2.5.4 (/opt/ros/jazzy/share/ament_cmake/cmake)
[1.194s] -- Found rclcpp: 28.1.9 (/opt/ros/jazzy/share/rclcpp/cmake)
[1.541s] -- Found rosidl_generator_c: 4.6.5 (/opt/ros/jazzy/share/rosidl_generator_c/cmake)
[1.658s] -- Found rosidl_generator_cpp: 4.6.5 (/opt/ros/jazzy/share/rosidl_generator_cpp/cmake)
[1.814s] -- Using all available rosidl_typesupport_c: rosidl_typesupport_fastrtps_c;rosidl_typesupport_introspection_c
[1.875s] -- Using all available rosidl_typesupport_cpp: rosidl_typesupport_fastrtps_cpp;rosidl_typesupport_introspection_cpp
[2.159s] -- Found rmw_implementation_cmake: 7.3.2 (/opt/ros/jazzy/share/rmw_implementation_cmake/cmake)
[2.187s] -- Found rmw_fastrtps_cpp: 8.4.2 (/opt/ros/jazzy/share/rmw_fastrtps_cpp/cmake)
[2.700s] -- Found OpenSSL: /usr/lib/x86_64-linux-gnu/libcrypto.so (found version "3.0.13")  
[2.763s] -- Found FastRTPS: /opt/ros/jazzy/include (Required is at least version "2.13") 
[2.782s] -- Using RMW implementation 'rmw_fastrtps_cpp' as default
[3.010s] -- Found rclpy: 7.1.4 (/opt/ros/jazzy/share/rclpy/cmake)
[3.021s] -- Found nav_msgs: 5.3.6 (/opt/ros/jazzy/share/nav_msgs/cmake)
[3.168s] -- Found sensor_msgs: 5.3.6 (/opt/ros/jazzy/share/sensor_msgs/cmake)
[3.284s] -- Configuring done (3.1s)
[3.333s] -- Generating done (0.0s)
[3.338s] -- Build files have been written to: /home/ubuntu/rover_ws/src/build/rover_localization
[3.361s] [ 50%] [32mBuilding CXX object CMakeFiles/kalman_filter.dir/src/kalman_filter.cpp.o[0m
[3.361s] [ 50%] [32mBuilding CXX object CMakeFiles/imu_republisher.dir/src/imu_republisher.cpp.o[0m
[8.808s] [ 75%] [32m[1mLinking CXX executable imu_republisher[0m
[9.401s] [ 75%] Built target imu_republisher
[9.867s] [100%] [32m[1mLinking CXX executable kalman_filter[0m
[10.183s] [100%] Built target kalman_filter
[10.189s] Invoked command in '/home/ubuntu/rover_ws/src/build/rover_localization' returned '0': CMAKE_PREFIX_PATH=${CMAKE_PREFIX_PATH}:/opt/ros/jazzy DEBUGINFOD_URLS=https://debuginfod.ubuntu.com /usr/bin/cmake --build /home/ubuntu/rover_ws/src/build/rover_localization -- -j16 -l16
[10.190s] Invoking command in '/home/ubuntu/rover_ws/src/build/rover_localization': CMAKE_PREFIX_PATH=${CMAKE_PREFIX_PATH}:/opt/ros/jazzy DEBUGINFOD_URLS=https://debuginfod.ubuntu.com /usr/bin/cmake --install /home/ubuntu/rover_ws/src/build/rover_localization
[10.195s] -- Install configuration: ""
[10.195s] -- Installing: /home/ubuntu/rover_ws/src/install/rover_localization/include/include
[10.195s] -- Installing: /home/ubuntu/rover_ws/src/install/rover_localization/include/include/rover_localization
[10.195s] -- Installing: /home/ubuntu/rover_ws/src/install/rover_localization/include/include/rover_localization/kalman_filter.hpp
[10.195s] -- Installing: /home/ubuntu/rover_ws/src/install/rover_localization/lib/rover_localization/kalman_filter
[10.198s] -- Set non-toolchain portion of runtime path of "/home/ubuntu/rover_ws/src/install/rover_localization/lib/rover_localization/kalman_filter" to ""
[10.198s] -- Installing: /home/ubuntu/rover_ws/src/install/rover_localization/lib/rover_localization/imu_republisher
[10.199s] -- Set non-toolchain portion of runtime path of "/home/ubuntu/rover_ws/src/install/rover_localization/lib/rover_localization/imu_republisher" to ""
[10.200s] -- Installing: /home/ubuntu/rover_ws/src/install/rover_localization/share/rover_localization/launch
[10.200s] -- Installing: /home/ubuntu/rover_ws/src/install/rover_localization/share/rover_localization/launch/local_localization.launch.py
[10.200s] -- Installing: /home/ubuntu/rover_ws/src/install/rover_localization/share/rover_localization/config
[10.200s] -- Installing: /home/ubuntu/rover_ws/src/install/rover_localization/share/rover_localization/config/ekf.yaml
[10.200s] -- Installing: /home/ubuntu/rover_ws/src/install/rover_localization/share/ament_index/resource_index/package_run_dependencies/rover_localization
[10.200s] -- Up-to-date: /home/ubuntu/rover_ws/src/install/rover_localization/share/ament_index/resource_index/parent_prefix_path/rover_localization
[10.200s] -- Up-to-date: /home/ubuntu/rover_ws/src/install/rover_localization/share/rover_localization/environment/ament_prefix_path.sh
[10.200s] -- Up-to-date: /home/ubuntu/rover_ws/src/install/rover_localization/share/rover_localization/environment/ament_prefix_path.dsv
[10.200s] -- Up-to-date: /home/ubuntu/rover_ws/src/install/rover_localization/share/rover_localization/environment/path.sh
[10.200s] -- Up-to-date: /home/ubuntu/rover_ws/src/install/rover_localization/share/rover_localization/environment/path.dsv
[10.200s] -- Up-to-date: /home/ubuntu/rover_ws/src/install/rover_localization/share/rover_localization/local_setup.bash
[10.200s] -- Up-to-date: /home/ubuntu/rover_ws/src/install/rover_localization/share/rover_localization/local_setup.sh
[10.200s] -- Up-to-date: /home/ubuntu/rover_ws/src/install/rover_localization/share/rover_localization/local_setup.zsh
[10.200s] -- Up-to-date: /home/ubuntu/rover_ws/src/install/rover_localization/share/rover_localization/local_setup.dsv
[10.200s] -- Up-to-date: /home/ubuntu/rover_ws/src/install/rover_localization/share/rover_localization/package.dsv
[10.200s] -- Up-to-date: /home/ubuntu/rover_ws/src/install/rover_localization/share/ament_index/resource_index/packages/rover_localization
[10.200s] -- Up-to-date: /home/ubuntu/rover_ws/src/install/rover_localization/share/rover_localization/cmake/rover_localizationConfig.cmake
[10.200s] -- Up-to-date: /home/ubuntu/rover_ws/src/install/rover_localization/share/rover_localization/cmake/rover_localizationConfig-version.cmake
[10.200s] -- Installing: /home/ubuntu/rover_ws/src/install/rover_localization/share/rover_localization/package.xml
[10.201s] Invoked command in '/home/ubuntu/rover_ws/src/build/rover_localization' returned '0': CMAKE_PREFIX_PATH=${CMAKE_PREFIX_PATH}:/opt/ros/jazzy DEBUGINFOD_URLS=https://debuginfod.ubuntu.com /usr/bin/cmake --install /home/ubuntu/rover_ws/src/build/rover_localization
