[0.170s] DEBUG:colcon:Command line arguments: ['/usr/bin/colcon', 'build']
[0.170s] DEBUG:colcon:Parsed command line arguments: Namespace(log_base=None, log_level=None, verb_name='build', build_base='build', install_base='install', merge_install=False, symlink_install=False, test_result_base=None, continue_on_error=False, executor='parallel', parallel_workers=16, event_handlers=None, ignore_user_meta=False, metas=['./colcon.meta'], base_paths=['.'], packages_ignore=None, packages_ignore_regex=None, paths=None, packages_up_to=None, packages_up_to_regex=None, packages_above=None, packages_above_and_dependencies=None, packages_above_depth=None, packages_select_by_dep=None, packages_skip_by_dep=None, packages_skip_up_to=None, packages_select_build_failed=False, packages_skip_build_finished=False, packages_select_test_failures=False, packages_skip_test_passed=False, packages_select=None, packages_skip=None, packages_select_regex=None, packages_skip_regex=None, packages_start=None, packages_end=None, allow_overriding=[], cmake_args=None, cmake_target=None, cmake_target_skip_unavailable=False, cmake_clean_cache=False, cmake_clean_first=False, cmake_force_configure=False, ament_cmake_args=None, catkin_cmake_args=None, catkin_skip_building_tests=False, mixin_files=None, mixin=None, verb_parser=<colcon_mixin.mixin.mixin_argument.MixinArgumentDecorator object at 0x77c838e919a0>, verb_extension=<colcon_core.verb.build.BuildVerb object at 0x77c838e90c50>, main=<bound method BuildVerb.main of <colcon_core.verb.build.BuildVerb object at 0x77c838e90c50>>, mixin_verb=('build',))
[0.223s] Level 1:colcon.colcon_core.package_discovery:discover_packages(colcon_meta) check parameters
[0.223s] Level 1:colcon.colcon_core.package_discovery:discover_packages(recursive) check parameters
[0.223s] Level 1:colcon.colcon_core.package_discovery:discover_packages(ignore) check parameters
[0.223s] Level 1:colcon.colcon_core.package_discovery:discover_packages(path) check parameters
[0.223s] Level 1:colcon.colcon_core.package_discovery:discover_packages(colcon_meta) discover
[0.223s] Level 1:colcon.colcon_core.package_discovery:discover_packages(recursive) discover
[0.223s] INFO:colcon.colcon_core.package_discovery:Crawling recursively for packages in '/home/ubuntu/rover_ws'
[0.224s] Level 1:colcon.colcon_core.package_identification:_identify(.) by extensions ['ignore', 'ignore_ament_install']
[0.224s] Level 1:colcon.colcon_core.package_identification:_identify(.) by extension 'ignore'
[0.224s] Level 1:colcon.colcon_core.package_identification:_identify(.) by extension 'ignore_ament_install'
[0.224s] Level 1:colcon.colcon_core.package_identification:_identify(.) by extensions ['colcon_pkg']
[0.224s] Level 1:colcon.colcon_core.package_identification:_identify(.) by extension 'colcon_pkg'
[0.224s] Level 1:colcon.colcon_core.package_identification:_identify(.) by extensions ['colcon_meta']
[0.224s] Level 1:colcon.colcon_core.package_identification:_identify(.) by extension 'colcon_meta'
[0.224s] Level 1:colcon.colcon_core.package_identification:_identify(.) by extensions ['ros']
[0.224s] Level 1:colcon.colcon_core.package_identification:_identify(.) by extension 'ros'
[0.239s] Level 1:colcon.colcon_core.package_identification:_identify(.) by extensions ['cmake', 'python']
[0.239s] Level 1:colcon.colcon_core.package_identification:_identify(.) by extension 'cmake'
[0.239s] Level 1:colcon.colcon_core.package_identification:_identify(.) by extension 'python'
[0.239s] Level 1:colcon.colcon_core.package_identification:_identify(.) by extensions ['python_setup_py']
[0.239s] Level 1:colcon.colcon_core.package_identification:_identify(.) by extension 'python_setup_py'
[0.239s] Level 1:colcon.colcon_core.package_identification:_identify(build) by extensions ['ignore', 'ignore_ament_install']
[0.239s] Level 1:colcon.colcon_core.package_identification:_identify(build) by extension 'ignore'
[0.239s] Level 1:colcon.colcon_core.package_identification:_identify(build) ignored
[0.239s] Level 1:colcon.colcon_core.package_identification:_identify(install) by extensions ['ignore', 'ignore_ament_install']
[0.239s] Level 1:colcon.colcon_core.package_identification:_identify(install) by extension 'ignore'
[0.239s] Level 1:colcon.colcon_core.package_identification:_identify(install) ignored
[0.239s] Level 1:colcon.colcon_core.package_identification:_identify(log) by extensions ['ignore', 'ignore_ament_install']
[0.239s] Level 1:colcon.colcon_core.package_identification:_identify(log) by extension 'ignore'
[0.239s] Level 1:colcon.colcon_core.package_identification:_identify(log) ignored
[0.239s] Level 1:colcon.colcon_core.package_identification:_identify(src) by extensions ['ignore', 'ignore_ament_install']
[0.239s] Level 1:colcon.colcon_core.package_identification:_identify(src) by extension 'ignore'
[0.239s] Level 1:colcon.colcon_core.package_identification:_identify(src) by extension 'ignore_ament_install'
[0.239s] Level 1:colcon.colcon_core.package_identification:_identify(src) by extensions ['colcon_pkg']
[0.239s] Level 1:colcon.colcon_core.package_identification:_identify(src) by extension 'colcon_pkg'
[0.240s] Level 1:colcon.colcon_core.package_identification:_identify(src) by extensions ['colcon_meta']
[0.240s] Level 1:colcon.colcon_core.package_identification:_identify(src) by extension 'colcon_meta'
[0.240s] Level 1:colcon.colcon_core.package_identification:_identify(src) by extensions ['ros']
[0.240s] Level 1:colcon.colcon_core.package_identification:_identify(src) by extension 'ros'
[0.240s] Level 1:colcon.colcon_core.package_identification:_identify(src) by extensions ['cmake', 'python']
[0.240s] Level 1:colcon.colcon_core.package_identification:_identify(src) by extension 'cmake'
[0.240s] Level 1:colcon.colcon_core.package_identification:_identify(src) by extension 'python'
[0.240s] Level 1:colcon.colcon_core.package_identification:_identify(src) by extensions ['python_setup_py']
[0.240s] Level 1:colcon.colcon_core.package_identification:_identify(src) by extension 'python_setup_py'
[0.240s] Level 1:colcon.colcon_core.package_identification:_identify(src/halleffect_controller) by extensions ['ignore', 'ignore_ament_install']
[0.240s] Level 1:colcon.colcon_core.package_identification:_identify(src/halleffect_controller) by extension 'ignore'
[0.240s] Level 1:colcon.colcon_core.package_identification:_identify(src/halleffect_controller) by extension 'ignore_ament_install'
[0.240s] Level 1:colcon.colcon_core.package_identification:_identify(src/halleffect_controller) by extensions ['colcon_pkg']
[0.240s] Level 1:colcon.colcon_core.package_identification:_identify(src/halleffect_controller) by extension 'colcon_pkg'
[0.240s] Level 1:colcon.colcon_core.package_identification:_identify(src/halleffect_controller) by extensions ['colcon_meta']
[0.240s] Level 1:colcon.colcon_core.package_identification:_identify(src/halleffect_controller) by extension 'colcon_meta'
[0.240s] Level 1:colcon.colcon_core.package_identification:_identify(src/halleffect_controller) by extensions ['ros']
[0.240s] Level 1:colcon.colcon_core.package_identification:_identify(src/halleffect_controller) by extension 'ros'
[0.241s] DEBUG:colcon.colcon_core.package_identification:Package 'src/halleffect_controller' with type 'ros.ament_cmake' and name 'halleffect_controller'
[0.242s] Level 1:colcon.colcon_core.package_identification:_identify(src/rover_description) by extensions ['ignore', 'ignore_ament_install']
[0.242s] Level 1:colcon.colcon_core.package_identification:_identify(src/rover_description) by extension 'ignore'
[0.242s] Level 1:colcon.colcon_core.package_identification:_identify(src/rover_description) by extension 'ignore_ament_install'
[0.242s] Level 1:colcon.colcon_core.package_identification:_identify(src/rover_description) by extensions ['colcon_pkg']
[0.242s] Level 1:colcon.colcon_core.package_identification:_identify(src/rover_description) by extension 'colcon_pkg'
[0.242s] Level 1:colcon.colcon_core.package_identification:_identify(src/rover_description) by extensions ['colcon_meta']
[0.242s] Level 1:colcon.colcon_core.package_identification:_identify(src/rover_description) by extension 'colcon_meta'
[0.242s] Level 1:colcon.colcon_core.package_identification:_identify(src/rover_description) by extensions ['ros']
[0.242s] Level 1:colcon.colcon_core.package_identification:_identify(src/rover_description) by extension 'ros'
[0.244s] DEBUG:colcon.colcon_core.package_identification:Package 'src/rover_description' with type 'ros.ament_cmake' and name 'rover_description'
[0.244s] Level 1:colcon.colcon_core.package_identification:_identify(src/urdf_tutorial_cpp) by extensions ['ignore', 'ignore_ament_install']
[0.244s] Level 1:colcon.colcon_core.package_identification:_identify(src/urdf_tutorial_cpp) by extension 'ignore'
[0.244s] Level 1:colcon.colcon_core.package_identification:_identify(src/urdf_tutorial_cpp) by extension 'ignore_ament_install'
[0.244s] Level 1:colcon.colcon_core.package_identification:_identify(src/urdf_tutorial_cpp) by extensions ['colcon_pkg']
[0.244s] Level 1:colcon.colcon_core.package_identification:_identify(src/urdf_tutorial_cpp) by extension 'colcon_pkg'
[0.244s] Level 1:colcon.colcon_core.package_identification:_identify(src/urdf_tutorial_cpp) by extensions ['colcon_meta']
[0.244s] Level 1:colcon.colcon_core.package_identification:_identify(src/urdf_tutorial_cpp) by extension 'colcon_meta'
[0.244s] Level 1:colcon.colcon_core.package_identification:_identify(src/urdf_tutorial_cpp) by extensions ['ros']
[0.244s] Level 1:colcon.colcon_core.package_identification:_identify(src/urdf_tutorial_cpp) by extension 'ros'
[0.244s] DEBUG:colcon.colcon_core.package_identification:Package 'src/urdf_tutorial_cpp' with type 'ros.ament_cmake' and name 'urdf_tutorial_cpp'
[0.244s] Level 1:colcon.colcon_core.package_discovery:discover_packages(recursive) using defaults
[0.244s] Level 1:colcon.colcon_core.package_discovery:discover_packages(ignore) discover
[0.244s] Level 1:colcon.colcon_core.package_discovery:discover_packages(ignore) using defaults
[0.244s] Level 1:colcon.colcon_core.package_discovery:discover_packages(path) discover
[0.244s] Level 1:colcon.colcon_core.package_discovery:discover_packages(path) using defaults
[0.255s] Level 1:colcon.colcon_core.package_discovery:discover_packages(prefix_path) check parameters
[0.255s] Level 1:colcon.colcon_core.package_discovery:discover_packages(prefix_path) discover
[0.276s] DEBUG:colcon.colcon_installed_package_information.package_discovery:Found 8 installed packages in /home/ubuntu/ros2_ws/install
[0.278s] DEBUG:colcon.colcon_installed_package_information.package_discovery:Found 430 installed packages in /opt/ros/jazzy
[0.279s] Level 1:colcon.colcon_core.package_discovery:discover_packages(prefix_path) using defaults
[0.734s] Level 5:colcon.colcon_core.verb:set package 'halleffect_controller' build argument 'cmake_args' from command line to 'None'
[0.734s] Level 5:colcon.colcon_core.verb:set package 'halleffect_controller' build argument 'cmake_target' from command line to 'None'
[0.734s] Level 5:colcon.colcon_core.verb:set package 'halleffect_controller' build argument 'cmake_target_skip_unavailable' from command line to 'False'
[0.734s] Level 5:colcon.colcon_core.verb:set package 'halleffect_controller' build argument 'cmake_clean_cache' from command line to 'False'
[0.734s] Level 5:colcon.colcon_core.verb:set package 'halleffect_controller' build argument 'cmake_clean_first' from command line to 'False'
[0.734s] Level 5:colcon.colcon_core.verb:set package 'halleffect_controller' build argument 'cmake_force_configure' from command line to 'False'
[0.734s] Level 5:colcon.colcon_core.verb:set package 'halleffect_controller' build argument 'ament_cmake_args' from command line to 'None'
[0.734s] Level 5:colcon.colcon_core.verb:set package 'halleffect_controller' build argument 'catkin_cmake_args' from command line to 'None'
[0.734s] Level 5:colcon.colcon_core.verb:set package 'halleffect_controller' build argument 'catkin_skip_building_tests' from command line to 'False'
[0.734s] DEBUG:colcon.colcon_core.verb:Building package 'halleffect_controller' with the following arguments: {'ament_cmake_args': None, 'build_base': '/home/ubuntu/rover_ws/build/halleffect_controller', 'catkin_cmake_args': None, 'catkin_skip_building_tests': False, 'cmake_args': None, 'cmake_clean_cache': False, 'cmake_clean_first': False, 'cmake_force_configure': False, 'cmake_target': None, 'cmake_target_skip_unavailable': False, 'install_base': '/home/ubuntu/rover_ws/install/halleffect_controller', 'merge_install': False, 'path': '/home/ubuntu/rover_ws/src/halleffect_controller', 'symlink_install': False, 'test_result_base': None}
[0.734s] Level 5:colcon.colcon_core.verb:set package 'rover_description' build argument 'cmake_args' from command line to 'None'
[0.734s] Level 5:colcon.colcon_core.verb:set package 'rover_description' build argument 'cmake_target' from command line to 'None'
[0.734s] Level 5:colcon.colcon_core.verb:set package 'rover_description' build argument 'cmake_target_skip_unavailable' from command line to 'False'
[0.734s] Level 5:colcon.colcon_core.verb:set package 'rover_description' build argument 'cmake_clean_cache' from command line to 'False'
[0.734s] Level 5:colcon.colcon_core.verb:set package 'rover_description' build argument 'cmake_clean_first' from command line to 'False'
[0.734s] Level 5:colcon.colcon_core.verb:set package 'rover_description' build argument 'cmake_force_configure' from command line to 'False'
[0.734s] Level 5:colcon.colcon_core.verb:set package 'rover_description' build argument 'ament_cmake_args' from command line to 'None'
[0.735s] Level 5:colcon.colcon_core.verb:set package 'rover_description' build argument 'catkin_cmake_args' from command line to 'None'
[0.735s] Level 5:colcon.colcon_core.verb:set package 'rover_description' build argument 'catkin_skip_building_tests' from command line to 'False'
[0.735s] DEBUG:colcon.colcon_core.verb:Building package 'rover_description' with the following arguments: {'ament_cmake_args': None, 'build_base': '/home/ubuntu/rover_ws/build/rover_description', 'catkin_cmake_args': None, 'catkin_skip_building_tests': False, 'cmake_args': None, 'cmake_clean_cache': False, 'cmake_clean_first': False, 'cmake_force_configure': False, 'cmake_target': None, 'cmake_target_skip_unavailable': False, 'install_base': '/home/ubuntu/rover_ws/install/rover_description', 'merge_install': False, 'path': '/home/ubuntu/rover_ws/src/rover_description', 'symlink_install': False, 'test_result_base': None}
[0.735s] Level 5:colcon.colcon_core.verb:set package 'urdf_tutorial_cpp' build argument 'cmake_args' from command line to 'None'
[0.735s] Level 5:colcon.colcon_core.verb:set package 'urdf_tutorial_cpp' build argument 'cmake_target' from command line to 'None'
[0.735s] Level 5:colcon.colcon_core.verb:set package 'urdf_tutorial_cpp' build argument 'cmake_target_skip_unavailable' from command line to 'False'
[0.735s] Level 5:colcon.colcon_core.verb:set package 'urdf_tutorial_cpp' build argument 'cmake_clean_cache' from command line to 'False'
[0.735s] Level 5:colcon.colcon_core.verb:set package 'urdf_tutorial_cpp' build argument 'cmake_clean_first' from command line to 'False'
[0.735s] Level 5:colcon.colcon_core.verb:set package 'urdf_tutorial_cpp' build argument 'cmake_force_configure' from command line to 'False'
[0.735s] Level 5:colcon.colcon_core.verb:set package 'urdf_tutorial_cpp' build argument 'ament_cmake_args' from command line to 'None'
[0.735s] Level 5:colcon.colcon_core.verb:set package 'urdf_tutorial_cpp' build argument 'catkin_cmake_args' from command line to 'None'
[0.735s] Level 5:colcon.colcon_core.verb:set package 'urdf_tutorial_cpp' build argument 'catkin_skip_building_tests' from command line to 'False'
[0.735s] DEBUG:colcon.colcon_core.verb:Building package 'urdf_tutorial_cpp' with the following arguments: {'ament_cmake_args': None, 'build_base': '/home/ubuntu/rover_ws/build/urdf_tutorial_cpp', 'catkin_cmake_args': None, 'catkin_skip_building_tests': False, 'cmake_args': None, 'cmake_clean_cache': False, 'cmake_clean_first': False, 'cmake_force_configure': False, 'cmake_target': None, 'cmake_target_skip_unavailable': False, 'install_base': '/home/ubuntu/rover_ws/install/urdf_tutorial_cpp', 'merge_install': False, 'path': '/home/ubuntu/rover_ws/src/urdf_tutorial_cpp', 'symlink_install': False, 'test_result_base': None}
[0.735s] INFO:colcon.colcon_core.executor:Executing jobs using 'parallel' executor
[0.735s] DEBUG:colcon.colcon_parallel_executor.executor.parallel:run_until_complete
[0.735s] INFO:colcon.colcon_ros.task.ament_cmake.build:Building ROS package in '/home/ubuntu/rover_ws/src/halleffect_controller' with build type 'ament_cmake'
[0.736s] INFO:colcon.colcon_cmake.task.cmake.build:Building CMake package in '/home/ubuntu/rover_ws/src/halleffect_controller'
[0.761s] INFO:colcon.colcon_core.plugin_system:Skipping extension 'colcon_core.shell.bat': Not used on non-Windows systems
[0.761s] INFO:colcon.colcon_core.shell:Skip shell extension 'powershell' for command environment: Not usable outside of PowerShell
[0.761s] DEBUG:colcon.colcon_core.shell:Skip shell extension 'dsv' for command environment
[0.771s] INFO:colcon.colcon_ros.task.ament_cmake.build:Building ROS package in '/home/ubuntu/rover_ws/src/rover_description' with build type 'ament_cmake'
[0.771s] INFO:colcon.colcon_cmake.task.cmake.build:Building CMake package in '/home/ubuntu/rover_ws/src/rover_description'
[0.771s] INFO:colcon.colcon_core.shell:Skip shell extension 'powershell' for command environment: Not usable outside of PowerShell
[0.771s] DEBUG:colcon.colcon_core.shell:Skip shell extension 'dsv' for command environment
[0.774s] INFO:colcon.colcon_ros.task.ament_cmake.build:Building ROS package in '/home/ubuntu/rover_ws/src/urdf_tutorial_cpp' with build type 'ament_cmake'
[0.774s] INFO:colcon.colcon_cmake.task.cmake.build:Building CMake package in '/home/ubuntu/rover_ws/src/urdf_tutorial_cpp'
[0.774s] INFO:colcon.colcon_core.shell:Skip shell extension 'powershell' for command environment: Not usable outside of PowerShell
[0.774s] DEBUG:colcon.colcon_core.shell:Skip shell extension 'dsv' for command environment
[0.821s] DEBUG:colcon.colcon_core.event_handler.log_command:Invoking command in '/home/ubuntu/rover_ws/build/halleffect_controller': CMAKE_PREFIX_PATH=${CMAKE_PREFIX_PATH}:/opt/ros/jazzy DEBUGINFOD_URLS=https://debuginfod.ubuntu.com /usr/bin/cmake --build /home/ubuntu/rover_ws/build/halleffect_controller -- -j16 -l16
[0.892s] DEBUG:colcon.colcon_core.event_handler.log_command:Invoking command in '/home/ubuntu/rover_ws/build/rover_description': CMAKE_PREFIX_PATH=${CMAKE_PREFIX_PATH}:/opt/ros/jazzy DEBUGINFOD_URLS=https://debuginfod.ubuntu.com /usr/bin/cmake --build /home/ubuntu/rover_ws/build/rover_description -- -j16 -l16
[0.992s] DEBUG:colcon.colcon_core.event_handler.log_command:Invoking command in '/home/ubuntu/rover_ws/build/urdf_tutorial_cpp': CMAKE_PREFIX_PATH=${CMAKE_PREFIX_PATH}:/opt/ros/jazzy DEBUGINFOD_URLS=https://debuginfod.ubuntu.com /usr/bin/cmake --build /home/ubuntu/rover_ws/build/urdf_tutorial_cpp -- -j16 -l16
[1.309s] DEBUG:colcon.colcon_core.event_handler.log_command:Invoked command in '/home/ubuntu/rover_ws/build/rover_description' returned '0': CMAKE_PREFIX_PATH=${CMAKE_PREFIX_PATH}:/opt/ros/jazzy DEBUGINFOD_URLS=https://debuginfod.ubuntu.com /usr/bin/cmake --build /home/ubuntu/rover_ws/build/rover_description -- -j16 -l16
[1.363s] DEBUG:colcon.colcon_core.event_handler.log_command:Invoking command in '/home/ubuntu/rover_ws/build/rover_description': CMAKE_PREFIX_PATH=${CMAKE_PREFIX_PATH}:/opt/ros/jazzy DEBUGINFOD_URLS=https://debuginfod.ubuntu.com /usr/bin/cmake --install /home/ubuntu/rover_ws/build/rover_description
[1.554s] Level 1:colcon.colcon_core.environment:create_environment_scripts_only(rover_description)
[1.556s] DEBUG:colcon.colcon_core.event_handler.log_command:Invoked command in '/home/ubuntu/rover_ws/build/rover_description' returned '0': CMAKE_PREFIX_PATH=${CMAKE_PREFIX_PATH}:/opt/ros/jazzy DEBUGINFOD_URLS=https://debuginfod.ubuntu.com /usr/bin/cmake --install /home/ubuntu/rover_ws/build/rover_description
[1.735s] Level 1:colcon.colcon_core.environment:checking '/home/ubuntu/rover_ws/install/rover_description' for CMake module files
[1.737s] Level 1:colcon.colcon_core.environment:checking '/home/ubuntu/rover_ws/install/rover_description' for CMake config files
[1.738s] Level 1:colcon.colcon_core.shell:create_environment_hook('rover_description', 'cmake_prefix_path')
[1.739s] INFO:colcon.colcon_core.shell:Creating environment hook '/home/ubuntu/rover_ws/install/rover_description/share/rover_description/hook/cmake_prefix_path.ps1'
[1.771s] INFO:colcon.colcon_core.shell:Creating environment descriptor '/home/ubuntu/rover_ws/install/rover_description/share/rover_description/hook/cmake_prefix_path.dsv'
[1.822s] INFO:colcon.colcon_core.shell:Creating environment hook '/home/ubuntu/rover_ws/install/rover_description/share/rover_description/hook/cmake_prefix_path.sh'
[1.825s] Level 1:colcon.colcon_core.environment:checking '/home/ubuntu/rover_ws/install/rover_description/bin'
[1.826s] Level 1:colcon.colcon_core.environment:checking '/home/ubuntu/rover_ws/install/rover_description/lib/pkgconfig/rover_description.pc'
[1.826s] Level 1:colcon.colcon_core.environment:checking '/home/ubuntu/rover_ws/install/rover_description/lib/python3.12/site-packages'
[1.827s] Level 1:colcon.colcon_core.environment:checking '/home/ubuntu/rover_ws/install/rover_description/bin'
[1.828s] INFO:colcon.colcon_core.shell:Creating package script '/home/ubuntu/rover_ws/install/rover_description/share/rover_description/package.ps1'
[1.844s] INFO:colcon.colcon_core.shell:Creating package descriptor '/home/ubuntu/rover_ws/install/rover_description/share/rover_description/package.dsv'
[1.864s] INFO:colcon.colcon_core.shell:Creating package script '/home/ubuntu/rover_ws/install/rover_description/share/rover_description/package.sh'
[1.866s] INFO:colcon.colcon_core.shell:Creating package script '/home/ubuntu/rover_ws/install/rover_description/share/rover_description/package.bash'
[1.901s] INFO:colcon.colcon_core.shell:Creating package script '/home/ubuntu/rover_ws/install/rover_description/share/rover_description/package.zsh'
[1.909s] Level 1:colcon.colcon_core.environment:create_file_with_runtime_dependencies(/home/ubuntu/rover_ws/install/rover_description/share/colcon-core/packages/rover_description)
[1.910s] Level 1:colcon.colcon_core.environment:create_environment_scripts_only(rover_description)
[1.910s] Level 1:colcon.colcon_core.environment:checking '/home/ubuntu/rover_ws/install/rover_description' for CMake module files
[1.912s] Level 1:colcon.colcon_core.environment:checking '/home/ubuntu/rover_ws/install/rover_description' for CMake config files
[1.912s] Level 1:colcon.colcon_core.shell:create_environment_hook('rover_description', 'cmake_prefix_path')
[1.913s] INFO:colcon.colcon_core.shell:Creating environment hook '/home/ubuntu/rover_ws/install/rover_description/share/rover_description/hook/cmake_prefix_path.ps1'
[1.914s] INFO:colcon.colcon_core.shell:Creating environment descriptor '/home/ubuntu/rover_ws/install/rover_description/share/rover_description/hook/cmake_prefix_path.dsv'
[1.914s] INFO:colcon.colcon_core.shell:Creating environment hook '/home/ubuntu/rover_ws/install/rover_description/share/rover_description/hook/cmake_prefix_path.sh'
[1.916s] Level 1:colcon.colcon_core.environment:checking '/home/ubuntu/rover_ws/install/rover_description/bin'
[1.916s] Level 1:colcon.colcon_core.environment:checking '/home/ubuntu/rover_ws/install/rover_description/lib/pkgconfig/rover_description.pc'
[1.917s] Level 1:colcon.colcon_core.environment:checking '/home/ubuntu/rover_ws/install/rover_description/lib/python3.12/site-packages'
[1.917s] Level 1:colcon.colcon_core.environment:checking '/home/ubuntu/rover_ws/install/rover_description/bin'
[1.918s] INFO:colcon.colcon_core.shell:Creating package script '/home/ubuntu/rover_ws/install/rover_description/share/rover_description/package.ps1'
[1.919s] INFO:colcon.colcon_core.shell:Creating package descriptor '/home/ubuntu/rover_ws/install/rover_description/share/rover_description/package.dsv'
[1.920s] INFO:colcon.colcon_core.shell:Creating package script '/home/ubuntu/rover_ws/install/rover_description/share/rover_description/package.sh'
[1.921s] INFO:colcon.colcon_core.shell:Creating package script '/home/ubuntu/rover_ws/install/rover_description/share/rover_description/package.bash'
[1.922s] INFO:colcon.colcon_core.shell:Creating package script '/home/ubuntu/rover_ws/install/rover_description/share/rover_description/package.zsh'
[1.923s] Level 1:colcon.colcon_core.environment:create_file_with_runtime_dependencies(/home/ubuntu/rover_ws/install/rover_description/share/colcon-core/packages/rover_description)
[1.925s] DEBUG:colcon.colcon_core.event_handler.log_command:Invoked command in '/home/ubuntu/rover_ws/build/urdf_tutorial_cpp' returned '0': CMAKE_PREFIX_PATH=${CMAKE_PREFIX_PATH}:/opt/ros/jazzy DEBUGINFOD_URLS=https://debuginfod.ubuntu.com /usr/bin/cmake --build /home/ubuntu/rover_ws/build/urdf_tutorial_cpp -- -j16 -l16
[1.975s] DEBUG:colcon.colcon_core.event_handler.log_command:Invoking command in '/home/ubuntu/rover_ws/build/urdf_tutorial_cpp': CMAKE_PREFIX_PATH=${CMAKE_PREFIX_PATH}:/opt/ros/jazzy DEBUGINFOD_URLS=https://debuginfod.ubuntu.com /usr/bin/cmake --install /home/ubuntu/rover_ws/build/urdf_tutorial_cpp
[2.173s] Level 1:colcon.colcon_core.environment:create_environment_scripts_only(urdf_tutorial_cpp)
[2.174s] Level 1:colcon.colcon_core.environment:checking '/home/ubuntu/rover_ws/install/urdf_tutorial_cpp' for CMake module files
[2.174s] DEBUG:colcon.colcon_core.event_handler.log_command:Invoked command in '/home/ubuntu/rover_ws/build/urdf_tutorial_cpp' returned '0': CMAKE_PREFIX_PATH=${CMAKE_PREFIX_PATH}:/opt/ros/jazzy DEBUGINFOD_URLS=https://debuginfod.ubuntu.com /usr/bin/cmake --install /home/ubuntu/rover_ws/build/urdf_tutorial_cpp
[2.174s] Level 1:colcon.colcon_core.environment:checking '/home/ubuntu/rover_ws/install/urdf_tutorial_cpp' for CMake config files
[2.175s] Level 1:colcon.colcon_core.shell:create_environment_hook('urdf_tutorial_cpp', 'cmake_prefix_path')
[2.175s] INFO:colcon.colcon_core.shell:Creating environment hook '/home/ubuntu/rover_ws/install/urdf_tutorial_cpp/share/urdf_tutorial_cpp/hook/cmake_prefix_path.ps1'
[2.175s] INFO:colcon.colcon_core.shell:Creating environment descriptor '/home/ubuntu/rover_ws/install/urdf_tutorial_cpp/share/urdf_tutorial_cpp/hook/cmake_prefix_path.dsv'
[2.175s] INFO:colcon.colcon_core.shell:Creating environment hook '/home/ubuntu/rover_ws/install/urdf_tutorial_cpp/share/urdf_tutorial_cpp/hook/cmake_prefix_path.sh'
[2.176s] Level 1:colcon.colcon_core.environment:checking '/home/ubuntu/rover_ws/install/urdf_tutorial_cpp/lib'
[2.176s] Level 1:colcon.colcon_core.environment:checking '/home/ubuntu/rover_ws/install/urdf_tutorial_cpp/bin'
[2.176s] Level 1:colcon.colcon_core.environment:checking '/home/ubuntu/rover_ws/install/urdf_tutorial_cpp/lib/pkgconfig/urdf_tutorial_cpp.pc'
[2.176s] Level 1:colcon.colcon_core.environment:checking '/home/ubuntu/rover_ws/install/urdf_tutorial_cpp/lib/python3.12/site-packages'
[2.176s] Level 1:colcon.colcon_core.environment:checking '/home/ubuntu/rover_ws/install/urdf_tutorial_cpp/bin'
[2.176s] INFO:colcon.colcon_core.shell:Creating package script '/home/ubuntu/rover_ws/install/urdf_tutorial_cpp/share/urdf_tutorial_cpp/package.ps1'
[2.177s] INFO:colcon.colcon_core.shell:Creating package descriptor '/home/ubuntu/rover_ws/install/urdf_tutorial_cpp/share/urdf_tutorial_cpp/package.dsv'
[2.177s] INFO:colcon.colcon_core.shell:Creating package script '/home/ubuntu/rover_ws/install/urdf_tutorial_cpp/share/urdf_tutorial_cpp/package.sh'
[2.177s] INFO:colcon.colcon_core.shell:Creating package script '/home/ubuntu/rover_ws/install/urdf_tutorial_cpp/share/urdf_tutorial_cpp/package.bash'
[2.177s] INFO:colcon.colcon_core.shell:Creating package script '/home/ubuntu/rover_ws/install/urdf_tutorial_cpp/share/urdf_tutorial_cpp/package.zsh'
[2.177s] Level 1:colcon.colcon_core.environment:create_file_with_runtime_dependencies(/home/ubuntu/rover_ws/install/urdf_tutorial_cpp/share/colcon-core/packages/urdf_tutorial_cpp)
[2.178s] Level 1:colcon.colcon_core.environment:create_environment_scripts_only(urdf_tutorial_cpp)
[2.178s] Level 1:colcon.colcon_core.environment:checking '/home/ubuntu/rover_ws/install/urdf_tutorial_cpp' for CMake module files
[2.178s] Level 1:colcon.colcon_core.environment:checking '/home/ubuntu/rover_ws/install/urdf_tutorial_cpp' for CMake config files
[2.178s] Level 1:colcon.colcon_core.shell:create_environment_hook('urdf_tutorial_cpp', 'cmake_prefix_path')
[2.178s] INFO:colcon.colcon_core.shell:Creating environment hook '/home/ubuntu/rover_ws/install/urdf_tutorial_cpp/share/urdf_tutorial_cpp/hook/cmake_prefix_path.ps1'
[2.252s] INFO:colcon.colcon_core.shell:Creating environment descriptor '/home/ubuntu/rover_ws/install/urdf_tutorial_cpp/share/urdf_tutorial_cpp/hook/cmake_prefix_path.dsv'
[2.252s] INFO:colcon.colcon_core.shell:Creating environment hook '/home/ubuntu/rover_ws/install/urdf_tutorial_cpp/share/urdf_tutorial_cpp/hook/cmake_prefix_path.sh'
[2.253s] Level 1:colcon.colcon_core.environment:checking '/home/ubuntu/rover_ws/install/urdf_tutorial_cpp/lib'
[2.253s] Level 1:colcon.colcon_core.environment:checking '/home/ubuntu/rover_ws/install/urdf_tutorial_cpp/bin'
[2.253s] Level 1:colcon.colcon_core.environment:checking '/home/ubuntu/rover_ws/install/urdf_tutorial_cpp/lib/pkgconfig/urdf_tutorial_cpp.pc'
[2.253s] Level 1:colcon.colcon_core.environment:checking '/home/ubuntu/rover_ws/install/urdf_tutorial_cpp/lib/python3.12/site-packages'
[2.253s] Level 1:colcon.colcon_core.environment:checking '/home/ubuntu/rover_ws/install/urdf_tutorial_cpp/bin'
[2.253s] INFO:colcon.colcon_core.shell:Creating package script '/home/ubuntu/rover_ws/install/urdf_tutorial_cpp/share/urdf_tutorial_cpp/package.ps1'
[2.253s] INFO:colcon.colcon_core.shell:Creating package descriptor '/home/ubuntu/rover_ws/install/urdf_tutorial_cpp/share/urdf_tutorial_cpp/package.dsv'
[2.254s] INFO:colcon.colcon_core.shell:Creating package script '/home/ubuntu/rover_ws/install/urdf_tutorial_cpp/share/urdf_tutorial_cpp/package.sh'
[2.254s] INFO:colcon.colcon_core.shell:Creating package script '/home/ubuntu/rover_ws/install/urdf_tutorial_cpp/share/urdf_tutorial_cpp/package.bash'
[2.254s] INFO:colcon.colcon_core.shell:Creating package script '/home/ubuntu/rover_ws/install/urdf_tutorial_cpp/share/urdf_tutorial_cpp/package.zsh'
[2.255s] Level 1:colcon.colcon_core.environment:create_file_with_runtime_dependencies(/home/ubuntu/rover_ws/install/urdf_tutorial_cpp/share/colcon-core/packages/urdf_tutorial_cpp)
[4.789s] DEBUG:colcon.colcon_core.event_handler.log_command:Invoked command in '/home/ubuntu/rover_ws/build/halleffect_controller' returned '0': CMAKE_PREFIX_PATH=${CMAKE_PREFIX_PATH}:/opt/ros/jazzy DEBUGINFOD_URLS=https://debuginfod.ubuntu.com /usr/bin/cmake --build /home/ubuntu/rover_ws/build/halleffect_controller -- -j16 -l16
[4.814s] DEBUG:colcon.colcon_core.event_handler.log_command:Invoking command in '/home/ubuntu/rover_ws/build/halleffect_controller': CMAKE_PREFIX_PATH=${CMAKE_PREFIX_PATH}:/opt/ros/jazzy DEBUGINFOD_URLS=https://debuginfod.ubuntu.com /usr/bin/cmake --install /home/ubuntu/rover_ws/build/halleffect_controller
[4.948s] Level 1:colcon.colcon_core.environment:create_environment_scripts_only(halleffect_controller)
[4.948s] Level 1:colcon.colcon_core.environment:checking '/home/ubuntu/rover_ws/install/halleffect_controller' for CMake module files
[4.949s] DEBUG:colcon.colcon_core.event_handler.log_command:Invoked command in '/home/ubuntu/rover_ws/build/halleffect_controller' returned '0': CMAKE_PREFIX_PATH=${CMAKE_PREFIX_PATH}:/opt/ros/jazzy DEBUGINFOD_URLS=https://debuginfod.ubuntu.com /usr/bin/cmake --install /home/ubuntu/rover_ws/build/halleffect_controller
[4.949s] Level 1:colcon.colcon_core.environment:checking '/home/ubuntu/rover_ws/install/halleffect_controller' for CMake config files
[4.949s] Level 1:colcon.colcon_core.shell:create_environment_hook('halleffect_controller', 'cmake_prefix_path')
[4.949s] INFO:colcon.colcon_core.shell:Creating environment hook '/home/ubuntu/rover_ws/install/halleffect_controller/share/halleffect_controller/hook/cmake_prefix_path.ps1'
[4.950s] INFO:colcon.colcon_core.shell:Creating environment descriptor '/home/ubuntu/rover_ws/install/halleffect_controller/share/halleffect_controller/hook/cmake_prefix_path.dsv'
[4.950s] INFO:colcon.colcon_core.shell:Creating environment hook '/home/ubuntu/rover_ws/install/halleffect_controller/share/halleffect_controller/hook/cmake_prefix_path.sh'
[4.950s] Level 1:colcon.colcon_core.environment:checking '/home/ubuntu/rover_ws/install/halleffect_controller/lib'
[4.950s] Level 1:colcon.colcon_core.environment:checking '/home/ubuntu/rover_ws/install/halleffect_controller/bin'
[4.950s] Level 1:colcon.colcon_core.environment:checking '/home/ubuntu/rover_ws/install/halleffect_controller/lib/pkgconfig/halleffect_controller.pc'
[4.951s] Level 1:colcon.colcon_core.environment:checking '/home/ubuntu/rover_ws/install/halleffect_controller/lib/python3.12/site-packages'
[4.951s] Level 1:colcon.colcon_core.environment:checking '/home/ubuntu/rover_ws/install/halleffect_controller/bin'
[4.951s] INFO:colcon.colcon_core.shell:Creating package script '/home/ubuntu/rover_ws/install/halleffect_controller/share/halleffect_controller/package.ps1'
[4.951s] INFO:colcon.colcon_core.shell:Creating package descriptor '/home/ubuntu/rover_ws/install/halleffect_controller/share/halleffect_controller/package.dsv'
[4.951s] INFO:colcon.colcon_core.shell:Creating package script '/home/ubuntu/rover_ws/install/halleffect_controller/share/halleffect_controller/package.sh'
[4.951s] INFO:colcon.colcon_core.shell:Creating package script '/home/ubuntu/rover_ws/install/halleffect_controller/share/halleffect_controller/package.bash'
[4.952s] INFO:colcon.colcon_core.shell:Creating package script '/home/ubuntu/rover_ws/install/halleffect_controller/share/halleffect_controller/package.zsh'
[4.952s] Level 1:colcon.colcon_core.environment:create_file_with_runtime_dependencies(/home/ubuntu/rover_ws/install/halleffect_controller/share/colcon-core/packages/halleffect_controller)
[4.952s] Level 1:colcon.colcon_core.environment:create_environment_scripts_only(halleffect_controller)
[4.952s] Level 1:colcon.colcon_core.environment:checking '/home/ubuntu/rover_ws/install/halleffect_controller' for CMake module files
[4.952s] Level 1:colcon.colcon_core.environment:checking '/home/ubuntu/rover_ws/install/halleffect_controller' for CMake config files
[4.953s] Level 1:colcon.colcon_core.shell:create_environment_hook('halleffect_controller', 'cmake_prefix_path')
[4.953s] INFO:colcon.colcon_core.shell:Creating environment hook '/home/ubuntu/rover_ws/install/halleffect_controller/share/halleffect_controller/hook/cmake_prefix_path.ps1'
[4.953s] INFO:colcon.colcon_core.shell:Creating environment descriptor '/home/ubuntu/rover_ws/install/halleffect_controller/share/halleffect_controller/hook/cmake_prefix_path.dsv'
[4.953s] INFO:colcon.colcon_core.shell:Creating environment hook '/home/ubuntu/rover_ws/install/halleffect_controller/share/halleffect_controller/hook/cmake_prefix_path.sh'
[4.953s] Level 1:colcon.colcon_core.environment:checking '/home/ubuntu/rover_ws/install/halleffect_controller/lib'
[4.953s] Level 1:colcon.colcon_core.environment:checking '/home/ubuntu/rover_ws/install/halleffect_controller/bin'
[4.954s] Level 1:colcon.colcon_core.environment:checking '/home/ubuntu/rover_ws/install/halleffect_controller/lib/pkgconfig/halleffect_controller.pc'
[4.954s] Level 1:colcon.colcon_core.environment:checking '/home/ubuntu/rover_ws/install/halleffect_controller/lib/python3.12/site-packages'
[4.954s] Level 1:colcon.colcon_core.environment:checking '/home/ubuntu/rover_ws/install/halleffect_controller/bin'
[4.954s] INFO:colcon.colcon_core.shell:Creating package script '/home/ubuntu/rover_ws/install/halleffect_controller/share/halleffect_controller/package.ps1'
[4.954s] INFO:colcon.colcon_core.shell:Creating package descriptor '/home/ubuntu/rover_ws/install/halleffect_controller/share/halleffect_controller/package.dsv'
[4.955s] INFO:colcon.colcon_core.shell:Creating package script '/home/ubuntu/rover_ws/install/halleffect_controller/share/halleffect_controller/package.sh'
[4.955s] INFO:colcon.colcon_core.shell:Creating package script '/home/ubuntu/rover_ws/install/halleffect_controller/share/halleffect_controller/package.bash'
[4.955s] INFO:colcon.colcon_core.shell:Creating package script '/home/ubuntu/rover_ws/install/halleffect_controller/share/halleffect_controller/package.zsh'
[4.955s] Level 1:colcon.colcon_core.environment:create_file_with_runtime_dependencies(/home/ubuntu/rover_ws/install/halleffect_controller/share/colcon-core/packages/halleffect_controller)
[4.955s] DEBUG:colcon.colcon_parallel_executor.executor.parallel:closing loop
[4.956s] DEBUG:colcon.colcon_parallel_executor.executor.parallel:loop closed
[4.956s] DEBUG:colcon.colcon_parallel_executor.executor.parallel:run_until_complete finished with '0'
[4.956s] DEBUG:colcon.colcon_core.event_reactor:joining thread
[5.029s] INFO:colcon.colcon_core.plugin_system:Skipping extension 'colcon_notification.desktop_notification.terminal_notifier': Not used on non-Darwin systems
[5.029s] INFO:colcon.colcon_core.plugin_system:Skipping extension 'colcon_notification.desktop_notification.win32': Not used on non-Windows systems
[5.030s] INFO:colcon.colcon_notification.desktop_notification:Sending desktop notification using 'notify2'
[5.043s] DEBUG:colcon.colcon_core.event_reactor:joined thread
[5.043s] INFO:colcon.colcon_core.shell:Creating prefix script '/home/ubuntu/rover_ws/install/local_setup.ps1'
[5.103s] INFO:colcon.colcon_core.shell:Creating prefix util module '/home/ubuntu/rover_ws/install/_local_setup_util_ps1.py'
[5.113s] INFO:colcon.colcon_core.shell:Creating prefix chain script '/home/ubuntu/rover_ws/install/setup.ps1'
[5.115s] INFO:colcon.colcon_core.shell:Creating prefix script '/home/ubuntu/rover_ws/install/local_setup.sh'
[5.115s] INFO:colcon.colcon_core.shell:Creating prefix util module '/home/ubuntu/rover_ws/install/_local_setup_util_sh.py'
[5.115s] INFO:colcon.colcon_core.shell:Creating prefix chain script '/home/ubuntu/rover_ws/install/setup.sh'
[5.116s] INFO:colcon.colcon_core.shell:Creating prefix script '/home/ubuntu/rover_ws/install/local_setup.bash'
[5.125s] INFO:colcon.colcon_core.shell:Creating prefix chain script '/home/ubuntu/rover_ws/install/setup.bash'
[5.125s] INFO:colcon.colcon_core.shell:Creating prefix script '/home/ubuntu/rover_ws/install/local_setup.zsh'
[5.133s] INFO:colcon.colcon_core.shell:Creating prefix chain script '/home/ubuntu/rover_ws/install/setup.zsh'
