[0.313s] Invoking command in '/home/ubuntu/rover_ws/build/rover_description': CMAKE_PREFIX_PATH=${CMAKE_PREFIX_PATH}:/opt/ros/jazzy DEBUGINFOD_URLS=https://debuginfod.ubuntu.com /usr/bin/cmake --build /home/ubuntu/rover_ws/build/rover_description -- -j16 -l16
[1.515s] Invoked command in '/home/ubuntu/rover_ws/build/rover_description' returned '0': CMAKE_PREFIX_PATH=${CMAKE_PREFIX_PATH}:/opt/ros/jazzy DEBUGINFOD_URLS=https://debuginfod.ubuntu.com /usr/bin/cmake --build /home/ubuntu/rover_ws/build/rover_description -- -j16 -l16
[1.658s] Invoking command in '/home/ubuntu/rover_ws/build/rover_description': CMAKE_PREFIX_PATH=${CMAKE_PREFIX_PATH}:/opt/ros/jazzy DEBUGINFOD_URLS=https://debuginfod.ubuntu.com /usr/bin/cmake --install /home/ubuntu/rover_ws/build/rover_description
[1.723s] -- Install configuration: ""
[1.725s] -- Up-to-date: /home/ubuntu/rover_ws/install/rover_description/share/rover_description/meshes
[1.729s] -- Up-to-date: /home/ubuntu/rover_ws/install/rover_description/share/rover_description/meshes/wheel_right_link.STL
[1.730s] -- Up-to-date: /home/ubuntu/rover_ws/install/rover_description/share/rover_description/meshes/wheel_left_link.STL
[1.730s] -- Up-to-date: /home/ubuntu/rover_ws/install/rover_description/share/rover_description/meshes/base_link.STL
[1.730s] -- Up-to-date: /home/ubuntu/rover_ws/install/rover_description/share/rover_description/meshes/imu_link.STL
[1.730s] -- Up-to-date: /home/ubuntu/rover_ws/install/rover_description/share/rover_description/meshes/caster_front_link.STL
[1.730s] -- Up-to-date: /home/ubuntu/rover_ws/install/rover_description/share/rover_description/meshes/caster_rear_link.STL
[1.730s] -- Up-to-date: /home/ubuntu/rover_ws/install/rover_description/share/rover_description/urdf
[1.732s] -- Up-to-date: /home/ubuntu/rover_ws/install/rover_description/share/rover_description/urdf/rover.urdf.xacro
[1.732s] -- Up-to-date: /home/ubuntu/rover_ws/install/rover_description/share/rover_description/urdf/rover_gazebo.xacro
[1.732s] -- Up-to-date: /home/ubuntu/rover_ws/install/rover_description/share/rover_description/urdf/rover_ros2_control.xacro
[1.732s] -- Up-to-date: /home/ubuntu/rover_ws/install/rover_description/share/rover_description/launch
[1.758s] -- Up-to-date: /home/ubuntu/rover_ws/install/rover_description/share/rover_description/launch/gazebo.launch.py
[1.759s] -- Up-to-date: /home/ubuntu/rover_ws/install/rover_description/share/rover_description/launch/display.launch.py
[1.759s] -- Up-to-date: /home/ubuntu/rover_ws/install/rover_description/share/rover_description/rviz
[1.769s] -- Up-to-date: /home/ubuntu/rover_ws/install/rover_description/share/rover_description/rviz/display.rviz
[1.793s] -- Up-to-date: /home/ubuntu/rover_ws/install/rover_description/share/ament_index/resource_index/package_run_dependencies/rover_description
[1.794s] -- Up-to-date: /home/ubuntu/rover_ws/install/rover_description/share/ament_index/resource_index/parent_prefix_path/rover_description
[1.801s] -- Up-to-date: /home/ubuntu/rover_ws/install/rover_description/share/rover_description/environment/ament_prefix_path.sh
[1.801s] -- Up-to-date: /home/ubuntu/rover_ws/install/rover_description/share/rover_description/environment/ament_prefix_path.dsv
[1.802s] -- Up-to-date: /home/ubuntu/rover_ws/install/rover_description/share/rover_description/environment/path.sh
[1.802s] -- Up-to-date: /home/ubuntu/rover_ws/install/rover_description/share/rover_description/environment/path.dsv
[1.802s] -- Up-to-date: /home/ubuntu/rover_ws/install/rover_description/share/rover_description/local_setup.bash
[1.803s] -- Up-to-date: /home/ubuntu/rover_ws/install/rover_description/share/rover_description/local_setup.sh
[1.803s] -- Up-to-date: /home/ubuntu/rover_ws/install/rover_description/share/rover_description/local_setup.zsh
[1.803s] -- Up-to-date: /home/ubuntu/rover_ws/install/rover_description/share/rover_description/local_setup.dsv
[1.803s] -- Installing: /home/ubuntu/rover_ws/install/rover_description/share/rover_description/package.dsv
[1.838s] -- Up-to-date: /home/ubuntu/rover_ws/install/rover_description/share/ament_index/resource_index/packages/rover_description
[1.851s] -- Up-to-date: /home/ubuntu/rover_ws/install/rover_description/share/rover_description/cmake/rover_descriptionConfig.cmake
[1.851s] -- Up-to-date: /home/ubuntu/rover_ws/install/rover_description/share/rover_description/cmake/rover_descriptionConfig-version.cmake
[1.851s] -- Up-to-date: /home/ubuntu/rover_ws/install/rover_description/share/rover_description/package.xml
[1.853s] Invoked command in '/home/ubuntu/rover_ws/build/rover_description' returned '0': CMAKE_PREFIX_PATH=${CMAKE_PREFIX_PATH}:/opt/ros/jazzy DEBUGINFOD_URLS=https://debuginfod.ubuntu.com /usr/bin/cmake --install /home/ubuntu/rover_ws/build/rover_description
