[0.279s] Invoking command in '/home/ubuntu/rover_ws/build/urdf_tutorial_cpp': CMAKE_PREFIX_PATH=${CMAKE_PREFIX_PATH}:/opt/ros/jazzy DEBUGINFOD_URLS=https://debuginfod.ubuntu.com /usr/bin/cmake --build /home/ubuntu/rover_ws/build/urdf_tutorial_cpp -- -j16 -l16
[1.501s] [100%] Built target urdf_tutorial_cpp
[1.557s] Invoked command in '/home/ubuntu/rover_ws/build/urdf_tutorial_cpp' returned '0': CMAKE_PREFIX_PATH=${CMAKE_PREFIX_PATH}:/opt/ros/jazzy DEBUGINFOD_URLS=https://debuginfod.ubuntu.com /usr/bin/cmake --build /home/ubuntu/rover_ws/build/urdf_tutorial_cpp -- -j16 -l16
[1.876s] Invoking command in '/home/ubuntu/rover_ws/build/urdf_tutorial_cpp': CMAKE_PREFIX_PATH=${CMAKE_PREFIX_PATH}:/opt/ros/jazzy DEBUGINFOD_URLS=https://debuginfod.ubuntu.com /usr/bin/cmake --install /home/ubuntu/rover_ws/build/urdf_tutorial_cpp
[1.932s] -- Install configuration: ""
[1.969s] -- Execute custom install script
[2.005s] -- Up-to-date symlink: /home/ubuntu/rover_ws/install/urdf_tutorial_cpp/lib/urdf_tutorial_cpp/urdf_tutorial_cpp
[2.006s] -- Up-to-date symlink: /home/ubuntu/rover_ws/install/urdf_tutorial_cpp/share/urdf_tutorial_cpp/launch/launch.py
[2.007s] -- Up-to-date symlink: /home/ubuntu/rover_ws/install/urdf_tutorial_cpp/share/urdf_tutorial_cpp/urdf/r2d2.rviz
[2.007s] -- Up-to-date symlink: /home/ubuntu/rover_ws/install/urdf_tutorial_cpp/share/urdf_tutorial_cpp/urdf/r2d2.urdf.xml
[2.008s] -- Up-to-date symlink: /home/ubuntu/rover_ws/install/urdf_tutorial_cpp/share/ament_index/resource_index/package_run_dependencies/urdf_tutorial_cpp
[2.008s] -- Up-to-date symlink: /home/ubuntu/rover_ws/install/urdf_tutorial_cpp/share/ament_index/resource_index/parent_prefix_path/urdf_tutorial_cpp
[2.009s] -- Up-to-date symlink: /home/ubuntu/rover_ws/install/urdf_tutorial_cpp/share/urdf_tutorial_cpp/environment/ament_prefix_path.sh
[2.009s] -- Up-to-date symlink: /home/ubuntu/rover_ws/install/urdf_tutorial_cpp/share/urdf_tutorial_cpp/environment/ament_prefix_path.dsv
[2.010s] -- Up-to-date symlink: /home/ubuntu/rover_ws/install/urdf_tutorial_cpp/share/urdf_tutorial_cpp/environment/path.sh
[2.010s] -- Up-to-date symlink: /home/ubuntu/rover_ws/install/urdf_tutorial_cpp/share/urdf_tutorial_cpp/environment/path.dsv
[2.011s] -- Up-to-date symlink: /home/ubuntu/rover_ws/install/urdf_tutorial_cpp/share/urdf_tutorial_cpp/local_setup.bash
[2.011s] -- Up-to-date symlink: /home/ubuntu/rover_ws/install/urdf_tutorial_cpp/share/urdf_tutorial_cpp/local_setup.sh
[2.012s] -- Up-to-date symlink: /home/ubuntu/rover_ws/install/urdf_tutorial_cpp/share/urdf_tutorial_cpp/local_setup.zsh
[2.012s] -- Up-to-date symlink: /home/ubuntu/rover_ws/install/urdf_tutorial_cpp/share/urdf_tutorial_cpp/local_setup.dsv
[2.012s] -- Symlinking: /home/ubuntu/rover_ws/install/urdf_tutorial_cpp/share/urdf_tutorial_cpp/package.dsv
[2.035s] -- Up-to-date symlink: /home/ubuntu/rover_ws/install/urdf_tutorial_cpp/share/ament_index/resource_index/packages/urdf_tutorial_cpp
[2.035s] -- Up-to-date symlink: /home/ubuntu/rover_ws/install/urdf_tutorial_cpp/share/urdf_tutorial_cpp/cmake/urdf_tutorial_cppConfig.cmake
[2.035s] -- Up-to-date symlink: /home/ubuntu/rover_ws/install/urdf_tutorial_cpp/share/urdf_tutorial_cpp/cmake/urdf_tutorial_cppConfig-version.cmake
[2.036s] -- Up-to-date symlink: /home/ubuntu/rover_ws/install/urdf_tutorial_cpp/share/urdf_tutorial_cpp/package.xml
[2.038s] Invoked command in '/home/ubuntu/rover_ws/build/urdf_tutorial_cpp' returned '0': CMAKE_PREFIX_PATH=${CMAKE_PREFIX_PATH}:/opt/ros/jazzy DEBUGINFOD_URLS=https://debuginfod.ubuntu.com /usr/bin/cmake --install /home/ubuntu/rover_ws/build/urdf_tutorial_cpp
