-- Found ament_cmake: 2.5.4 (/opt/ros/jazzy/share/ament_cmake/cmake)
-- Found rclpy: 7.1.4 (/opt/ros/jazzy/share/rclpy/cmake)
-- Found rclcpp: 28.1.9 (/opt/ros/jazzy/share/rclcpp/cmake)
-- Found rosidl_generator_c: 4.6.5 (/opt/ros/jazzy/share/rosidl_generator_c/cmake)
-- Found rosidl_generator_cpp: 4.6.5 (/opt/ros/jazzy/share/rosidl_generator_cpp/cmake)
-- Using all available rosidl_typesupport_c: rosidl_typesupport_fastrtps_c;rosidl_typesupport_introspection_c
-- Using all available rosidl_typesupport_cpp: rosidl_typesupport_fastrtps_cpp;rosidl_typesupport_introspection_cpp
-- Found rmw_implementation_cmake: 7.3.2 (/opt/ros/jazzy/share/rmw_implementation_cmake/cmake)
-- Found rmw_fastrtps_cpp: 8.4.2 (/opt/ros/jazzy/share/rmw_fastrtps_cpp/cmake)
-- Using RMW implementation 'rmw_fastrtps_cpp' as default
-- Found std_msgs: 5.3.6 (/opt/ros/jazzy/share/std_msgs/cmake)
-- Found geometry_msgs: 5.3.6 (/opt/ros/jazzy/share/geometry_msgs/cmake)
-- Found sensor_msgs: 5.3.6 (/opt/ros/jazzy/share/sensor_msgs/cmake)
-- Found nav_msgs: 5.3.6 (/opt/ros/jazzy/share/nav_msgs/cmake)
-- Found tf2: 0.36.10 (/opt/ros/jazzy/share/tf2/cmake)
-- Found tf2_ros: 0.36.10 (/opt/ros/jazzy/share/tf2_ros/cmake)
-- Found ament_lint_auto: 0.17.2 (/opt/ros/jazzy/share/ament_lint_auto/cmake)
-- Added test 'cppcheck' to perform static code analysis on C / C++ code
-- Configured cppcheck include dirs: /home/ubuntu/rover_ws/src/halleffect_controller/include
-- Configured cppcheck exclude dirs and/or files: 
-- Added test 'flake8' to check Python code syntax and style conventions
-- Configured 'flake8' exclude dirs and/or files: 
-- Added test 'lint_cmake' to check CMake code style
-- Added test 'pep257' to check Python code against some of the docstring style conventions in PEP 257
-- Added test 'uncrustify' to check C / C++ code style
-- Configured uncrustify additional arguments: 
-- Added test 'xmllint' to check XML markup files
-- Configuring done (4.7s)
-- Generating done (0.2s)
-- Build files have been written to: /home/ubuntu/rover_ws/src/halleffect_controller/build/halleffect_controller
[ 25%] [32mBuilding CXX object CMakeFiles/noisy_controller.dir/src/noisy_controller.cpp.o[0m
[ 50%] [32mBuilding CXX object CMakeFiles/simple_controller.dir/src/simple_controller.cpp.o[0m
[ 75%] [32m[1mLinking CXX executable noisy_controller[0m
[ 75%] Built target noisy_controller
[100%] [32m[1mLinking CXX executable simple_controller[0m
[100%] Built target simple_controller
-- Install configuration: ""
-- Up-to-date: /home/ubuntu/rover_ws/src/halleffect_controller/install/halleffect_controller/include/include
-- Up-to-date: /home/ubuntu/rover_ws/src/halleffect_controller/install/halleffect_controller/include/include/halleffect_controller
-- Installing: /home/ubuntu/rover_ws/src/halleffect_controller/install/halleffect_controller/include/include/halleffect_controller/simple_controller.hpp
-- Installing: /home/ubuntu/rover_ws/src/halleffect_controller/install/halleffect_controller/include/include/halleffect_controller/noisy_controller.hpp
-- Installing: /home/ubuntu/rover_ws/src/halleffect_controller/install/halleffect_controller/lib/halleffect_controller/simple_controller
-- Set non-toolchain portion of runtime path of "/home/ubuntu/rover_ws/src/halleffect_controller/install/halleffect_controller/lib/halleffect_controller/simple_controller" to ""
-- Installing: /home/ubuntu/rover_ws/src/halleffect_controller/install/halleffect_controller/lib/halleffect_controller/noisy_controller
-- Set non-toolchain portion of runtime path of "/home/ubuntu/rover_ws/src/halleffect_controller/install/halleffect_controller/lib/halleffect_controller/noisy_controller" to ""
-- Up-to-date: /home/ubuntu/rover_ws/src/halleffect_controller/install/halleffect_controller/share/halleffect_controller/config
-- Installing: /home/ubuntu/rover_ws/src/halleffect_controller/install/halleffect_controller/share/halleffect_controller/config/gz_bridge.yaml
-- Up-to-date: /home/ubuntu/rover_ws/src/halleffect_controller/install/halleffect_controller/share/halleffect_controller/config/joy_config.yaml
-- Installing: /home/ubuntu/rover_ws/src/halleffect_controller/install/halleffect_controller/share/halleffect_controller/config/halleffect_controller.yaml
-- Installing: /home/ubuntu/rover_ws/src/halleffect_controller/install/halleffect_controller/share/halleffect_controller/config/joy_teleop.yaml
-- Up-to-date: /home/ubuntu/rover_ws/src/halleffect_controller/install/halleffect_controller/share/halleffect_controller/launch
-- Installing: /home/ubuntu/rover_ws/src/halleffect_controller/install/halleffect_controller/share/halleffect_controller/launch/joystick_teleop.launch.py
-- Installing: /home/ubuntu/rover_ws/src/halleffect_controller/install/halleffect_controller/share/halleffect_controller/launch/controller.launch.py
-- Installing: /home/ubuntu/rover_ws/src/halleffect_controller/install/halleffect_controller/share/ament_index/resource_index/package_run_dependencies/halleffect_controller
-- Up-to-date: /home/ubuntu/rover_ws/src/halleffect_controller/install/halleffect_controller/share/ament_index/resource_index/parent_prefix_path/halleffect_controller
-- Up-to-date: /home/ubuntu/rover_ws/src/halleffect_controller/install/halleffect_controller/share/halleffect_controller/environment/ament_prefix_path.sh
-- Up-to-date: /home/ubuntu/rover_ws/src/halleffect_controller/install/halleffect_controller/share/halleffect_controller/environment/ament_prefix_path.dsv
-- Up-to-date: /home/ubuntu/rover_ws/src/halleffect_controller/install/halleffect_controller/share/halleffect_controller/environment/path.sh
-- Up-to-date: /home/ubuntu/rover_ws/src/halleffect_controller/install/halleffect_controller/share/halleffect_controller/environment/path.dsv
-- Up-to-date: /home/ubuntu/rover_ws/src/halleffect_controller/install/halleffect_controller/share/halleffect_controller/local_setup.bash
-- Up-to-date: /home/ubuntu/rover_ws/src/halleffect_controller/install/halleffect_controller/share/halleffect_controller/local_setup.sh
-- Up-to-date: /home/ubuntu/rover_ws/src/halleffect_controller/install/halleffect_controller/share/halleffect_controller/local_setup.zsh
-- Up-to-date: /home/ubuntu/rover_ws/src/halleffect_controller/install/halleffect_controller/share/halleffect_controller/local_setup.dsv
-- Installing: /home/ubuntu/rover_ws/src/halleffect_controller/install/halleffect_controller/share/halleffect_controller/package.dsv
-- Up-to-date: /home/ubuntu/rover_ws/src/halleffect_controller/install/halleffect_controller/share/ament_index/resource_index/packages/halleffect_controller
-- Up-to-date: /home/ubuntu/rover_ws/src/halleffect_controller/install/halleffect_controller/share/halleffect_controller/cmake/halleffect_controllerConfig.cmake
-- Up-to-date: /home/ubuntu/rover_ws/src/halleffect_controller/install/halleffect_controller/share/halleffect_controller/cmake/halleffect_controllerConfig-version.cmake
-- Installing: /home/ubuntu/rover_ws/src/halleffect_controller/install/halleffect_controller/share/halleffect_controller/package.xml
