[0.076s] Invoking command in '/home/ubuntu/rover_ws/src/halleffect_controller/build/halleffect_controller': CMAKE_PREFIX_PATH=${CMAKE_PREFIX_PATH}:/opt/ros/jazzy DEBUGINFOD_URLS=https://debuginfod.ubuntu.com /usr/bin/cmake --build /home/ubuntu/rover_ws/src/halleffect_controller/build/halleffect_controller -- -j16 -l16
[0.281s] [ 50%] Built target noisy_controller
[0.290s] [100%] Built target simple_controller
[0.299s] Invoked command in '/home/ubuntu/rover_ws/src/halleffect_controller/build/halleffect_controller' returned '0': CMAKE_PREFIX_PATH=${CMAKE_PREFIX_PATH}:/opt/ros/jazzy DEBUGINFOD_URLS=https://debuginfod.ubuntu.com /usr/bin/cmake --build /home/ubuntu/rover_ws/src/halleffect_controller/build/halleffect_controller -- -j16 -l16
[0.326s] Invoking command in '/home/ubuntu/rover_ws/src/halleffect_controller/build/halleffect_controller': CMAKE_PREFIX_PATH=${CMAKE_PREFIX_PATH}:/opt/ros/jazzy DEBUGINFOD_URLS=https://debuginfod.ubuntu.com /usr/bin/cmake --install /home/ubuntu/rover_ws/src/halleffect_controller/build/halleffect_controller
[0.363s] -- Install configuration: ""
[0.363s] -- Up-to-date: /home/ubuntu/rover_ws/src/halleffect_controller/install/halleffect_controller/include/include
[0.363s] -- Up-to-date: /home/ubuntu/rover_ws/src/halleffect_controller/install/halleffect_controller/include/include/halleffect_controller
[0.363s] -- Up-to-date: /home/ubuntu/rover_ws/src/halleffect_controller/install/halleffect_controller/include/include/halleffect_controller/simple_controller.hpp
[0.363s] -- Up-to-date: /home/ubuntu/rover_ws/src/halleffect_controller/install/halleffect_controller/include/include/halleffect_controller/noisy_controller.hpp
[0.407s] -- Up-to-date: /home/ubuntu/rover_ws/src/halleffect_controller/install/halleffect_controller/lib/halleffect_controller/simple_controller
[0.435s] -- Up-to-date: /home/ubuntu/rover_ws/src/halleffect_controller/install/halleffect_controller/lib/halleffect_controller/noisy_controller
[0.436s] -- Up-to-date: /home/ubuntu/rover_ws/src/halleffect_controller/install/halleffect_controller/share/halleffect_controller/config
[0.436s] -- Installing: /home/ubuntu/rover_ws/src/halleffect_controller/install/halleffect_controller/share/halleffect_controller/config/gz_bridge.yaml
[0.437s] -- Installing: /home/ubuntu/rover_ws/src/halleffect_controller/install/halleffect_controller/share/halleffect_controller/config/joy_config.yaml
[0.437s] -- Installing: /home/ubuntu/rover_ws/src/halleffect_controller/install/halleffect_controller/share/halleffect_controller/config/halleffect_controller.yaml
[0.437s] -- Installing: /home/ubuntu/rover_ws/src/halleffect_controller/install/halleffect_controller/share/halleffect_controller/config/teleop_twist_joy.yaml
[0.438s] -- Up-to-date: /home/ubuntu/rover_ws/src/halleffect_controller/install/halleffect_controller/share/halleffect_controller/launch
[0.439s] -- Installing: /home/ubuntu/rover_ws/src/halleffect_controller/install/halleffect_controller/share/halleffect_controller/launch/joystick_teleop.launch.py
[0.439s] -- Up-to-date: /home/ubuntu/rover_ws/src/halleffect_controller/install/halleffect_controller/share/halleffect_controller/launch/controller.launch.py
[0.439s] -- Up-to-date: /home/ubuntu/rover_ws/src/halleffect_controller/install/halleffect_controller/share/ament_index/resource_index/package_run_dependencies/halleffect_controller
[0.439s] -- Up-to-date: /home/ubuntu/rover_ws/src/halleffect_controller/install/halleffect_controller/share/ament_index/resource_index/parent_prefix_path/halleffect_controller
[0.440s] -- Up-to-date: /home/ubuntu/rover_ws/src/halleffect_controller/install/halleffect_controller/share/halleffect_controller/environment/ament_prefix_path.sh
[0.440s] -- Up-to-date: /home/ubuntu/rover_ws/src/halleffect_controller/install/halleffect_controller/share/halleffect_controller/environment/ament_prefix_path.dsv
[0.440s] -- Up-to-date: /home/ubuntu/rover_ws/src/halleffect_controller/install/halleffect_controller/share/halleffect_controller/environment/path.sh
[0.441s] -- Up-to-date: /home/ubuntu/rover_ws/src/halleffect_controller/install/halleffect_controller/share/halleffect_controller/environment/path.dsv
[0.441s] -- Up-to-date: /home/ubuntu/rover_ws/src/halleffect_controller/install/halleffect_controller/share/halleffect_controller/local_setup.bash
[0.441s] -- Up-to-date: /home/ubuntu/rover_ws/src/halleffect_controller/install/halleffect_controller/share/halleffect_controller/local_setup.sh
[0.441s] -- Up-to-date: /home/ubuntu/rover_ws/src/halleffect_controller/install/halleffect_controller/share/halleffect_controller/local_setup.zsh
[0.442s] -- Up-to-date: /home/ubuntu/rover_ws/src/halleffect_controller/install/halleffect_controller/share/halleffect_controller/local_setup.dsv
[0.442s] -- Installing: /home/ubuntu/rover_ws/src/halleffect_controller/install/halleffect_controller/share/halleffect_controller/package.dsv
[0.442s] -- Up-to-date: /home/ubuntu/rover_ws/src/halleffect_controller/install/halleffect_controller/share/ament_index/resource_index/packages/halleffect_controller
[0.442s] -- Up-to-date: /home/ubuntu/rover_ws/src/halleffect_controller/install/halleffect_controller/share/halleffect_controller/cmake/halleffect_controllerConfig.cmake
[0.443s] -- Up-to-date: /home/ubuntu/rover_ws/src/halleffect_controller/install/halleffect_controller/share/halleffect_controller/cmake/halleffect_controllerConfig-version.cmake
[0.443s] -- Up-to-date: /home/ubuntu/rover_ws/src/halleffect_controller/install/halleffect_controller/share/halleffect_controller/package.xml
[0.446s] Invoked command in '/home/ubuntu/rover_ws/src/halleffect_controller/build/halleffect_controller' returned '0': CMAKE_PREFIX_PATH=${CMAKE_PREFIX_PATH}:/opt/ros/jazzy DEBUGINFOD_URLS=https://debuginfod.ubuntu.com /usr/bin/cmake --install /home/ubuntu/rover_ws/src/halleffect_controller/build/halleffect_controller
