[0.006s] Invoking command in '/home/ubuntu/rover_ws/build/rover_description': CMAKE_PREFIX_PATH=${CMAKE_PREFIX_PATH}:/opt/ros/jazzy DEBUGINFOD_URLS=https://debuginfod.ubuntu.com /usr/bin/cmake /home/ubuntu/rover_ws/src/rover_description -DCMAKE_INSTALL_PREFIX=/home/ubuntu/rover_ws/install/rover_description
[1.106s] -- The C compiler identification is GNU 13.3.0
[1.326s] -- The CXX compiler identification is GNU 13.3.0
[1.412s] -- Detecting C compiler ABI info
[1.601s] -- Detecting C compiler ABI info - done
[1.607s] -- Check for working C compiler: /usr/bin/cc - skipped
[1.608s] -- Detecting C compile features
[1.608s] -- Detecting C compile features - done
[1.614s] -- Detecting CXX compiler ABI info
[1.697s] -- Detecting CXX compiler ABI info - done
[1.703s] -- Check for working CXX compiler: /usr/bin/c++ - skipped
[1.703s] -- Detecting CXX compile features
[1.703s] -- Detecting CXX compile features - done
[1.738s] -- Found ament_cmake: 2.5.4 (/opt/ros/jazzy/share/ament_cmake/cmake)
[1.836s] -- Found Python3: /usr/bin/python3 (found version "3.12.3") found components: Interpreter 
[1.926s] -- Found ament_lint_auto: 0.17.2 (/opt/ros/jazzy/share/ament_lint_auto/cmake)
[1.998s] -- Added test 'lint_cmake' to check CMake code style
[1.999s] -- Added test 'xmllint' to check XML markup files
[2.000s] -- Configuring done (2.0s)
[2.002s] -- Generating done (0.0s)
[2.003s] -- Build files have been written to: /home/ubuntu/rover_ws/build/rover_description
[2.006s] Invoked command in '/home/ubuntu/rover_ws/build/rover_description' returned '0': CMAKE_PREFIX_PATH=${CMAKE_PREFIX_PATH}:/opt/ros/jazzy DEBUGINFOD_URLS=https://debuginfod.ubuntu.com /usr/bin/cmake /home/ubuntu/rover_ws/src/rover_description -DCMAKE_INSTALL_PREFIX=/home/ubuntu/rover_ws/install/rover_description
[2.006s] Invoking command in '/home/ubuntu/rover_ws/build/rover_description': CMAKE_PREFIX_PATH=${CMAKE_PREFIX_PATH}:/opt/ros/jazzy DEBUGINFOD_URLS=https://debuginfod.ubuntu.com /usr/bin/cmake --build /home/ubuntu/rover_ws/build/rover_description -- -j16 -l16
[2.029s] Invoked command in '/home/ubuntu/rover_ws/build/rover_description' returned '0': CMAKE_PREFIX_PATH=${CMAKE_PREFIX_PATH}:/opt/ros/jazzy DEBUGINFOD_URLS=https://debuginfod.ubuntu.com /usr/bin/cmake --build /home/ubuntu/rover_ws/build/rover_description -- -j16 -l16
[2.029s] Invoking command in '/home/ubuntu/rover_ws/build/rover_description': CMAKE_PREFIX_PATH=${CMAKE_PREFIX_PATH}:/opt/ros/jazzy DEBUGINFOD_URLS=https://debuginfod.ubuntu.com /usr/bin/cmake --install /home/ubuntu/rover_ws/build/rover_description
[2.034s] -- Install configuration: ""
[2.034s] -- Installing: /home/ubuntu/rover_ws/install/rover_description/share/ament_index/resource_index/package_run_dependencies/rover_description
[2.034s] -- Installing: /home/ubuntu/rover_ws/install/rover_description/share/ament_index/resource_index/parent_prefix_path/rover_description
[2.034s] -- Installing: /home/ubuntu/rover_ws/install/rover_description/share/rover_description/environment/ament_prefix_path.sh
[2.034s] -- Installing: /home/ubuntu/rover_ws/install/rover_description/share/rover_description/environment/ament_prefix_path.dsv
[2.035s] -- Installing: /home/ubuntu/rover_ws/install/rover_description/share/rover_description/environment/path.sh
[2.035s] -- Installing: /home/ubuntu/rover_ws/install/rover_description/share/rover_description/environment/path.dsv
[2.035s] -- Installing: /home/ubuntu/rover_ws/install/rover_description/share/rover_description/local_setup.bash
[2.035s] -- Installing: /home/ubuntu/rover_ws/install/rover_description/share/rover_description/local_setup.sh
[2.035s] -- Installing: /home/ubuntu/rover_ws/install/rover_description/share/rover_description/local_setup.zsh
[2.035s] -- Installing: /home/ubuntu/rover_ws/install/rover_description/share/rover_description/local_setup.dsv
[2.035s] -- Installing: /home/ubuntu/rover_ws/install/rover_description/share/rover_description/package.dsv
[2.035s] -- Installing: /home/ubuntu/rover_ws/install/rover_description/share/ament_index/resource_index/packages/rover_description
[2.035s] -- Installing: /home/ubuntu/rover_ws/install/rover_description/share/rover_description/cmake/rover_descriptionConfig.cmake
[2.035s] -- Installing: /home/ubuntu/rover_ws/install/rover_description/share/rover_description/cmake/rover_descriptionConfig-version.cmake
[2.035s] -- Installing: /home/ubuntu/rover_ws/install/rover_description/share/rover_description/package.xml
[2.036s] Invoked command in '/home/ubuntu/rover_ws/build/rover_description' returned '0': CMAKE_PREFIX_PATH=${CMAKE_PREFIX_PATH}:/opt/ros/jazzy DEBUGINFOD_URLS=https://debuginfod.ubuntu.com /usr/bin/cmake --install /home/ubuntu/rover_ws/build/rover_description
