[0.047s] Invoking command in '/home/ubuntu/rover_ws/src/build/rover_utils': CMAKE_PREFIX_PATH=${CMAKE_PREFIX_PATH}:/opt/ros/jazzy DEBUGINFOD_URLS=https://debuginfod.ubuntu.com /usr/bin/cmake /home/ubuntu/rover_ws/src/rover_utils -DCMAKE_INSTALL_PREFIX=/home/ubuntu/rover_ws/src/install/rover_utils
[1.852s] -- The C compiler identification is GNU 13.3.0
[4.443s] -- The CXX compiler identification is GNU 13.3.0
[4.722s] -- Detecting C compiler ABI info
[5.546s] -- Detecting C compiler ABI info - done
[5.552s] -- Check for working C compiler: /usr/bin/cc - skipped
[5.552s] -- Detecting C compile features
[5.553s] -- Detecting C compile features - done
[5.616s] -- Detecting CXX compiler ABI info
[5.754s] -- Detecting CXX compiler ABI info - done
[5.760s] -- Check for working CXX compiler: /usr/bin/c++ - skipped
[5.760s] -- Detecting CXX compile features
[5.760s] -- Detecting CXX compile features - done
[5.938s] -- Found ament_cmake: 2.5.4 (/opt/ros/jazzy/share/ament_cmake/cmake)
[6.160s] -- Found Python3: /usr/bin/python3 (found version "3.12.3") found components: Interpreter 
[6.544s] -- Found rclpy: 7.1.4 (/opt/ros/jazzy/share/rclpy/cmake)
[6.619s] -- Found rclcpp: 28.1.9 (/opt/ros/jazzy/share/rclcpp/cmake)
[7.504s] -- Found rosidl_generator_c: 4.6.5 (/opt/ros/jazzy/share/rosidl_generator_c/cmake)
[7.960s] -- Found rosidl_generator_cpp: 4.6.5 (/opt/ros/jazzy/share/rosidl_generator_cpp/cmake)
[8.239s] -- Using all available rosidl_typesupport_c: rosidl_typesupport_fastrtps_c;rosidl_typesupport_introspection_c
[8.315s] -- Using all available rosidl_typesupport_cpp: rosidl_typesupport_fastrtps_cpp;rosidl_typesupport_introspection_cpp
[8.743s] -- Found rmw_implementation_cmake: 7.3.2 (/opt/ros/jazzy/share/rmw_implementation_cmake/cmake)
[8.779s] -- Found rmw_fastrtps_cpp: 8.4.2 (/opt/ros/jazzy/share/rmw_fastrtps_cpp/cmake)
[9.377s] -- Found OpenSSL: /usr/lib/x86_64-linux-gnu/libcrypto.so (found version "3.0.13")  
[9.437s] -- Found FastRTPS: /opt/ros/jazzy/include (Required is at least version "2.13") 
[9.459s] -- Using RMW implementation 'rmw_fastrtps_cpp' as default
[9.661s] -- Found std_msgs: 5.3.6 (/opt/ros/jazzy/share/std_msgs/cmake)
[9.671s] -- Found geometry_msgs: 5.3.6 (/opt/ros/jazzy/share/geometry_msgs/cmake)
[9.811s] -- Found sensor_msgs: 5.3.6 (/opt/ros/jazzy/share/sensor_msgs/cmake)
[9.854s] -- Found nav_msgs: 5.3.6 (/opt/ros/jazzy/share/nav_msgs/cmake)
[9.909s] -- Found tf2: 0.36.10 (/opt/ros/jazzy/share/tf2/cmake)
[9.920s] -- Found ament_lint_auto: 0.17.2 (/opt/ros/jazzy/share/ament_lint_auto/cmake)
[9.990s] -- Added test 'cppcheck' to perform static code analysis on C / C++ code
[9.990s] -- Configured cppcheck include dirs: 
[9.990s] -- Configured cppcheck exclude dirs and/or files: 
[9.990s] -- Added test 'lint_cmake' to check CMake code style
[9.991s] -- Added test 'uncrustify' to check C / C++ code style
[9.991s] -- Configured uncrustify additional arguments: 
[9.992s] -- Added test 'xmllint' to check XML markup files
[9.993s] -- Configuring done (9.9s)
[10.027s] -- Generating done (0.0s)
[10.030s] -- Build files have been written to: /home/ubuntu/rover_ws/src/build/rover_utils
[10.036s] Invoked command in '/home/ubuntu/rover_ws/src/build/rover_utils' returned '0': CMAKE_PREFIX_PATH=${CMAKE_PREFIX_PATH}:/opt/ros/jazzy DEBUGINFOD_URLS=https://debuginfod.ubuntu.com /usr/bin/cmake /home/ubuntu/rover_ws/src/rover_utils -DCMAKE_INSTALL_PREFIX=/home/ubuntu/rover_ws/src/install/rover_utils
[10.037s] Invoking command in '/home/ubuntu/rover_ws/src/build/rover_utils': CMAKE_PREFIX_PATH=${CMAKE_PREFIX_PATH}:/opt/ros/jazzy DEBUGINFOD_URLS=https://debuginfod.ubuntu.com /usr/bin/cmake --build /home/ubuntu/rover_ws/src/build/rover_utils -- -j16 -l16
[10.069s] [ 50%] [32mBuilding CXX object CMakeFiles/trajectory_drawer.dir/src/trajectory_drawer.cpp.o[0m
[19.694s] [100%] [32m[1mLinking CXX executable trajectory_drawer[0m
[19.940s] [100%] Built target trajectory_drawer
[19.946s] Invoked command in '/home/ubuntu/rover_ws/src/build/rover_utils' returned '0': CMAKE_PREFIX_PATH=${CMAKE_PREFIX_PATH}:/opt/ros/jazzy DEBUGINFOD_URLS=https://debuginfod.ubuntu.com /usr/bin/cmake --build /home/ubuntu/rover_ws/src/build/rover_utils -- -j16 -l16
[19.947s] Invoking command in '/home/ubuntu/rover_ws/src/build/rover_utils': CMAKE_PREFIX_PATH=${CMAKE_PREFIX_PATH}:/opt/ros/jazzy DEBUGINFOD_URLS=https://debuginfod.ubuntu.com /usr/bin/cmake --install /home/ubuntu/rover_ws/src/build/rover_utils
[19.952s] -- Install configuration: ""
[19.952s] -- Installing: /home/ubuntu/rover_ws/src/install/rover_utils/lib/rover_utils/trajectory_drawer
[19.954s] -- Set non-toolchain portion of runtime path of "/home/ubuntu/rover_ws/src/install/rover_utils/lib/rover_utils/trajectory_drawer" to ""
[19.954s] -- Installing: /home/ubuntu/rover_ws/src/install/rover_utils/share/ament_index/resource_index/package_run_dependencies/rover_utils
[19.954s] -- Installing: /home/ubuntu/rover_ws/src/install/rover_utils/share/ament_index/resource_index/parent_prefix_path/rover_utils
[19.954s] -- Installing: /home/ubuntu/rover_ws/src/install/rover_utils/share/rover_utils/environment/ament_prefix_path.sh
[19.954s] -- Installing: /home/ubuntu/rover_ws/src/install/rover_utils/share/rover_utils/environment/ament_prefix_path.dsv
[19.954s] -- Installing: /home/ubuntu/rover_ws/src/install/rover_utils/share/rover_utils/environment/path.sh
[19.954s] -- Installing: /home/ubuntu/rover_ws/src/install/rover_utils/share/rover_utils/environment/path.dsv
[19.955s] -- Installing: /home/ubuntu/rover_ws/src/install/rover_utils/share/rover_utils/local_setup.bash
[19.955s] -- Installing: /home/ubuntu/rover_ws/src/install/rover_utils/share/rover_utils/local_setup.sh
[19.955s] -- Installing: /home/ubuntu/rover_ws/src/install/rover_utils/share/rover_utils/local_setup.zsh
[19.955s] -- Installing: /home/ubuntu/rover_ws/src/install/rover_utils/share/rover_utils/local_setup.dsv
[19.955s] -- Installing: /home/ubuntu/rover_ws/src/install/rover_utils/share/rover_utils/package.dsv
[19.955s] -- Installing: /home/ubuntu/rover_ws/src/install/rover_utils/share/ament_index/resource_index/packages/rover_utils
[19.955s] -- Installing: /home/ubuntu/rover_ws/src/install/rover_utils/share/rover_utils/cmake/rover_utilsConfig.cmake
[19.955s] -- Installing: /home/ubuntu/rover_ws/src/install/rover_utils/share/rover_utils/cmake/rover_utilsConfig-version.cmake
[19.955s] -- Installing: /home/ubuntu/rover_ws/src/install/rover_utils/share/rover_utils/package.xml
[19.956s] Invoked command in '/home/ubuntu/rover_ws/src/build/rover_utils' returned '0': CMAKE_PREFIX_PATH=${CMAKE_PREFIX_PATH}:/opt/ros/jazzy DEBUGINFOD_URLS=https://debuginfod.ubuntu.com /usr/bin/cmake --install /home/ubuntu/rover_ws/src/build/rover_utils
