[0.111s] Invoking command in '/home/ubuntu/rover_ws/build/halleffect_controller': CMAKE_PREFIX_PATH=${CMAKE_PREFIX_PATH}:/opt/ros/jazzy DEBUGINFOD_URLS=https://debuginfod.ubuntu.com /usr/bin/cmake --build /home/ubuntu/rover_ws/build/halleffect_controller -- -j16 -l16
[1.528s] [ 50%] Built target noisy_controller
[1.540s] [100%] Built target simple_controller
[1.592s] Invoked command in '/home/ubuntu/rover_ws/build/halleffect_controller' returned '0': CMAKE_PREFIX_PATH=${CMAKE_PREFIX_PATH}:/opt/ros/jazzy DEBUGINFOD_URLS=https://debuginfod.ubuntu.com /usr/bin/cmake --build /home/ubuntu/rover_ws/build/halleffect_controller -- -j16 -l16
[1.627s] Invoking command in '/home/ubuntu/rover_ws/build/halleffect_controller': CMAKE_PREFIX_PATH=${CMAKE_PREFIX_PATH}:/opt/ros/jazzy DEBUGINFOD_URLS=https://debuginfod.ubuntu.com /usr/bin/cmake --install /home/ubuntu/rover_ws/build/halleffect_controller
[1.647s] -- Install configuration: ""
[1.647s] -- Up-to-date: /home/ubuntu/rover_ws/install/halleffect_controller/include/include
[1.647s] -- Up-to-date: /home/ubuntu/rover_ws/install/halleffect_controller/include/include/halleffect_controller
[1.647s] -- Up-to-date: /home/ubuntu/rover_ws/install/halleffect_controller/include/include/halleffect_controller/simple_controller.hpp
[1.648s] -- Up-to-date: /home/ubuntu/rover_ws/install/halleffect_controller/include/include/halleffect_controller/noisy_controller.hpp
[1.797s] -- Up-to-date: /home/ubuntu/rover_ws/install/halleffect_controller/lib/halleffect_controller/simple_controller
[1.891s] -- Up-to-date: /home/ubuntu/rover_ws/install/halleffect_controller/lib/halleffect_controller/noisy_controller
[1.892s] -- Up-to-date: /home/ubuntu/rover_ws/install/halleffect_controller/share/halleffect_controller/config
[1.892s] -- Up-to-date: /home/ubuntu/rover_ws/install/halleffect_controller/share/halleffect_controller/config/gz_bridge.yaml
[1.893s] -- Up-to-date: /home/ubuntu/rover_ws/install/halleffect_controller/share/halleffect_controller/config/joy_config.yaml
[1.893s] -- Up-to-date: /home/ubuntu/rover_ws/install/halleffect_controller/share/halleffect_controller/config/halleffect_controller.yaml
[1.893s] -- Up-to-date: /home/ubuntu/rover_ws/install/halleffect_controller/share/halleffect_controller/config/joy_teleop.yaml
[1.894s] -- Up-to-date: /home/ubuntu/rover_ws/install/halleffect_controller/share/halleffect_controller/launch
[1.894s] -- Up-to-date: /home/ubuntu/rover_ws/install/halleffect_controller/share/halleffect_controller/launch/joystick_teleop.launch.py
[1.894s] -- Up-to-date: /home/ubuntu/rover_ws/install/halleffect_controller/share/halleffect_controller/launch/controller.launch.py
[1.895s] -- Up-to-date: /home/ubuntu/rover_ws/install/halleffect_controller/share/ament_index/resource_index/package_run_dependencies/halleffect_controller
[1.895s] -- Up-to-date: /home/ubuntu/rover_ws/install/halleffect_controller/share/ament_index/resource_index/parent_prefix_path/halleffect_controller
[1.895s] -- Up-to-date: /home/ubuntu/rover_ws/install/halleffect_controller/share/halleffect_controller/environment/ament_prefix_path.sh
[1.895s] -- Up-to-date: /home/ubuntu/rover_ws/install/halleffect_controller/share/halleffect_controller/environment/ament_prefix_path.dsv
[1.896s] -- Up-to-date: /home/ubuntu/rover_ws/install/halleffect_controller/share/halleffect_controller/environment/path.sh
[1.896s] -- Up-to-date: /home/ubuntu/rover_ws/install/halleffect_controller/share/halleffect_controller/environment/path.dsv
[1.896s] -- Up-to-date: /home/ubuntu/rover_ws/install/halleffect_controller/share/halleffect_controller/local_setup.bash
[1.896s] -- Up-to-date: /home/ubuntu/rover_ws/install/halleffect_controller/share/halleffect_controller/local_setup.sh
[1.897s] -- Up-to-date: /home/ubuntu/rover_ws/install/halleffect_controller/share/halleffect_controller/local_setup.zsh
[1.897s] -- Up-to-date: /home/ubuntu/rover_ws/install/halleffect_controller/share/halleffect_controller/local_setup.dsv
[1.897s] -- Installing: /home/ubuntu/rover_ws/install/halleffect_controller/share/halleffect_controller/package.dsv
[1.917s] -- Up-to-date: /home/ubuntu/rover_ws/install/halleffect_controller/share/ament_index/resource_index/packages/halleffect_controller
[1.918s] -- Up-to-date: /home/ubuntu/rover_ws/install/halleffect_controller/share/halleffect_controller/cmake/halleffect_controllerConfig.cmake
[1.918s] -- Up-to-date: /home/ubuntu/rover_ws/install/halleffect_controller/share/halleffect_controller/cmake/halleffect_controllerConfig-version.cmake
[1.918s] -- Up-to-date: /home/ubuntu/rover_ws/install/halleffect_controller/share/halleffect_controller/package.xml
[1.953s] Invoked command in '/home/ubuntu/rover_ws/build/halleffect_controller' returned '0': CMAKE_PREFIX_PATH=${CMAKE_PREFIX_PATH}:/opt/ros/jazzy DEBUGINFOD_URLS=https://debuginfod.ubuntu.com /usr/bin/cmake --install /home/ubuntu/rover_ws/build/halleffect_controller
