[0.076s] Invoking command in '/home/ubuntu/rover_ws/src/halleffect_controller/build/halleffect_controller': CMAKE_PREFIX_PATH=${CMAKE_PREFIX_PATH}:/opt/ros/jazzy DEBUGINFOD_URLS=https://debuginfod.ubuntu.com /usr/bin/cmake --build /home/ubuntu/rover_ws/src/halleffect_controller/build/halleffect_controller -- -j16 -l16
[0.278s] -- Found ament_cmake: 2.5.4 (/opt/ros/jazzy/share/ament_cmake/cmake)
[0.810s] -- Found rclpy: 7.1.4 (/opt/ros/jazzy/share/rclpy/cmake)
[0.826s] -- Found rclcpp: 28.1.9 (/opt/ros/jazzy/share/rclcpp/cmake)
[1.123s] -- Found rosidl_generator_c: 4.6.5 (/opt/ros/jazzy/share/rosidl_generator_c/cmake)
[1.205s] -- Found rosidl_generator_cpp: 4.6.5 (/opt/ros/jazzy/share/rosidl_generator_cpp/cmake)
[1.288s] -- Using all available rosidl_typesupport_c: rosidl_typesupport_fastrtps_c;rosidl_typesupport_introspection_c
[1.315s] -- Using all available rosidl_typesupport_cpp: rosidl_typesupport_fastrtps_cpp;rosidl_typesupport_introspection_cpp
[1.558s] -- Found rmw_implementation_cmake: 7.3.2 (/opt/ros/jazzy/share/rmw_implementation_cmake/cmake)
[1.570s] -- Found rmw_fastrtps_cpp: 8.4.2 (/opt/ros/jazzy/share/rmw_fastrtps_cpp/cmake)
[1.781s] -- Using RMW implementation 'rmw_fastrtps_cpp' as default
[1.960s] -- Found std_msgs: 5.3.6 (/opt/ros/jazzy/share/std_msgs/cmake)
[2.013s] -- Found geometry_msgs: 5.3.6 (/opt/ros/jazzy/share/geometry_msgs/cmake)
[2.077s] -- Found sensor_msgs: 5.3.6 (/opt/ros/jazzy/share/sensor_msgs/cmake)
[2.145s] -- Found ament_lint_auto: 0.17.2 (/opt/ros/jazzy/share/ament_lint_auto/cmake)
[2.353s] -- Added test 'cppcheck' to perform static code analysis on C / C++ code
[2.353s] -- Configured cppcheck include dirs: /home/ubuntu/rover_ws/src/halleffect_controller/include
[2.353s] -- Configured cppcheck exclude dirs and/or files: 
[2.354s] -- Added test 'flake8' to check Python code syntax and style conventions
[2.354s] -- Configured 'flake8' exclude dirs and/or files: 
[2.355s] -- Added test 'lint_cmake' to check CMake code style
[2.356s] -- Added test 'pep257' to check Python code against some of the docstring style conventions in PEP 257
[2.362s] -- Added test 'uncrustify' to check C / C++ code style
[2.362s] -- Configured uncrustify additional arguments: 
[2.363s] -- Added test 'xmllint' to check XML markup files
[2.364s] -- Configuring done (2.2s)
[2.877s] -- Generating done (0.2s)
[2.888s] -- Build files have been written to: /home/ubuntu/rover_ws/src/halleffect_controller/build/halleffect_controller
[2.982s] [ 50%] [32mBuilding CXX object CMakeFiles/simple_controller.dir/src/simple_controller.cpp.o[0m
[8.970s] [100%] [32m[1mLinking CXX executable simple_controller[0m
[9.842s] [100%] Built target simple_controller
[9.848s] Invoked command in '/home/ubuntu/rover_ws/src/halleffect_controller/build/halleffect_controller' returned '0': CMAKE_PREFIX_PATH=${CMAKE_PREFIX_PATH}:/opt/ros/jazzy DEBUGINFOD_URLS=https://debuginfod.ubuntu.com /usr/bin/cmake --build /home/ubuntu/rover_ws/src/halleffect_controller/build/halleffect_controller -- -j16 -l16
[9.905s] Invoking command in '/home/ubuntu/rover_ws/src/halleffect_controller/build/halleffect_controller': CMAKE_PREFIX_PATH=${CMAKE_PREFIX_PATH}:/opt/ros/jazzy DEBUGINFOD_URLS=https://debuginfod.ubuntu.com /usr/bin/cmake --install /home/ubuntu/rover_ws/src/halleffect_controller/build/halleffect_controller
[9.912s] -- Install configuration: ""
[9.912s] -- Up-to-date: /home/ubuntu/rover_ws/src/halleffect_controller/install/halleffect_controller/include/include
[9.912s] -- Up-to-date: /home/ubuntu/rover_ws/src/halleffect_controller/install/halleffect_controller/include/include/halleffect_controller
[9.913s] -- Up-to-date: /home/ubuntu/rover_ws/src/halleffect_controller/install/halleffect_controller/include/include/halleffect_controller/simple_controller.hpp
[9.948s] -- Installing: /home/ubuntu/rover_ws/src/halleffect_controller/install/halleffect_controller/lib/halleffect_controller/simple_controller
[9.961s] -- Set non-toolchain portion of runtime path of "/home/ubuntu/rover_ws/src/halleffect_controller/install/halleffect_controller/lib/halleffect_controller/simple_controller" to ""
[9.961s] -- Up-to-date: /home/ubuntu/rover_ws/src/halleffect_controller/install/halleffect_controller/share/halleffect_controller/config
[9.962s] -- Installing: /home/ubuntu/rover_ws/src/halleffect_controller/install/halleffect_controller/share/halleffect_controller/config/joy_config.yaml
[9.962s] -- Installing: /home/ubuntu/rover_ws/src/halleffect_controller/install/halleffect_controller/share/halleffect_controller/config/halleffect_controller.yaml
[9.962s] -- Installing: /home/ubuntu/rover_ws/src/halleffect_controller/install/halleffect_controller/share/halleffect_controller/config/joy_teleop.yaml
[9.962s] -- Up-to-date: /home/ubuntu/rover_ws/src/halleffect_controller/install/halleffect_controller/share/halleffect_controller/launch
[9.962s] -- Installing: /home/ubuntu/rover_ws/src/halleffect_controller/install/halleffect_controller/share/halleffect_controller/launch/joystick_teleop.launch.py
[9.963s] -- Installing: /home/ubuntu/rover_ws/src/halleffect_controller/install/halleffect_controller/share/halleffect_controller/launch/controller.launch.py
[9.963s] -- Installing: /home/ubuntu/rover_ws/src/halleffect_controller/install/halleffect_controller/share/ament_index/resource_index/package_run_dependencies/halleffect_controller
[9.963s] -- Installing: /home/ubuntu/rover_ws/src/halleffect_controller/install/halleffect_controller/share/ament_index/resource_index/parent_prefix_path/halleffect_controller
[9.963s] -- Up-to-date: /home/ubuntu/rover_ws/src/halleffect_controller/install/halleffect_controller/share/halleffect_controller/environment/ament_prefix_path.sh
[9.963s] -- Up-to-date: /home/ubuntu/rover_ws/src/halleffect_controller/install/halleffect_controller/share/halleffect_controller/environment/ament_prefix_path.dsv
[9.964s] -- Up-to-date: /home/ubuntu/rover_ws/src/halleffect_controller/install/halleffect_controller/share/halleffect_controller/environment/path.sh
[9.964s] -- Up-to-date: /home/ubuntu/rover_ws/src/halleffect_controller/install/halleffect_controller/share/halleffect_controller/environment/path.dsv
[9.964s] -- Up-to-date: /home/ubuntu/rover_ws/src/halleffect_controller/install/halleffect_controller/share/halleffect_controller/local_setup.bash
[9.964s] -- Up-to-date: /home/ubuntu/rover_ws/src/halleffect_controller/install/halleffect_controller/share/halleffect_controller/local_setup.sh
[9.964s] -- Up-to-date: /home/ubuntu/rover_ws/src/halleffect_controller/install/halleffect_controller/share/halleffect_controller/local_setup.zsh
[9.965s] -- Up-to-date: /home/ubuntu/rover_ws/src/halleffect_controller/install/halleffect_controller/share/halleffect_controller/local_setup.dsv
[9.965s] -- Installing: /home/ubuntu/rover_ws/src/halleffect_controller/install/halleffect_controller/share/halleffect_controller/package.dsv
[9.965s] -- Up-to-date: /home/ubuntu/rover_ws/src/halleffect_controller/install/halleffect_controller/share/ament_index/resource_index/packages/halleffect_controller
[9.965s] -- Up-to-date: /home/ubuntu/rover_ws/src/halleffect_controller/install/halleffect_controller/share/halleffect_controller/cmake/halleffect_controllerConfig.cmake
[9.965s] -- Up-to-date: /home/ubuntu/rover_ws/src/halleffect_controller/install/halleffect_controller/share/halleffect_controller/cmake/halleffect_controllerConfig-version.cmake
[9.965s] -- Installing: /home/ubuntu/rover_ws/src/halleffect_controller/install/halleffect_controller/share/halleffect_controller/package.xml
[9.966s] Invoked command in '/home/ubuntu/rover_ws/src/halleffect_controller/build/halleffect_controller' returned '0': CMAKE_PREFIX_PATH=${CMAKE_PREFIX_PATH}:/opt/ros/jazzy DEBUGINFOD_URLS=https://debuginfod.ubuntu.com /usr/bin/cmake --install /home/ubuntu/rover_ws/src/halleffect_controller/build/halleffect_controller
