[0.076s] Invoking command in '/home/ubuntu/rover_ws/src/build/halleffect_controller': CMAKE_PREFIX_PATH=${CMAKE_PREFIX_PATH}:/opt/ros/jazzy DEBUGINFOD_URLS=https://debuginfod.ubuntu.com /usr/bin/cmake /home/ubuntu/rover_ws/src/halleffect_controller -DCMAKE_INSTALL_PREFIX=/home/ubuntu/rover_ws/src/install/halleffect_controller
[1.920s] -- The C compiler identification is GNU 13.3.0
[4.510s] -- The CXX compiler identification is GNU 13.3.0
[4.789s] -- Detecting C compiler ABI info
[5.613s] -- Detecting C compiler ABI info - done
[5.619s] -- Check for working C compiler: /usr/bin/cc - skipped
[5.619s] -- Detecting C compile features
[5.620s] -- Detecting C compile features - done
[5.683s] -- Detecting CXX compiler ABI info
[5.821s] -- Detecting CXX compiler ABI info - done
[5.827s] -- Check for working CXX compiler: /usr/bin/c++ - skipped
[5.827s] -- Detecting CXX compile features
[5.827s] -- Detecting CXX compile features - done
[6.007s] -- Found ament_cmake: 2.5.4 (/opt/ros/jazzy/share/ament_cmake/cmake)
[6.228s] -- Found Python3: /usr/bin/python3 (found version "3.12.3") found components: Interpreter 
[6.612s] -- Found rclpy: 7.1.4 (/opt/ros/jazzy/share/rclpy/cmake)
[6.686s] -- Found rclcpp: 28.1.9 (/opt/ros/jazzy/share/rclcpp/cmake)
[7.572s] -- Found rosidl_generator_c: 4.6.5 (/opt/ros/jazzy/share/rosidl_generator_c/cmake)
[8.026s] -- Found rosidl_generator_cpp: 4.6.5 (/opt/ros/jazzy/share/rosidl_generator_cpp/cmake)
[8.306s] -- Using all available rosidl_typesupport_c: rosidl_typesupport_fastrtps_c;rosidl_typesupport_introspection_c
[8.382s] -- Using all available rosidl_typesupport_cpp: rosidl_typesupport_fastrtps_cpp;rosidl_typesupport_introspection_cpp
[8.811s] -- Found rmw_implementation_cmake: 7.3.2 (/opt/ros/jazzy/share/rmw_implementation_cmake/cmake)
[8.846s] -- Found rmw_fastrtps_cpp: 8.4.2 (/opt/ros/jazzy/share/rmw_fastrtps_cpp/cmake)
[9.443s] -- Found OpenSSL: /usr/lib/x86_64-linux-gnu/libcrypto.so (found version "3.0.13")  
[9.504s] -- Found FastRTPS: /opt/ros/jazzy/include (Required is at least version "2.13") 
[9.526s] -- Using RMW implementation 'rmw_fastrtps_cpp' as default
[9.728s] -- Found std_msgs: 5.3.6 (/opt/ros/jazzy/share/std_msgs/cmake)
[9.739s] -- Found geometry_msgs: 5.3.6 (/opt/ros/jazzy/share/geometry_msgs/cmake)
[9.877s] -- Found sensor_msgs: 5.3.6 (/opt/ros/jazzy/share/sensor_msgs/cmake)
[9.922s] -- Found nav_msgs: 5.3.6 (/opt/ros/jazzy/share/nav_msgs/cmake)
[9.977s] -- Found tf2: 0.36.10 (/opt/ros/jazzy/share/tf2/cmake)
[9.986s] -- Found tf2_ros: 0.36.10 (/opt/ros/jazzy/share/tf2_ros/cmake)
[10.079s] -- Found ament_lint_auto: 0.17.2 (/opt/ros/jazzy/share/ament_lint_auto/cmake)
[10.160s] -- Added test 'cppcheck' to perform static code analysis on C / C++ code
[10.160s] -- Configured cppcheck include dirs: /home/ubuntu/rover_ws/src/halleffect_controller/include
[10.160s] -- Configured cppcheck exclude dirs and/or files: 
[10.161s] -- Added test 'flake8' to check Python code syntax and style conventions
[10.161s] -- Configured 'flake8' exclude dirs and/or files: 
[10.163s] -- Added test 'lint_cmake' to check CMake code style
[10.164s] -- Added test 'pep257' to check Python code against some of the docstring style conventions in PEP 257
[10.169s] -- Added test 'uncrustify' to check C / C++ code style
[10.169s] -- Configured uncrustify additional arguments: 
[10.171s] -- Added test 'xmllint' to check XML markup files
[10.172s] -- Configuring done (10.1s)
[10.182s] -- Generating done (0.0s)
[10.186s] -- Build files have been written to: /home/ubuntu/rover_ws/src/build/halleffect_controller
[10.193s] Invoked command in '/home/ubuntu/rover_ws/src/build/halleffect_controller' returned '0': CMAKE_PREFIX_PATH=${CMAKE_PREFIX_PATH}:/opt/ros/jazzy DEBUGINFOD_URLS=https://debuginfod.ubuntu.com /usr/bin/cmake /home/ubuntu/rover_ws/src/halleffect_controller -DCMAKE_INSTALL_PREFIX=/home/ubuntu/rover_ws/src/install/halleffect_controller
[10.193s] Invoking command in '/home/ubuntu/rover_ws/src/build/halleffect_controller': CMAKE_PREFIX_PATH=${CMAKE_PREFIX_PATH}:/opt/ros/jazzy DEBUGINFOD_URLS=https://debuginfod.ubuntu.com /usr/bin/cmake --build /home/ubuntu/rover_ws/src/build/halleffect_controller -- -j16 -l16
[10.226s] [ 50%] [32mBuilding CXX object CMakeFiles/simple_controller.dir/src/simple_controller.cpp.o[0m
[10.226s] [ 50%] [32mBuilding CXX object CMakeFiles/noisy_controller.dir/src/noisy_controller.cpp.o[0m
[21.095s] [ 75%] [32m[1mLinking CXX executable noisy_controller[0m
[21.315s] [ 75%] Built target noisy_controller
[23.006s] [100%] [32m[1mLinking CXX executable simple_controller[0m
[23.262s] [100%] Built target simple_controller
[23.268s] Invoked command in '/home/ubuntu/rover_ws/src/build/halleffect_controller' returned '0': CMAKE_PREFIX_PATH=${CMAKE_PREFIX_PATH}:/opt/ros/jazzy DEBUGINFOD_URLS=https://debuginfod.ubuntu.com /usr/bin/cmake --build /home/ubuntu/rover_ws/src/build/halleffect_controller -- -j16 -l16
[23.269s] Invoking command in '/home/ubuntu/rover_ws/src/build/halleffect_controller': CMAKE_PREFIX_PATH=${CMAKE_PREFIX_PATH}:/opt/ros/jazzy DEBUGINFOD_URLS=https://debuginfod.ubuntu.com /usr/bin/cmake --install /home/ubuntu/rover_ws/src/build/halleffect_controller
[23.273s] -- Install configuration: ""
[23.273s] -- Installing: /home/ubuntu/rover_ws/src/install/halleffect_controller/include/include
[23.273s] -- Installing: /home/ubuntu/rover_ws/src/install/halleffect_controller/include/include/halleffect_controller
[23.274s] -- Installing: /home/ubuntu/rover_ws/src/install/halleffect_controller/include/include/halleffect_controller/simple_controller.hpp
[23.274s] -- Installing: /home/ubuntu/rover_ws/src/install/halleffect_controller/include/include/halleffect_controller/noisy_controller.hpp
[23.274s] -- Installing: /home/ubuntu/rover_ws/src/install/halleffect_controller/lib/halleffect_controller/simple_controller
[23.277s] -- Set non-toolchain portion of runtime path of "/home/ubuntu/rover_ws/src/install/halleffect_controller/lib/halleffect_controller/simple_controller" to ""
[23.277s] -- Installing: /home/ubuntu/rover_ws/src/install/halleffect_controller/lib/halleffect_controller/noisy_controller
[23.279s] -- Set non-toolchain portion of runtime path of "/home/ubuntu/rover_ws/src/install/halleffect_controller/lib/halleffect_controller/noisy_controller" to ""
[23.279s] -- Installing: /home/ubuntu/rover_ws/src/install/halleffect_controller/share/halleffect_controller/config
[23.279s] -- Installing: /home/ubuntu/rover_ws/src/install/halleffect_controller/share/halleffect_controller/config/gz_bridge.yaml
[23.315s] -- Installing: /home/ubuntu/rover_ws/src/install/halleffect_controller/share/halleffect_controller/config/joy_config.yaml
[23.322s] -- Installing: /home/ubuntu/rover_ws/src/install/halleffect_controller/share/halleffect_controller/config/halleffect_controller.yaml
[23.348s] -- Installing: /home/ubuntu/rover_ws/src/install/halleffect_controller/share/halleffect_controller/config/joy_teleop.yaml
[23.370s] -- Installing: /home/ubuntu/rover_ws/src/install/halleffect_controller/share/halleffect_controller/launch
[23.370s] -- Installing: /home/ubuntu/rover_ws/src/install/halleffect_controller/share/halleffect_controller/launch/joystick_teleop.launch.py
[23.371s] -- Installing: /home/ubuntu/rover_ws/src/install/halleffect_controller/share/halleffect_controller/launch/controller.launch.py
[23.371s] -- Installing: /home/ubuntu/rover_ws/src/install/halleffect_controller/share/ament_index/resource_index/package_run_dependencies/halleffect_controller
[23.372s] -- Installing: /home/ubuntu/rover_ws/src/install/halleffect_controller/share/ament_index/resource_index/parent_prefix_path/halleffect_controller
[23.372s] -- Installing: /home/ubuntu/rover_ws/src/install/halleffect_controller/share/halleffect_controller/environment/ament_prefix_path.sh
[23.373s] -- Installing: /home/ubuntu/rover_ws/src/install/halleffect_controller/share/halleffect_controller/environment/ament_prefix_path.dsv
[23.373s] -- Installing: /home/ubuntu/rover_ws/src/install/halleffect_controller/share/halleffect_controller/environment/path.sh
[23.374s] -- Installing: /home/ubuntu/rover_ws/src/install/halleffect_controller/share/halleffect_controller/environment/path.dsv
[23.375s] -- Installing: /home/ubuntu/rover_ws/src/install/halleffect_controller/share/halleffect_controller/local_setup.bash
[23.375s] -- Installing: /home/ubuntu/rover_ws/src/install/halleffect_controller/share/halleffect_controller/local_setup.sh
[23.375s] -- Installing: /home/ubuntu/rover_ws/src/install/halleffect_controller/share/halleffect_controller/local_setup.zsh
[23.375s] -- Installing: /home/ubuntu/rover_ws/src/install/halleffect_controller/share/halleffect_controller/local_setup.dsv
[23.375s] -- Installing: /home/ubuntu/rover_ws/src/install/halleffect_controller/share/halleffect_controller/package.dsv
[23.376s] -- Installing: /home/ubuntu/rover_ws/src/install/halleffect_controller/share/ament_index/resource_index/packages/halleffect_controller
[23.376s] -- Installing: /home/ubuntu/rover_ws/src/install/halleffect_controller/share/halleffect_controller/cmake/halleffect_controllerConfig.cmake
[23.377s] -- Installing: /home/ubuntu/rover_ws/src/install/halleffect_controller/share/halleffect_controller/cmake/halleffect_controllerConfig-version.cmake
[23.377s] -- Installing: /home/ubuntu/rover_ws/src/install/halleffect_controller/share/halleffect_controller/package.xml
[23.378s] Invoked command in '/home/ubuntu/rover_ws/src/build/halleffect_controller' returned '0': CMAKE_PREFIX_PATH=${CMAKE_PREFIX_PATH}:/opt/ros/jazzy DEBUGINFOD_URLS=https://debuginfod.ubuntu.com /usr/bin/cmake --install /home/ubuntu/rover_ws/src/build/halleffect_controller
