[0.044s] Invoking command in '/home/ubuntu/rover_ws/src/build/halleffect_controller': CMAKE_PREFIX_PATH=${CMAKE_PREFIX_PATH}:/opt/ros/jazzy DEBUGINFOD_URLS=https://debuginfod.ubuntu.com /usr/bin/cmake --build /home/ubuntu/rover_ws/src/build/halleffect_controller -- -j16 -l16
[0.313s] [100%] Built target simple_controller
[0.313s] [100%] Built target noisy_controller
[0.320s] Invoked command in '/home/ubuntu/rover_ws/src/build/halleffect_controller' returned '0': CMAKE_PREFIX_PATH=${CMAKE_PREFIX_PATH}:/opt/ros/jazzy DEBUGINFOD_URLS=https://debuginfod.ubuntu.com /usr/bin/cmake --build /home/ubuntu/rover_ws/src/build/halleffect_controller -- -j16 -l16
[0.328s] Invoking command in '/home/ubuntu/rover_ws/src/build/halleffect_controller': CMAKE_PREFIX_PATH=${CMAKE_PREFIX_PATH}:/opt/ros/jazzy DEBUGINFOD_URLS=https://debuginfod.ubuntu.com /usr/bin/cmake --install /home/ubuntu/rover_ws/src/build/halleffect_controller
[0.342s] -- Install configuration: ""
[0.342s] -- Up-to-date: /home/ubuntu/rover_ws/src/install/halleffect_controller/include/include
[0.342s] -- Up-to-date: /home/ubuntu/rover_ws/src/install/halleffect_controller/include/include/halleffect_controller
[0.342s] -- Up-to-date: /home/ubuntu/rover_ws/src/install/halleffect_controller/include/include/halleffect_controller/simple_controller.hpp
[0.342s] -- Up-to-date: /home/ubuntu/rover_ws/src/install/halleffect_controller/include/include/halleffect_controller/noisy_controller.hpp
[0.445s] -- Up-to-date: /home/ubuntu/rover_ws/src/install/halleffect_controller/lib/halleffect_controller/simple_controller
[0.498s] -- Up-to-date: /home/ubuntu/rover_ws/src/install/halleffect_controller/lib/halleffect_controller/noisy_controller
[0.498s] -- Up-to-date: /home/ubuntu/rover_ws/src/install/halleffect_controller/share/halleffect_controller/config
[0.498s] -- Installing: /home/ubuntu/rover_ws/src/install/halleffect_controller/share/halleffect_controller/config/gz_bridge.yaml
[0.498s] -- Installing: /home/ubuntu/rover_ws/src/install/halleffect_controller/share/halleffect_controller/config/joy_config.yaml
[0.498s] -- Installing: /home/ubuntu/rover_ws/src/install/halleffect_controller/share/halleffect_controller/config/halleffect_controller.yaml
[0.498s] -- Installing: /home/ubuntu/rover_ws/src/install/halleffect_controller/share/halleffect_controller/config/teleop_twist_joy.yaml
[0.498s] -- Up-to-date: /home/ubuntu/rover_ws/src/install/halleffect_controller/share/halleffect_controller/launch
[0.498s] -- Installing: /home/ubuntu/rover_ws/src/install/halleffect_controller/share/halleffect_controller/launch/joystick_teleop.launch.py
[0.498s] -- Up-to-date: /home/ubuntu/rover_ws/src/install/halleffect_controller/share/halleffect_controller/launch/controller.launch.py
[0.498s] -- Up-to-date: /home/ubuntu/rover_ws/src/install/halleffect_controller/share/ament_index/resource_index/package_run_dependencies/halleffect_controller
[0.498s] -- Up-to-date: /home/ubuntu/rover_ws/src/install/halleffect_controller/share/ament_index/resource_index/parent_prefix_path/halleffect_controller
[0.498s] -- Up-to-date: /home/ubuntu/rover_ws/src/install/halleffect_controller/share/halleffect_controller/environment/ament_prefix_path.sh
[0.498s] -- Up-to-date: /home/ubuntu/rover_ws/src/install/halleffect_controller/share/halleffect_controller/environment/ament_prefix_path.dsv
[0.498s] -- Up-to-date: /home/ubuntu/rover_ws/src/install/halleffect_controller/share/halleffect_controller/environment/path.sh
[0.498s] -- Up-to-date: /home/ubuntu/rover_ws/src/install/halleffect_controller/share/halleffect_controller/environment/path.dsv
[0.498s] -- Up-to-date: /home/ubuntu/rover_ws/src/install/halleffect_controller/share/halleffect_controller/local_setup.bash
[0.498s] -- Up-to-date: /home/ubuntu/rover_ws/src/install/halleffect_controller/share/halleffect_controller/local_setup.sh
[0.498s] -- Up-to-date: /home/ubuntu/rover_ws/src/install/halleffect_controller/share/halleffect_controller/local_setup.zsh
[0.499s] -- Up-to-date: /home/ubuntu/rover_ws/src/install/halleffect_controller/share/halleffect_controller/local_setup.dsv
[0.499s] -- Installing: /home/ubuntu/rover_ws/src/install/halleffect_controller/share/halleffect_controller/package.dsv
[0.501s] -- Up-to-date: /home/ubuntu/rover_ws/src/install/halleffect_controller/share/ament_index/resource_index/packages/halleffect_controller
[0.501s] -- Up-to-date: /home/ubuntu/rover_ws/src/install/halleffect_controller/share/halleffect_controller/cmake/halleffect_controllerConfig.cmake
[0.501s] -- Up-to-date: /home/ubuntu/rover_ws/src/install/halleffect_controller/share/halleffect_controller/cmake/halleffect_controllerConfig-version.cmake
[0.501s] -- Up-to-date: /home/ubuntu/rover_ws/src/install/halleffect_controller/share/halleffect_controller/package.xml
[0.502s] Invoked command in '/home/ubuntu/rover_ws/src/build/halleffect_controller' returned '0': CMAKE_PREFIX_PATH=${CMAKE_PREFIX_PATH}:/opt/ros/jazzy DEBUGINFOD_URLS=https://debuginfod.ubuntu.com /usr/bin/cmake --install /home/ubuntu/rover_ws/src/build/halleffect_controller
