[0.019s] Invoking command in '/home/ubuntu/rover_ws/build/halleffect_controller': CMAKE_PREFIX_PATH=${CMAKE_PREFIX_PATH}:/opt/ros/jazzy DEBUGINFOD_URLS=https://debuginfod.ubuntu.com /usr/bin/cmake --build /home/ubuntu/rover_ws/build/halleffect_controller -- -j16 -l16
[0.212s] -- Found ament_cmake: 2.5.4 (/opt/ros/jazzy/share/ament_cmake/cmake)
[0.761s] -- Found rclpy: 7.1.4 (/opt/ros/jazzy/share/rclpy/cmake)
[0.778s] -- Found rclcpp: 28.1.9 (/opt/ros/jazzy/share/rclcpp/cmake)
[1.066s] -- Found rosidl_generator_c: 4.6.5 (/opt/ros/jazzy/share/rosidl_generator_c/cmake)
[1.163s] -- Found rosidl_generator_cpp: 4.6.5 (/opt/ros/jazzy/share/rosidl_generator_cpp/cmake)
[1.290s] -- Using all available rosidl_typesupport_c: rosidl_typesupport_fastrtps_c;rosidl_typesupport_introspection_c
[1.355s] -- Using all available rosidl_typesupport_cpp: rosidl_typesupport_fastrtps_cpp;rosidl_typesupport_introspection_cpp
[1.609s] -- Found rmw_implementation_cmake: 7.3.2 (/opt/ros/jazzy/share/rmw_implementation_cmake/cmake)
[1.629s] -- Found rmw_fastrtps_cpp: 8.4.2 (/opt/ros/jazzy/share/rmw_fastrtps_cpp/cmake)
[1.841s] -- Using RMW implementation 'rmw_fastrtps_cpp' as default
[2.028s] -- Found std_msgs: 5.3.6 (/opt/ros/jazzy/share/std_msgs/cmake)
[2.072s] -- Found geometry_msgs: 5.3.6 (/opt/ros/jazzy/share/geometry_msgs/cmake)
[2.135s] -- Found sensor_msgs: 5.3.6 (/opt/ros/jazzy/share/sensor_msgs/cmake)
[2.163s] -- Found nav_msgs: 5.3.6 (/opt/ros/jazzy/share/nav_msgs/cmake)
[2.195s] -- Found tf2: 0.36.10 (/opt/ros/jazzy/share/tf2/cmake)
[2.202s] -- Found tf2_ros: 0.36.10 (/opt/ros/jazzy/share/tf2_ros/cmake)
[2.408s] [31mCMake Error at CMakeLists.txt:58 (install):
[2.408s]   install TARGETS given target "joystick_republisher" which does not exist.
[2.408s] 
[2.408s] [0m
[2.429s] -- Found ament_lint_auto: 0.17.2 (/opt/ros/jazzy/share/ament_lint_auto/cmake)
[2.680s] -- Added test 'cppcheck' to perform static code analysis on C / C++ code
[2.680s] -- Configured cppcheck include dirs: /home/ubuntu/rover_ws/src/halleffect_controller/include
[2.680s] -- Configured cppcheck exclude dirs and/or files: 
[2.682s] -- Added test 'flake8' to check Python code syntax and style conventions
[2.682s] -- Configured 'flake8' exclude dirs and/or files: 
[2.683s] -- Added test 'lint_cmake' to check CMake code style
[2.685s] -- Added test 'pep257' to check Python code against some of the docstring style conventions in PEP 257
[2.691s] -- Added test 'uncrustify' to check C / C++ code style
[2.691s] -- Configured uncrustify additional arguments: 
[2.692s] -- Added test 'xmllint' to check XML markup files
[2.694s] -- Configuring incomplete, errors occurred!
[2.700s] gmake: *** [Makefile:308: cmake_check_build_system] Error 1
[2.701s] Invoked command in '/home/ubuntu/rover_ws/build/halleffect_controller' returned '2': CMAKE_PREFIX_PATH=${CMAKE_PREFIX_PATH}:/opt/ros/jazzy DEBUGINFOD_URLS=https://debuginfod.ubuntu.com /usr/bin/cmake --build /home/ubuntu/rover_ws/build/halleffect_controller -- -j16 -l16
