[0.124s] Invoking command in '/home/ubuntu/rover_ws/src/build/rover_utils': CMAKE_PREFIX_PATH=${CMAKE_PREFIX_PATH}:/opt/ros/jazzy DEBUGINFOD_URLS=https://debuginfod.ubuntu.com /usr/bin/cmake --build /home/ubuntu/rover_ws/src/build/rover_utils -- -j16 -l16
[0.343s] [100%] Built target trajectory_drawer
[0.350s] Invoked command in '/home/ubuntu/rover_ws/src/build/rover_utils' returned '0': CMAKE_PREFIX_PATH=${CMAKE_PREFIX_PATH}:/opt/ros/jazzy DEBUGINFOD_URLS=https://debuginfod.ubuntu.com /usr/bin/cmake --build /home/ubuntu/rover_ws/src/build/rover_utils -- -j16 -l16
[0.371s] Invoking command in '/home/ubuntu/rover_ws/src/build/rover_utils': CMAKE_PREFIX_PATH=${CMAKE_PREFIX_PATH}:/opt/ros/jazzy DEBUGINFOD_URLS=https://debuginfod.ubuntu.com /usr/bin/cmake --install /home/ubuntu/rover_ws/src/build/rover_utils
[0.388s] -- Install configuration: ""
[0.508s] -- Up-to-date: /home/ubuntu/rover_ws/src/install/rover_utils/lib/rover_utils/trajectory_drawer
[0.508s] -- Up-to-date: /home/ubuntu/rover_ws/src/install/rover_utils/share/ament_index/resource_index/package_run_dependencies/rover_utils
[0.508s] -- Up-to-date: /home/ubuntu/rover_ws/src/install/rover_utils/share/ament_index/resource_index/parent_prefix_path/rover_utils
[0.508s] -- Up-to-date: /home/ubuntu/rover_ws/src/install/rover_utils/share/rover_utils/environment/ament_prefix_path.sh
[0.508s] -- Up-to-date: /home/ubuntu/rover_ws/src/install/rover_utils/share/rover_utils/environment/ament_prefix_path.dsv
[0.508s] -- Up-to-date: /home/ubuntu/rover_ws/src/install/rover_utils/share/rover_utils/environment/path.sh
[0.508s] -- Up-to-date: /home/ubuntu/rover_ws/src/install/rover_utils/share/rover_utils/environment/path.dsv
[0.508s] -- Up-to-date: /home/ubuntu/rover_ws/src/install/rover_utils/share/rover_utils/local_setup.bash
[0.508s] -- Up-to-date: /home/ubuntu/rover_ws/src/install/rover_utils/share/rover_utils/local_setup.sh
[0.508s] -- Up-to-date: /home/ubuntu/rover_ws/src/install/rover_utils/share/rover_utils/local_setup.zsh
[0.508s] -- Up-to-date: /home/ubuntu/rover_ws/src/install/rover_utils/share/rover_utils/local_setup.dsv
[0.508s] -- Installing: /home/ubuntu/rover_ws/src/install/rover_utils/share/rover_utils/package.dsv
[0.510s] -- Up-to-date: /home/ubuntu/rover_ws/src/install/rover_utils/share/ament_index/resource_index/packages/rover_utils
[0.510s] -- Up-to-date: /home/ubuntu/rover_ws/src/install/rover_utils/share/rover_utils/cmake/rover_utilsConfig.cmake
[0.510s] -- Up-to-date: /home/ubuntu/rover_ws/src/install/rover_utils/share/rover_utils/cmake/rover_utilsConfig-version.cmake
[0.510s] -- Up-to-date: /home/ubuntu/rover_ws/src/install/rover_utils/share/rover_utils/package.xml
[0.512s] Invoked command in '/home/ubuntu/rover_ws/src/build/rover_utils' returned '0': CMAKE_PREFIX_PATH=${CMAKE_PREFIX_PATH}:/opt/ros/jazzy DEBUGINFOD_URLS=https://debuginfod.ubuntu.com /usr/bin/cmake --install /home/ubuntu/rover_ws/src/build/rover_utils
