[0.063s] Invoking command in '/home/ubuntu/rover_ws/src/build/rover_description': CMAKE_PREFIX_PATH=${CMAKE_PREFIX_PATH}:/opt/ros/jazzy DEBUGINFOD_URLS=https://debuginfod.ubuntu.com /usr/bin/cmake /home/ubuntu/rover_ws/src/rover_description -DCMAKE_INSTALL_PREFIX=/home/ubuntu/rover_ws/src/install/rover_description
[1.874s] -- The C compiler identification is GNU 13.3.0
[4.465s] -- The CXX compiler identification is GNU 13.3.0
[4.745s] -- Detecting C compiler ABI info
[5.567s] -- Detecting C compiler ABI info - done
[5.573s] -- Check for working C compiler: /usr/bin/cc - skipped
[5.574s] -- Detecting C compile features
[5.574s] -- Detecting C compile features - done
[5.639s] -- Detecting CXX compiler ABI info
[5.776s] -- Detecting CXX compiler ABI info - done
[5.781s] -- Check for working CXX compiler: /usr/bin/c++ - skipped
[5.782s] -- Detecting CXX compile features
[5.782s] -- Detecting CXX compile features - done
[5.960s] -- Found ament_cmake: 2.5.4 (/opt/ros/jazzy/share/ament_cmake/cmake)
[6.182s] -- Found Python3: /usr/bin/python3 (found version "3.12.3") found components: Interpreter 
[6.602s] -- Found ament_lint_auto: 0.17.2 (/opt/ros/jazzy/share/ament_lint_auto/cmake)
[7.046s] -- Added test 'cppcheck' to perform static code analysis on C / C++ code
[7.046s] -- Configured cppcheck include dirs: 
[7.046s] -- Configured cppcheck exclude dirs and/or files: 
[7.048s] -- Added test 'flake8' to check Python code syntax and style conventions
[7.048s] -- Configured 'flake8' exclude dirs and/or files: 
[7.056s] -- Added test 'lint_cmake' to check CMake code style
[7.058s] -- Added test 'pep257' to check Python code against some of the docstring style conventions in PEP 257
[7.064s] -- Added test 'uncrustify' to check C / C++ code style
[7.064s] -- Configured uncrustify additional arguments: 
[7.065s] -- Added test 'xmllint' to check XML markup files
[7.073s] -- Configuring done (7.0s)
[7.075s] -- Generating done (0.0s)
[7.076s] -- Build files have been written to: /home/ubuntu/rover_ws/src/build/rover_description
[7.080s] Invoked command in '/home/ubuntu/rover_ws/src/build/rover_description' returned '0': CMAKE_PREFIX_PATH=${CMAKE_PREFIX_PATH}:/opt/ros/jazzy DEBUGINFOD_URLS=https://debuginfod.ubuntu.com /usr/bin/cmake /home/ubuntu/rover_ws/src/rover_description -DCMAKE_INSTALL_PREFIX=/home/ubuntu/rover_ws/src/install/rover_description
[7.081s] Invoking command in '/home/ubuntu/rover_ws/src/build/rover_description': CMAKE_PREFIX_PATH=${CMAKE_PREFIX_PATH}:/opt/ros/jazzy DEBUGINFOD_URLS=https://debuginfod.ubuntu.com /usr/bin/cmake --build /home/ubuntu/rover_ws/src/build/rover_description -- -j16 -l16
[7.109s] Invoked command in '/home/ubuntu/rover_ws/src/build/rover_description' returned '0': CMAKE_PREFIX_PATH=${CMAKE_PREFIX_PATH}:/opt/ros/jazzy DEBUGINFOD_URLS=https://debuginfod.ubuntu.com /usr/bin/cmake --build /home/ubuntu/rover_ws/src/build/rover_description -- -j16 -l16
[7.109s] Invoking command in '/home/ubuntu/rover_ws/src/build/rover_description': CMAKE_PREFIX_PATH=${CMAKE_PREFIX_PATH}:/opt/ros/jazzy DEBUGINFOD_URLS=https://debuginfod.ubuntu.com /usr/bin/cmake --install /home/ubuntu/rover_ws/src/build/rover_description
[7.115s] -- Install configuration: ""
[7.115s] -- Installing: /home/ubuntu/rover_ws/src/install/rover_description/share/rover_description/meshes
[7.115s] -- Installing: /home/ubuntu/rover_ws/src/install/rover_description/share/rover_description/meshes/wheel_right_link.STL
[7.200s] -- Installing: /home/ubuntu/rover_ws/src/install/rover_description/share/rover_description/meshes/wheel_left_link.STL
[7.395s] -- Installing: /home/ubuntu/rover_ws/src/install/rover_description/share/rover_description/meshes/base_link.STL
[7.993s] -- Installing: /home/ubuntu/rover_ws/src/install/rover_description/share/rover_description/meshes/imu_link.STL
[8.022s] -- Installing: /home/ubuntu/rover_ws/src/install/rover_description/share/rover_description/meshes/caster_front_link.STL
[8.049s] -- Installing: /home/ubuntu/rover_ws/src/install/rover_description/share/rover_description/meshes/caster_rear_link.STL
[8.105s] -- Installing: /home/ubuntu/rover_ws/src/install/rover_description/share/rover_description/urdf
[8.106s] -- Installing: /home/ubuntu/rover_ws/src/install/rover_description/share/rover_description/urdf/rover.urdf.xacro
[8.114s] -- Installing: /home/ubuntu/rover_ws/src/install/rover_description/share/rover_description/urdf/rover_gazebo.xacro
[8.134s] -- Installing: /home/ubuntu/rover_ws/src/install/rover_description/share/rover_description/urdf/rover_ros2_control.xacro
[8.168s] -- Installing: /home/ubuntu/rover_ws/src/install/rover_description/share/rover_description/launch
[8.168s] -- Installing: /home/ubuntu/rover_ws/src/install/rover_description/share/rover_description/launch/gazebo.launch.py
[8.169s] -- Installing: /home/ubuntu/rover_ws/src/install/rover_description/share/rover_description/launch/display.launch.py
[8.169s] -- Installing: /home/ubuntu/rover_ws/src/install/rover_description/share/rover_description/rviz
[8.169s] -- Installing: /home/ubuntu/rover_ws/src/install/rover_description/share/rover_description/rviz/display.rviz
[8.194s] -- Installing: /home/ubuntu/rover_ws/src/install/rover_description/share/ament_index/resource_index/package_run_dependencies/rover_description
[8.195s] -- Installing: /home/ubuntu/rover_ws/src/install/rover_description/share/ament_index/resource_index/parent_prefix_path/rover_description
[8.195s] -- Installing: /home/ubuntu/rover_ws/src/install/rover_description/share/rover_description/environment/ament_prefix_path.sh
[8.196s] -- Installing: /home/ubuntu/rover_ws/src/install/rover_description/share/rover_description/environment/ament_prefix_path.dsv
[8.197s] -- Installing: /home/ubuntu/rover_ws/src/install/rover_description/share/rover_description/environment/path.sh
[8.198s] -- Installing: /home/ubuntu/rover_ws/src/install/rover_description/share/rover_description/environment/path.dsv
[8.198s] -- Installing: /home/ubuntu/rover_ws/src/install/rover_description/share/rover_description/local_setup.bash
[8.199s] -- Installing: /home/ubuntu/rover_ws/src/install/rover_description/share/rover_description/local_setup.sh
[8.199s] -- Installing: /home/ubuntu/rover_ws/src/install/rover_description/share/rover_description/local_setup.zsh
[8.199s] -- Installing: /home/ubuntu/rover_ws/src/install/rover_description/share/rover_description/local_setup.dsv
[8.200s] -- Installing: /home/ubuntu/rover_ws/src/install/rover_description/share/rover_description/package.dsv
[8.200s] -- Installing: /home/ubuntu/rover_ws/src/install/rover_description/share/ament_index/resource_index/packages/rover_description
[8.200s] -- Installing: /home/ubuntu/rover_ws/src/install/rover_description/share/rover_description/cmake/rover_descriptionConfig.cmake
[8.201s] -- Installing: /home/ubuntu/rover_ws/src/install/rover_description/share/rover_description/cmake/rover_descriptionConfig-version.cmake
[8.201s] -- Installing: /home/ubuntu/rover_ws/src/install/rover_description/share/rover_description/package.xml
[8.206s] Invoked command in '/home/ubuntu/rover_ws/src/build/rover_description' returned '0': CMAKE_PREFIX_PATH=${CMAKE_PREFIX_PATH}:/opt/ros/jazzy DEBUGINFOD_URLS=https://debuginfod.ubuntu.com /usr/bin/cmake --install /home/ubuntu/rover_ws/src/build/rover_description
