[0.199s] Invoking command in '/home/ubuntu/rover_ws/build/urdf_tutorial_cpp': CMAKE_PREFIX_PATH=${CMAKE_PREFIX_PATH}:/opt/ros/jazzy DEBUGINFOD_URLS=https://debuginfod.ubuntu.com /usr/bin/cmake --build /home/ubuntu/rover_ws/build/urdf_tutorial_cpp -- -j16 -l16
[1.038s] [100%] Built target urdf_tutorial_cpp
[1.048s] Invoked command in '/home/ubuntu/rover_ws/build/urdf_tutorial_cpp' returned '0': CMAKE_PREFIX_PATH=${CMAKE_PREFIX_PATH}:/opt/ros/jazzy DEBUGINFOD_URLS=https://debuginfod.ubuntu.com /usr/bin/cmake --build /home/ubuntu/rover_ws/build/urdf_tutorial_cpp -- -j16 -l16
[1.076s] Invoking command in '/home/ubuntu/rover_ws/build/urdf_tutorial_cpp': CMAKE_PREFIX_PATH=${CMAKE_PREFIX_PATH}:/opt/ros/jazzy DEBUGINFOD_URLS=https://debuginfod.ubuntu.com /usr/bin/cmake --install /home/ubuntu/rover_ws/build/urdf_tutorial_cpp
[1.141s] -- Install configuration: ""
[1.143s] -- Execute custom install script
[1.144s] -- Up-to-date symlink: /home/ubuntu/rover_ws/install/urdf_tutorial_cpp/lib/urdf_tutorial_cpp/urdf_tutorial_cpp
[1.184s] -- Up-to-date symlink: /home/ubuntu/rover_ws/install/urdf_tutorial_cpp/share/urdf_tutorial_cpp/launch/launch.py
[1.185s] -- Up-to-date symlink: /home/ubuntu/rover_ws/install/urdf_tutorial_cpp/share/urdf_tutorial_cpp/urdf/r2d2.rviz
[1.186s] -- Up-to-date symlink: /home/ubuntu/rover_ws/install/urdf_tutorial_cpp/share/urdf_tutorial_cpp/urdf/r2d2.urdf.xml
[1.186s] -- Up-to-date symlink: /home/ubuntu/rover_ws/install/urdf_tutorial_cpp/share/ament_index/resource_index/package_run_dependencies/urdf_tutorial_cpp
[1.187s] -- Up-to-date symlink: /home/ubuntu/rover_ws/install/urdf_tutorial_cpp/share/ament_index/resource_index/parent_prefix_path/urdf_tutorial_cpp
[1.188s] -- Up-to-date symlink: /home/ubuntu/rover_ws/install/urdf_tutorial_cpp/share/urdf_tutorial_cpp/environment/ament_prefix_path.sh
[1.188s] -- Up-to-date symlink: /home/ubuntu/rover_ws/install/urdf_tutorial_cpp/share/urdf_tutorial_cpp/environment/ament_prefix_path.dsv
[1.189s] -- Up-to-date symlink: /home/ubuntu/rover_ws/install/urdf_tutorial_cpp/share/urdf_tutorial_cpp/environment/path.sh
[1.189s] -- Up-to-date symlink: /home/ubuntu/rover_ws/install/urdf_tutorial_cpp/share/urdf_tutorial_cpp/environment/path.dsv
[1.190s] -- Up-to-date symlink: /home/ubuntu/rover_ws/install/urdf_tutorial_cpp/share/urdf_tutorial_cpp/local_setup.bash
[1.190s] -- Up-to-date symlink: /home/ubuntu/rover_ws/install/urdf_tutorial_cpp/share/urdf_tutorial_cpp/local_setup.sh
[1.191s] -- Up-to-date symlink: /home/ubuntu/rover_ws/install/urdf_tutorial_cpp/share/urdf_tutorial_cpp/local_setup.zsh
[1.192s] -- Up-to-date symlink: /home/ubuntu/rover_ws/install/urdf_tutorial_cpp/share/urdf_tutorial_cpp/local_setup.dsv
[1.192s] -- Symlinking: /home/ubuntu/rover_ws/install/urdf_tutorial_cpp/share/urdf_tutorial_cpp/package.dsv
[1.248s] -- Up-to-date symlink: /home/ubuntu/rover_ws/install/urdf_tutorial_cpp/share/ament_index/resource_index/packages/urdf_tutorial_cpp
[1.248s] -- Up-to-date symlink: /home/ubuntu/rover_ws/install/urdf_tutorial_cpp/share/urdf_tutorial_cpp/cmake/urdf_tutorial_cppConfig.cmake
[1.248s] -- Up-to-date symlink: /home/ubuntu/rover_ws/install/urdf_tutorial_cpp/share/urdf_tutorial_cpp/cmake/urdf_tutorial_cppConfig-version.cmake
[1.248s] -- Up-to-date symlink: /home/ubuntu/rover_ws/install/urdf_tutorial_cpp/share/urdf_tutorial_cpp/package.xml
[1.249s] Invoked command in '/home/ubuntu/rover_ws/build/urdf_tutorial_cpp' returned '0': CMAKE_PREFIX_PATH=${CMAKE_PREFIX_PATH}:/opt/ros/jazzy DEBUGINFOD_URLS=https://debuginfod.ubuntu.com /usr/bin/cmake --install /home/ubuntu/rover_ws/build/urdf_tutorial_cpp
