[0.016s] Invoking command in '/home/ubuntu/rover_ws/build/gz_ros2_control': CMAKE_PREFIX_PATH=${CMAKE_PREFIX_PATH}:/opt/ros/jazzy DEBUGINFOD_URLS=https://debuginfod.ubuntu.com /usr/bin/cmake --build /home/ubuntu/rover_ws/build/gz_ros2_control -- -j16 -l16
[0.062s] [ 33%] Built target gz_hardware_plugins
[0.063s] [ 66%] Built target gz_ros2_control-system
[0.064s] [100%] Built target ign_ros2_control-system
[0.071s] Invoked command in '/home/ubuntu/rover_ws/build/gz_ros2_control' returned '0': CMAKE_PREFIX_PATH=${CMAKE_PREFIX_PATH}:/opt/ros/jazzy DEBUGINFOD_URLS=https://debuginfod.ubuntu.com /usr/bin/cmake --build /home/ubuntu/rover_ws/build/gz_ros2_control -- -j16 -l16
[0.071s] Invoking command in '/home/ubuntu/rover_ws/build/gz_ros2_control': CMAKE_PREFIX_PATH=${CMAKE_PREFIX_PATH}:/opt/ros/jazzy DEBUGINFOD_URLS=https://debuginfod.ubuntu.com /usr/bin/cmake --install /home/ubuntu/rover_ws/build/gz_ros2_control
[0.077s] -- Install configuration: ""
[0.077s] -- Up-to-date: /home/ubuntu/rover_ws/install/gz_ros2_control/lib/libgz_hardware_plugins.so
[0.077s] -- Up-to-date: /home/ubuntu/rover_ws/install/gz_ros2_control/include
[0.077s] -- Up-to-date: /home/ubuntu/rover_ws/install/gz_ros2_control/include/gz_ros2_control
[0.077s] -- Up-to-date: /home/ubuntu/rover_ws/install/gz_ros2_control/include/gz_ros2_control/gz_system_interface.hpp
[0.077s] -- Up-to-date: /home/ubuntu/rover_ws/install/gz_ros2_control/include/gz_ros2_control/gz_ros2_control_plugin.hpp
[0.078s] -- Up-to-date: /home/ubuntu/rover_ws/install/gz_ros2_control/include/gz_ros2_control/gz_system.hpp
[0.078s] -- Up-to-date: /home/ubuntu/rover_ws/install/gz_ros2_control/share/gz_ros2_control/environment/library_path.sh
[0.078s] -- Up-to-date: /home/ubuntu/rover_ws/install/gz_ros2_control/share/gz_ros2_control/environment/library_path.dsv
[0.078s] -- Up-to-date: /home/ubuntu/rover_ws/install/gz_ros2_control/lib/libgz_ros2_control-system.so
[0.078s] -- Up-to-date: /home/ubuntu/rover_ws/install/gz_ros2_control/lib/libign_ros2_control-system.so
[0.078s] -- Up-to-date: /home/ubuntu/rover_ws/install/gz_ros2_control/share/gz_ros2_control/gz_hardware_plugins.xml
[0.078s] -- Up-to-date: /home/ubuntu/rover_ws/install/gz_ros2_control/share/ament_index/resource_index/package_run_dependencies/gz_ros2_control
[0.078s] -- Up-to-date: /home/ubuntu/rover_ws/install/gz_ros2_control/share/ament_index/resource_index/parent_prefix_path/gz_ros2_control
[0.078s] -- Up-to-date: /home/ubuntu/rover_ws/install/gz_ros2_control/share/gz_ros2_control/environment/ament_prefix_path.sh
[0.078s] -- Up-to-date: /home/ubuntu/rover_ws/install/gz_ros2_control/share/gz_ros2_control/environment/ament_prefix_path.dsv
[0.078s] -- Up-to-date: /home/ubuntu/rover_ws/install/gz_ros2_control/share/gz_ros2_control/environment/path.sh
[0.078s] -- Up-to-date: /home/ubuntu/rover_ws/install/gz_ros2_control/share/gz_ros2_control/environment/path.dsv
[0.078s] -- Up-to-date: /home/ubuntu/rover_ws/install/gz_ros2_control/share/gz_ros2_control/local_setup.bash
[0.078s] -- Up-to-date: /home/ubuntu/rover_ws/install/gz_ros2_control/share/gz_ros2_control/local_setup.sh
[0.078s] -- Up-to-date: /home/ubuntu/rover_ws/install/gz_ros2_control/share/gz_ros2_control/local_setup.zsh
[0.078s] -- Up-to-date: /home/ubuntu/rover_ws/install/gz_ros2_control/share/gz_ros2_control/local_setup.dsv
[0.078s] -- Installing: /home/ubuntu/rover_ws/install/gz_ros2_control/share/gz_ros2_control/package.dsv
[0.078s] -- Up-to-date: /home/ubuntu/rover_ws/install/gz_ros2_control/share/ament_index/resource_index/packages/gz_ros2_control
[0.078s] -- Up-to-date: /home/ubuntu/rover_ws/install/gz_ros2_control/share/ament_index/resource_index/gz_ros2_control__pluginlib__plugin/gz_ros2_control
[0.078s] -- Up-to-date: /home/ubuntu/rover_ws/install/gz_ros2_control/share/gz_ros2_control/cmake/ament_cmake_export_include_directories-extras.cmake
[0.078s] -- Up-to-date: /home/ubuntu/rover_ws/install/gz_ros2_control/share/gz_ros2_control/cmake/ament_cmake_export_libraries-extras.cmake
[0.078s] -- Up-to-date: /home/ubuntu/rover_ws/install/gz_ros2_control/share/gz_ros2_control/cmake/gz_ros2_controlConfig.cmake
[0.079s] -- Up-to-date: /home/ubuntu/rover_ws/install/gz_ros2_control/share/gz_ros2_control/cmake/gz_ros2_controlConfig-version.cmake
[0.079s] -- Up-to-date: /home/ubuntu/rover_ws/install/gz_ros2_control/share/gz_ros2_control/package.xml
[0.097s] Invoked command in '/home/ubuntu/rover_ws/build/gz_ros2_control' returned '0': CMAKE_PREFIX_PATH=${CMAKE_PREFIX_PATH}:/opt/ros/jazzy DEBUGINFOD_URLS=https://debuginfod.ubuntu.com /usr/bin/cmake --install /home/ubuntu/rover_ws/build/gz_ros2_control
