[0.009s] Invoking command in '/home/ubuntu/rover_ws/build/rover_utils': CMAKE_PREFIX_PATH=${CMAKE_PREFIX_PATH}:/opt/ros/jazzy DEBUGINFOD_URLS=https://debuginfod.ubuntu.com /usr/bin/cmake /home/ubuntu/rover_ws/src/rover_utils -DCMAKE_INSTALL_PREFIX=/home/ubuntu/rover_ws/install/rover_utils
[0.315s] -- The C compiler identification is GNU 13.3.0
[0.406s] -- The CXX compiler identification is GNU 13.3.0
[0.440s] -- Detecting C compiler ABI info
[0.627s] -- Detecting C compiler ABI info - done
[0.633s] -- Check for working C compiler: /usr/bin/cc - skipped
[0.633s] -- Detecting C compile features
[0.633s] -- Detecting C compile features - done
[0.676s] -- Detecting CXX compiler ABI info
[0.839s] -- Detecting CXX compiler ABI info - done
[0.845s] -- Check for working CXX compiler: /usr/bin/c++ - skipped
[0.845s] -- Detecting CXX compile features
[0.845s] -- Detecting CXX compile features - done
[0.878s] -- Found ament_cmake: 2.5.4 (/opt/ros/jazzy/share/ament_cmake/cmake)
[0.984s] -- Found Python3: /usr/bin/python3 (found version "3.12.3") found components: Interpreter 
[1.094s] -- Found rclpy: 7.1.4 (/opt/ros/jazzy/share/rclpy/cmake)
[1.118s] -- Found rclcpp: 28.1.9 (/opt/ros/jazzy/share/rclcpp/cmake)
[1.155s] -- Found rosidl_generator_c: 4.6.5 (/opt/ros/jazzy/share/rosidl_generator_c/cmake)
[1.167s] -- Found rosidl_generator_cpp: 4.6.5 (/opt/ros/jazzy/share/rosidl_generator_cpp/cmake)
[1.179s] -- Using all available rosidl_typesupport_c: rosidl_typesupport_fastrtps_c;rosidl_typesupport_introspection_c
[1.193s] -- Using all available rosidl_typesupport_cpp: rosidl_typesupport_fastrtps_cpp;rosidl_typesupport_introspection_cpp
[1.248s] -- Found rmw_implementation_cmake: 7.3.2 (/opt/ros/jazzy/share/rmw_implementation_cmake/cmake)
[1.251s] -- Found rmw_fastrtps_cpp: 8.4.2 (/opt/ros/jazzy/share/rmw_fastrtps_cpp/cmake)
[1.688s] -- Found OpenSSL: /usr/lib/x86_64-linux-gnu/libcrypto.so (found version "3.0.13")  
[1.706s] -- Found FastRTPS: /opt/ros/jazzy/include (Required is at least version "2.13") 
[1.720s] -- Using RMW implementation 'rmw_fastrtps_cpp' as default
[1.787s] -- Found std_msgs: 5.3.6 (/opt/ros/jazzy/share/std_msgs/cmake)
[1.796s] -- Found geometry_msgs: 5.3.6 (/opt/ros/jazzy/share/geometry_msgs/cmake)
[1.843s] -- Found sensor_msgs: 5.3.6 (/opt/ros/jazzy/share/sensor_msgs/cmake)
[1.860s] -- Found nav_msgs: 5.3.6 (/opt/ros/jazzy/share/nav_msgs/cmake)
[1.878s] -- Found tf2: 0.36.10 (/opt/ros/jazzy/share/tf2/cmake)
[1.883s] -- Found ament_lint_auto: 0.17.2 (/opt/ros/jazzy/share/ament_lint_auto/cmake)
[1.952s] -- Added test 'cppcheck' to perform static code analysis on C / C++ code
[1.952s] -- Configured cppcheck include dirs: 
[1.952s] -- Configured cppcheck exclude dirs and/or files: 
[1.952s] -- Added test 'lint_cmake' to check CMake code style
[1.953s] -- Added test 'uncrustify' to check C / C++ code style
[1.953s] -- Configured uncrustify additional arguments: 
[1.953s] -- Added test 'xmllint' to check XML markup files
[1.955s] -- Configuring done (1.9s)
[1.961s] -- Generating done (0.0s)
[1.963s] -- Build files have been written to: /home/ubuntu/rover_ws/build/rover_utils
[1.969s] Invoked command in '/home/ubuntu/rover_ws/build/rover_utils' returned '0': CMAKE_PREFIX_PATH=${CMAKE_PREFIX_PATH}:/opt/ros/jazzy DEBUGINFOD_URLS=https://debuginfod.ubuntu.com /usr/bin/cmake /home/ubuntu/rover_ws/src/rover_utils -DCMAKE_INSTALL_PREFIX=/home/ubuntu/rover_ws/install/rover_utils
[1.970s] Invoking command in '/home/ubuntu/rover_ws/build/rover_utils': CMAKE_PREFIX_PATH=${CMAKE_PREFIX_PATH}:/opt/ros/jazzy DEBUGINFOD_URLS=https://debuginfod.ubuntu.com /usr/bin/cmake --build /home/ubuntu/rover_ws/build/rover_utils -- -j16 -l16
[2.009s] [ 50%] [32mBuilding CXX object CMakeFiles/trajectory_drawer.dir/src/trajectory_drawer.cpp.o[0m
[6.790s] [100%] [32m[1mLinking CXX executable trajectory_drawer[0m
[6.959s] [100%] Built target trajectory_drawer
[6.965s] Invoked command in '/home/ubuntu/rover_ws/build/rover_utils' returned '0': CMAKE_PREFIX_PATH=${CMAKE_PREFIX_PATH}:/opt/ros/jazzy DEBUGINFOD_URLS=https://debuginfod.ubuntu.com /usr/bin/cmake --build /home/ubuntu/rover_ws/build/rover_utils -- -j16 -l16
[6.966s] Invoking command in '/home/ubuntu/rover_ws/build/rover_utils': CMAKE_PREFIX_PATH=${CMAKE_PREFIX_PATH}:/opt/ros/jazzy DEBUGINFOD_URLS=https://debuginfod.ubuntu.com /usr/bin/cmake --install /home/ubuntu/rover_ws/build/rover_utils
[6.971s] -- Install configuration: ""
[6.971s] -- Installing: /home/ubuntu/rover_ws/install/rover_utils/include/include
[6.971s] -- Installing: /home/ubuntu/rover_ws/install/rover_utils/include/include/rover_utils
[6.971s] -- Installing: /home/ubuntu/rover_ws/install/rover_utils/lib/rover_utils/trajectory_drawer
[6.973s] -- Set non-toolchain portion of runtime path of "/home/ubuntu/rover_ws/install/rover_utils/lib/rover_utils/trajectory_drawer" to ""
[6.973s] [31mCMake Error at cmake_install.cmake:74 (file):
[6.973s]   file INSTALL cannot find "/home/ubuntu/rover_ws/src/rover_utils/config": No
[6.973s]   such file or directory.
[6.973s] 
[6.974s] [0m
[6.974s] Invoked command in '/home/ubuntu/rover_ws/build/rover_utils' returned '1': CMAKE_PREFIX_PATH=${CMAKE_PREFIX_PATH}:/opt/ros/jazzy DEBUGINFOD_URLS=https://debuginfod.ubuntu.com /usr/bin/cmake --install /home/ubuntu/rover_ws/build/rover_utils
