[0.064s] DEBUG:colcon:Command line arguments: ['/usr/bin/colcon', 'list', '-p', '--base-paths', '/home/ubuntu/rover_ws']
[0.064s] DEBUG:colcon:Parsed command line arguments: Namespace(log_base=None, log_level=None, verb_name='list', build_base='build', ignore_user_meta=False, metas=['./colcon.meta'], base_paths=['/home/ubuntu/rover_ws'], packages_ignore=None, packages_ignore_regex=None, paths=None, packages_up_to=None, packages_up_to_regex=None, packages_above=None, packages_above_and_dependencies=None, packages_above_depth=None, packages_select_by_dep=None, packages_skip_by_dep=None, packages_skip_up_to=None, packages_select_build_failed=False, packages_skip_build_finished=False, packages_select_test_failures=False, packages_skip_test_passed=False, packages_select=None, packages_skip=None, packages_select_regex=None, packages_skip_regex=None, packages_start=None, packages_end=None, allow_overriding=[], topological_order=False, names_only=False, paths_only=True, topological_graph=False, topological_graph_dot=False, topological_graph_density=False, topological_graph_legend=False, topological_graph_dot_cluster=False, topological_graph_dot_include_skipped=False, mixin_files=None, mixin=None, verb_parser=<colcon_mixin.mixin.mixin_argument.MixinArgumentDecorator object at 0x747c045971a0>, verb_extension=<colcon_package_information.verb.list.ListVerb object at 0x747c04596450>, main=<bound method ListVerb.main of <colcon_package_information.verb.list.ListVerb object at 0x747c04596450>>, mixin_verb=('list',))
[0.088s] Level 1:colcon.colcon_core.package_discovery:discover_packages(colcon_meta) check parameters
[0.088s] Level 1:colcon.colcon_core.package_discovery:discover_packages(recursive) check parameters
[0.088s] Level 1:colcon.colcon_core.package_discovery:discover_packages(ignore) check parameters
[0.088s] Level 1:colcon.colcon_core.package_discovery:discover_packages(path) check parameters
[0.088s] Level 1:colcon.colcon_core.package_discovery:discover_packages(recursive) discover
[0.088s] INFO:colcon.colcon_core.package_discovery:Crawling recursively for packages in '/home/ubuntu/rover_ws'
[0.088s] Level 1:colcon.colcon_core.package_identification:_identify(/home/ubuntu/rover_ws) by extensions ['ignore', 'ignore_ament_install']
[0.088s] Level 1:colcon.colcon_core.package_identification:_identify(/home/ubuntu/rover_ws) by extension 'ignore'
[0.088s] Level 1:colcon.colcon_core.package_identification:_identify(/home/ubuntu/rover_ws) by extension 'ignore_ament_install'
[0.088s] Level 1:colcon.colcon_core.package_identification:_identify(/home/ubuntu/rover_ws) by extensions ['colcon_pkg']
[0.088s] Level 1:colcon.colcon_core.package_identification:_identify(/home/ubuntu/rover_ws) by extension 'colcon_pkg'
[0.088s] Level 1:colcon.colcon_core.package_identification:_identify(/home/ubuntu/rover_ws) by extensions ['colcon_meta']
[0.088s] Level 1:colcon.colcon_core.package_identification:_identify(/home/ubuntu/rover_ws) by extension 'colcon_meta'
[0.088s] Level 1:colcon.colcon_core.package_identification:_identify(/home/ubuntu/rover_ws) by extensions ['ros']
[0.088s] Level 1:colcon.colcon_core.package_identification:_identify(/home/ubuntu/rover_ws) by extension 'ros'
[0.104s] Level 1:colcon.colcon_core.package_identification:_identify(/home/ubuntu/rover_ws) by extensions ['cmake', 'python']
[0.104s] Level 1:colcon.colcon_core.package_identification:_identify(/home/ubuntu/rover_ws) by extension 'cmake'
[0.104s] Level 1:colcon.colcon_core.package_identification:_identify(/home/ubuntu/rover_ws) by extension 'python'
[0.104s] Level 1:colcon.colcon_core.package_identification:_identify(/home/ubuntu/rover_ws) by extensions ['python_setup_py']
[0.104s] Level 1:colcon.colcon_core.package_identification:_identify(/home/ubuntu/rover_ws) by extension 'python_setup_py'
[0.104s] Level 1:colcon.colcon_core.package_identification:_identify(/home/ubuntu/rover_ws/build) by extensions ['ignore', 'ignore_ament_install']
[0.104s] Level 1:colcon.colcon_core.package_identification:_identify(/home/ubuntu/rover_ws/build) by extension 'ignore'
[0.104s] Level 1:colcon.colcon_core.package_identification:_identify(/home/ubuntu/rover_ws/build) ignored
[0.104s] Level 1:colcon.colcon_core.package_identification:_identify(/home/ubuntu/rover_ws/install) by extensions ['ignore', 'ignore_ament_install']
[0.104s] Level 1:colcon.colcon_core.package_identification:_identify(/home/ubuntu/rover_ws/install) by extension 'ignore'
[0.104s] Level 1:colcon.colcon_core.package_identification:_identify(/home/ubuntu/rover_ws/install) ignored
[0.105s] Level 1:colcon.colcon_core.package_identification:_identify(/home/ubuntu/rover_ws/log) by extensions ['ignore', 'ignore_ament_install']
[0.105s] Level 1:colcon.colcon_core.package_identification:_identify(/home/ubuntu/rover_ws/log) by extension 'ignore'
[0.105s] Level 1:colcon.colcon_core.package_identification:_identify(/home/ubuntu/rover_ws/log) ignored
[0.105s] Level 1:colcon.colcon_core.package_identification:_identify(/home/ubuntu/rover_ws/src) by extensions ['ignore', 'ignore_ament_install']
[0.105s] Level 1:colcon.colcon_core.package_identification:_identify(/home/ubuntu/rover_ws/src) by extension 'ignore'
[0.105s] Level 1:colcon.colcon_core.package_identification:_identify(/home/ubuntu/rover_ws/src) by extension 'ignore_ament_install'
[0.105s] Level 1:colcon.colcon_core.package_identification:_identify(/home/ubuntu/rover_ws/src) by extensions ['colcon_pkg']
[0.105s] Level 1:colcon.colcon_core.package_identification:_identify(/home/ubuntu/rover_ws/src) by extension 'colcon_pkg'
[0.105s] Level 1:colcon.colcon_core.package_identification:_identify(/home/ubuntu/rover_ws/src) by extensions ['colcon_meta']
[0.105s] Level 1:colcon.colcon_core.package_identification:_identify(/home/ubuntu/rover_ws/src) by extension 'colcon_meta'
[0.105s] Level 1:colcon.colcon_core.package_identification:_identify(/home/ubuntu/rover_ws/src) by extensions ['ros']
[0.105s] Level 1:colcon.colcon_core.package_identification:_identify(/home/ubuntu/rover_ws/src) by extension 'ros'
[0.105s] Level 1:colcon.colcon_core.package_identification:_identify(/home/ubuntu/rover_ws/src) by extensions ['cmake', 'python']
[0.105s] Level 1:colcon.colcon_core.package_identification:_identify(/home/ubuntu/rover_ws/src) by extension 'cmake'
[0.105s] Level 1:colcon.colcon_core.package_identification:_identify(/home/ubuntu/rover_ws/src) by extension 'python'
[0.105s] Level 1:colcon.colcon_core.package_identification:_identify(/home/ubuntu/rover_ws/src) by extensions ['python_setup_py']
[0.105s] Level 1:colcon.colcon_core.package_identification:_identify(/home/ubuntu/rover_ws/src) by extension 'python_setup_py'
[0.105s] Level 1:colcon.colcon_core.package_identification:_identify(/home/ubuntu/rover_ws/src/halleffect_controller) by extensions ['ignore', 'ignore_ament_install']
[0.105s] Level 1:colcon.colcon_core.package_identification:_identify(/home/ubuntu/rover_ws/src/halleffect_controller) by extension 'ignore'
[0.105s] Level 1:colcon.colcon_core.package_identification:_identify(/home/ubuntu/rover_ws/src/halleffect_controller) by extension 'ignore_ament_install'
[0.105s] Level 1:colcon.colcon_core.package_identification:_identify(/home/ubuntu/rover_ws/src/halleffect_controller) by extensions ['colcon_pkg']
[0.105s] Level 1:colcon.colcon_core.package_identification:_identify(/home/ubuntu/rover_ws/src/halleffect_controller) by extension 'colcon_pkg'
[0.105s] Level 1:colcon.colcon_core.package_identification:_identify(/home/ubuntu/rover_ws/src/halleffect_controller) by extensions ['colcon_meta']
[0.105s] Level 1:colcon.colcon_core.package_identification:_identify(/home/ubuntu/rover_ws/src/halleffect_controller) by extension 'colcon_meta'
[0.105s] Level 1:colcon.colcon_core.package_identification:_identify(/home/ubuntu/rover_ws/src/halleffect_controller) by extensions ['ros']
[0.105s] Level 1:colcon.colcon_core.package_identification:_identify(/home/ubuntu/rover_ws/src/halleffect_controller) by extension 'ros'
[0.107s] DEBUG:colcon.colcon_core.package_identification:Package '/home/ubuntu/rover_ws/src/halleffect_controller' with type 'ros.ament_cmake' and name 'halleffect_controller'
[0.108s] Level 1:colcon.colcon_core.package_identification:_identify(/home/ubuntu/rover_ws/src/rover_description) by extensions ['ignore', 'ignore_ament_install']
[0.108s] Level 1:colcon.colcon_core.package_identification:_identify(/home/ubuntu/rover_ws/src/rover_description) by extension 'ignore'
[0.108s] Level 1:colcon.colcon_core.package_identification:_identify(/home/ubuntu/rover_ws/src/rover_description) by extension 'ignore_ament_install'
[0.108s] Level 1:colcon.colcon_core.package_identification:_identify(/home/ubuntu/rover_ws/src/rover_description) by extensions ['colcon_pkg']
[0.108s] Level 1:colcon.colcon_core.package_identification:_identify(/home/ubuntu/rover_ws/src/rover_description) by extension 'colcon_pkg'
[0.108s] Level 1:colcon.colcon_core.package_identification:_identify(/home/ubuntu/rover_ws/src/rover_description) by extensions ['colcon_meta']
[0.108s] Level 1:colcon.colcon_core.package_identification:_identify(/home/ubuntu/rover_ws/src/rover_description) by extension 'colcon_meta'
[0.108s] Level 1:colcon.colcon_core.package_identification:_identify(/home/ubuntu/rover_ws/src/rover_description) by extensions ['ros']
[0.108s] Level 1:colcon.colcon_core.package_identification:_identify(/home/ubuntu/rover_ws/src/rover_description) by extension 'ros'
[0.110s] DEBUG:colcon.colcon_core.package_identification:Package '/home/ubuntu/rover_ws/src/rover_description' with type 'ros.ament_cmake' and name 'rover_description'
[0.110s] Level 1:colcon.colcon_core.package_identification:_identify(/home/ubuntu/rover_ws/src/rover_utils) by extensions ['ignore', 'ignore_ament_install']
[0.110s] Level 1:colcon.colcon_core.package_identification:_identify(/home/ubuntu/rover_ws/src/rover_utils) by extension 'ignore'
[0.110s] Level 1:colcon.colcon_core.package_identification:_identify(/home/ubuntu/rover_ws/src/rover_utils) by extension 'ignore_ament_install'
[0.110s] Level 1:colcon.colcon_core.package_identification:_identify(/home/ubuntu/rover_ws/src/rover_utils) by extensions ['colcon_pkg']
[0.110s] Level 1:colcon.colcon_core.package_identification:_identify(/home/ubuntu/rover_ws/src/rover_utils) by extension 'colcon_pkg'
[0.110s] Level 1:colcon.colcon_core.package_identification:_identify(/home/ubuntu/rover_ws/src/rover_utils) by extensions ['colcon_meta']
[0.110s] Level 1:colcon.colcon_core.package_identification:_identify(/home/ubuntu/rover_ws/src/rover_utils) by extension 'colcon_meta'
[0.110s] Level 1:colcon.colcon_core.package_identification:_identify(/home/ubuntu/rover_ws/src/rover_utils) by extensions ['ros']
[0.110s] Level 1:colcon.colcon_core.package_identification:_identify(/home/ubuntu/rover_ws/src/rover_utils) by extension 'ros'
[0.110s] DEBUG:colcon.colcon_core.package_identification:Package '/home/ubuntu/rover_ws/src/rover_utils' with type 'ros.ament_cmake' and name 'rover_utils'
[0.110s] Level 1:colcon.colcon_core.package_identification:_identify(/home/ubuntu/rover_ws/src/urdf_tutorial_cpp) by extensions ['ignore', 'ignore_ament_install']
[0.111s] Level 1:colcon.colcon_core.package_identification:_identify(/home/ubuntu/rover_ws/src/urdf_tutorial_cpp) by extension 'ignore'
[0.111s] Level 1:colcon.colcon_core.package_identification:_identify(/home/ubuntu/rover_ws/src/urdf_tutorial_cpp) by extension 'ignore_ament_install'
[0.111s] Level 1:colcon.colcon_core.package_identification:_identify(/home/ubuntu/rover_ws/src/urdf_tutorial_cpp) by extensions ['colcon_pkg']
[0.111s] Level 1:colcon.colcon_core.package_identification:_identify(/home/ubuntu/rover_ws/src/urdf_tutorial_cpp) by extension 'colcon_pkg'
[0.111s] Level 1:colcon.colcon_core.package_identification:_identify(/home/ubuntu/rover_ws/src/urdf_tutorial_cpp) by extensions ['colcon_meta']
[0.111s] Level 1:colcon.colcon_core.package_identification:_identify(/home/ubuntu/rover_ws/src/urdf_tutorial_cpp) by extension 'colcon_meta'
[0.111s] Level 1:colcon.colcon_core.package_identification:_identify(/home/ubuntu/rover_ws/src/urdf_tutorial_cpp) by extensions ['ros']
[0.111s] Level 1:colcon.colcon_core.package_identification:_identify(/home/ubuntu/rover_ws/src/urdf_tutorial_cpp) by extension 'ros'
[0.111s] DEBUG:colcon.colcon_core.package_identification:Package '/home/ubuntu/rover_ws/src/urdf_tutorial_cpp' with type 'ros.ament_cmake' and name 'urdf_tutorial_cpp'
[0.111s] Level 1:colcon.colcon_core.package_discovery:discover_packages(recursive) using defaults
