[0.064s] DEBUG:colcon:Command line arguments: ['/usr/bin/colcon', 'build']
[0.064s] DEBUG:colcon:Parsed command line arguments: Namespace(log_base=None, log_level=None, verb_name='build', build_base='build', install_base='install', merge_install=False, symlink_install=False, test_result_base=None, continue_on_error=False, executor='parallel', parallel_workers=16, event_handlers=None, ignore_user_meta=False, metas=['./colcon.meta'], base_paths=['.'], packages_ignore=None, packages_ignore_regex=None, paths=None, packages_up_to=None, packages_up_to_regex=None, packages_above=None, packages_above_and_dependencies=None, packages_above_depth=None, packages_select_by_dep=None, packages_skip_by_dep=None, packages_skip_up_to=None, packages_select_build_failed=False, packages_skip_build_finished=False, packages_select_test_failures=False, packages_skip_test_passed=False, packages_select=None, packages_skip=None, packages_select_regex=None, packages_skip_regex=None, packages_start=None, packages_end=None, allow_overriding=[], cmake_args=None, cmake_target=None, cmake_target_skip_unavailable=False, cmake_clean_cache=False, cmake_clean_first=False, cmake_force_configure=False, ament_cmake_args=None, catkin_cmake_args=None, catkin_skip_building_tests=False, mixin_files=None, mixin=None, verb_parser=<colcon_mixin.mixin.mixin_argument.MixinArgumentDecorator object at 0x73b6dc891f70>, verb_extension=<colcon_core.verb.build.BuildVerb object at 0x73b6dc891c10>, main=<bound method BuildVerb.main of <colcon_core.verb.build.BuildVerb object at 0x73b6dc891c10>>, mixin_verb=('build',))
[0.109s] Level 1:colcon.colcon_core.package_discovery:discover_packages(colcon_meta) check parameters
[0.109s] Level 1:colcon.colcon_core.package_discovery:discover_packages(recursive) check parameters
[0.109s] Level 1:colcon.colcon_core.package_discovery:discover_packages(ignore) check parameters
[0.109s] Level 1:colcon.colcon_core.package_discovery:discover_packages(path) check parameters
[0.109s] Level 1:colcon.colcon_core.package_discovery:discover_packages(colcon_meta) discover
[0.109s] Level 1:colcon.colcon_core.package_discovery:discover_packages(recursive) discover
[0.109s] INFO:colcon.colcon_core.package_discovery:Crawling recursively for packages in '/home/ubuntu/rover_ws/src'
[0.109s] Level 1:colcon.colcon_core.package_identification:_identify(.) by extensions ['ignore', 'ignore_ament_install']
[0.109s] Level 1:colcon.colcon_core.package_identification:_identify(.) by extension 'ignore'
[0.109s] Level 1:colcon.colcon_core.package_identification:_identify(.) by extension 'ignore_ament_install'
[0.109s] Level 1:colcon.colcon_core.package_identification:_identify(.) by extensions ['colcon_pkg']
[0.109s] Level 1:colcon.colcon_core.package_identification:_identify(.) by extension 'colcon_pkg'
[0.109s] Level 1:colcon.colcon_core.package_identification:_identify(.) by extensions ['colcon_meta']
[0.109s] Level 1:colcon.colcon_core.package_identification:_identify(.) by extension 'colcon_meta'
[0.109s] Level 1:colcon.colcon_core.package_identification:_identify(.) by extensions ['ros']
[0.109s] Level 1:colcon.colcon_core.package_identification:_identify(.) by extension 'ros'
[0.124s] Level 1:colcon.colcon_core.package_identification:_identify(.) by extensions ['cmake', 'python']
[0.124s] Level 1:colcon.colcon_core.package_identification:_identify(.) by extension 'cmake'
[0.124s] Level 1:colcon.colcon_core.package_identification:_identify(.) by extension 'python'
[0.124s] Level 1:colcon.colcon_core.package_identification:_identify(.) by extensions ['python_setup_py']
[0.124s] Level 1:colcon.colcon_core.package_identification:_identify(.) by extension 'python_setup_py'
[0.124s] Level 1:colcon.colcon_core.package_identification:_identify(build) by extensions ['ignore', 'ignore_ament_install']
[0.125s] Level 1:colcon.colcon_core.package_identification:_identify(build) by extension 'ignore'
[0.125s] Level 1:colcon.colcon_core.package_identification:_identify(build) ignored
[0.125s] Level 1:colcon.colcon_core.package_identification:_identify(halleffect_controller) by extensions ['ignore', 'ignore_ament_install']
[0.125s] Level 1:colcon.colcon_core.package_identification:_identify(halleffect_controller) by extension 'ignore'
[0.125s] Level 1:colcon.colcon_core.package_identification:_identify(halleffect_controller) by extension 'ignore_ament_install'
[0.125s] Level 1:colcon.colcon_core.package_identification:_identify(halleffect_controller) by extensions ['colcon_pkg']
[0.125s] Level 1:colcon.colcon_core.package_identification:_identify(halleffect_controller) by extension 'colcon_pkg'
[0.125s] Level 1:colcon.colcon_core.package_identification:_identify(halleffect_controller) by extensions ['colcon_meta']
[0.125s] Level 1:colcon.colcon_core.package_identification:_identify(halleffect_controller) by extension 'colcon_meta'
[0.125s] Level 1:colcon.colcon_core.package_identification:_identify(halleffect_controller) by extensions ['ros']
[0.125s] Level 1:colcon.colcon_core.package_identification:_identify(halleffect_controller) by extension 'ros'
[0.126s] DEBUG:colcon.colcon_core.package_identification:Package 'halleffect_controller' with type 'ros.ament_cmake' and name 'halleffect_controller'
[0.126s] Level 1:colcon.colcon_core.package_identification:_identify(install) by extensions ['ignore', 'ignore_ament_install']
[0.127s] Level 1:colcon.colcon_core.package_identification:_identify(install) by extension 'ignore'
[0.127s] Level 1:colcon.colcon_core.package_identification:_identify(install) ignored
[0.127s] Level 1:colcon.colcon_core.package_identification:_identify(log) by extensions ['ignore', 'ignore_ament_install']
[0.127s] Level 1:colcon.colcon_core.package_identification:_identify(log) by extension 'ignore'
[0.127s] Level 1:colcon.colcon_core.package_identification:_identify(log) ignored
[0.127s] Level 1:colcon.colcon_core.package_identification:_identify(rover_description) by extensions ['ignore', 'ignore_ament_install']
[0.127s] Level 1:colcon.colcon_core.package_identification:_identify(rover_description) by extension 'ignore'
[0.127s] Level 1:colcon.colcon_core.package_identification:_identify(rover_description) by extension 'ignore_ament_install'
[0.127s] Level 1:colcon.colcon_core.package_identification:_identify(rover_description) by extensions ['colcon_pkg']
[0.127s] Level 1:colcon.colcon_core.package_identification:_identify(rover_description) by extension 'colcon_pkg'
[0.127s] Level 1:colcon.colcon_core.package_identification:_identify(rover_description) by extensions ['colcon_meta']
[0.127s] Level 1:colcon.colcon_core.package_identification:_identify(rover_description) by extension 'colcon_meta'
[0.127s] Level 1:colcon.colcon_core.package_identification:_identify(rover_description) by extensions ['ros']
[0.127s] Level 1:colcon.colcon_core.package_identification:_identify(rover_description) by extension 'ros'
[0.129s] DEBUG:colcon.colcon_core.package_identification:Package 'rover_description' with type 'ros.ament_cmake' and name 'rover_description'
[0.129s] Level 1:colcon.colcon_core.package_identification:_identify(rover_localization) by extensions ['ignore', 'ignore_ament_install']
[0.129s] Level 1:colcon.colcon_core.package_identification:_identify(rover_localization) by extension 'ignore'
[0.129s] Level 1:colcon.colcon_core.package_identification:_identify(rover_localization) by extension 'ignore_ament_install'
[0.129s] Level 1:colcon.colcon_core.package_identification:_identify(rover_localization) by extensions ['colcon_pkg']
[0.129s] Level 1:colcon.colcon_core.package_identification:_identify(rover_localization) by extension 'colcon_pkg'
[0.129s] Level 1:colcon.colcon_core.package_identification:_identify(rover_localization) by extensions ['colcon_meta']
[0.129s] Level 1:colcon.colcon_core.package_identification:_identify(rover_localization) by extension 'colcon_meta'
[0.129s] Level 1:colcon.colcon_core.package_identification:_identify(rover_localization) by extensions ['ros']
[0.129s] Level 1:colcon.colcon_core.package_identification:_identify(rover_localization) by extension 'ros'
[0.130s] DEBUG:colcon.colcon_core.package_identification:Package 'rover_localization' with type 'ros.ament_cmake' and name 'rover_localization'
[0.130s] Level 1:colcon.colcon_core.package_identification:_identify(rover_utils) by extensions ['ignore', 'ignore_ament_install']
[0.130s] Level 1:colcon.colcon_core.package_identification:_identify(rover_utils) by extension 'ignore'
[0.130s] Level 1:colcon.colcon_core.package_identification:_identify(rover_utils) by extension 'ignore_ament_install'
[0.130s] Level 1:colcon.colcon_core.package_identification:_identify(rover_utils) by extensions ['colcon_pkg']
[0.130s] Level 1:colcon.colcon_core.package_identification:_identify(rover_utils) by extension 'colcon_pkg'
[0.130s] Level 1:colcon.colcon_core.package_identification:_identify(rover_utils) by extensions ['colcon_meta']
[0.130s] Level 1:colcon.colcon_core.package_identification:_identify(rover_utils) by extension 'colcon_meta'
[0.130s] Level 1:colcon.colcon_core.package_identification:_identify(rover_utils) by extensions ['ros']
[0.130s] Level 1:colcon.colcon_core.package_identification:_identify(rover_utils) by extension 'ros'
[0.130s] DEBUG:colcon.colcon_core.package_identification:Package 'rover_utils' with type 'ros.ament_cmake' and name 'rover_utils'
[0.130s] Level 1:colcon.colcon_core.package_identification:_identify(urdf_tutorial_cpp) by extensions ['ignore', 'ignore_ament_install']
[0.130s] Level 1:colcon.colcon_core.package_identification:_identify(urdf_tutorial_cpp) by extension 'ignore'
[0.130s] Level 1:colcon.colcon_core.package_identification:_identify(urdf_tutorial_cpp) by extension 'ignore_ament_install'
[0.130s] Level 1:colcon.colcon_core.package_identification:_identify(urdf_tutorial_cpp) by extensions ['colcon_pkg']
[0.130s] Level 1:colcon.colcon_core.package_identification:_identify(urdf_tutorial_cpp) by extension 'colcon_pkg'
[0.130s] Level 1:colcon.colcon_core.package_identification:_identify(urdf_tutorial_cpp) by extensions ['colcon_meta']
[0.130s] Level 1:colcon.colcon_core.package_identification:_identify(urdf_tutorial_cpp) by extension 'colcon_meta'
[0.130s] Level 1:colcon.colcon_core.package_identification:_identify(urdf_tutorial_cpp) by extensions ['ros']
[0.131s] Level 1:colcon.colcon_core.package_identification:_identify(urdf_tutorial_cpp) by extension 'ros'
[0.131s] DEBUG:colcon.colcon_core.package_identification:Package 'urdf_tutorial_cpp' with type 'ros.ament_cmake' and name 'urdf_tutorial_cpp'
[0.131s] Level 1:colcon.colcon_core.package_discovery:discover_packages(recursive) using defaults
[0.131s] Level 1:colcon.colcon_core.package_discovery:discover_packages(ignore) discover
[0.131s] Level 1:colcon.colcon_core.package_discovery:discover_packages(ignore) using defaults
[0.131s] Level 1:colcon.colcon_core.package_discovery:discover_packages(path) discover
[0.131s] Level 1:colcon.colcon_core.package_discovery:discover_packages(path) using defaults
[0.142s] Level 1:colcon.colcon_core.package_discovery:discover_packages(prefix_path) check parameters
[0.142s] Level 1:colcon.colcon_core.package_discovery:discover_packages(prefix_path) discover
[0.143s] DEBUG:colcon.colcon_installed_package_information.package_discovery:Found 8 installed packages in /home/ubuntu/ros2_ws/install
[0.144s] DEBUG:colcon.colcon_installed_package_information.package_discovery:Found 435 installed packages in /opt/ros/jazzy
[0.146s] Level 1:colcon.colcon_core.package_discovery:discover_packages(prefix_path) using defaults
[0.178s] Level 5:colcon.colcon_core.verb:set package 'halleffect_controller' build argument 'cmake_args' from command line to 'None'
[0.178s] Level 5:colcon.colcon_core.verb:set package 'halleffect_controller' build argument 'cmake_target' from command line to 'None'
[0.178s] Level 5:colcon.colcon_core.verb:set package 'halleffect_controller' build argument 'cmake_target_skip_unavailable' from command line to 'False'
[0.178s] Level 5:colcon.colcon_core.verb:set package 'halleffect_controller' build argument 'cmake_clean_cache' from command line to 'False'
[0.178s] Level 5:colcon.colcon_core.verb:set package 'halleffect_controller' build argument 'cmake_clean_first' from command line to 'False'
[0.178s] Level 5:colcon.colcon_core.verb:set package 'halleffect_controller' build argument 'cmake_force_configure' from command line to 'False'
[0.178s] Level 5:colcon.colcon_core.verb:set package 'halleffect_controller' build argument 'ament_cmake_args' from command line to 'None'
[0.178s] Level 5:colcon.colcon_core.verb:set package 'halleffect_controller' build argument 'catkin_cmake_args' from command line to 'None'
[0.178s] Level 5:colcon.colcon_core.verb:set package 'halleffect_controller' build argument 'catkin_skip_building_tests' from command line to 'False'
[0.178s] DEBUG:colcon.colcon_core.verb:Building package 'halleffect_controller' with the following arguments: {'ament_cmake_args': None, 'build_base': '/home/ubuntu/rover_ws/src/build/halleffect_controller', 'catkin_cmake_args': None, 'catkin_skip_building_tests': False, 'cmake_args': None, 'cmake_clean_cache': False, 'cmake_clean_first': False, 'cmake_force_configure': False, 'cmake_target': None, 'cmake_target_skip_unavailable': False, 'install_base': '/home/ubuntu/rover_ws/src/install/halleffect_controller', 'merge_install': False, 'path': '/home/ubuntu/rover_ws/src/halleffect_controller', 'symlink_install': False, 'test_result_base': None}
[0.178s] Level 5:colcon.colcon_core.verb:set package 'rover_description' build argument 'cmake_args' from command line to 'None'
[0.178s] Level 5:colcon.colcon_core.verb:set package 'rover_description' build argument 'cmake_target' from command line to 'None'
[0.178s] Level 5:colcon.colcon_core.verb:set package 'rover_description' build argument 'cmake_target_skip_unavailable' from command line to 'False'
[0.178s] Level 5:colcon.colcon_core.verb:set package 'rover_description' build argument 'cmake_clean_cache' from command line to 'False'
[0.178s] Level 5:colcon.colcon_core.verb:set package 'rover_description' build argument 'cmake_clean_first' from command line to 'False'
[0.178s] Level 5:colcon.colcon_core.verb:set package 'rover_description' build argument 'cmake_force_configure' from command line to 'False'
[0.178s] Level 5:colcon.colcon_core.verb:set package 'rover_description' build argument 'ament_cmake_args' from command line to 'None'
[0.178s] Level 5:colcon.colcon_core.verb:set package 'rover_description' build argument 'catkin_cmake_args' from command line to 'None'
[0.178s] Level 5:colcon.colcon_core.verb:set package 'rover_description' build argument 'catkin_skip_building_tests' from command line to 'False'
[0.178s] DEBUG:colcon.colcon_core.verb:Building package 'rover_description' with the following arguments: {'ament_cmake_args': None, 'build_base': '/home/ubuntu/rover_ws/src/build/rover_description', 'catkin_cmake_args': None, 'catkin_skip_building_tests': False, 'cmake_args': None, 'cmake_clean_cache': False, 'cmake_clean_first': False, 'cmake_force_configure': False, 'cmake_target': None, 'cmake_target_skip_unavailable': False, 'install_base': '/home/ubuntu/rover_ws/src/install/rover_description', 'merge_install': False, 'path': '/home/ubuntu/rover_ws/src/rover_description', 'symlink_install': False, 'test_result_base': None}
[0.178s] Level 5:colcon.colcon_core.verb:set package 'rover_localization' build argument 'cmake_args' from command line to 'None'
[0.178s] Level 5:colcon.colcon_core.verb:set package 'rover_localization' build argument 'cmake_target' from command line to 'None'
[0.178s] Level 5:colcon.colcon_core.verb:set package 'rover_localization' build argument 'cmake_target_skip_unavailable' from command line to 'False'
[0.178s] Level 5:colcon.colcon_core.verb:set package 'rover_localization' build argument 'cmake_clean_cache' from command line to 'False'
[0.178s] Level 5:colcon.colcon_core.verb:set package 'rover_localization' build argument 'cmake_clean_first' from command line to 'False'
[0.179s] Level 5:colcon.colcon_core.verb:set package 'rover_localization' build argument 'cmake_force_configure' from command line to 'False'
[0.179s] Level 5:colcon.colcon_core.verb:set package 'rover_localization' build argument 'ament_cmake_args' from command line to 'None'
[0.179s] Level 5:colcon.colcon_core.verb:set package 'rover_localization' build argument 'catkin_cmake_args' from command line to 'None'
[0.179s] Level 5:colcon.colcon_core.verb:set package 'rover_localization' build argument 'catkin_skip_building_tests' from command line to 'False'
[0.179s] DEBUG:colcon.colcon_core.verb:Building package 'rover_localization' with the following arguments: {'ament_cmake_args': None, 'build_base': '/home/ubuntu/rover_ws/src/build/rover_localization', 'catkin_cmake_args': None, 'catkin_skip_building_tests': False, 'cmake_args': None, 'cmake_clean_cache': False, 'cmake_clean_first': False, 'cmake_force_configure': False, 'cmake_target': None, 'cmake_target_skip_unavailable': False, 'install_base': '/home/ubuntu/rover_ws/src/install/rover_localization', 'merge_install': False, 'path': '/home/ubuntu/rover_ws/src/rover_localization', 'symlink_install': False, 'test_result_base': None}
[0.179s] Level 5:colcon.colcon_core.verb:set package 'rover_utils' build argument 'cmake_args' from command line to 'None'
[0.179s] Level 5:colcon.colcon_core.verb:set package 'rover_utils' build argument 'cmake_target' from command line to 'None'
[0.179s] Level 5:colcon.colcon_core.verb:set package 'rover_utils' build argument 'cmake_target_skip_unavailable' from command line to 'False'
[0.179s] Level 5:colcon.colcon_core.verb:set package 'rover_utils' build argument 'cmake_clean_cache' from command line to 'False'
[0.179s] Level 5:colcon.colcon_core.verb:set package 'rover_utils' build argument 'cmake_clean_first' from command line to 'False'
[0.179s] Level 5:colcon.colcon_core.verb:set package 'rover_utils' build argument 'cmake_force_configure' from command line to 'False'
[0.179s] Level 5:colcon.colcon_core.verb:set package 'rover_utils' build argument 'ament_cmake_args' from command line to 'None'
[0.179s] Level 5:colcon.colcon_core.verb:set package 'rover_utils' build argument 'catkin_cmake_args' from command line to 'None'
[0.179s] Level 5:colcon.colcon_core.verb:set package 'rover_utils' build argument 'catkin_skip_building_tests' from command line to 'False'
[0.179s] DEBUG:colcon.colcon_core.verb:Building package 'rover_utils' with the following arguments: {'ament_cmake_args': None, 'build_base': '/home/ubuntu/rover_ws/src/build/rover_utils', 'catkin_cmake_args': None, 'catkin_skip_building_tests': False, 'cmake_args': None, 'cmake_clean_cache': False, 'cmake_clean_first': False, 'cmake_force_configure': False, 'cmake_target': None, 'cmake_target_skip_unavailable': False, 'install_base': '/home/ubuntu/rover_ws/src/install/rover_utils', 'merge_install': False, 'path': '/home/ubuntu/rover_ws/src/rover_utils', 'symlink_install': False, 'test_result_base': None}
[0.179s] Level 5:colcon.colcon_core.verb:set package 'urdf_tutorial_cpp' build argument 'cmake_args' from command line to 'None'
[0.179s] Level 5:colcon.colcon_core.verb:set package 'urdf_tutorial_cpp' build argument 'cmake_target' from command line to 'None'
[0.179s] Level 5:colcon.colcon_core.verb:set package 'urdf_tutorial_cpp' build argument 'cmake_target_skip_unavailable' from command line to 'False'
[0.179s] Level 5:colcon.colcon_core.verb:set package 'urdf_tutorial_cpp' build argument 'cmake_clean_cache' from command line to 'False'
[0.179s] Level 5:colcon.colcon_core.verb:set package 'urdf_tutorial_cpp' build argument 'cmake_clean_first' from command line to 'False'
[0.179s] Level 5:colcon.colcon_core.verb:set package 'urdf_tutorial_cpp' build argument 'cmake_force_configure' from command line to 'False'
[0.179s] Level 5:colcon.colcon_core.verb:set package 'urdf_tutorial_cpp' build argument 'ament_cmake_args' from command line to 'None'
[0.179s] Level 5:colcon.colcon_core.verb:set package 'urdf_tutorial_cpp' build argument 'catkin_cmake_args' from command line to 'None'
[0.179s] Level 5:colcon.colcon_core.verb:set package 'urdf_tutorial_cpp' build argument 'catkin_skip_building_tests' from command line to 'False'
[0.179s] DEBUG:colcon.colcon_core.verb:Building package 'urdf_tutorial_cpp' with the following arguments: {'ament_cmake_args': None, 'build_base': '/home/ubuntu/rover_ws/src/build/urdf_tutorial_cpp', 'catkin_cmake_args': None, 'catkin_skip_building_tests': False, 'cmake_args': None, 'cmake_clean_cache': False, 'cmake_clean_first': False, 'cmake_force_configure': False, 'cmake_target': None, 'cmake_target_skip_unavailable': False, 'install_base': '/home/ubuntu/rover_ws/src/install/urdf_tutorial_cpp', 'merge_install': False, 'path': '/home/ubuntu/rover_ws/src/urdf_tutorial_cpp', 'symlink_install': False, 'test_result_base': None}
[0.179s] INFO:colcon.colcon_core.executor:Executing jobs using 'parallel' executor
[0.180s] DEBUG:colcon.colcon_parallel_executor.executor.parallel:run_until_complete
[0.180s] INFO:colcon.colcon_ros.task.ament_cmake.build:Building ROS package in '/home/ubuntu/rover_ws/src/halleffect_controller' with build type 'ament_cmake'
[0.180s] INFO:colcon.colcon_cmake.task.cmake.build:Building CMake package in '/home/ubuntu/rover_ws/src/halleffect_controller'
[0.181s] INFO:colcon.colcon_core.plugin_system:Skipping extension 'colcon_core.shell.bat': Not used on non-Windows systems
[0.181s] INFO:colcon.colcon_core.shell:Skip shell extension 'powershell' for command environment: Not usable outside of PowerShell
[0.181s] DEBUG:colcon.colcon_core.shell:Skip shell extension 'dsv' for command environment
[0.184s] INFO:colcon.colcon_ros.task.ament_cmake.build:Building ROS package in '/home/ubuntu/rover_ws/src/rover_description' with build type 'ament_cmake'
[0.184s] INFO:colcon.colcon_cmake.task.cmake.build:Building CMake package in '/home/ubuntu/rover_ws/src/rover_description'
[0.184s] INFO:colcon.colcon_core.shell:Skip shell extension 'powershell' for command environment: Not usable outside of PowerShell
[0.184s] DEBUG:colcon.colcon_core.shell:Skip shell extension 'dsv' for command environment
[0.186s] INFO:colcon.colcon_ros.task.ament_cmake.build:Building ROS package in '/home/ubuntu/rover_ws/src/rover_localization' with build type 'ament_cmake'
[0.186s] INFO:colcon.colcon_cmake.task.cmake.build:Building CMake package in '/home/ubuntu/rover_ws/src/rover_localization'
[0.187s] INFO:colcon.colcon_core.shell:Skip shell extension 'powershell' for command environment: Not usable outside of PowerShell
[0.187s] DEBUG:colcon.colcon_core.shell:Skip shell extension 'dsv' for command environment
[0.189s] INFO:colcon.colcon_ros.task.ament_cmake.build:Building ROS package in '/home/ubuntu/rover_ws/src/rover_utils' with build type 'ament_cmake'
[0.189s] INFO:colcon.colcon_cmake.task.cmake.build:Building CMake package in '/home/ubuntu/rover_ws/src/rover_utils'
[0.189s] INFO:colcon.colcon_core.shell:Skip shell extension 'powershell' for command environment: Not usable outside of PowerShell
[0.189s] DEBUG:colcon.colcon_core.shell:Skip shell extension 'dsv' for command environment
[0.191s] INFO:colcon.colcon_ros.task.ament_cmake.build:Building ROS package in '/home/ubuntu/rover_ws/src/urdf_tutorial_cpp' with build type 'ament_cmake'
[0.191s] INFO:colcon.colcon_cmake.task.cmake.build:Building CMake package in '/home/ubuntu/rover_ws/src/urdf_tutorial_cpp'
[0.191s] INFO:colcon.colcon_core.shell:Skip shell extension 'powershell' for command environment: Not usable outside of PowerShell
[0.191s] DEBUG:colcon.colcon_core.shell:Skip shell extension 'dsv' for command environment
[0.224s] DEBUG:colcon.colcon_core.event_handler.log_command:Invoking command in '/home/ubuntu/rover_ws/src/build/halleffect_controller': CMAKE_PREFIX_PATH=${CMAKE_PREFIX_PATH}:/opt/ros/jazzy DEBUGINFOD_URLS=https://debuginfod.ubuntu.com /usr/bin/cmake --build /home/ubuntu/rover_ws/src/build/halleffect_controller -- -j16 -l16
[0.252s] DEBUG:colcon.colcon_core.event_handler.log_command:Invoking command in '/home/ubuntu/rover_ws/src/build/rover_description': CMAKE_PREFIX_PATH=${CMAKE_PREFIX_PATH}:/opt/ros/jazzy DEBUGINFOD_URLS=https://debuginfod.ubuntu.com /usr/bin/cmake --build /home/ubuntu/rover_ws/src/build/rover_description -- -j16 -l16
[0.263s] DEBUG:colcon.colcon_core.event_handler.log_command:Invoking command in '/home/ubuntu/rover_ws/src/build/rover_localization': CMAKE_PREFIX_PATH=${CMAKE_PREFIX_PATH}:/opt/ros/jazzy DEBUGINFOD_URLS=https://debuginfod.ubuntu.com /usr/bin/cmake --build /home/ubuntu/rover_ws/src/build/rover_localization -- -j16 -l16
[0.313s] DEBUG:colcon.colcon_core.event_handler.log_command:Invoking command in '/home/ubuntu/rover_ws/src/build/rover_utils': CMAKE_PREFIX_PATH=${CMAKE_PREFIX_PATH}:/opt/ros/jazzy DEBUGINFOD_URLS=https://debuginfod.ubuntu.com /usr/bin/cmake --build /home/ubuntu/rover_ws/src/build/rover_utils -- -j16 -l16
[0.325s] DEBUG:colcon.colcon_core.event_handler.log_command:Invoking command in '/home/ubuntu/rover_ws/src/build/urdf_tutorial_cpp': CMAKE_PREFIX_PATH=${CMAKE_PREFIX_PATH}:/opt/ros/jazzy DEBUGINFOD_URLS=https://debuginfod.ubuntu.com /usr/bin/cmake --build /home/ubuntu/rover_ws/src/build/urdf_tutorial_cpp -- -j16 -l16
[0.380s] DEBUG:colcon.colcon_core.event_handler.log_command:Invoked command in '/home/ubuntu/rover_ws/src/build/rover_description' returned '0': CMAKE_PREFIX_PATH=${CMAKE_PREFIX_PATH}:/opt/ros/jazzy DEBUGINFOD_URLS=https://debuginfod.ubuntu.com /usr/bin/cmake --build /home/ubuntu/rover_ws/src/build/rover_description -- -j16 -l16
[0.403s] DEBUG:colcon.colcon_core.event_handler.log_command:Invoking command in '/home/ubuntu/rover_ws/src/build/rover_description': CMAKE_PREFIX_PATH=${CMAKE_PREFIX_PATH}:/opt/ros/jazzy DEBUGINFOD_URLS=https://debuginfod.ubuntu.com /usr/bin/cmake --install /home/ubuntu/rover_ws/src/build/rover_description
[0.426s] Level 1:colcon.colcon_core.environment:create_environment_scripts_only(rover_description)
[0.426s] DEBUG:colcon.colcon_core.event_handler.log_command:Invoked command in '/home/ubuntu/rover_ws/src/build/rover_description' returned '0': CMAKE_PREFIX_PATH=${CMAKE_PREFIX_PATH}:/opt/ros/jazzy DEBUGINFOD_URLS=https://debuginfod.ubuntu.com /usr/bin/cmake --install /home/ubuntu/rover_ws/src/build/rover_description
[0.427s] Level 1:colcon.colcon_core.environment:checking '/home/ubuntu/rover_ws/src/install/rover_description' for CMake module files
[0.428s] Level 1:colcon.colcon_core.environment:checking '/home/ubuntu/rover_ws/src/install/rover_description' for CMake config files
[0.428s] Level 1:colcon.colcon_core.shell:create_environment_hook('rover_description', 'cmake_prefix_path')
[0.428s] INFO:colcon.colcon_core.shell:Creating environment hook '/home/ubuntu/rover_ws/src/install/rover_description/share/rover_description/hook/cmake_prefix_path.ps1'
[0.428s] INFO:colcon.colcon_core.shell:Creating environment descriptor '/home/ubuntu/rover_ws/src/install/rover_description/share/rover_description/hook/cmake_prefix_path.dsv'
[0.429s] INFO:colcon.colcon_core.shell:Creating environment hook '/home/ubuntu/rover_ws/src/install/rover_description/share/rover_description/hook/cmake_prefix_path.sh'
[0.429s] Level 1:colcon.colcon_core.environment:checking '/home/ubuntu/rover_ws/src/install/rover_description/bin'
[0.429s] Level 1:colcon.colcon_core.environment:checking '/home/ubuntu/rover_ws/src/install/rover_description/lib/pkgconfig/rover_description.pc'
[0.429s] Level 1:colcon.colcon_core.environment:checking '/home/ubuntu/rover_ws/src/install/rover_description/lib/python3.12/site-packages'
[0.429s] Level 1:colcon.colcon_core.environment:checking '/home/ubuntu/rover_ws/src/install/rover_description/bin'
[0.430s] INFO:colcon.colcon_core.shell:Creating package script '/home/ubuntu/rover_ws/src/install/rover_description/share/rover_description/package.ps1'
[0.436s] INFO:colcon.colcon_core.shell:Creating package descriptor '/home/ubuntu/rover_ws/src/install/rover_description/share/rover_description/package.dsv'
[0.437s] INFO:colcon.colcon_core.shell:Creating package script '/home/ubuntu/rover_ws/src/install/rover_description/share/rover_description/package.sh'
[0.437s] INFO:colcon.colcon_core.shell:Creating package script '/home/ubuntu/rover_ws/src/install/rover_description/share/rover_description/package.bash'
[0.437s] INFO:colcon.colcon_core.shell:Creating package script '/home/ubuntu/rover_ws/src/install/rover_description/share/rover_description/package.zsh'
[0.438s] Level 1:colcon.colcon_core.environment:create_file_with_runtime_dependencies(/home/ubuntu/rover_ws/src/install/rover_description/share/colcon-core/packages/rover_description)
[0.438s] Level 1:colcon.colcon_core.environment:create_environment_scripts_only(rover_description)
[0.438s] Level 1:colcon.colcon_core.environment:checking '/home/ubuntu/rover_ws/src/install/rover_description' for CMake module files
[0.438s] Level 1:colcon.colcon_core.environment:checking '/home/ubuntu/rover_ws/src/install/rover_description' for CMake config files
[0.439s] Level 1:colcon.colcon_core.shell:create_environment_hook('rover_description', 'cmake_prefix_path')
[0.439s] INFO:colcon.colcon_core.shell:Creating environment hook '/home/ubuntu/rover_ws/src/install/rover_description/share/rover_description/hook/cmake_prefix_path.ps1'
[0.439s] INFO:colcon.colcon_core.shell:Creating environment descriptor '/home/ubuntu/rover_ws/src/install/rover_description/share/rover_description/hook/cmake_prefix_path.dsv'
[0.439s] INFO:colcon.colcon_core.shell:Creating environment hook '/home/ubuntu/rover_ws/src/install/rover_description/share/rover_description/hook/cmake_prefix_path.sh'
[0.439s] Level 1:colcon.colcon_core.environment:checking '/home/ubuntu/rover_ws/src/install/rover_description/bin'
[0.440s] Level 1:colcon.colcon_core.environment:checking '/home/ubuntu/rover_ws/src/install/rover_description/lib/pkgconfig/rover_description.pc'
[0.440s] Level 1:colcon.colcon_core.environment:checking '/home/ubuntu/rover_ws/src/install/rover_description/lib/python3.12/site-packages'
[0.440s] Level 1:colcon.colcon_core.environment:checking '/home/ubuntu/rover_ws/src/install/rover_description/bin'
[0.440s] INFO:colcon.colcon_core.shell:Creating package script '/home/ubuntu/rover_ws/src/install/rover_description/share/rover_description/package.ps1'
[0.440s] INFO:colcon.colcon_core.shell:Creating package descriptor '/home/ubuntu/rover_ws/src/install/rover_description/share/rover_description/package.dsv'
[0.440s] INFO:colcon.colcon_core.shell:Creating package script '/home/ubuntu/rover_ws/src/install/rover_description/share/rover_description/package.sh'
[0.441s] INFO:colcon.colcon_core.shell:Creating package script '/home/ubuntu/rover_ws/src/install/rover_description/share/rover_description/package.bash'
[0.441s] INFO:colcon.colcon_core.shell:Creating package script '/home/ubuntu/rover_ws/src/install/rover_description/share/rover_description/package.zsh'
[0.441s] Level 1:colcon.colcon_core.environment:create_file_with_runtime_dependencies(/home/ubuntu/rover_ws/src/install/rover_description/share/colcon-core/packages/rover_description)
[0.500s] DEBUG:colcon.colcon_core.event_handler.log_command:Invoked command in '/home/ubuntu/rover_ws/src/build/halleffect_controller' returned '0': CMAKE_PREFIX_PATH=${CMAKE_PREFIX_PATH}:/opt/ros/jazzy DEBUGINFOD_URLS=https://debuginfod.ubuntu.com /usr/bin/cmake --build /home/ubuntu/rover_ws/src/build/halleffect_controller -- -j16 -l16
[0.508s] DEBUG:colcon.colcon_core.event_handler.log_command:Invoking command in '/home/ubuntu/rover_ws/src/build/halleffect_controller': CMAKE_PREFIX_PATH=${CMAKE_PREFIX_PATH}:/opt/ros/jazzy DEBUGINFOD_URLS=https://debuginfod.ubuntu.com /usr/bin/cmake --install /home/ubuntu/rover_ws/src/build/halleffect_controller
[0.539s] DEBUG:colcon.colcon_core.event_handler.log_command:Invoked command in '/home/ubuntu/rover_ws/src/build/rover_utils' returned '0': CMAKE_PREFIX_PATH=${CMAKE_PREFIX_PATH}:/opt/ros/jazzy DEBUGINFOD_URLS=https://debuginfod.ubuntu.com /usr/bin/cmake --build /home/ubuntu/rover_ws/src/build/rover_utils -- -j16 -l16
[0.560s] DEBUG:colcon.colcon_core.event_handler.log_command:Invoking command in '/home/ubuntu/rover_ws/src/build/rover_utils': CMAKE_PREFIX_PATH=${CMAKE_PREFIX_PATH}:/opt/ros/jazzy DEBUGINFOD_URLS=https://debuginfod.ubuntu.com /usr/bin/cmake --install /home/ubuntu/rover_ws/src/build/rover_utils
[0.561s] DEBUG:colcon.colcon_core.event_handler.log_command:Invoked command in '/home/ubuntu/rover_ws/src/build/urdf_tutorial_cpp' returned '0': CMAKE_PREFIX_PATH=${CMAKE_PREFIX_PATH}:/opt/ros/jazzy DEBUGINFOD_URLS=https://debuginfod.ubuntu.com /usr/bin/cmake --build /home/ubuntu/rover_ws/src/build/urdf_tutorial_cpp -- -j16 -l16
[0.578s] DEBUG:colcon.colcon_core.event_handler.log_command:Invoking command in '/home/ubuntu/rover_ws/src/build/urdf_tutorial_cpp': CMAKE_PREFIX_PATH=${CMAKE_PREFIX_PATH}:/opt/ros/jazzy DEBUGINFOD_URLS=https://debuginfod.ubuntu.com /usr/bin/cmake --install /home/ubuntu/rover_ws/src/build/urdf_tutorial_cpp
[0.681s] Level 1:colcon.colcon_core.environment:create_environment_scripts_only(halleffect_controller)
[0.682s] Level 1:colcon.colcon_core.environment:checking '/home/ubuntu/rover_ws/src/install/halleffect_controller' for CMake module files
[0.682s] DEBUG:colcon.colcon_core.event_handler.log_command:Invoked command in '/home/ubuntu/rover_ws/src/build/halleffect_controller' returned '0': CMAKE_PREFIX_PATH=${CMAKE_PREFIX_PATH}:/opt/ros/jazzy DEBUGINFOD_URLS=https://debuginfod.ubuntu.com /usr/bin/cmake --install /home/ubuntu/rover_ws/src/build/halleffect_controller
[0.682s] Level 1:colcon.colcon_core.environment:checking '/home/ubuntu/rover_ws/src/install/halleffect_controller' for CMake config files
[0.682s] Level 1:colcon.colcon_core.shell:create_environment_hook('halleffect_controller', 'cmake_prefix_path')
[0.682s] INFO:colcon.colcon_core.shell:Creating environment hook '/home/ubuntu/rover_ws/src/install/halleffect_controller/share/halleffect_controller/hook/cmake_prefix_path.ps1'
[0.682s] INFO:colcon.colcon_core.shell:Creating environment descriptor '/home/ubuntu/rover_ws/src/install/halleffect_controller/share/halleffect_controller/hook/cmake_prefix_path.dsv'
[0.683s] INFO:colcon.colcon_core.shell:Creating environment hook '/home/ubuntu/rover_ws/src/install/halleffect_controller/share/halleffect_controller/hook/cmake_prefix_path.sh'
[0.683s] Level 1:colcon.colcon_core.environment:checking '/home/ubuntu/rover_ws/src/install/halleffect_controller/lib'
[0.683s] Level 1:colcon.colcon_core.environment:checking '/home/ubuntu/rover_ws/src/install/halleffect_controller/bin'
[0.683s] Level 1:colcon.colcon_core.environment:checking '/home/ubuntu/rover_ws/src/install/halleffect_controller/lib/pkgconfig/halleffect_controller.pc'
[0.683s] Level 1:colcon.colcon_core.environment:checking '/home/ubuntu/rover_ws/src/install/halleffect_controller/lib/python3.12/site-packages'
[0.683s] Level 1:colcon.colcon_core.environment:checking '/home/ubuntu/rover_ws/src/install/halleffect_controller/bin'
[0.684s] INFO:colcon.colcon_core.shell:Creating package script '/home/ubuntu/rover_ws/src/install/halleffect_controller/share/halleffect_controller/package.ps1'
[0.684s] INFO:colcon.colcon_core.shell:Creating package descriptor '/home/ubuntu/rover_ws/src/install/halleffect_controller/share/halleffect_controller/package.dsv'
[0.684s] INFO:colcon.colcon_core.shell:Creating package script '/home/ubuntu/rover_ws/src/install/halleffect_controller/share/halleffect_controller/package.sh'
[0.688s] INFO:colcon.colcon_core.shell:Creating package script '/home/ubuntu/rover_ws/src/install/halleffect_controller/share/halleffect_controller/package.bash'
[0.688s] INFO:colcon.colcon_core.shell:Creating package script '/home/ubuntu/rover_ws/src/install/halleffect_controller/share/halleffect_controller/package.zsh'
[0.689s] Level 1:colcon.colcon_core.environment:create_file_with_runtime_dependencies(/home/ubuntu/rover_ws/src/install/halleffect_controller/share/colcon-core/packages/halleffect_controller)
[0.689s] Level 1:colcon.colcon_core.environment:create_environment_scripts_only(halleffect_controller)
[0.689s] Level 1:colcon.colcon_core.environment:checking '/home/ubuntu/rover_ws/src/install/halleffect_controller' for CMake module files
[0.689s] Level 1:colcon.colcon_core.environment:checking '/home/ubuntu/rover_ws/src/install/halleffect_controller' for CMake config files
[0.689s] Level 1:colcon.colcon_core.shell:create_environment_hook('halleffect_controller', 'cmake_prefix_path')
[0.689s] INFO:colcon.colcon_core.shell:Creating environment hook '/home/ubuntu/rover_ws/src/install/halleffect_controller/share/halleffect_controller/hook/cmake_prefix_path.ps1'
[0.690s] INFO:colcon.colcon_core.shell:Creating environment descriptor '/home/ubuntu/rover_ws/src/install/halleffect_controller/share/halleffect_controller/hook/cmake_prefix_path.dsv'
[0.690s] INFO:colcon.colcon_core.shell:Creating environment hook '/home/ubuntu/rover_ws/src/install/halleffect_controller/share/halleffect_controller/hook/cmake_prefix_path.sh'
[0.690s] Level 1:colcon.colcon_core.environment:checking '/home/ubuntu/rover_ws/src/install/halleffect_controller/lib'
[0.690s] Level 1:colcon.colcon_core.environment:checking '/home/ubuntu/rover_ws/src/install/halleffect_controller/bin'
[0.690s] Level 1:colcon.colcon_core.environment:checking '/home/ubuntu/rover_ws/src/install/halleffect_controller/lib/pkgconfig/halleffect_controller.pc'
[0.690s] Level 1:colcon.colcon_core.environment:checking '/home/ubuntu/rover_ws/src/install/halleffect_controller/lib/python3.12/site-packages'
[0.690s] Level 1:colcon.colcon_core.environment:checking '/home/ubuntu/rover_ws/src/install/halleffect_controller/bin'
[0.691s] INFO:colcon.colcon_core.shell:Creating package script '/home/ubuntu/rover_ws/src/install/halleffect_controller/share/halleffect_controller/package.ps1'
[0.691s] INFO:colcon.colcon_core.shell:Creating package descriptor '/home/ubuntu/rover_ws/src/install/halleffect_controller/share/halleffect_controller/package.dsv'
[0.691s] INFO:colcon.colcon_core.shell:Creating package script '/home/ubuntu/rover_ws/src/install/halleffect_controller/share/halleffect_controller/package.sh'
[0.691s] INFO:colcon.colcon_core.shell:Creating package script '/home/ubuntu/rover_ws/src/install/halleffect_controller/share/halleffect_controller/package.bash'
[0.692s] INFO:colcon.colcon_core.shell:Creating package script '/home/ubuntu/rover_ws/src/install/halleffect_controller/share/halleffect_controller/package.zsh'
[0.692s] Level 1:colcon.colcon_core.environment:create_file_with_runtime_dependencies(/home/ubuntu/rover_ws/src/install/halleffect_controller/share/colcon-core/packages/halleffect_controller)
[0.692s] Level 1:colcon.colcon_core.environment:create_environment_scripts_only(urdf_tutorial_cpp)
[0.692s] Level 1:colcon.colcon_core.environment:checking '/home/ubuntu/rover_ws/src/install/urdf_tutorial_cpp' for CMake module files
[0.693s] DEBUG:colcon.colcon_core.event_handler.log_command:Invoked command in '/home/ubuntu/rover_ws/src/build/urdf_tutorial_cpp' returned '0': CMAKE_PREFIX_PATH=${CMAKE_PREFIX_PATH}:/opt/ros/jazzy DEBUGINFOD_URLS=https://debuginfod.ubuntu.com /usr/bin/cmake --install /home/ubuntu/rover_ws/src/build/urdf_tutorial_cpp
[0.693s] Level 1:colcon.colcon_core.environment:checking '/home/ubuntu/rover_ws/src/install/urdf_tutorial_cpp' for CMake config files
[0.693s] Level 1:colcon.colcon_core.shell:create_environment_hook('urdf_tutorial_cpp', 'cmake_prefix_path')
[0.693s] INFO:colcon.colcon_core.shell:Creating environment hook '/home/ubuntu/rover_ws/src/install/urdf_tutorial_cpp/share/urdf_tutorial_cpp/hook/cmake_prefix_path.ps1'
[0.693s] INFO:colcon.colcon_core.shell:Creating environment descriptor '/home/ubuntu/rover_ws/src/install/urdf_tutorial_cpp/share/urdf_tutorial_cpp/hook/cmake_prefix_path.dsv'
[0.694s] INFO:colcon.colcon_core.shell:Creating environment hook '/home/ubuntu/rover_ws/src/install/urdf_tutorial_cpp/share/urdf_tutorial_cpp/hook/cmake_prefix_path.sh'
[0.694s] Level 1:colcon.colcon_core.environment:checking '/home/ubuntu/rover_ws/src/install/urdf_tutorial_cpp/lib'
[0.694s] Level 1:colcon.colcon_core.environment:checking '/home/ubuntu/rover_ws/src/install/urdf_tutorial_cpp/bin'
[0.694s] Level 1:colcon.colcon_core.environment:checking '/home/ubuntu/rover_ws/src/install/urdf_tutorial_cpp/lib/pkgconfig/urdf_tutorial_cpp.pc'
[0.694s] Level 1:colcon.colcon_core.environment:checking '/home/ubuntu/rover_ws/src/install/urdf_tutorial_cpp/lib/python3.12/site-packages'
[0.694s] Level 1:colcon.colcon_core.environment:checking '/home/ubuntu/rover_ws/src/install/urdf_tutorial_cpp/bin'
[0.694s] INFO:colcon.colcon_core.shell:Creating package script '/home/ubuntu/rover_ws/src/install/urdf_tutorial_cpp/share/urdf_tutorial_cpp/package.ps1'
[0.695s] INFO:colcon.colcon_core.shell:Creating package descriptor '/home/ubuntu/rover_ws/src/install/urdf_tutorial_cpp/share/urdf_tutorial_cpp/package.dsv'
[0.695s] INFO:colcon.colcon_core.shell:Creating package script '/home/ubuntu/rover_ws/src/install/urdf_tutorial_cpp/share/urdf_tutorial_cpp/package.sh'
[0.695s] INFO:colcon.colcon_core.shell:Creating package script '/home/ubuntu/rover_ws/src/install/urdf_tutorial_cpp/share/urdf_tutorial_cpp/package.bash'
[0.695s] INFO:colcon.colcon_core.shell:Creating package script '/home/ubuntu/rover_ws/src/install/urdf_tutorial_cpp/share/urdf_tutorial_cpp/package.zsh'
[0.696s] Level 1:colcon.colcon_core.environment:create_file_with_runtime_dependencies(/home/ubuntu/rover_ws/src/install/urdf_tutorial_cpp/share/colcon-core/packages/urdf_tutorial_cpp)
[0.696s] Level 1:colcon.colcon_core.environment:create_environment_scripts_only(urdf_tutorial_cpp)
[0.696s] Level 1:colcon.colcon_core.environment:checking '/home/ubuntu/rover_ws/src/install/urdf_tutorial_cpp' for CMake module files
[0.697s] Level 1:colcon.colcon_core.environment:checking '/home/ubuntu/rover_ws/src/install/urdf_tutorial_cpp' for CMake config files
[0.697s] Level 1:colcon.colcon_core.shell:create_environment_hook('urdf_tutorial_cpp', 'cmake_prefix_path')
[0.697s] INFO:colcon.colcon_core.shell:Creating environment hook '/home/ubuntu/rover_ws/src/install/urdf_tutorial_cpp/share/urdf_tutorial_cpp/hook/cmake_prefix_path.ps1'
[0.698s] INFO:colcon.colcon_core.shell:Creating environment descriptor '/home/ubuntu/rover_ws/src/install/urdf_tutorial_cpp/share/urdf_tutorial_cpp/hook/cmake_prefix_path.dsv'
[0.698s] INFO:colcon.colcon_core.shell:Creating environment hook '/home/ubuntu/rover_ws/src/install/urdf_tutorial_cpp/share/urdf_tutorial_cpp/hook/cmake_prefix_path.sh'
[0.698s] Level 1:colcon.colcon_core.environment:checking '/home/ubuntu/rover_ws/src/install/urdf_tutorial_cpp/lib'
[0.698s] Level 1:colcon.colcon_core.environment:checking '/home/ubuntu/rover_ws/src/install/urdf_tutorial_cpp/bin'
[0.698s] Level 1:colcon.colcon_core.environment:checking '/home/ubuntu/rover_ws/src/install/urdf_tutorial_cpp/lib/pkgconfig/urdf_tutorial_cpp.pc'
[0.698s] Level 1:colcon.colcon_core.environment:checking '/home/ubuntu/rover_ws/src/install/urdf_tutorial_cpp/lib/python3.12/site-packages'
[0.698s] Level 1:colcon.colcon_core.environment:checking '/home/ubuntu/rover_ws/src/install/urdf_tutorial_cpp/bin'
[0.699s] INFO:colcon.colcon_core.shell:Creating package script '/home/ubuntu/rover_ws/src/install/urdf_tutorial_cpp/share/urdf_tutorial_cpp/package.ps1'
[0.699s] INFO:colcon.colcon_core.shell:Creating package descriptor '/home/ubuntu/rover_ws/src/install/urdf_tutorial_cpp/share/urdf_tutorial_cpp/package.dsv'
[0.699s] INFO:colcon.colcon_core.shell:Creating package script '/home/ubuntu/rover_ws/src/install/urdf_tutorial_cpp/share/urdf_tutorial_cpp/package.sh'
[0.700s] INFO:colcon.colcon_core.shell:Creating package script '/home/ubuntu/rover_ws/src/install/urdf_tutorial_cpp/share/urdf_tutorial_cpp/package.bash'
[0.700s] INFO:colcon.colcon_core.shell:Creating package script '/home/ubuntu/rover_ws/src/install/urdf_tutorial_cpp/share/urdf_tutorial_cpp/package.zsh'
[0.700s] Level 1:colcon.colcon_core.environment:create_file_with_runtime_dependencies(/home/ubuntu/rover_ws/src/install/urdf_tutorial_cpp/share/colcon-core/packages/urdf_tutorial_cpp)
[0.700s] Level 1:colcon.colcon_core.environment:create_environment_scripts_only(rover_utils)
[0.701s] Level 1:colcon.colcon_core.environment:checking '/home/ubuntu/rover_ws/src/install/rover_utils' for CMake module files
[0.701s] DEBUG:colcon.colcon_core.event_handler.log_command:Invoked command in '/home/ubuntu/rover_ws/src/build/rover_utils' returned '0': CMAKE_PREFIX_PATH=${CMAKE_PREFIX_PATH}:/opt/ros/jazzy DEBUGINFOD_URLS=https://debuginfod.ubuntu.com /usr/bin/cmake --install /home/ubuntu/rover_ws/src/build/rover_utils
[0.701s] Level 1:colcon.colcon_core.environment:checking '/home/ubuntu/rover_ws/src/install/rover_utils' for CMake config files
[0.701s] Level 1:colcon.colcon_core.shell:create_environment_hook('rover_utils', 'cmake_prefix_path')
[0.701s] INFO:colcon.colcon_core.shell:Creating environment hook '/home/ubuntu/rover_ws/src/install/rover_utils/share/rover_utils/hook/cmake_prefix_path.ps1'
[0.702s] INFO:colcon.colcon_core.shell:Creating environment descriptor '/home/ubuntu/rover_ws/src/install/rover_utils/share/rover_utils/hook/cmake_prefix_path.dsv'
[0.702s] INFO:colcon.colcon_core.shell:Creating environment hook '/home/ubuntu/rover_ws/src/install/rover_utils/share/rover_utils/hook/cmake_prefix_path.sh'
[0.702s] Level 1:colcon.colcon_core.environment:checking '/home/ubuntu/rover_ws/src/install/rover_utils/lib'
[0.702s] Level 1:colcon.colcon_core.environment:checking '/home/ubuntu/rover_ws/src/install/rover_utils/bin'
[0.702s] Level 1:colcon.colcon_core.environment:checking '/home/ubuntu/rover_ws/src/install/rover_utils/lib/pkgconfig/rover_utils.pc'
[0.702s] Level 1:colcon.colcon_core.environment:checking '/home/ubuntu/rover_ws/src/install/rover_utils/lib/python3.12/site-packages'
[0.702s] Level 1:colcon.colcon_core.environment:checking '/home/ubuntu/rover_ws/src/install/rover_utils/bin'
[0.703s] INFO:colcon.colcon_core.shell:Creating package script '/home/ubuntu/rover_ws/src/install/rover_utils/share/rover_utils/package.ps1'
[0.703s] INFO:colcon.colcon_core.shell:Creating package descriptor '/home/ubuntu/rover_ws/src/install/rover_utils/share/rover_utils/package.dsv'
[0.703s] INFO:colcon.colcon_core.shell:Creating package script '/home/ubuntu/rover_ws/src/install/rover_utils/share/rover_utils/package.sh'
[0.703s] INFO:colcon.colcon_core.shell:Creating package script '/home/ubuntu/rover_ws/src/install/rover_utils/share/rover_utils/package.bash'
[0.703s] INFO:colcon.colcon_core.shell:Creating package script '/home/ubuntu/rover_ws/src/install/rover_utils/share/rover_utils/package.zsh'
[0.704s] Level 1:colcon.colcon_core.environment:create_file_with_runtime_dependencies(/home/ubuntu/rover_ws/src/install/rover_utils/share/colcon-core/packages/rover_utils)
[0.704s] Level 1:colcon.colcon_core.environment:create_environment_scripts_only(rover_utils)
[0.704s] Level 1:colcon.colcon_core.environment:checking '/home/ubuntu/rover_ws/src/install/rover_utils' for CMake module files
[0.704s] Level 1:colcon.colcon_core.environment:checking '/home/ubuntu/rover_ws/src/install/rover_utils' for CMake config files
[0.704s] Level 1:colcon.colcon_core.shell:create_environment_hook('rover_utils', 'cmake_prefix_path')
[0.705s] INFO:colcon.colcon_core.shell:Creating environment hook '/home/ubuntu/rover_ws/src/install/rover_utils/share/rover_utils/hook/cmake_prefix_path.ps1'
[0.705s] INFO:colcon.colcon_core.shell:Creating environment descriptor '/home/ubuntu/rover_ws/src/install/rover_utils/share/rover_utils/hook/cmake_prefix_path.dsv'
[0.705s] INFO:colcon.colcon_core.shell:Creating environment hook '/home/ubuntu/rover_ws/src/install/rover_utils/share/rover_utils/hook/cmake_prefix_path.sh'
[0.705s] Level 1:colcon.colcon_core.environment:checking '/home/ubuntu/rover_ws/src/install/rover_utils/lib'
[0.705s] Level 1:colcon.colcon_core.environment:checking '/home/ubuntu/rover_ws/src/install/rover_utils/bin'
[0.705s] Level 1:colcon.colcon_core.environment:checking '/home/ubuntu/rover_ws/src/install/rover_utils/lib/pkgconfig/rover_utils.pc'
[0.706s] Level 1:colcon.colcon_core.environment:checking '/home/ubuntu/rover_ws/src/install/rover_utils/lib/python3.12/site-packages'
[0.706s] Level 1:colcon.colcon_core.environment:checking '/home/ubuntu/rover_ws/src/install/rover_utils/bin'
[0.706s] INFO:colcon.colcon_core.shell:Creating package script '/home/ubuntu/rover_ws/src/install/rover_utils/share/rover_utils/package.ps1'
[0.706s] INFO:colcon.colcon_core.shell:Creating package descriptor '/home/ubuntu/rover_ws/src/install/rover_utils/share/rover_utils/package.dsv'
[0.706s] INFO:colcon.colcon_core.shell:Creating package script '/home/ubuntu/rover_ws/src/install/rover_utils/share/rover_utils/package.sh'
[0.707s] INFO:colcon.colcon_core.shell:Creating package script '/home/ubuntu/rover_ws/src/install/rover_utils/share/rover_utils/package.bash'
[0.707s] INFO:colcon.colcon_core.shell:Creating package script '/home/ubuntu/rover_ws/src/install/rover_utils/share/rover_utils/package.zsh'
[0.707s] Level 1:colcon.colcon_core.environment:create_file_with_runtime_dependencies(/home/ubuntu/rover_ws/src/install/rover_utils/share/colcon-core/packages/rover_utils)
[10.376s] DEBUG:colcon.colcon_core.event_handler.log_command:Invoked command in '/home/ubuntu/rover_ws/src/build/rover_localization' returned '0': CMAKE_PREFIX_PATH=${CMAKE_PREFIX_PATH}:/opt/ros/jazzy DEBUGINFOD_URLS=https://debuginfod.ubuntu.com /usr/bin/cmake --build /home/ubuntu/rover_ws/src/build/rover_localization -- -j16 -l16
[10.377s] DEBUG:colcon.colcon_core.event_handler.log_command:Invoking command in '/home/ubuntu/rover_ws/src/build/rover_localization': CMAKE_PREFIX_PATH=${CMAKE_PREFIX_PATH}:/opt/ros/jazzy DEBUGINFOD_URLS=https://debuginfod.ubuntu.com /usr/bin/cmake --install /home/ubuntu/rover_ws/src/build/rover_localization
[10.388s] Level 1:colcon.colcon_core.environment:create_environment_scripts_only(rover_localization)
[10.388s] Level 1:colcon.colcon_core.environment:checking '/home/ubuntu/rover_ws/src/install/rover_localization' for CMake module files
[10.388s] DEBUG:colcon.colcon_core.event_handler.log_command:Invoked command in '/home/ubuntu/rover_ws/src/build/rover_localization' returned '0': CMAKE_PREFIX_PATH=${CMAKE_PREFIX_PATH}:/opt/ros/jazzy DEBUGINFOD_URLS=https://debuginfod.ubuntu.com /usr/bin/cmake --install /home/ubuntu/rover_ws/src/build/rover_localization
[10.388s] Level 1:colcon.colcon_core.environment:checking '/home/ubuntu/rover_ws/src/install/rover_localization' for CMake config files
[10.388s] Level 1:colcon.colcon_core.shell:create_environment_hook('rover_localization', 'cmake_prefix_path')
[10.389s] INFO:colcon.colcon_core.shell:Creating environment hook '/home/ubuntu/rover_ws/src/install/rover_localization/share/rover_localization/hook/cmake_prefix_path.ps1'
[10.389s] INFO:colcon.colcon_core.shell:Creating environment descriptor '/home/ubuntu/rover_ws/src/install/rover_localization/share/rover_localization/hook/cmake_prefix_path.dsv'
[10.389s] INFO:colcon.colcon_core.shell:Creating environment hook '/home/ubuntu/rover_ws/src/install/rover_localization/share/rover_localization/hook/cmake_prefix_path.sh'
[10.389s] Level 1:colcon.colcon_core.environment:checking '/home/ubuntu/rover_ws/src/install/rover_localization/lib'
[10.389s] Level 1:colcon.colcon_core.environment:checking '/home/ubuntu/rover_ws/src/install/rover_localization/bin'
[10.389s] Level 1:colcon.colcon_core.environment:checking '/home/ubuntu/rover_ws/src/install/rover_localization/lib/pkgconfig/rover_localization.pc'
[10.390s] Level 1:colcon.colcon_core.environment:checking '/home/ubuntu/rover_ws/src/install/rover_localization/lib/python3.12/site-packages'
[10.390s] Level 1:colcon.colcon_core.environment:checking '/home/ubuntu/rover_ws/src/install/rover_localization/bin'
[10.390s] INFO:colcon.colcon_core.shell:Creating package script '/home/ubuntu/rover_ws/src/install/rover_localization/share/rover_localization/package.ps1'
[10.390s] INFO:colcon.colcon_core.shell:Creating package descriptor '/home/ubuntu/rover_ws/src/install/rover_localization/share/rover_localization/package.dsv'
[10.390s] INFO:colcon.colcon_core.shell:Creating package script '/home/ubuntu/rover_ws/src/install/rover_localization/share/rover_localization/package.sh'
[10.391s] INFO:colcon.colcon_core.shell:Creating package script '/home/ubuntu/rover_ws/src/install/rover_localization/share/rover_localization/package.bash'
[10.391s] INFO:colcon.colcon_core.shell:Creating package script '/home/ubuntu/rover_ws/src/install/rover_localization/share/rover_localization/package.zsh'
[10.391s] Level 1:colcon.colcon_core.environment:create_file_with_runtime_dependencies(/home/ubuntu/rover_ws/src/install/rover_localization/share/colcon-core/packages/rover_localization)
[10.391s] Level 1:colcon.colcon_core.environment:create_environment_scripts_only(rover_localization)
[10.391s] Level 1:colcon.colcon_core.environment:checking '/home/ubuntu/rover_ws/src/install/rover_localization' for CMake module files
[10.392s] Level 1:colcon.colcon_core.environment:checking '/home/ubuntu/rover_ws/src/install/rover_localization' for CMake config files
[10.392s] Level 1:colcon.colcon_core.shell:create_environment_hook('rover_localization', 'cmake_prefix_path')
[10.392s] INFO:colcon.colcon_core.shell:Creating environment hook '/home/ubuntu/rover_ws/src/install/rover_localization/share/rover_localization/hook/cmake_prefix_path.ps1'
[10.392s] INFO:colcon.colcon_core.shell:Creating environment descriptor '/home/ubuntu/rover_ws/src/install/rover_localization/share/rover_localization/hook/cmake_prefix_path.dsv'
[10.392s] INFO:colcon.colcon_core.shell:Creating environment hook '/home/ubuntu/rover_ws/src/install/rover_localization/share/rover_localization/hook/cmake_prefix_path.sh'
[10.392s] Level 1:colcon.colcon_core.environment:checking '/home/ubuntu/rover_ws/src/install/rover_localization/lib'
[10.393s] Level 1:colcon.colcon_core.environment:checking '/home/ubuntu/rover_ws/src/install/rover_localization/bin'
[10.393s] Level 1:colcon.colcon_core.environment:checking '/home/ubuntu/rover_ws/src/install/rover_localization/lib/pkgconfig/rover_localization.pc'
[10.393s] Level 1:colcon.colcon_core.environment:checking '/home/ubuntu/rover_ws/src/install/rover_localization/lib/python3.12/site-packages'
[10.393s] Level 1:colcon.colcon_core.environment:checking '/home/ubuntu/rover_ws/src/install/rover_localization/bin'
[10.393s] INFO:colcon.colcon_core.shell:Creating package script '/home/ubuntu/rover_ws/src/install/rover_localization/share/rover_localization/package.ps1'
[10.393s] INFO:colcon.colcon_core.shell:Creating package descriptor '/home/ubuntu/rover_ws/src/install/rover_localization/share/rover_localization/package.dsv'
[10.393s] INFO:colcon.colcon_core.shell:Creating package script '/home/ubuntu/rover_ws/src/install/rover_localization/share/rover_localization/package.sh'
[10.394s] INFO:colcon.colcon_core.shell:Creating package script '/home/ubuntu/rover_ws/src/install/rover_localization/share/rover_localization/package.bash'
[10.394s] INFO:colcon.colcon_core.shell:Creating package script '/home/ubuntu/rover_ws/src/install/rover_localization/share/rover_localization/package.zsh'
[10.394s] Level 1:colcon.colcon_core.environment:create_file_with_runtime_dependencies(/home/ubuntu/rover_ws/src/install/rover_localization/share/colcon-core/packages/rover_localization)
[10.394s] DEBUG:colcon.colcon_parallel_executor.executor.parallel:closing loop
[10.394s] DEBUG:colcon.colcon_parallel_executor.executor.parallel:loop closed
[10.394s] DEBUG:colcon.colcon_parallel_executor.executor.parallel:run_until_complete finished with '0'
[10.394s] DEBUG:colcon.colcon_core.event_reactor:joining thread
[10.398s] INFO:colcon.colcon_core.plugin_system:Skipping extension 'colcon_notification.desktop_notification.terminal_notifier': Not used on non-Darwin systems
[10.398s] INFO:colcon.colcon_core.plugin_system:Skipping extension 'colcon_notification.desktop_notification.win32': Not used on non-Windows systems
[10.398s] INFO:colcon.colcon_notification.desktop_notification:Sending desktop notification using 'notify2'
[10.418s] DEBUG:colcon.colcon_core.event_reactor:joined thread
[10.419s] INFO:colcon.colcon_core.shell:Creating prefix script '/home/ubuntu/rover_ws/src/install/local_setup.ps1'
[10.419s] INFO:colcon.colcon_core.shell:Creating prefix util module '/home/ubuntu/rover_ws/src/install/_local_setup_util_ps1.py'
[10.420s] INFO:colcon.colcon_core.shell:Creating prefix chain script '/home/ubuntu/rover_ws/src/install/setup.ps1'
[10.421s] INFO:colcon.colcon_core.shell:Creating prefix script '/home/ubuntu/rover_ws/src/install/local_setup.sh'
[10.421s] INFO:colcon.colcon_core.shell:Creating prefix util module '/home/ubuntu/rover_ws/src/install/_local_setup_util_sh.py'
[10.421s] INFO:colcon.colcon_core.shell:Creating prefix chain script '/home/ubuntu/rover_ws/src/install/setup.sh'
[10.422s] INFO:colcon.colcon_core.shell:Creating prefix script '/home/ubuntu/rover_ws/src/install/local_setup.bash'
[10.422s] INFO:colcon.colcon_core.shell:Creating prefix chain script '/home/ubuntu/rover_ws/src/install/setup.bash'
[10.423s] INFO:colcon.colcon_core.shell:Creating prefix script '/home/ubuntu/rover_ws/src/install/local_setup.zsh'
[10.423s] INFO:colcon.colcon_core.shell:Creating prefix chain script '/home/ubuntu/rover_ws/src/install/setup.zsh'
