[0.045s] Invoking command in '/home/ubuntu/rover_ws/src/rover_description/build/rover_description': CMAKE_PREFIX_PATH=${CMAKE_PREFIX_PATH}:/opt/ros/jazzy DEBUGINFOD_URLS=https://debuginfod.ubuntu.com /usr/bin/cmake --build /home/ubuntu/rover_ws/src/rover_description/build/rover_description -- -j16 -l16
[0.094s] -- Found ament_cmake: 2.5.4 (/opt/ros/jazzy/share/ament_cmake/cmake)
[0.230s] -- Found ament_lint_auto: 0.17.2 (/opt/ros/jazzy/share/ament_lint_auto/cmake)
[0.294s] -- Added test 'cppcheck' to perform static code analysis on C / C++ code
[0.294s] -- Configured cppcheck include dirs: 
[0.294s] -- Configured cppcheck exclude dirs and/or files: 
[0.295s] -- Added test 'flake8' to check Python code syntax and style conventions
[0.295s] -- Configured 'flake8' exclude dirs and/or files: 
[0.296s] -- Added test 'lint_cmake' to check CMake code style
[0.297s] -- Added test 'pep257' to check Python code against some of the docstring style conventions in PEP 257
[0.302s] -- Added test 'uncrustify' to check C / C++ code style
[0.302s] -- Configured uncrustify additional arguments: 
[0.302s] -- Added test 'xmllint' to check XML markup files
[0.303s] -- Configuring done (0.2s)
[0.306s] -- Generating done (0.0s)
[0.307s] -- Build files have been written to: /home/ubuntu/rover_ws/src/rover_description/build/rover_description
[0.320s] Invoked command in '/home/ubuntu/rover_ws/src/rover_description/build/rover_description' returned '0': CMAKE_PREFIX_PATH=${CMAKE_PREFIX_PATH}:/opt/ros/jazzy DEBUGINFOD_URLS=https://debuginfod.ubuntu.com /usr/bin/cmake --build /home/ubuntu/rover_ws/src/rover_description/build/rover_description -- -j16 -l16
[0.350s] Invoking command in '/home/ubuntu/rover_ws/src/rover_description/build/rover_description': CMAKE_PREFIX_PATH=${CMAKE_PREFIX_PATH}:/opt/ros/jazzy DEBUGINFOD_URLS=https://debuginfod.ubuntu.com /usr/bin/cmake --install /home/ubuntu/rover_ws/src/rover_description/build/rover_description
[0.361s] -- Install configuration: ""
[0.361s] -- Up-to-date: /home/ubuntu/rover_ws/src/rover_description/install/rover_description/share/rover_description/meshes
[0.361s] -- Up-to-date: /home/ubuntu/rover_ws/src/rover_description/install/rover_description/share/rover_description/meshes/wheel_right_link.STL
[0.361s] -- Up-to-date: /home/ubuntu/rover_ws/src/rover_description/install/rover_description/share/rover_description/meshes/wheel_left_link.STL
[0.361s] -- Up-to-date: /home/ubuntu/rover_ws/src/rover_description/install/rover_description/share/rover_description/meshes/base_link.STL
[0.361s] -- Up-to-date: /home/ubuntu/rover_ws/src/rover_description/install/rover_description/share/rover_description/meshes/imu_link.STL
[0.361s] -- Up-to-date: /home/ubuntu/rover_ws/src/rover_description/install/rover_description/share/rover_description/meshes/caster_front_link.STL
[0.362s] -- Up-to-date: /home/ubuntu/rover_ws/src/rover_description/install/rover_description/share/rover_description/meshes/caster_rear_link.STL
[0.362s] -- Up-to-date: /home/ubuntu/rover_ws/src/rover_description/install/rover_description/share/rover_description/urdf
[0.362s] -- Installing: /home/ubuntu/rover_ws/src/rover_description/install/rover_description/share/rover_description/urdf/rover.urdf.xacro
[0.362s] -- Installing: /home/ubuntu/rover_ws/src/rover_description/install/rover_description/share/rover_description/urdf/rover_gazebo.xacro
[0.362s] -- Installing: /home/ubuntu/rover_ws/src/rover_description/install/rover_description/share/rover_description/urdf/rover_ros2_control.xacro
[0.362s] -- Up-to-date: /home/ubuntu/rover_ws/src/rover_description/install/rover_description/share/rover_description/launch
[0.362s] -- Installing: /home/ubuntu/rover_ws/src/rover_description/install/rover_description/share/rover_description/launch/gazebo.launch.py
[0.372s] -- Installing: /home/ubuntu/rover_ws/src/rover_description/install/rover_description/share/rover_description/launch/display.launch.py
[0.372s] -- Up-to-date: /home/ubuntu/rover_ws/src/rover_description/install/rover_description/share/rover_description/rviz
[0.372s] -- Up-to-date: /home/ubuntu/rover_ws/src/rover_description/install/rover_description/share/rover_description/rviz/display.rviz
[0.372s] -- Installing: /home/ubuntu/rover_ws/src/rover_description/install/rover_description/share/ament_index/resource_index/package_run_dependencies/rover_description
[0.372s] -- Up-to-date: /home/ubuntu/rover_ws/src/rover_description/install/rover_description/share/ament_index/resource_index/parent_prefix_path/rover_description
[0.372s] -- Up-to-date: /home/ubuntu/rover_ws/src/rover_description/install/rover_description/share/rover_description/environment/ament_prefix_path.sh
[0.372s] -- Up-to-date: /home/ubuntu/rover_ws/src/rover_description/install/rover_description/share/rover_description/environment/ament_prefix_path.dsv
[0.372s] -- Up-to-date: /home/ubuntu/rover_ws/src/rover_description/install/rover_description/share/rover_description/environment/path.sh
[0.372s] -- Up-to-date: /home/ubuntu/rover_ws/src/rover_description/install/rover_description/share/rover_description/environment/path.dsv
[0.372s] -- Up-to-date: /home/ubuntu/rover_ws/src/rover_description/install/rover_description/share/rover_description/local_setup.bash
[0.372s] -- Up-to-date: /home/ubuntu/rover_ws/src/rover_description/install/rover_description/share/rover_description/local_setup.sh
[0.372s] -- Up-to-date: /home/ubuntu/rover_ws/src/rover_description/install/rover_description/share/rover_description/local_setup.zsh
[0.372s] -- Up-to-date: /home/ubuntu/rover_ws/src/rover_description/install/rover_description/share/rover_description/local_setup.dsv
[0.372s] -- Installing: /home/ubuntu/rover_ws/src/rover_description/install/rover_description/share/rover_description/package.dsv
[0.372s] -- Up-to-date: /home/ubuntu/rover_ws/src/rover_description/install/rover_description/share/ament_index/resource_index/packages/rover_description
[0.372s] -- Up-to-date: /home/ubuntu/rover_ws/src/rover_description/install/rover_description/share/rover_description/cmake/rover_descriptionConfig.cmake
[0.372s] -- Up-to-date: /home/ubuntu/rover_ws/src/rover_description/install/rover_description/share/rover_description/cmake/rover_descriptionConfig-version.cmake
[0.372s] -- Installing: /home/ubuntu/rover_ws/src/rover_description/install/rover_description/share/rover_description/package.xml
[0.373s] Invoked command in '/home/ubuntu/rover_ws/src/rover_description/build/rover_description' returned '0': CMAKE_PREFIX_PATH=${CMAKE_PREFIX_PATH}:/opt/ros/jazzy DEBUGINFOD_URLS=https://debuginfod.ubuntu.com /usr/bin/cmake --install /home/ubuntu/rover_ws/src/rover_description/build/rover_description
