[0.461s] Invoking command in '/home/ubuntu/rover_ws/build/urdf_tutorial_cpp': CMAKE_PREFIX_PATH=${CMAKE_PREFIX_PATH}:/opt/ros/jazzy DEBUGINFOD_URLS=https://debuginfod.ubuntu.com /usr/bin/cmake --build /home/ubuntu/rover_ws/build/urdf_tutorial_cpp -- -j16 -l16
[2.724s] [100%] Built target urdf_tutorial_cpp
[2.731s] Invoked command in '/home/ubuntu/rover_ws/build/urdf_tutorial_cpp' returned '0': CMAKE_PREFIX_PATH=${CMAKE_PREFIX_PATH}:/opt/ros/jazzy DEBUGINFOD_URLS=https://debuginfod.ubuntu.com /usr/bin/cmake --build /home/ubuntu/rover_ws/build/urdf_tutorial_cpp -- -j16 -l16
[2.786s] Invoking command in '/home/ubuntu/rover_ws/build/urdf_tutorial_cpp': CMAKE_PREFIX_PATH=${CMAKE_PREFIX_PATH}:/opt/ros/jazzy DEBUGINFOD_URLS=https://debuginfod.ubuntu.com /usr/bin/cmake --install /home/ubuntu/rover_ws/build/urdf_tutorial_cpp
[2.834s] -- Install configuration: ""
[2.856s] -- Execute custom install script
[2.885s] -- Up-to-date symlink: /home/ubuntu/rover_ws/install/urdf_tutorial_cpp/lib/urdf_tutorial_cpp/urdf_tutorial_cpp
[3.120s] -- Up-to-date symlink: /home/ubuntu/rover_ws/install/urdf_tutorial_cpp/share/urdf_tutorial_cpp/launch/launch.py
[3.139s] -- Up-to-date symlink: /home/ubuntu/rover_ws/install/urdf_tutorial_cpp/share/urdf_tutorial_cpp/urdf/r2d2.rviz
[3.148s] -- Up-to-date symlink: /home/ubuntu/rover_ws/install/urdf_tutorial_cpp/share/urdf_tutorial_cpp/urdf/r2d2.urdf.xml
[3.186s] -- Up-to-date symlink: /home/ubuntu/rover_ws/install/urdf_tutorial_cpp/share/ament_index/resource_index/package_run_dependencies/urdf_tutorial_cpp
[3.194s] -- Up-to-date symlink: /home/ubuntu/rover_ws/install/urdf_tutorial_cpp/share/ament_index/resource_index/parent_prefix_path/urdf_tutorial_cpp
[3.249s] -- Up-to-date symlink: /home/ubuntu/rover_ws/install/urdf_tutorial_cpp/share/urdf_tutorial_cpp/environment/ament_prefix_path.sh
[3.249s] -- Up-to-date symlink: /home/ubuntu/rover_ws/install/urdf_tutorial_cpp/share/urdf_tutorial_cpp/environment/ament_prefix_path.dsv
[3.254s] -- Up-to-date symlink: /home/ubuntu/rover_ws/install/urdf_tutorial_cpp/share/urdf_tutorial_cpp/environment/path.sh
[3.256s] -- Up-to-date symlink: /home/ubuntu/rover_ws/install/urdf_tutorial_cpp/share/urdf_tutorial_cpp/environment/path.dsv
[3.256s] -- Up-to-date symlink: /home/ubuntu/rover_ws/install/urdf_tutorial_cpp/share/urdf_tutorial_cpp/local_setup.bash
[3.259s] -- Up-to-date symlink: /home/ubuntu/rover_ws/install/urdf_tutorial_cpp/share/urdf_tutorial_cpp/local_setup.sh
[3.259s] -- Up-to-date symlink: /home/ubuntu/rover_ws/install/urdf_tutorial_cpp/share/urdf_tutorial_cpp/local_setup.zsh
[3.269s] -- Up-to-date symlink: /home/ubuntu/rover_ws/install/urdf_tutorial_cpp/share/urdf_tutorial_cpp/local_setup.dsv
[3.269s] -- Symlinking: /home/ubuntu/rover_ws/install/urdf_tutorial_cpp/share/urdf_tutorial_cpp/package.dsv
[3.318s] -- Up-to-date symlink: /home/ubuntu/rover_ws/install/urdf_tutorial_cpp/share/ament_index/resource_index/packages/urdf_tutorial_cpp
[3.320s] -- Up-to-date symlink: /home/ubuntu/rover_ws/install/urdf_tutorial_cpp/share/urdf_tutorial_cpp/cmake/urdf_tutorial_cppConfig.cmake
[3.321s] -- Up-to-date symlink: /home/ubuntu/rover_ws/install/urdf_tutorial_cpp/share/urdf_tutorial_cpp/cmake/urdf_tutorial_cppConfig-version.cmake
[3.321s] -- Up-to-date symlink: /home/ubuntu/rover_ws/install/urdf_tutorial_cpp/share/urdf_tutorial_cpp/package.xml
[3.364s] Invoked command in '/home/ubuntu/rover_ws/build/urdf_tutorial_cpp' returned '0': CMAKE_PREFIX_PATH=${CMAKE_PREFIX_PATH}:/opt/ros/jazzy DEBUGINFOD_URLS=https://debuginfod.ubuntu.com /usr/bin/cmake --install /home/ubuntu/rover_ws/build/urdf_tutorial_cpp
