[0.044s] Invoking command in '/home/ubuntu/rover_ws/src/build/urdf_tutorial_cpp': CMAKE_PREFIX_PATH=${CMAKE_PREFIX_PATH}:/opt/ros/jazzy DEBUGINFOD_URLS=https://debuginfod.ubuntu.com /usr/bin/cmake /home/ubuntu/rover_ws/src/urdf_tutorial_cpp -DCMAKE_INSTALL_PREFIX=/home/ubuntu/rover_ws/src/install/urdf_tutorial_cpp
[1.848s] -- The C compiler identification is GNU 13.3.0
[4.439s] -- The CXX compiler identification is GNU 13.3.0
[4.719s] -- Detecting C compiler ABI info
[5.542s] -- Detecting C compiler ABI info - done
[5.548s] -- Check for working C compiler: /usr/bin/cc - skipped
[5.548s] -- Detecting C compile features
[5.548s] -- Detecting C compile features - done
[5.612s] -- Detecting CXX compiler ABI info
[5.749s] -- Detecting CXX compiler ABI info - done
[5.755s] -- Check for working CXX compiler: /usr/bin/c++ - skipped
[5.755s] -- Detecting CXX compile features
[5.756s] -- Detecting CXX compile features - done
[5.935s] -- Found ament_cmake: 2.5.4 (/opt/ros/jazzy/share/ament_cmake/cmake)
[6.156s] -- Found Python3: /usr/bin/python3 (found version "3.12.3") found components: Interpreter 
[6.578s] -- Found geometry_msgs: 5.3.6 (/opt/ros/jazzy/share/geometry_msgs/cmake)
[7.500s] -- Found rosidl_generator_c: 4.6.5 (/opt/ros/jazzy/share/rosidl_generator_c/cmake)
[7.956s] -- Found rosidl_generator_cpp: 4.6.5 (/opt/ros/jazzy/share/rosidl_generator_cpp/cmake)
[8.234s] -- Using all available rosidl_typesupport_c: rosidl_typesupport_fastrtps_c;rosidl_typesupport_introspection_c
[8.310s] -- Using all available rosidl_typesupport_cpp: rosidl_typesupport_fastrtps_cpp;rosidl_typesupport_introspection_cpp
[8.589s] -- Found sensor_msgs: 5.3.6 (/opt/ros/jazzy/share/sensor_msgs/cmake)
[8.673s] -- Found tf2_ros: 0.36.10 (/opt/ros/jazzy/share/tf2_ros/cmake)
[9.069s] -- Found rmw_implementation_cmake: 7.3.2 (/opt/ros/jazzy/share/rmw_implementation_cmake/cmake)
[9.072s] -- Found rmw_fastrtps_cpp: 8.4.2 (/opt/ros/jazzy/share/rmw_fastrtps_cpp/cmake)
[9.372s] -- Found OpenSSL: /usr/lib/x86_64-linux-gnu/libcrypto.so (found version "3.0.13")  
[9.432s] -- Found FastRTPS: /opt/ros/jazzy/include (Required is at least version "2.13") 
[9.455s] -- Using RMW implementation 'rmw_fastrtps_cpp' as default
[9.946s] -- Found tf2_geometry_msgs: 0.36.10 (/opt/ros/jazzy/share/tf2_geometry_msgs/cmake)
[10.019s] -- Found eigen3_cmake_module: 0.3.0 (/opt/ros/jazzy/share/eigen3_cmake_module/cmake)
[10.020s] -- Found Eigen3: TRUE (found version "3.4.0") 
[10.020s] -- Ensuring Eigen3 include directory is part of orocos-kdl CMake target
[10.082s] -- Configuring done (10.0s)
[10.184s] -- Generating done (0.1s)
[10.192s] -- Build files have been written to: /home/ubuntu/rover_ws/src/build/urdf_tutorial_cpp
[10.200s] Invoked command in '/home/ubuntu/rover_ws/src/build/urdf_tutorial_cpp' returned '0': CMAKE_PREFIX_PATH=${CMAKE_PREFIX_PATH}:/opt/ros/jazzy DEBUGINFOD_URLS=https://debuginfod.ubuntu.com /usr/bin/cmake /home/ubuntu/rover_ws/src/urdf_tutorial_cpp -DCMAKE_INSTALL_PREFIX=/home/ubuntu/rover_ws/src/install/urdf_tutorial_cpp
[10.201s] Invoking command in '/home/ubuntu/rover_ws/src/build/urdf_tutorial_cpp': CMAKE_PREFIX_PATH=${CMAKE_PREFIX_PATH}:/opt/ros/jazzy DEBUGINFOD_URLS=https://debuginfod.ubuntu.com /usr/bin/cmake --build /home/ubuntu/rover_ws/src/build/urdf_tutorial_cpp -- -j16 -l16
[10.252s] [ 50%] [32mBuilding CXX object CMakeFiles/urdf_tutorial_cpp.dir/src/urdf_tutorial.cpp.o[0m
[18.253s] [100%] [32m[1mLinking CXX executable urdf_tutorial_cpp[0m
[19.013s] [100%] Built target urdf_tutorial_cpp
[19.020s] Invoked command in '/home/ubuntu/rover_ws/src/build/urdf_tutorial_cpp' returned '0': CMAKE_PREFIX_PATH=${CMAKE_PREFIX_PATH}:/opt/ros/jazzy DEBUGINFOD_URLS=https://debuginfod.ubuntu.com /usr/bin/cmake --build /home/ubuntu/rover_ws/src/build/urdf_tutorial_cpp -- -j16 -l16
[19.021s] Invoking command in '/home/ubuntu/rover_ws/src/build/urdf_tutorial_cpp': CMAKE_PREFIX_PATH=${CMAKE_PREFIX_PATH}:/opt/ros/jazzy DEBUGINFOD_URLS=https://debuginfod.ubuntu.com /usr/bin/cmake --install /home/ubuntu/rover_ws/src/build/urdf_tutorial_cpp
[19.027s] -- Install configuration: ""
[19.027s] -- Installing: /home/ubuntu/rover_ws/src/install/urdf_tutorial_cpp/lib/urdf_tutorial_cpp/urdf_tutorial_cpp
[19.027s] -- Set non-toolchain portion of runtime path of "/home/ubuntu/rover_ws/src/install/urdf_tutorial_cpp/lib/urdf_tutorial_cpp/urdf_tutorial_cpp" to ""
[19.028s] -- Installing: /home/ubuntu/rover_ws/src/install/urdf_tutorial_cpp/share/urdf_tutorial_cpp/launch
[19.028s] -- Installing: /home/ubuntu/rover_ws/src/install/urdf_tutorial_cpp/share/urdf_tutorial_cpp/launch/launch.py
[19.028s] -- Installing: /home/ubuntu/rover_ws/src/install/urdf_tutorial_cpp/share/urdf_tutorial_cpp/urdf
[19.028s] -- Installing: /home/ubuntu/rover_ws/src/install/urdf_tutorial_cpp/share/urdf_tutorial_cpp/urdf/r2d2.urdf.xml
[19.047s] -- Installing: /home/ubuntu/rover_ws/src/install/urdf_tutorial_cpp/share/urdf_tutorial_cpp/urdf/r2d2.rviz
[19.049s] -- Installing: /home/ubuntu/rover_ws/src/install/urdf_tutorial_cpp/share/ament_index/resource_index/package_run_dependencies/urdf_tutorial_cpp
[19.049s] -- Installing: /home/ubuntu/rover_ws/src/install/urdf_tutorial_cpp/share/ament_index/resource_index/parent_prefix_path/urdf_tutorial_cpp
[19.049s] -- Installing: /home/ubuntu/rover_ws/src/install/urdf_tutorial_cpp/share/urdf_tutorial_cpp/environment/ament_prefix_path.sh
[19.049s] -- Installing: /home/ubuntu/rover_ws/src/install/urdf_tutorial_cpp/share/urdf_tutorial_cpp/environment/ament_prefix_path.dsv
[19.049s] -- Installing: /home/ubuntu/rover_ws/src/install/urdf_tutorial_cpp/share/urdf_tutorial_cpp/environment/path.sh
[19.049s] -- Installing: /home/ubuntu/rover_ws/src/install/urdf_tutorial_cpp/share/urdf_tutorial_cpp/environment/path.dsv
[19.049s] -- Installing: /home/ubuntu/rover_ws/src/install/urdf_tutorial_cpp/share/urdf_tutorial_cpp/local_setup.bash
[19.049s] -- Installing: /home/ubuntu/rover_ws/src/install/urdf_tutorial_cpp/share/urdf_tutorial_cpp/local_setup.sh
[19.049s] -- Installing: /home/ubuntu/rover_ws/src/install/urdf_tutorial_cpp/share/urdf_tutorial_cpp/local_setup.zsh
[19.049s] -- Installing: /home/ubuntu/rover_ws/src/install/urdf_tutorial_cpp/share/urdf_tutorial_cpp/local_setup.dsv
[19.049s] -- Installing: /home/ubuntu/rover_ws/src/install/urdf_tutorial_cpp/share/urdf_tutorial_cpp/package.dsv
[19.049s] -- Installing: /home/ubuntu/rover_ws/src/install/urdf_tutorial_cpp/share/ament_index/resource_index/packages/urdf_tutorial_cpp
[19.049s] -- Installing: /home/ubuntu/rover_ws/src/install/urdf_tutorial_cpp/share/urdf_tutorial_cpp/cmake/urdf_tutorial_cppConfig.cmake
[19.049s] -- Installing: /home/ubuntu/rover_ws/src/install/urdf_tutorial_cpp/share/urdf_tutorial_cpp/cmake/urdf_tutorial_cppConfig-version.cmake
[19.049s] -- Installing: /home/ubuntu/rover_ws/src/install/urdf_tutorial_cpp/share/urdf_tutorial_cpp/package.xml
[19.051s] Invoked command in '/home/ubuntu/rover_ws/src/build/urdf_tutorial_cpp' returned '0': CMAKE_PREFIX_PATH=${CMAKE_PREFIX_PATH}:/opt/ros/jazzy DEBUGINFOD_URLS=https://debuginfod.ubuntu.com /usr/bin/cmake --install /home/ubuntu/rover_ws/src/build/urdf_tutorial_cpp
