[0.006s] Invoking command in '/home/ubuntu/rover_ws/src/urdf_tutorial_cpp/build/urdf_tutorial_cpp': CMAKE_PREFIX_PATH=${CMAKE_PREFIX_PATH}:/opt/ros/jazzy DEBUGINFOD_URLS=https://debuginfod.ubuntu.com /usr/bin/cmake /home/ubuntu/rover_ws/src/urdf_tutorial_cpp -DCMAKE_INSTALL_PREFIX=/home/ubuntu/rover_ws/src/urdf_tutorial_cpp/install/urdf_tutorial_cpp
[0.038s] -- The C compiler identification is GNU 13.3.0
[0.069s] -- The CXX compiler identification is GNU 13.3.0
[0.078s] -- Detecting C compiler ABI info
[0.130s] -- Detecting C compiler ABI info - done
[0.135s] -- Check for working C compiler: /usr/bin/cc - skipped
[0.135s] -- Detecting C compile features
[0.136s] -- Detecting C compile features - done
[0.141s] -- Detecting CXX compiler ABI info
[0.199s] -- Detecting CXX compiler ABI info - done
[0.205s] -- Check for working CXX compiler: /usr/bin/c++ - skipped
[0.205s] -- Detecting CXX compile features
[0.205s] -- Detecting CXX compile features - done
[0.208s] -- Found ament_cmake: 2.5.4 (/opt/ros/jazzy/share/ament_cmake/cmake)
[0.304s] -- Found Python3: /usr/bin/python3 (found version "3.12.3") found components: Interpreter 
[0.378s] -- Found geometry_msgs: 5.3.6 (/opt/ros/jazzy/share/geometry_msgs/cmake)
[0.413s] -- Found rosidl_generator_c: 4.6.5 (/opt/ros/jazzy/share/rosidl_generator_c/cmake)
[0.424s] -- Found rosidl_generator_cpp: 4.6.5 (/opt/ros/jazzy/share/rosidl_generator_cpp/cmake)
[0.438s] -- Using all available rosidl_typesupport_c: rosidl_typesupport_fastrtps_c;rosidl_typesupport_introspection_c
[0.452s] -- Using all available rosidl_typesupport_cpp: rosidl_typesupport_fastrtps_cpp;rosidl_typesupport_introspection_cpp
[0.485s] -- Found sensor_msgs: 5.3.6 (/opt/ros/jazzy/share/sensor_msgs/cmake)
[0.569s] -- Found tf2_ros: 0.36.10 (/opt/ros/jazzy/share/tf2_ros/cmake)
[0.578s] -- Found rmw_implementation_cmake: 7.3.2 (/opt/ros/jazzy/share/rmw_implementation_cmake/cmake)
[0.581s] -- Found rmw_fastrtps_cpp: 8.4.2 (/opt/ros/jazzy/share/rmw_fastrtps_cpp/cmake)
[0.631s] -- Found OpenSSL: /usr/lib/x86_64-linux-gnu/libcrypto.so (found version "3.0.13")  
[0.644s] -- Found FastRTPS: /opt/ros/jazzy/include (Required is at least version "2.13") 
[0.660s] -- Using RMW implementation 'rmw_fastrtps_cpp' as default
[0.774s] -- Found tf2_geometry_msgs: 0.36.10 (/opt/ros/jazzy/share/tf2_geometry_msgs/cmake)
[0.787s] -- Found eigen3_cmake_module: 0.3.0 (/opt/ros/jazzy/share/eigen3_cmake_module/cmake)
[0.788s] -- Found Eigen3: TRUE (found version "3.4.0") 
[0.788s] -- Ensuring Eigen3 include directory is part of orocos-kdl CMake target
[0.846s] -- Configuring done (0.8s)
[0.853s] -- Generating done (0.0s)
[0.856s] -- Build files have been written to: /home/ubuntu/rover_ws/src/urdf_tutorial_cpp/build/urdf_tutorial_cpp
[0.864s] Invoked command in '/home/ubuntu/rover_ws/src/urdf_tutorial_cpp/build/urdf_tutorial_cpp' returned '0': CMAKE_PREFIX_PATH=${CMAKE_PREFIX_PATH}:/opt/ros/jazzy DEBUGINFOD_URLS=https://debuginfod.ubuntu.com /usr/bin/cmake /home/ubuntu/rover_ws/src/urdf_tutorial_cpp -DCMAKE_INSTALL_PREFIX=/home/ubuntu/rover_ws/src/urdf_tutorial_cpp/install/urdf_tutorial_cpp
[0.864s] Invoking command in '/home/ubuntu/rover_ws/src/urdf_tutorial_cpp/build/urdf_tutorial_cpp': CMAKE_PREFIX_PATH=${CMAKE_PREFIX_PATH}:/opt/ros/jazzy DEBUGINFOD_URLS=https://debuginfod.ubuntu.com /usr/bin/cmake --build /home/ubuntu/rover_ws/src/urdf_tutorial_cpp/build/urdf_tutorial_cpp -- -j16 -l16
[0.894s] [ 50%] [32mBuilding CXX object CMakeFiles/urdf_tutorial_cpp.dir/src/urdf_tutorial.cpp.o[0m
[4.181s] [100%] [32m[1mLinking CXX executable urdf_tutorial_cpp[0m
[4.346s] [100%] Built target urdf_tutorial_cpp
[4.352s] Invoked command in '/home/ubuntu/rover_ws/src/urdf_tutorial_cpp/build/urdf_tutorial_cpp' returned '0': CMAKE_PREFIX_PATH=${CMAKE_PREFIX_PATH}:/opt/ros/jazzy DEBUGINFOD_URLS=https://debuginfod.ubuntu.com /usr/bin/cmake --build /home/ubuntu/rover_ws/src/urdf_tutorial_cpp/build/urdf_tutorial_cpp -- -j16 -l16
[4.358s] Invoking command in '/home/ubuntu/rover_ws/src/urdf_tutorial_cpp/build/urdf_tutorial_cpp': CMAKE_PREFIX_PATH=${CMAKE_PREFIX_PATH}:/opt/ros/jazzy DEBUGINFOD_URLS=https://debuginfod.ubuntu.com /usr/bin/cmake --install /home/ubuntu/rover_ws/src/urdf_tutorial_cpp/build/urdf_tutorial_cpp
[4.363s] -- Install configuration: ""
[4.363s] -- Installing: /home/ubuntu/rover_ws/src/urdf_tutorial_cpp/install/urdf_tutorial_cpp/lib/urdf_tutorial_cpp/urdf_tutorial_cpp
[4.364s] -- Set non-toolchain portion of runtime path of "/home/ubuntu/rover_ws/src/urdf_tutorial_cpp/install/urdf_tutorial_cpp/lib/urdf_tutorial_cpp/urdf_tutorial_cpp" to ""
[4.364s] [31mCMake Error at cmake_install.cmake:70 (file):
[4.364s]   file INSTALL cannot find
[4.364s]   "/home/ubuntu/rover_ws/src/urdf_tutorial_cpp/launch": No such file or
[4.364s]   directory.
[4.364s] 
[4.364s] [0m
[4.365s] Invoked command in '/home/ubuntu/rover_ws/src/urdf_tutorial_cpp/build/urdf_tutorial_cpp' returned '1': CMAKE_PREFIX_PATH=${CMAKE_PREFIX_PATH}:/opt/ros/jazzy DEBUGINFOD_URLS=https://debuginfod.ubuntu.com /usr/bin/cmake --install /home/ubuntu/rover_ws/src/urdf_tutorial_cpp/build/urdf_tutorial_cpp
