[0.008s] Invoking command in '/home/ubuntu/rover_ws/build/robot_description': CMAKE_PREFIX_PATH=${CMAKE_PREFIX_PATH}:/opt/ros/jazzy DEBUGINFOD_URLS=https://debuginfod.ubuntu.com /usr/bin/cmake /home/ubuntu/rover_ws/src/rover_description -DCMAKE_INSTALL_PREFIX=/home/ubuntu/rover_ws/install/robot_description
[1.039s] -- The C compiler identification is GNU 13.3.0
[1.870s] -- The CXX compiler identification is GNU 13.3.0
[1.974s] -- Detecting C compiler ABI info
[2.310s] -- Detecting C compiler ABI info - done
[2.316s] -- Check for working C compiler: /usr/bin/cc - skipped
[2.316s] -- Detecting C compile features
[2.316s] -- Detecting C compile features - done
[2.359s] -- Detecting CXX compiler ABI info
[2.549s] -- Detecting CXX compiler ABI info - done
[2.555s] -- Check for working CXX compiler: /usr/bin/c++ - skipped
[2.555s] -- Detecting CXX compile features
[2.555s] -- Detecting CXX compile features - done
[2.716s] -- Found ament_cmake: 2.5.4 (/opt/ros/jazzy/share/ament_cmake/cmake)
[2.917s] -- Found Python3: /usr/bin/python3 (found version "3.12.3") found components: Interpreter 
[3.501s] -- Found ament_lint_auto: 0.17.2 (/opt/ros/jazzy/share/ament_lint_auto/cmake)
[3.562s] [31mCMake Error at /opt/ros/jazzy/share/ament_cmake_core/cmake/core/ament_package_xml.cmake:53 (message):
[3.562s]   ament_package_xml() package name 'robot_description' in '/package.xml' does
[3.562s]   not match current PROJECT_NAME 'rover_description'.  You must call
[3.562s]   project() with the same package name before.
[3.562s] Call Stack (most recent call first):
[3.562s]   /opt/ros/jazzy/share/ament_lint_auto/cmake/ament_lint_auto_find_test_dependencies.cmake:31 (ament_package_xml)
[3.562s]   CMakeLists.txt:27 (ament_lint_auto_find_test_dependencies)
[3.562s] 
[3.562s] [0m
[3.562s] -- Configuring incomplete, errors occurred!
[3.565s] Invoked command in '/home/ubuntu/rover_ws/build/robot_description' returned '1': CMAKE_PREFIX_PATH=${CMAKE_PREFIX_PATH}:/opt/ros/jazzy DEBUGINFOD_URLS=https://debuginfod.ubuntu.com /usr/bin/cmake /home/ubuntu/rover_ws/src/rover_description -DCMAKE_INSTALL_PREFIX=/home/ubuntu/rover_ws/install/robot_description
