[0.602s] DEBUG:colcon:Command line arguments: ['/usr/bin/colcon', 'build']
[0.602s] DEBUG:colcon:Parsed command line arguments: Namespace(log_base=None, log_level=None, verb_name='build', build_base='build', install_base='install', merge_install=False, symlink_install=False, test_result_base=None, continue_on_error=False, executor='parallel', parallel_workers=16, event_handlers=None, ignore_user_meta=False, metas=['./colcon.meta'], base_paths=['.'], packages_ignore=None, packages_ignore_regex=None, paths=None, packages_up_to=None, packages_up_to_regex=None, packages_above=None, packages_above_and_dependencies=None, packages_above_depth=None, packages_select_by_dep=None, packages_skip_by_dep=None, packages_skip_up_to=None, packages_select_build_failed=False, packages_skip_build_finished=False, packages_select_test_failures=False, packages_skip_test_passed=False, packages_select=None, packages_skip=None, packages_select_regex=None, packages_skip_regex=None, packages_start=None, packages_end=None, allow_overriding=[], cmake_args=None, cmake_target=None, cmake_target_skip_unavailable=False, cmake_clean_cache=False, cmake_clean_first=False, cmake_force_configure=False, ament_cmake_args=None, catkin_cmake_args=None, catkin_skip_building_tests=False, mixin_files=None, mixin=None, verb_parser=<colcon_mixin.mixin.mixin_argument.MixinArgumentDecorator object at 0x72e66d8a94f0>, verb_extension=<colcon_core.verb.build.BuildVerb object at 0x72e66d8a9130>, main=<bound method BuildVerb.main of <colcon_core.verb.build.BuildVerb object at 0x72e66d8a9130>>, mixin_verb=('build',))
[0.760s] Level 1:colcon.colcon_core.package_discovery:discover_packages(colcon_meta) check parameters
[0.760s] Level 1:colcon.colcon_core.package_discovery:discover_packages(recursive) check parameters
[0.760s] Level 1:colcon.colcon_core.package_discovery:discover_packages(ignore) check parameters
[0.760s] Level 1:colcon.colcon_core.package_discovery:discover_packages(path) check parameters
[0.760s] Level 1:colcon.colcon_core.package_discovery:discover_packages(colcon_meta) discover
[0.760s] Level 1:colcon.colcon_core.package_discovery:discover_packages(recursive) discover
[0.760s] INFO:colcon.colcon_core.package_discovery:Crawling recursively for packages in '/home/ubuntu/rover_ws'
[0.761s] Level 1:colcon.colcon_core.package_identification:_identify(.) by extensions ['ignore', 'ignore_ament_install']
[0.761s] Level 1:colcon.colcon_core.package_identification:_identify(.) by extension 'ignore'
[0.761s] Level 1:colcon.colcon_core.package_identification:_identify(.) by extension 'ignore_ament_install'
[0.761s] Level 1:colcon.colcon_core.package_identification:_identify(.) by extensions ['colcon_pkg']
[0.761s] Level 1:colcon.colcon_core.package_identification:_identify(.) by extension 'colcon_pkg'
[0.761s] Level 1:colcon.colcon_core.package_identification:_identify(.) by extensions ['colcon_meta']
[0.761s] Level 1:colcon.colcon_core.package_identification:_identify(.) by extension 'colcon_meta'
[0.761s] Level 1:colcon.colcon_core.package_identification:_identify(.) by extensions ['ros']
[0.761s] Level 1:colcon.colcon_core.package_identification:_identify(.) by extension 'ros'
[0.777s] Level 1:colcon.colcon_core.package_identification:_identify(.) by extensions ['cmake', 'python']
[0.777s] Level 1:colcon.colcon_core.package_identification:_identify(.) by extension 'cmake'
[0.777s] Level 1:colcon.colcon_core.package_identification:_identify(.) by extension 'python'
[0.777s] Level 1:colcon.colcon_core.package_identification:_identify(.) by extensions ['python_setup_py']
[0.777s] Level 1:colcon.colcon_core.package_identification:_identify(.) by extension 'python_setup_py'
[0.777s] Level 1:colcon.colcon_core.package_identification:_identify(build) by extensions ['ignore', 'ignore_ament_install']
[0.777s] Level 1:colcon.colcon_core.package_identification:_identify(build) by extension 'ignore'
[0.777s] Level 1:colcon.colcon_core.package_identification:_identify(build) ignored
[0.777s] Level 1:colcon.colcon_core.package_identification:_identify(install) by extensions ['ignore', 'ignore_ament_install']
[0.777s] Level 1:colcon.colcon_core.package_identification:_identify(install) by extension 'ignore'
[0.777s] Level 1:colcon.colcon_core.package_identification:_identify(install) ignored
[0.777s] Level 1:colcon.colcon_core.package_identification:_identify(log) by extensions ['ignore', 'ignore_ament_install']
[0.777s] Level 1:colcon.colcon_core.package_identification:_identify(log) by extension 'ignore'
[0.777s] Level 1:colcon.colcon_core.package_identification:_identify(log) ignored
[0.777s] Level 1:colcon.colcon_core.package_identification:_identify(src) by extensions ['ignore', 'ignore_ament_install']
[0.777s] Level 1:colcon.colcon_core.package_identification:_identify(src) by extension 'ignore'
[0.777s] Level 1:colcon.colcon_core.package_identification:_identify(src) by extension 'ignore_ament_install'
[0.777s] Level 1:colcon.colcon_core.package_identification:_identify(src) by extensions ['colcon_pkg']
[0.777s] Level 1:colcon.colcon_core.package_identification:_identify(src) by extension 'colcon_pkg'
[0.777s] Level 1:colcon.colcon_core.package_identification:_identify(src) by extensions ['colcon_meta']
[0.777s] Level 1:colcon.colcon_core.package_identification:_identify(src) by extension 'colcon_meta'
[0.777s] Level 1:colcon.colcon_core.package_identification:_identify(src) by extensions ['ros']
[0.777s] Level 1:colcon.colcon_core.package_identification:_identify(src) by extension 'ros'
[0.777s] Level 1:colcon.colcon_core.package_identification:_identify(src) by extensions ['cmake', 'python']
[0.777s] Level 1:colcon.colcon_core.package_identification:_identify(src) by extension 'cmake'
[0.777s] Level 1:colcon.colcon_core.package_identification:_identify(src) by extension 'python'
[0.778s] Level 1:colcon.colcon_core.package_identification:_identify(src) by extensions ['python_setup_py']
[0.778s] Level 1:colcon.colcon_core.package_identification:_identify(src) by extension 'python_setup_py'
[0.778s] Level 1:colcon.colcon_core.package_identification:_identify(src/halleffect_controller) by extensions ['ignore', 'ignore_ament_install']
[0.778s] Level 1:colcon.colcon_core.package_identification:_identify(src/halleffect_controller) by extension 'ignore'
[0.778s] Level 1:colcon.colcon_core.package_identification:_identify(src/halleffect_controller) by extension 'ignore_ament_install'
[0.778s] Level 1:colcon.colcon_core.package_identification:_identify(src/halleffect_controller) by extensions ['colcon_pkg']
[0.778s] Level 1:colcon.colcon_core.package_identification:_identify(src/halleffect_controller) by extension 'colcon_pkg'
[0.778s] Level 1:colcon.colcon_core.package_identification:_identify(src/halleffect_controller) by extensions ['colcon_meta']
[0.778s] Level 1:colcon.colcon_core.package_identification:_identify(src/halleffect_controller) by extension 'colcon_meta'
[0.778s] Level 1:colcon.colcon_core.package_identification:_identify(src/halleffect_controller) by extensions ['ros']
[0.778s] Level 1:colcon.colcon_core.package_identification:_identify(src/halleffect_controller) by extension 'ros'
[0.779s] DEBUG:colcon.colcon_core.package_identification:Package 'src/halleffect_controller' with type 'ros.ament_cmake' and name 'halleffect_controller'
[0.779s] Level 1:colcon.colcon_core.package_identification:_identify(src/rover_description) by extensions ['ignore', 'ignore_ament_install']
[0.779s] Level 1:colcon.colcon_core.package_identification:_identify(src/rover_description) by extension 'ignore'
[0.780s] Level 1:colcon.colcon_core.package_identification:_identify(src/rover_description) by extension 'ignore_ament_install'
[0.780s] Level 1:colcon.colcon_core.package_identification:_identify(src/rover_description) by extensions ['colcon_pkg']
[0.780s] Level 1:colcon.colcon_core.package_identification:_identify(src/rover_description) by extension 'colcon_pkg'
[0.780s] Level 1:colcon.colcon_core.package_identification:_identify(src/rover_description) by extensions ['colcon_meta']
[0.780s] Level 1:colcon.colcon_core.package_identification:_identify(src/rover_description) by extension 'colcon_meta'
[0.780s] Level 1:colcon.colcon_core.package_identification:_identify(src/rover_description) by extensions ['ros']
[0.780s] Level 1:colcon.colcon_core.package_identification:_identify(src/rover_description) by extension 'ros'
[0.780s] DEBUG:colcon.colcon_core.package_identification:Package 'src/rover_description' with type 'ros.ament_cmake' and name 'rover_description'
[0.780s] Level 1:colcon.colcon_core.package_discovery:discover_packages(recursive) using defaults
[0.780s] Level 1:colcon.colcon_core.package_discovery:discover_packages(ignore) discover
[0.780s] Level 1:colcon.colcon_core.package_discovery:discover_packages(ignore) using defaults
[0.780s] Level 1:colcon.colcon_core.package_discovery:discover_packages(path) discover
[0.780s] Level 1:colcon.colcon_core.package_discovery:discover_packages(path) using defaults
[0.811s] Level 1:colcon.colcon_core.package_discovery:discover_packages(prefix_path) check parameters
[0.811s] Level 1:colcon.colcon_core.package_discovery:discover_packages(prefix_path) discover
[0.905s] DEBUG:colcon.colcon_installed_package_information.package_discovery:Found 8 installed packages in /home/ubuntu/ros2_ws/install
[0.911s] DEBUG:colcon.colcon_installed_package_information.package_discovery:Found 430 installed packages in /opt/ros/jazzy
[0.917s] Level 1:colcon.colcon_core.package_discovery:discover_packages(prefix_path) using defaults
[2.024s] Level 5:colcon.colcon_core.verb:set package 'halleffect_controller' build argument 'cmake_args' from command line to 'None'
[2.024s] Level 5:colcon.colcon_core.verb:set package 'halleffect_controller' build argument 'cmake_target' from command line to 'None'
[2.024s] Level 5:colcon.colcon_core.verb:set package 'halleffect_controller' build argument 'cmake_target_skip_unavailable' from command line to 'False'
[2.024s] Level 5:colcon.colcon_core.verb:set package 'halleffect_controller' build argument 'cmake_clean_cache' from command line to 'False'
[2.024s] Level 5:colcon.colcon_core.verb:set package 'halleffect_controller' build argument 'cmake_clean_first' from command line to 'False'
[2.024s] Level 5:colcon.colcon_core.verb:set package 'halleffect_controller' build argument 'cmake_force_configure' from command line to 'False'
[2.024s] Level 5:colcon.colcon_core.verb:set package 'halleffect_controller' build argument 'ament_cmake_args' from command line to 'None'
[2.024s] Level 5:colcon.colcon_core.verb:set package 'halleffect_controller' build argument 'catkin_cmake_args' from command line to 'None'
[2.024s] Level 5:colcon.colcon_core.verb:set package 'halleffect_controller' build argument 'catkin_skip_building_tests' from command line to 'False'
[2.024s] DEBUG:colcon.colcon_core.verb:Building package 'halleffect_controller' with the following arguments: {'ament_cmake_args': None, 'build_base': '/home/ubuntu/rover_ws/build/halleffect_controller', 'catkin_cmake_args': None, 'catkin_skip_building_tests': False, 'cmake_args': None, 'cmake_clean_cache': False, 'cmake_clean_first': False, 'cmake_force_configure': False, 'cmake_target': None, 'cmake_target_skip_unavailable': False, 'install_base': '/home/ubuntu/rover_ws/install/halleffect_controller', 'merge_install': False, 'path': '/home/ubuntu/rover_ws/src/halleffect_controller', 'symlink_install': False, 'test_result_base': None}
[2.024s] Level 5:colcon.colcon_core.verb:set package 'rover_description' build argument 'cmake_args' from command line to 'None'
[2.024s] Level 5:colcon.colcon_core.verb:set package 'rover_description' build argument 'cmake_target' from command line to 'None'
[2.024s] Level 5:colcon.colcon_core.verb:set package 'rover_description' build argument 'cmake_target_skip_unavailable' from command line to 'False'
[2.024s] Level 5:colcon.colcon_core.verb:set package 'rover_description' build argument 'cmake_clean_cache' from command line to 'False'
[2.024s] Level 5:colcon.colcon_core.verb:set package 'rover_description' build argument 'cmake_clean_first' from command line to 'False'
[2.024s] Level 5:colcon.colcon_core.verb:set package 'rover_description' build argument 'cmake_force_configure' from command line to 'False'
[2.024s] Level 5:colcon.colcon_core.verb:set package 'rover_description' build argument 'ament_cmake_args' from command line to 'None'
[2.024s] Level 5:colcon.colcon_core.verb:set package 'rover_description' build argument 'catkin_cmake_args' from command line to 'None'
[2.025s] Level 5:colcon.colcon_core.verb:set package 'rover_description' build argument 'catkin_skip_building_tests' from command line to 'False'
[2.025s] DEBUG:colcon.colcon_core.verb:Building package 'rover_description' with the following arguments: {'ament_cmake_args': None, 'build_base': '/home/ubuntu/rover_ws/build/rover_description', 'catkin_cmake_args': None, 'catkin_skip_building_tests': False, 'cmake_args': None, 'cmake_clean_cache': False, 'cmake_clean_first': False, 'cmake_force_configure': False, 'cmake_target': None, 'cmake_target_skip_unavailable': False, 'install_base': '/home/ubuntu/rover_ws/install/rover_description', 'merge_install': False, 'path': '/home/ubuntu/rover_ws/src/rover_description', 'symlink_install': False, 'test_result_base': None}
[2.025s] INFO:colcon.colcon_core.executor:Executing jobs using 'parallel' executor
[2.025s] DEBUG:colcon.colcon_parallel_executor.executor.parallel:run_until_complete
[2.025s] INFO:colcon.colcon_ros.task.ament_cmake.build:Building ROS package in '/home/ubuntu/rover_ws/src/halleffect_controller' with build type 'ament_cmake'
[2.025s] INFO:colcon.colcon_cmake.task.cmake.build:Building CMake package in '/home/ubuntu/rover_ws/src/halleffect_controller'
[2.111s] INFO:colcon.colcon_core.plugin_system:Skipping extension 'colcon_core.shell.bat': Not used on non-Windows systems
[2.111s] INFO:colcon.colcon_core.shell:Skip shell extension 'powershell' for command environment: Not usable outside of PowerShell
[2.111s] DEBUG:colcon.colcon_core.shell:Skip shell extension 'dsv' for command environment
[2.137s] INFO:colcon.colcon_ros.task.ament_cmake.build:Building ROS package in '/home/ubuntu/rover_ws/src/rover_description' with build type 'ament_cmake'
[2.137s] INFO:colcon.colcon_cmake.task.cmake.build:Building CMake package in '/home/ubuntu/rover_ws/src/rover_description'
[2.138s] INFO:colcon.colcon_core.shell:Skip shell extension 'powershell' for command environment: Not usable outside of PowerShell
[2.138s] DEBUG:colcon.colcon_core.shell:Skip shell extension 'dsv' for command environment
[2.250s] DEBUG:colcon.colcon_core.event_handler.log_command:Invoking command in '/home/ubuntu/rover_ws/build/halleffect_controller': CMAKE_PREFIX_PATH=${CMAKE_PREFIX_PATH}:/opt/ros/jazzy DEBUGINFOD_URLS=https://debuginfod.ubuntu.com /usr/bin/cmake --build /home/ubuntu/rover_ws/build/halleffect_controller -- -j16 -l16
[2.524s] DEBUG:colcon.colcon_core.event_handler.log_command:Invoking command in '/home/ubuntu/rover_ws/build/rover_description': CMAKE_PREFIX_PATH=${CMAKE_PREFIX_PATH}:/opt/ros/jazzy DEBUGINFOD_URLS=https://debuginfod.ubuntu.com /usr/bin/cmake --build /home/ubuntu/rover_ws/build/rover_description -- -j16 -l16
[5.205s] DEBUG:colcon.colcon_core.event_handler.log_command:Invoked command in '/home/ubuntu/rover_ws/build/halleffect_controller' returned '0': CMAKE_PREFIX_PATH=${CMAKE_PREFIX_PATH}:/opt/ros/jazzy DEBUGINFOD_URLS=https://debuginfod.ubuntu.com /usr/bin/cmake --build /home/ubuntu/rover_ws/build/halleffect_controller -- -j16 -l16
[5.267s] DEBUG:colcon.colcon_core.event_handler.log_command:Invoking command in '/home/ubuntu/rover_ws/build/halleffect_controller': CMAKE_PREFIX_PATH=${CMAKE_PREFIX_PATH}:/opt/ros/jazzy DEBUGINFOD_URLS=https://debuginfod.ubuntu.com /usr/bin/cmake --install /home/ubuntu/rover_ws/build/halleffect_controller
[5.438s] Level 1:colcon.colcon_core.environment:create_environment_scripts_only(halleffect_controller)
[5.439s] DEBUG:colcon.colcon_core.event_handler.log_command:Invoked command in '/home/ubuntu/rover_ws/build/halleffect_controller' returned '0': CMAKE_PREFIX_PATH=${CMAKE_PREFIX_PATH}:/opt/ros/jazzy DEBUGINFOD_URLS=https://debuginfod.ubuntu.com /usr/bin/cmake --install /home/ubuntu/rover_ws/build/halleffect_controller
[5.612s] Level 1:colcon.colcon_core.environment:checking '/home/ubuntu/rover_ws/install/halleffect_controller' for CMake module files
[5.614s] Level 1:colcon.colcon_core.environment:checking '/home/ubuntu/rover_ws/install/halleffect_controller' for CMake config files
[5.615s] Level 1:colcon.colcon_core.shell:create_environment_hook('halleffect_controller', 'cmake_prefix_path')
[5.615s] INFO:colcon.colcon_core.shell:Creating environment hook '/home/ubuntu/rover_ws/install/halleffect_controller/share/halleffect_controller/hook/cmake_prefix_path.ps1'
[5.642s] INFO:colcon.colcon_core.shell:Creating environment descriptor '/home/ubuntu/rover_ws/install/halleffect_controller/share/halleffect_controller/hook/cmake_prefix_path.dsv'
[5.661s] INFO:colcon.colcon_core.shell:Creating environment hook '/home/ubuntu/rover_ws/install/halleffect_controller/share/halleffect_controller/hook/cmake_prefix_path.sh'
[5.687s] Level 1:colcon.colcon_core.environment:checking '/home/ubuntu/rover_ws/install/halleffect_controller/lib'
[5.688s] Level 1:colcon.colcon_core.environment:checking '/home/ubuntu/rover_ws/install/halleffect_controller/bin'
[5.688s] Level 1:colcon.colcon_core.environment:checking '/home/ubuntu/rover_ws/install/halleffect_controller/lib/pkgconfig/halleffect_controller.pc'
[5.689s] Level 1:colcon.colcon_core.environment:checking '/home/ubuntu/rover_ws/install/halleffect_controller/lib/python3.12/site-packages'
[5.689s] Level 1:colcon.colcon_core.environment:checking '/home/ubuntu/rover_ws/install/halleffect_controller/bin'
[5.690s] INFO:colcon.colcon_core.shell:Creating package script '/home/ubuntu/rover_ws/install/halleffect_controller/share/halleffect_controller/package.ps1'
[5.697s] INFO:colcon.colcon_core.shell:Creating package descriptor '/home/ubuntu/rover_ws/install/halleffect_controller/share/halleffect_controller/package.dsv'
[5.713s] INFO:colcon.colcon_core.shell:Creating package script '/home/ubuntu/rover_ws/install/halleffect_controller/share/halleffect_controller/package.sh'
[5.726s] INFO:colcon.colcon_core.shell:Creating package script '/home/ubuntu/rover_ws/install/halleffect_controller/share/halleffect_controller/package.bash'
[5.774s] INFO:colcon.colcon_core.shell:Creating package script '/home/ubuntu/rover_ws/install/halleffect_controller/share/halleffect_controller/package.zsh'
[5.806s] Level 1:colcon.colcon_core.environment:create_file_with_runtime_dependencies(/home/ubuntu/rover_ws/install/halleffect_controller/share/colcon-core/packages/halleffect_controller)
[5.809s] Level 1:colcon.colcon_core.environment:create_environment_scripts_only(halleffect_controller)
[5.809s] Level 1:colcon.colcon_core.environment:checking '/home/ubuntu/rover_ws/install/halleffect_controller' for CMake module files
[5.811s] Level 1:colcon.colcon_core.environment:checking '/home/ubuntu/rover_ws/install/halleffect_controller' for CMake config files
[5.811s] Level 1:colcon.colcon_core.shell:create_environment_hook('halleffect_controller', 'cmake_prefix_path')
[5.812s] INFO:colcon.colcon_core.shell:Creating environment hook '/home/ubuntu/rover_ws/install/halleffect_controller/share/halleffect_controller/hook/cmake_prefix_path.ps1'
[5.813s] INFO:colcon.colcon_core.shell:Creating environment descriptor '/home/ubuntu/rover_ws/install/halleffect_controller/share/halleffect_controller/hook/cmake_prefix_path.dsv'
[5.814s] INFO:colcon.colcon_core.shell:Creating environment hook '/home/ubuntu/rover_ws/install/halleffect_controller/share/halleffect_controller/hook/cmake_prefix_path.sh'
[5.816s] Level 1:colcon.colcon_core.environment:checking '/home/ubuntu/rover_ws/install/halleffect_controller/lib'
[5.816s] Level 1:colcon.colcon_core.environment:checking '/home/ubuntu/rover_ws/install/halleffect_controller/bin'
[5.816s] Level 1:colcon.colcon_core.environment:checking '/home/ubuntu/rover_ws/install/halleffect_controller/lib/pkgconfig/halleffect_controller.pc'
[5.817s] Level 1:colcon.colcon_core.environment:checking '/home/ubuntu/rover_ws/install/halleffect_controller/lib/python3.12/site-packages'
[5.817s] Level 1:colcon.colcon_core.environment:checking '/home/ubuntu/rover_ws/install/halleffect_controller/bin'
[5.818s] INFO:colcon.colcon_core.shell:Creating package script '/home/ubuntu/rover_ws/install/halleffect_controller/share/halleffect_controller/package.ps1'
[5.820s] INFO:colcon.colcon_core.shell:Creating package descriptor '/home/ubuntu/rover_ws/install/halleffect_controller/share/halleffect_controller/package.dsv'
[5.821s] INFO:colcon.colcon_core.shell:Creating package script '/home/ubuntu/rover_ws/install/halleffect_controller/share/halleffect_controller/package.sh'
[5.821s] INFO:colcon.colcon_core.shell:Creating package script '/home/ubuntu/rover_ws/install/halleffect_controller/share/halleffect_controller/package.bash'
[5.822s] INFO:colcon.colcon_core.shell:Creating package script '/home/ubuntu/rover_ws/install/halleffect_controller/share/halleffect_controller/package.zsh'
[5.823s] Level 1:colcon.colcon_core.environment:create_file_with_runtime_dependencies(/home/ubuntu/rover_ws/install/halleffect_controller/share/colcon-core/packages/halleffect_controller)
[8.071s] DEBUG:colcon.colcon_core.event_handler.log_command:Invoked command in '/home/ubuntu/rover_ws/build/rover_description' returned '0': CMAKE_PREFIX_PATH=${CMAKE_PREFIX_PATH}:/opt/ros/jazzy DEBUGINFOD_URLS=https://debuginfod.ubuntu.com /usr/bin/cmake --build /home/ubuntu/rover_ws/build/rover_description -- -j16 -l16
[8.071s] DEBUG:colcon.colcon_core.event_handler.log_command:Invoking command in '/home/ubuntu/rover_ws/build/rover_description': CMAKE_PREFIX_PATH=${CMAKE_PREFIX_PATH}:/opt/ros/jazzy DEBUGINFOD_URLS=https://debuginfod.ubuntu.com /usr/bin/cmake --install /home/ubuntu/rover_ws/build/rover_description
[8.077s] Level 1:colcon.colcon_core.environment:create_environment_scripts_only(rover_description)
[8.077s] Level 1:colcon.colcon_core.environment:checking '/home/ubuntu/rover_ws/install/rover_description' for CMake module files
[8.078s] DEBUG:colcon.colcon_core.event_handler.log_command:Invoked command in '/home/ubuntu/rover_ws/build/rover_description' returned '0': CMAKE_PREFIX_PATH=${CMAKE_PREFIX_PATH}:/opt/ros/jazzy DEBUGINFOD_URLS=https://debuginfod.ubuntu.com /usr/bin/cmake --install /home/ubuntu/rover_ws/build/rover_description
[8.078s] Level 1:colcon.colcon_core.environment:checking '/home/ubuntu/rover_ws/install/rover_description' for CMake config files
[8.078s] Level 1:colcon.colcon_core.shell:create_environment_hook('rover_description', 'cmake_prefix_path')
[8.078s] INFO:colcon.colcon_core.shell:Creating environment hook '/home/ubuntu/rover_ws/install/rover_description/share/rover_description/hook/cmake_prefix_path.ps1'
[8.078s] INFO:colcon.colcon_core.shell:Creating environment descriptor '/home/ubuntu/rover_ws/install/rover_description/share/rover_description/hook/cmake_prefix_path.dsv'
[8.079s] INFO:colcon.colcon_core.shell:Creating environment hook '/home/ubuntu/rover_ws/install/rover_description/share/rover_description/hook/cmake_prefix_path.sh'
[8.079s] Level 1:colcon.colcon_core.environment:checking '/home/ubuntu/rover_ws/install/rover_description/bin'
[8.079s] Level 1:colcon.colcon_core.environment:checking '/home/ubuntu/rover_ws/install/rover_description/lib/pkgconfig/rover_description.pc'
[8.079s] Level 1:colcon.colcon_core.environment:checking '/home/ubuntu/rover_ws/install/rover_description/lib/python3.12/site-packages'
[8.079s] Level 1:colcon.colcon_core.environment:checking '/home/ubuntu/rover_ws/install/rover_description/bin'
[8.079s] INFO:colcon.colcon_core.shell:Creating package script '/home/ubuntu/rover_ws/install/rover_description/share/rover_description/package.ps1'
[8.080s] INFO:colcon.colcon_core.shell:Creating package descriptor '/home/ubuntu/rover_ws/install/rover_description/share/rover_description/package.dsv'
[8.080s] INFO:colcon.colcon_core.shell:Creating package script '/home/ubuntu/rover_ws/install/rover_description/share/rover_description/package.sh'
[8.080s] INFO:colcon.colcon_core.shell:Creating package script '/home/ubuntu/rover_ws/install/rover_description/share/rover_description/package.bash'
[8.080s] INFO:colcon.colcon_core.shell:Creating package script '/home/ubuntu/rover_ws/install/rover_description/share/rover_description/package.zsh'
[8.080s] Level 1:colcon.colcon_core.environment:create_file_with_runtime_dependencies(/home/ubuntu/rover_ws/install/rover_description/share/colcon-core/packages/rover_description)
[8.081s] Level 1:colcon.colcon_core.environment:create_environment_scripts_only(rover_description)
[8.081s] Level 1:colcon.colcon_core.environment:checking '/home/ubuntu/rover_ws/install/rover_description' for CMake module files
[8.081s] Level 1:colcon.colcon_core.environment:checking '/home/ubuntu/rover_ws/install/rover_description' for CMake config files
[8.081s] Level 1:colcon.colcon_core.shell:create_environment_hook('rover_description', 'cmake_prefix_path')
[8.081s] INFO:colcon.colcon_core.shell:Creating environment hook '/home/ubuntu/rover_ws/install/rover_description/share/rover_description/hook/cmake_prefix_path.ps1'
[8.081s] INFO:colcon.colcon_core.shell:Creating environment descriptor '/home/ubuntu/rover_ws/install/rover_description/share/rover_description/hook/cmake_prefix_path.dsv'
[8.082s] INFO:colcon.colcon_core.shell:Creating environment hook '/home/ubuntu/rover_ws/install/rover_description/share/rover_description/hook/cmake_prefix_path.sh'
[8.082s] Level 1:colcon.colcon_core.environment:checking '/home/ubuntu/rover_ws/install/rover_description/bin'
[8.082s] Level 1:colcon.colcon_core.environment:checking '/home/ubuntu/rover_ws/install/rover_description/lib/pkgconfig/rover_description.pc'
[8.082s] Level 1:colcon.colcon_core.environment:checking '/home/ubuntu/rover_ws/install/rover_description/lib/python3.12/site-packages'
[8.082s] Level 1:colcon.colcon_core.environment:checking '/home/ubuntu/rover_ws/install/rover_description/bin'
[8.082s] INFO:colcon.colcon_core.shell:Creating package script '/home/ubuntu/rover_ws/install/rover_description/share/rover_description/package.ps1'
[8.083s] INFO:colcon.colcon_core.shell:Creating package descriptor '/home/ubuntu/rover_ws/install/rover_description/share/rover_description/package.dsv'
[8.083s] INFO:colcon.colcon_core.shell:Creating package script '/home/ubuntu/rover_ws/install/rover_description/share/rover_description/package.sh'
[8.083s] INFO:colcon.colcon_core.shell:Creating package script '/home/ubuntu/rover_ws/install/rover_description/share/rover_description/package.bash'
[8.083s] INFO:colcon.colcon_core.shell:Creating package script '/home/ubuntu/rover_ws/install/rover_description/share/rover_description/package.zsh'
[8.083s] Level 1:colcon.colcon_core.environment:create_file_with_runtime_dependencies(/home/ubuntu/rover_ws/install/rover_description/share/colcon-core/packages/rover_description)
[8.084s] DEBUG:colcon.colcon_parallel_executor.executor.parallel:closing loop
[8.084s] DEBUG:colcon.colcon_parallel_executor.executor.parallel:loop closed
[8.084s] DEBUG:colcon.colcon_parallel_executor.executor.parallel:run_until_complete finished with '0'
[8.084s] DEBUG:colcon.colcon_core.event_reactor:joining thread
[8.154s] INFO:colcon.colcon_core.plugin_system:Skipping extension 'colcon_notification.desktop_notification.terminal_notifier': Not used on non-Darwin systems
[8.154s] INFO:colcon.colcon_core.plugin_system:Skipping extension 'colcon_notification.desktop_notification.win32': Not used on non-Windows systems
[8.154s] INFO:colcon.colcon_notification.desktop_notification:Sending desktop notification using 'notify2'
[8.187s] DEBUG:colcon.colcon_core.event_reactor:joined thread
[8.188s] INFO:colcon.colcon_core.shell:Creating prefix script '/home/ubuntu/rover_ws/install/local_setup.ps1'
[8.209s] INFO:colcon.colcon_core.shell:Creating prefix util module '/home/ubuntu/rover_ws/install/_local_setup_util_ps1.py'
[8.255s] INFO:colcon.colcon_core.shell:Creating prefix chain script '/home/ubuntu/rover_ws/install/setup.ps1'
[8.266s] INFO:colcon.colcon_core.shell:Creating prefix script '/home/ubuntu/rover_ws/install/local_setup.sh'
[8.274s] INFO:colcon.colcon_core.shell:Creating prefix util module '/home/ubuntu/rover_ws/install/_local_setup_util_sh.py'
[8.276s] INFO:colcon.colcon_core.shell:Creating prefix chain script '/home/ubuntu/rover_ws/install/setup.sh'
[8.292s] INFO:colcon.colcon_core.shell:Creating prefix script '/home/ubuntu/rover_ws/install/local_setup.bash'
[8.315s] INFO:colcon.colcon_core.shell:Creating prefix chain script '/home/ubuntu/rover_ws/install/setup.bash'
[8.322s] INFO:colcon.colcon_core.shell:Creating prefix script '/home/ubuntu/rover_ws/install/local_setup.zsh'
[8.340s] INFO:colcon.colcon_core.shell:Creating prefix chain script '/home/ubuntu/rover_ws/install/setup.zsh'
