[ 50%] [32mBuilding CXX object CMakeFiles/trajectory_drawer.dir/src/trajectory_drawer.cpp.o[0m
[100%] [32m[1mLinking CXX executable trajectory_drawer[0m
[100%] Built target trajectory_drawer
-- Install configuration: ""
-- Installing: /home/ubuntu/rover_ws/install/rover_utils/lib/rover_utils/trajectory_drawer
-- Set non-toolchain portion of runtime path of "/home/ubuntu/rover_ws/install/rover_utils/lib/rover_utils/trajectory_drawer" to ""
-- Up-to-date: /home/ubuntu/rover_ws/install/rover_utils/share/ament_index/resource_index/package_run_dependencies/rover_utils
-- Up-to-date: /home/ubuntu/rover_ws/install/rover_utils/share/ament_index/resource_index/parent_prefix_path/rover_utils
-- Up-to-date: /home/ubuntu/rover_ws/install/rover_utils/share/rover_utils/environment/ament_prefix_path.sh
-- Up-to-date: /home/ubuntu/rover_ws/install/rover_utils/share/rover_utils/environment/ament_prefix_path.dsv
-- Up-to-date: /home/ubuntu/rover_ws/install/rover_utils/share/rover_utils/environment/path.sh
-- Up-to-date: /home/ubuntu/rover_ws/install/rover_utils/share/rover_utils/environment/path.dsv
-- Up-to-date: /home/ubuntu/rover_ws/install/rover_utils/share/rover_utils/local_setup.bash
-- Up-to-date: /home/ubuntu/rover_ws/install/rover_utils/share/rover_utils/local_setup.sh
-- Up-to-date: /home/ubuntu/rover_ws/install/rover_utils/share/rover_utils/local_setup.zsh
-- Up-to-date: /home/ubuntu/rover_ws/install/rover_utils/share/rover_utils/local_setup.dsv
-- Installing: /home/ubuntu/rover_ws/install/rover_utils/share/rover_utils/package.dsv
-- Up-to-date: /home/ubuntu/rover_ws/install/rover_utils/share/ament_index/resource_index/packages/rover_utils
-- Up-to-date: /home/ubuntu/rover_ws/install/rover_utils/share/rover_utils/cmake/rover_utilsConfig.cmake
-- Up-to-date: /home/ubuntu/rover_ws/install/rover_utils/share/rover_utils/cmake/rover_utilsConfig-version.cmake
-- Up-to-date: /home/ubuntu/rover_ws/install/rover_utils/share/rover_utils/package.xml
