[0.009s] Invoking command in '/home/ubuntu/rover_ws/build/rover_utils': CMAKE_PREFIX_PATH=${CMAKE_PREFIX_PATH}:/opt/ros/jazzy DEBUGINFOD_URLS=https://debuginfod.ubuntu.com /usr/bin/cmake --build /home/ubuntu/rover_ws/build/rover_utils -- -j16 -l16
[0.026s] -- Found ament_cmake: 2.5.4 (/opt/ros/jazzy/share/ament_cmake/cmake)
[0.162s] -- Found rclpy: 7.1.4 (/opt/ros/jazzy/share/rclpy/cmake)
[0.162s] -- Found rclcpp: 28.1.9 (/opt/ros/jazzy/share/rclcpp/cmake)
[0.182s] -- Found rosidl_generator_c: 4.6.5 (/opt/ros/jazzy/share/rosidl_generator_c/cmake)
[0.188s] -- Found rosidl_generator_cpp: 4.6.5 (/opt/ros/jazzy/share/rosidl_generator_cpp/cmake)
[0.195s] -- Using all available rosidl_typesupport_c: rosidl_typesupport_fastrtps_c;rosidl_typesupport_introspection_c
[0.204s] -- Using all available rosidl_typesupport_cpp: rosidl_typesupport_fastrtps_cpp;rosidl_typesupport_introspection_cpp
[0.243s] -- Found rmw_implementation_cmake: 7.3.2 (/opt/ros/jazzy/share/rmw_implementation_cmake/cmake)
[0.244s] -- Found rmw_fastrtps_cpp: 8.4.2 (/opt/ros/jazzy/share/rmw_fastrtps_cpp/cmake)
[0.284s] -- Using RMW implementation 'rmw_fastrtps_cpp' as default
[0.324s] -- Found std_msgs: 5.3.6 (/opt/ros/jazzy/share/std_msgs/cmake)
[0.332s] -- Found geometry_msgs: 5.3.6 (/opt/ros/jazzy/share/geometry_msgs/cmake)
[0.341s] -- Found sensor_msgs: 5.3.6 (/opt/ros/jazzy/share/sensor_msgs/cmake)
[0.356s] -- Found nav_msgs: 5.3.6 (/opt/ros/jazzy/share/nav_msgs/cmake)
[0.372s] -- Found tf2: 0.36.10 (/opt/ros/jazzy/share/tf2/cmake)
[0.376s] -- Found ament_lint_auto: 0.17.2 (/opt/ros/jazzy/share/ament_lint_auto/cmake)
[0.434s] -- Added test 'cppcheck' to perform static code analysis on C / C++ code
[0.434s] -- Configured cppcheck include dirs: 
[0.434s] -- Configured cppcheck exclude dirs and/or files: 
[0.435s] -- Added test 'lint_cmake' to check CMake code style
[0.435s] -- Added test 'uncrustify' to check C / C++ code style
[0.435s] -- Configured uncrustify additional arguments: 
[0.435s] -- Added test 'xmllint' to check XML markup files
[0.436s] -- Configuring done (0.4s)
[0.443s] -- Generating done (0.0s)
[0.445s] -- Build files have been written to: /home/ubuntu/rover_ws/build/rover_utils
[0.473s] [100%] Built target trajectory_drawer
[0.480s] Invoked command in '/home/ubuntu/rover_ws/build/rover_utils' returned '0': CMAKE_PREFIX_PATH=${CMAKE_PREFIX_PATH}:/opt/ros/jazzy DEBUGINFOD_URLS=https://debuginfod.ubuntu.com /usr/bin/cmake --build /home/ubuntu/rover_ws/build/rover_utils -- -j16 -l16
[0.481s] Invoking command in '/home/ubuntu/rover_ws/build/rover_utils': CMAKE_PREFIX_PATH=${CMAKE_PREFIX_PATH}:/opt/ros/jazzy DEBUGINFOD_URLS=https://debuginfod.ubuntu.com /usr/bin/cmake --install /home/ubuntu/rover_ws/build/rover_utils
[0.486s] -- Install configuration: ""
[0.486s] -- Up-to-date: /home/ubuntu/rover_ws/install/rover_utils/include/include
[0.486s] -- Up-to-date: /home/ubuntu/rover_ws/install/rover_utils/include/include/rover_utils
[0.486s] -- Up-to-date: /home/ubuntu/rover_ws/install/rover_utils/lib/rover_utils/trajectory_drawer
[0.486s] -- Installing: /home/ubuntu/rover_ws/install/rover_utils/share/ament_index/resource_index/package_run_dependencies/rover_utils
[0.486s] -- Installing: /home/ubuntu/rover_ws/install/rover_utils/share/ament_index/resource_index/parent_prefix_path/rover_utils
[0.486s] -- Installing: /home/ubuntu/rover_ws/install/rover_utils/share/rover_utils/environment/ament_prefix_path.sh
[0.486s] -- Installing: /home/ubuntu/rover_ws/install/rover_utils/share/rover_utils/environment/ament_prefix_path.dsv
[0.486s] -- Installing: /home/ubuntu/rover_ws/install/rover_utils/share/rover_utils/environment/path.sh
[0.486s] -- Installing: /home/ubuntu/rover_ws/install/rover_utils/share/rover_utils/environment/path.dsv
[0.486s] -- Installing: /home/ubuntu/rover_ws/install/rover_utils/share/rover_utils/local_setup.bash
[0.486s] -- Installing: /home/ubuntu/rover_ws/install/rover_utils/share/rover_utils/local_setup.sh
[0.486s] -- Installing: /home/ubuntu/rover_ws/install/rover_utils/share/rover_utils/local_setup.zsh
[0.486s] -- Installing: /home/ubuntu/rover_ws/install/rover_utils/share/rover_utils/local_setup.dsv
[0.486s] -- Installing: /home/ubuntu/rover_ws/install/rover_utils/share/rover_utils/package.dsv
[0.487s] -- Installing: /home/ubuntu/rover_ws/install/rover_utils/share/ament_index/resource_index/packages/rover_utils
[0.487s] -- Installing: /home/ubuntu/rover_ws/install/rover_utils/share/rover_utils/cmake/rover_utilsConfig.cmake
[0.487s] -- Installing: /home/ubuntu/rover_ws/install/rover_utils/share/rover_utils/cmake/rover_utilsConfig-version.cmake
[0.487s] -- Installing: /home/ubuntu/rover_ws/install/rover_utils/share/rover_utils/package.xml
[0.488s] Invoked command in '/home/ubuntu/rover_ws/build/rover_utils' returned '0': CMAKE_PREFIX_PATH=${CMAKE_PREFIX_PATH}:/opt/ros/jazzy DEBUGINFOD_URLS=https://debuginfod.ubuntu.com /usr/bin/cmake --install /home/ubuntu/rover_ws/build/rover_utils
