[0.011s] Invoking command in '/home/ubuntu/rover_ws/build/urdf_tutorial_cpp': CMAKE_PREFIX_PATH=${CMAKE_PREFIX_PATH}:/opt/ros/jazzy DEBUGINFOD_URLS=https://debuginfod.ubuntu.com /usr/bin/cmake --build /home/ubuntu/rover_ws/build/urdf_tutorial_cpp -- -j16 -l16
[0.057s] [100%] Built target urdf_tutorial_cpp
[0.066s] Invoked command in '/home/ubuntu/rover_ws/build/urdf_tutorial_cpp' returned '0': CMAKE_PREFIX_PATH=${CMAKE_PREFIX_PATH}:/opt/ros/jazzy DEBUGINFOD_URLS=https://debuginfod.ubuntu.com /usr/bin/cmake --build /home/ubuntu/rover_ws/build/urdf_tutorial_cpp -- -j16 -l16
[0.066s] Invoking command in '/home/ubuntu/rover_ws/build/urdf_tutorial_cpp': CMAKE_PREFIX_PATH=${CMAKE_PREFIX_PATH}:/opt/ros/jazzy DEBUGINFOD_URLS=https://debuginfod.ubuntu.com /usr/bin/cmake --install /home/ubuntu/rover_ws/build/urdf_tutorial_cpp
[0.073s] -- Install configuration: ""
[0.073s] -- Execute custom install script
[0.073s] -- Up-to-date symlink: /home/ubuntu/rover_ws/install/urdf_tutorial_cpp/lib/urdf_tutorial_cpp/urdf_tutorial_cpp
[0.073s] -- Up-to-date symlink: /home/ubuntu/rover_ws/install/urdf_tutorial_cpp/share/urdf_tutorial_cpp/launch/launch.py
[0.073s] -- Up-to-date symlink: /home/ubuntu/rover_ws/install/urdf_tutorial_cpp/share/urdf_tutorial_cpp/urdf/r2d2.rviz
[0.073s] -- Up-to-date symlink: /home/ubuntu/rover_ws/install/urdf_tutorial_cpp/share/urdf_tutorial_cpp/urdf/r2d2.urdf.xml
[0.073s] -- Up-to-date symlink: /home/ubuntu/rover_ws/install/urdf_tutorial_cpp/share/ament_index/resource_index/package_run_dependencies/urdf_tutorial_cpp
[0.073s] -- Up-to-date symlink: /home/ubuntu/rover_ws/install/urdf_tutorial_cpp/share/ament_index/resource_index/parent_prefix_path/urdf_tutorial_cpp
[0.073s] -- Up-to-date symlink: /home/ubuntu/rover_ws/install/urdf_tutorial_cpp/share/urdf_tutorial_cpp/environment/ament_prefix_path.sh
[0.073s] -- Up-to-date symlink: /home/ubuntu/rover_ws/install/urdf_tutorial_cpp/share/urdf_tutorial_cpp/environment/ament_prefix_path.dsv
[0.073s] -- Up-to-date symlink: /home/ubuntu/rover_ws/install/urdf_tutorial_cpp/share/urdf_tutorial_cpp/environment/path.sh
[0.073s] -- Up-to-date symlink: /home/ubuntu/rover_ws/install/urdf_tutorial_cpp/share/urdf_tutorial_cpp/environment/path.dsv
[0.073s] -- Up-to-date symlink: /home/ubuntu/rover_ws/install/urdf_tutorial_cpp/share/urdf_tutorial_cpp/local_setup.bash
[0.073s] -- Up-to-date symlink: /home/ubuntu/rover_ws/install/urdf_tutorial_cpp/share/urdf_tutorial_cpp/local_setup.sh
[0.073s] -- Up-to-date symlink: /home/ubuntu/rover_ws/install/urdf_tutorial_cpp/share/urdf_tutorial_cpp/local_setup.zsh
[0.073s] -- Up-to-date symlink: /home/ubuntu/rover_ws/install/urdf_tutorial_cpp/share/urdf_tutorial_cpp/local_setup.dsv
[0.073s] -- Symlinking: /home/ubuntu/rover_ws/install/urdf_tutorial_cpp/share/urdf_tutorial_cpp/package.dsv
[0.078s] -- Up-to-date symlink: /home/ubuntu/rover_ws/install/urdf_tutorial_cpp/share/ament_index/resource_index/packages/urdf_tutorial_cpp
[0.078s] -- Up-to-date symlink: /home/ubuntu/rover_ws/install/urdf_tutorial_cpp/share/urdf_tutorial_cpp/cmake/urdf_tutorial_cppConfig.cmake
[0.078s] -- Up-to-date symlink: /home/ubuntu/rover_ws/install/urdf_tutorial_cpp/share/urdf_tutorial_cpp/cmake/urdf_tutorial_cppConfig-version.cmake
[0.078s] -- Up-to-date symlink: /home/ubuntu/rover_ws/install/urdf_tutorial_cpp/share/urdf_tutorial_cpp/package.xml
[0.095s] Invoked command in '/home/ubuntu/rover_ws/build/urdf_tutorial_cpp' returned '0': CMAKE_PREFIX_PATH=${CMAKE_PREFIX_PATH}:/opt/ros/jazzy DEBUGINFOD_URLS=https://debuginfod.ubuntu.com /usr/bin/cmake --install /home/ubuntu/rover_ws/build/urdf_tutorial_cpp
