[0.150s] DEBUG:colcon:Command line arguments: ['/usr/bin/colcon', 'build']
[0.150s] DEBUG:colcon:Parsed command line arguments: Namespace(log_base=None, log_level=None, verb_name='build', build_base='build', install_base='install', merge_install=False, symlink_install=False, test_result_base=None, continue_on_error=False, executor='parallel', parallel_workers=16, event_handlers=None, ignore_user_meta=False, metas=['./colcon.meta'], base_paths=['.'], packages_ignore=None, packages_ignore_regex=None, paths=None, packages_up_to=None, packages_up_to_regex=None, packages_above=None, packages_above_and_dependencies=None, packages_above_depth=None, packages_select_by_dep=None, packages_skip_by_dep=None, packages_skip_up_to=None, packages_select_build_failed=False, packages_skip_build_finished=False, packages_select_test_failures=False, packages_skip_test_passed=False, packages_select=None, packages_skip=None, packages_select_regex=None, packages_skip_regex=None, packages_start=None, packages_end=None, allow_overriding=[], cmake_args=None, cmake_target=None, cmake_target_skip_unavailable=False, cmake_clean_cache=False, cmake_clean_first=False, cmake_force_configure=False, ament_cmake_args=None, catkin_cmake_args=None, catkin_skip_building_tests=False, mixin_files=None, mixin=None, verb_parser=<colcon_mixin.mixin.mixin_argument.MixinArgumentDecorator object at 0x78597c291ac0>, verb_extension=<colcon_core.verb.build.BuildVerb object at 0x78597c291790>, main=<bound method BuildVerb.main of <colcon_core.verb.build.BuildVerb object at 0x78597c291790>>, mixin_verb=('build',))
[0.197s] Level 1:colcon.colcon_core.package_discovery:discover_packages(colcon_meta) check parameters
[0.197s] Level 1:colcon.colcon_core.package_discovery:discover_packages(recursive) check parameters
[0.197s] Level 1:colcon.colcon_core.package_discovery:discover_packages(ignore) check parameters
[0.197s] Level 1:colcon.colcon_core.package_discovery:discover_packages(path) check parameters
[0.197s] Level 1:colcon.colcon_core.package_discovery:discover_packages(colcon_meta) discover
[0.197s] Level 1:colcon.colcon_core.package_discovery:discover_packages(recursive) discover
[0.197s] INFO:colcon.colcon_core.package_discovery:Crawling recursively for packages in '/home/ubuntu/rover_ws'
[0.197s] Level 1:colcon.colcon_core.package_identification:_identify(.) by extensions ['ignore', 'ignore_ament_install']
[0.197s] Level 1:colcon.colcon_core.package_identification:_identify(.) by extension 'ignore'
[0.197s] Level 1:colcon.colcon_core.package_identification:_identify(.) by extension 'ignore_ament_install'
[0.197s] Level 1:colcon.colcon_core.package_identification:_identify(.) by extensions ['colcon_pkg']
[0.197s] Level 1:colcon.colcon_core.package_identification:_identify(.) by extension 'colcon_pkg'
[0.198s] Level 1:colcon.colcon_core.package_identification:_identify(.) by extensions ['colcon_meta']
[0.198s] Level 1:colcon.colcon_core.package_identification:_identify(.) by extension 'colcon_meta'
[0.198s] Level 1:colcon.colcon_core.package_identification:_identify(.) by extensions ['ros']
[0.198s] Level 1:colcon.colcon_core.package_identification:_identify(.) by extension 'ros'
[0.212s] Level 1:colcon.colcon_core.package_identification:_identify(.) by extensions ['cmake', 'python']
[0.212s] Level 1:colcon.colcon_core.package_identification:_identify(.) by extension 'cmake'
[0.212s] Level 1:colcon.colcon_core.package_identification:_identify(.) by extension 'python'
[0.212s] Level 1:colcon.colcon_core.package_identification:_identify(.) by extensions ['python_setup_py']
[0.213s] Level 1:colcon.colcon_core.package_identification:_identify(.) by extension 'python_setup_py'
[0.213s] Level 1:colcon.colcon_core.package_identification:_identify(build) by extensions ['ignore', 'ignore_ament_install']
[0.213s] Level 1:colcon.colcon_core.package_identification:_identify(build) by extension 'ignore'
[0.213s] Level 1:colcon.colcon_core.package_identification:_identify(build) ignored
[0.213s] Level 1:colcon.colcon_core.package_identification:_identify(install) by extensions ['ignore', 'ignore_ament_install']
[0.213s] Level 1:colcon.colcon_core.package_identification:_identify(install) by extension 'ignore'
[0.213s] Level 1:colcon.colcon_core.package_identification:_identify(install) ignored
[0.213s] Level 1:colcon.colcon_core.package_identification:_identify(log) by extensions ['ignore', 'ignore_ament_install']
[0.213s] Level 1:colcon.colcon_core.package_identification:_identify(log) by extension 'ignore'
[0.213s] Level 1:colcon.colcon_core.package_identification:_identify(log) ignored
[0.213s] Level 1:colcon.colcon_core.package_identification:_identify(src) by extensions ['ignore', 'ignore_ament_install']
[0.213s] Level 1:colcon.colcon_core.package_identification:_identify(src) by extension 'ignore'
[0.213s] Level 1:colcon.colcon_core.package_identification:_identify(src) by extension 'ignore_ament_install'
[0.213s] Level 1:colcon.colcon_core.package_identification:_identify(src) by extensions ['colcon_pkg']
[0.213s] Level 1:colcon.colcon_core.package_identification:_identify(src) by extension 'colcon_pkg'
[0.213s] Level 1:colcon.colcon_core.package_identification:_identify(src) by extensions ['colcon_meta']
[0.213s] Level 1:colcon.colcon_core.package_identification:_identify(src) by extension 'colcon_meta'
[0.213s] Level 1:colcon.colcon_core.package_identification:_identify(src) by extensions ['ros']
[0.213s] Level 1:colcon.colcon_core.package_identification:_identify(src) by extension 'ros'
[0.213s] Level 1:colcon.colcon_core.package_identification:_identify(src) by extensions ['cmake', 'python']
[0.213s] Level 1:colcon.colcon_core.package_identification:_identify(src) by extension 'cmake'
[0.213s] Level 1:colcon.colcon_core.package_identification:_identify(src) by extension 'python'
[0.214s] Level 1:colcon.colcon_core.package_identification:_identify(src) by extensions ['python_setup_py']
[0.214s] Level 1:colcon.colcon_core.package_identification:_identify(src) by extension 'python_setup_py'
[0.214s] Level 1:colcon.colcon_core.package_identification:_identify(src/build) by extensions ['ignore', 'ignore_ament_install']
[0.214s] Level 1:colcon.colcon_core.package_identification:_identify(src/build) by extension 'ignore'
[0.214s] Level 1:colcon.colcon_core.package_identification:_identify(src/build) ignored
[0.214s] Level 1:colcon.colcon_core.package_identification:_identify(src/halleffect_controller) by extensions ['ignore', 'ignore_ament_install']
[0.214s] Level 1:colcon.colcon_core.package_identification:_identify(src/halleffect_controller) by extension 'ignore'
[0.214s] Level 1:colcon.colcon_core.package_identification:_identify(src/halleffect_controller) by extension 'ignore_ament_install'
[0.214s] Level 1:colcon.colcon_core.package_identification:_identify(src/halleffect_controller) by extensions ['colcon_pkg']
[0.214s] Level 1:colcon.colcon_core.package_identification:_identify(src/halleffect_controller) by extension 'colcon_pkg'
[0.214s] Level 1:colcon.colcon_core.package_identification:_identify(src/halleffect_controller) by extensions ['colcon_meta']
[0.214s] Level 1:colcon.colcon_core.package_identification:_identify(src/halleffect_controller) by extension 'colcon_meta'
[0.214s] Level 1:colcon.colcon_core.package_identification:_identify(src/halleffect_controller) by extensions ['ros']
[0.214s] Level 1:colcon.colcon_core.package_identification:_identify(src/halleffect_controller) by extension 'ros'
[0.216s] DEBUG:colcon.colcon_core.package_identification:Package 'src/halleffect_controller' with type 'ros.ament_cmake' and name 'halleffect_controller'
[0.216s] Level 1:colcon.colcon_core.package_identification:_identify(src/install) by extensions ['ignore', 'ignore_ament_install']
[0.216s] Level 1:colcon.colcon_core.package_identification:_identify(src/install) by extension 'ignore'
[0.216s] Level 1:colcon.colcon_core.package_identification:_identify(src/install) ignored
[0.216s] Level 1:colcon.colcon_core.package_identification:_identify(src/log) by extensions ['ignore', 'ignore_ament_install']
[0.216s] Level 1:colcon.colcon_core.package_identification:_identify(src/log) by extension 'ignore'
[0.216s] Level 1:colcon.colcon_core.package_identification:_identify(src/log) ignored
[0.216s] Level 1:colcon.colcon_core.package_identification:_identify(src/rover_description) by extensions ['ignore', 'ignore_ament_install']
[0.216s] Level 1:colcon.colcon_core.package_identification:_identify(src/rover_description) by extension 'ignore'
[0.216s] Level 1:colcon.colcon_core.package_identification:_identify(src/rover_description) by extension 'ignore_ament_install'
[0.216s] Level 1:colcon.colcon_core.package_identification:_identify(src/rover_description) by extensions ['colcon_pkg']
[0.216s] Level 1:colcon.colcon_core.package_identification:_identify(src/rover_description) by extension 'colcon_pkg'
[0.216s] Level 1:colcon.colcon_core.package_identification:_identify(src/rover_description) by extensions ['colcon_meta']
[0.216s] Level 1:colcon.colcon_core.package_identification:_identify(src/rover_description) by extension 'colcon_meta'
[0.216s] Level 1:colcon.colcon_core.package_identification:_identify(src/rover_description) by extensions ['ros']
[0.216s] Level 1:colcon.colcon_core.package_identification:_identify(src/rover_description) by extension 'ros'
[0.218s] DEBUG:colcon.colcon_core.package_identification:Package 'src/rover_description' with type 'ros.ament_cmake' and name 'rover_description'
[0.218s] Level 1:colcon.colcon_core.package_identification:_identify(src/rover_localization) by extensions ['ignore', 'ignore_ament_install']
[0.218s] Level 1:colcon.colcon_core.package_identification:_identify(src/rover_localization) by extension 'ignore'
[0.218s] Level 1:colcon.colcon_core.package_identification:_identify(src/rover_localization) by extension 'ignore_ament_install'
[0.218s] Level 1:colcon.colcon_core.package_identification:_identify(src/rover_localization) by extensions ['colcon_pkg']
[0.218s] Level 1:colcon.colcon_core.package_identification:_identify(src/rover_localization) by extension 'colcon_pkg'
[0.218s] Level 1:colcon.colcon_core.package_identification:_identify(src/rover_localization) by extensions ['colcon_meta']
[0.218s] Level 1:colcon.colcon_core.package_identification:_identify(src/rover_localization) by extension 'colcon_meta'
[0.218s] Level 1:colcon.colcon_core.package_identification:_identify(src/rover_localization) by extensions ['ros']
[0.218s] Level 1:colcon.colcon_core.package_identification:_identify(src/rover_localization) by extension 'ros'
[0.219s] DEBUG:colcon.colcon_core.package_identification:Package 'src/rover_localization' with type 'ros.ament_cmake' and name 'rover_localization'
[0.219s] Level 1:colcon.colcon_core.package_identification:_identify(src/rover_utils) by extensions ['ignore', 'ignore_ament_install']
[0.219s] Level 1:colcon.colcon_core.package_identification:_identify(src/rover_utils) by extension 'ignore'
[0.219s] Level 1:colcon.colcon_core.package_identification:_identify(src/rover_utils) by extension 'ignore_ament_install'
[0.219s] Level 1:colcon.colcon_core.package_identification:_identify(src/rover_utils) by extensions ['colcon_pkg']
[0.219s] Level 1:colcon.colcon_core.package_identification:_identify(src/rover_utils) by extension 'colcon_pkg'
[0.219s] Level 1:colcon.colcon_core.package_identification:_identify(src/rover_utils) by extensions ['colcon_meta']
[0.219s] Level 1:colcon.colcon_core.package_identification:_identify(src/rover_utils) by extension 'colcon_meta'
[0.219s] Level 1:colcon.colcon_core.package_identification:_identify(src/rover_utils) by extensions ['ros']
[0.219s] Level 1:colcon.colcon_core.package_identification:_identify(src/rover_utils) by extension 'ros'
[0.219s] DEBUG:colcon.colcon_core.package_identification:Package 'src/rover_utils' with type 'ros.ament_cmake' and name 'rover_utils'
[0.219s] Level 1:colcon.colcon_core.package_identification:_identify(src/urdf_tutorial_cpp) by extensions ['ignore', 'ignore_ament_install']
[0.219s] Level 1:colcon.colcon_core.package_identification:_identify(src/urdf_tutorial_cpp) by extension 'ignore'
[0.219s] Level 1:colcon.colcon_core.package_identification:_identify(src/urdf_tutorial_cpp) by extension 'ignore_ament_install'
[0.219s] Level 1:colcon.colcon_core.package_identification:_identify(src/urdf_tutorial_cpp) by extensions ['colcon_pkg']
[0.220s] Level 1:colcon.colcon_core.package_identification:_identify(src/urdf_tutorial_cpp) by extension 'colcon_pkg'
[0.220s] Level 1:colcon.colcon_core.package_identification:_identify(src/urdf_tutorial_cpp) by extensions ['colcon_meta']
[0.220s] Level 1:colcon.colcon_core.package_identification:_identify(src/urdf_tutorial_cpp) by extension 'colcon_meta'
[0.220s] Level 1:colcon.colcon_core.package_identification:_identify(src/urdf_tutorial_cpp) by extensions ['ros']
[0.220s] Level 1:colcon.colcon_core.package_identification:_identify(src/urdf_tutorial_cpp) by extension 'ros'
[0.220s] DEBUG:colcon.colcon_core.package_identification:Package 'src/urdf_tutorial_cpp' with type 'ros.ament_cmake' and name 'urdf_tutorial_cpp'
[0.220s] Level 1:colcon.colcon_core.package_discovery:discover_packages(recursive) using defaults
[0.220s] Level 1:colcon.colcon_core.package_discovery:discover_packages(ignore) discover
[0.220s] Level 1:colcon.colcon_core.package_discovery:discover_packages(ignore) using defaults
[0.220s] Level 1:colcon.colcon_core.package_discovery:discover_packages(path) discover
[0.220s] Level 1:colcon.colcon_core.package_discovery:discover_packages(path) using defaults
[0.231s] Level 1:colcon.colcon_core.package_discovery:discover_packages(prefix_path) check parameters
[0.231s] Level 1:colcon.colcon_core.package_discovery:discover_packages(prefix_path) discover
[0.254s] DEBUG:colcon.colcon_installed_package_information.package_discovery:Found 8 installed packages in /home/ubuntu/ros2_ws/install
[0.256s] DEBUG:colcon.colcon_installed_package_information.package_discovery:Found 434 installed packages in /opt/ros/jazzy
[0.257s] Level 1:colcon.colcon_core.package_discovery:discover_packages(prefix_path) using defaults
[0.666s] Level 5:colcon.colcon_core.verb:set package 'halleffect_controller' build argument 'cmake_args' from command line to 'None'
[0.666s] Level 5:colcon.colcon_core.verb:set package 'halleffect_controller' build argument 'cmake_target' from command line to 'None'
[0.666s] Level 5:colcon.colcon_core.verb:set package 'halleffect_controller' build argument 'cmake_target_skip_unavailable' from command line to 'False'
[0.666s] Level 5:colcon.colcon_core.verb:set package 'halleffect_controller' build argument 'cmake_clean_cache' from command line to 'False'
[0.666s] Level 5:colcon.colcon_core.verb:set package 'halleffect_controller' build argument 'cmake_clean_first' from command line to 'False'
[0.666s] Level 5:colcon.colcon_core.verb:set package 'halleffect_controller' build argument 'cmake_force_configure' from command line to 'False'
[0.666s] Level 5:colcon.colcon_core.verb:set package 'halleffect_controller' build argument 'ament_cmake_args' from command line to 'None'
[0.666s] Level 5:colcon.colcon_core.verb:set package 'halleffect_controller' build argument 'catkin_cmake_args' from command line to 'None'
[0.666s] Level 5:colcon.colcon_core.verb:set package 'halleffect_controller' build argument 'catkin_skip_building_tests' from command line to 'False'
[0.666s] DEBUG:colcon.colcon_core.verb:Building package 'halleffect_controller' with the following arguments: {'ament_cmake_args': None, 'build_base': '/home/ubuntu/rover_ws/build/halleffect_controller', 'catkin_cmake_args': None, 'catkin_skip_building_tests': False, 'cmake_args': None, 'cmake_clean_cache': False, 'cmake_clean_first': False, 'cmake_force_configure': False, 'cmake_target': None, 'cmake_target_skip_unavailable': False, 'install_base': '/home/ubuntu/rover_ws/install/halleffect_controller', 'merge_install': False, 'path': '/home/ubuntu/rover_ws/src/halleffect_controller', 'symlink_install': False, 'test_result_base': None}
[0.666s] Level 5:colcon.colcon_core.verb:set package 'rover_description' build argument 'cmake_args' from command line to 'None'
[0.666s] Level 5:colcon.colcon_core.verb:set package 'rover_description' build argument 'cmake_target' from command line to 'None'
[0.666s] Level 5:colcon.colcon_core.verb:set package 'rover_description' build argument 'cmake_target_skip_unavailable' from command line to 'False'
[0.666s] Level 5:colcon.colcon_core.verb:set package 'rover_description' build argument 'cmake_clean_cache' from command line to 'False'
[0.666s] Level 5:colcon.colcon_core.verb:set package 'rover_description' build argument 'cmake_clean_first' from command line to 'False'
[0.666s] Level 5:colcon.colcon_core.verb:set package 'rover_description' build argument 'cmake_force_configure' from command line to 'False'
[0.666s] Level 5:colcon.colcon_core.verb:set package 'rover_description' build argument 'ament_cmake_args' from command line to 'None'
[0.666s] Level 5:colcon.colcon_core.verb:set package 'rover_description' build argument 'catkin_cmake_args' from command line to 'None'
[0.666s] Level 5:colcon.colcon_core.verb:set package 'rover_description' build argument 'catkin_skip_building_tests' from command line to 'False'
[0.666s] DEBUG:colcon.colcon_core.verb:Building package 'rover_description' with the following arguments: {'ament_cmake_args': None, 'build_base': '/home/ubuntu/rover_ws/build/rover_description', 'catkin_cmake_args': None, 'catkin_skip_building_tests': False, 'cmake_args': None, 'cmake_clean_cache': False, 'cmake_clean_first': False, 'cmake_force_configure': False, 'cmake_target': None, 'cmake_target_skip_unavailable': False, 'install_base': '/home/ubuntu/rover_ws/install/rover_description', 'merge_install': False, 'path': '/home/ubuntu/rover_ws/src/rover_description', 'symlink_install': False, 'test_result_base': None}
[0.666s] Level 5:colcon.colcon_core.verb:set package 'rover_localization' build argument 'cmake_args' from command line to 'None'
[0.666s] Level 5:colcon.colcon_core.verb:set package 'rover_localization' build argument 'cmake_target' from command line to 'None'
[0.666s] Level 5:colcon.colcon_core.verb:set package 'rover_localization' build argument 'cmake_target_skip_unavailable' from command line to 'False'
[0.666s] Level 5:colcon.colcon_core.verb:set package 'rover_localization' build argument 'cmake_clean_cache' from command line to 'False'
[0.666s] Level 5:colcon.colcon_core.verb:set package 'rover_localization' build argument 'cmake_clean_first' from command line to 'False'
[0.666s] Level 5:colcon.colcon_core.verb:set package 'rover_localization' build argument 'cmake_force_configure' from command line to 'False'
[0.666s] Level 5:colcon.colcon_core.verb:set package 'rover_localization' build argument 'ament_cmake_args' from command line to 'None'
[0.666s] Level 5:colcon.colcon_core.verb:set package 'rover_localization' build argument 'catkin_cmake_args' from command line to 'None'
[0.666s] Level 5:colcon.colcon_core.verb:set package 'rover_localization' build argument 'catkin_skip_building_tests' from command line to 'False'
[0.666s] DEBUG:colcon.colcon_core.verb:Building package 'rover_localization' with the following arguments: {'ament_cmake_args': None, 'build_base': '/home/ubuntu/rover_ws/build/rover_localization', 'catkin_cmake_args': None, 'catkin_skip_building_tests': False, 'cmake_args': None, 'cmake_clean_cache': False, 'cmake_clean_first': False, 'cmake_force_configure': False, 'cmake_target': None, 'cmake_target_skip_unavailable': False, 'install_base': '/home/ubuntu/rover_ws/install/rover_localization', 'merge_install': False, 'path': '/home/ubuntu/rover_ws/src/rover_localization', 'symlink_install': False, 'test_result_base': None}
[0.667s] Level 5:colcon.colcon_core.verb:set package 'rover_utils' build argument 'cmake_args' from command line to 'None'
[0.667s] Level 5:colcon.colcon_core.verb:set package 'rover_utils' build argument 'cmake_target' from command line to 'None'
[0.667s] Level 5:colcon.colcon_core.verb:set package 'rover_utils' build argument 'cmake_target_skip_unavailable' from command line to 'False'
[0.667s] Level 5:colcon.colcon_core.verb:set package 'rover_utils' build argument 'cmake_clean_cache' from command line to 'False'
[0.667s] Level 5:colcon.colcon_core.verb:set package 'rover_utils' build argument 'cmake_clean_first' from command line to 'False'
[0.667s] Level 5:colcon.colcon_core.verb:set package 'rover_utils' build argument 'cmake_force_configure' from command line to 'False'
[0.667s] Level 5:colcon.colcon_core.verb:set package 'rover_utils' build argument 'ament_cmake_args' from command line to 'None'
[0.667s] Level 5:colcon.colcon_core.verb:set package 'rover_utils' build argument 'catkin_cmake_args' from command line to 'None'
[0.667s] Level 5:colcon.colcon_core.verb:set package 'rover_utils' build argument 'catkin_skip_building_tests' from command line to 'False'
[0.667s] DEBUG:colcon.colcon_core.verb:Building package 'rover_utils' with the following arguments: {'ament_cmake_args': None, 'build_base': '/home/ubuntu/rover_ws/build/rover_utils', 'catkin_cmake_args': None, 'catkin_skip_building_tests': False, 'cmake_args': None, 'cmake_clean_cache': False, 'cmake_clean_first': False, 'cmake_force_configure': False, 'cmake_target': None, 'cmake_target_skip_unavailable': False, 'install_base': '/home/ubuntu/rover_ws/install/rover_utils', 'merge_install': False, 'path': '/home/ubuntu/rover_ws/src/rover_utils', 'symlink_install': False, 'test_result_base': None}
[0.667s] Level 5:colcon.colcon_core.verb:set package 'urdf_tutorial_cpp' build argument 'cmake_args' from command line to 'None'
[0.667s] Level 5:colcon.colcon_core.verb:set package 'urdf_tutorial_cpp' build argument 'cmake_target' from command line to 'None'
[0.667s] Level 5:colcon.colcon_core.verb:set package 'urdf_tutorial_cpp' build argument 'cmake_target_skip_unavailable' from command line to 'False'
[0.667s] Level 5:colcon.colcon_core.verb:set package 'urdf_tutorial_cpp' build argument 'cmake_clean_cache' from command line to 'False'
[0.667s] Level 5:colcon.colcon_core.verb:set package 'urdf_tutorial_cpp' build argument 'cmake_clean_first' from command line to 'False'
[0.667s] Level 5:colcon.colcon_core.verb:set package 'urdf_tutorial_cpp' build argument 'cmake_force_configure' from command line to 'False'
[0.667s] Level 5:colcon.colcon_core.verb:set package 'urdf_tutorial_cpp' build argument 'ament_cmake_args' from command line to 'None'
[0.667s] Level 5:colcon.colcon_core.verb:set package 'urdf_tutorial_cpp' build argument 'catkin_cmake_args' from command line to 'None'
[0.667s] Level 5:colcon.colcon_core.verb:set package 'urdf_tutorial_cpp' build argument 'catkin_skip_building_tests' from command line to 'False'
[0.667s] DEBUG:colcon.colcon_core.verb:Building package 'urdf_tutorial_cpp' with the following arguments: {'ament_cmake_args': None, 'build_base': '/home/ubuntu/rover_ws/build/urdf_tutorial_cpp', 'catkin_cmake_args': None, 'catkin_skip_building_tests': False, 'cmake_args': None, 'cmake_clean_cache': False, 'cmake_clean_first': False, 'cmake_force_configure': False, 'cmake_target': None, 'cmake_target_skip_unavailable': False, 'install_base': '/home/ubuntu/rover_ws/install/urdf_tutorial_cpp', 'merge_install': False, 'path': '/home/ubuntu/rover_ws/src/urdf_tutorial_cpp', 'symlink_install': False, 'test_result_base': None}
[0.667s] INFO:colcon.colcon_core.executor:Executing jobs using 'parallel' executor
[0.668s] DEBUG:colcon.colcon_parallel_executor.executor.parallel:run_until_complete
[0.668s] INFO:colcon.colcon_ros.task.ament_cmake.build:Building ROS package in '/home/ubuntu/rover_ws/src/halleffect_controller' with build type 'ament_cmake'
[0.668s] INFO:colcon.colcon_cmake.task.cmake.build:Building CMake package in '/home/ubuntu/rover_ws/src/halleffect_controller'
[0.707s] INFO:colcon.colcon_core.plugin_system:Skipping extension 'colcon_core.shell.bat': Not used on non-Windows systems
[0.708s] INFO:colcon.colcon_core.shell:Skip shell extension 'powershell' for command environment: Not usable outside of PowerShell
[0.708s] DEBUG:colcon.colcon_core.shell:Skip shell extension 'dsv' for command environment
[0.734s] INFO:colcon.colcon_ros.task.ament_cmake.build:Building ROS package in '/home/ubuntu/rover_ws/src/rover_description' with build type 'ament_cmake'
[0.734s] INFO:colcon.colcon_cmake.task.cmake.build:Building CMake package in '/home/ubuntu/rover_ws/src/rover_description'
[0.735s] INFO:colcon.colcon_core.shell:Skip shell extension 'powershell' for command environment: Not usable outside of PowerShell
[0.736s] DEBUG:colcon.colcon_core.shell:Skip shell extension 'dsv' for command environment
[0.743s] INFO:colcon.colcon_ros.task.ament_cmake.build:Building ROS package in '/home/ubuntu/rover_ws/src/rover_localization' with build type 'ament_cmake'
[0.743s] INFO:colcon.colcon_cmake.task.cmake.build:Building CMake package in '/home/ubuntu/rover_ws/src/rover_localization'
[0.743s] INFO:colcon.colcon_core.shell:Skip shell extension 'powershell' for command environment: Not usable outside of PowerShell
[0.743s] DEBUG:colcon.colcon_core.shell:Skip shell extension 'dsv' for command environment
[0.746s] INFO:colcon.colcon_ros.task.ament_cmake.build:Building ROS package in '/home/ubuntu/rover_ws/src/rover_utils' with build type 'ament_cmake'
[0.746s] INFO:colcon.colcon_cmake.task.cmake.build:Building CMake package in '/home/ubuntu/rover_ws/src/rover_utils'
[0.746s] INFO:colcon.colcon_core.shell:Skip shell extension 'powershell' for command environment: Not usable outside of PowerShell
[0.746s] DEBUG:colcon.colcon_core.shell:Skip shell extension 'dsv' for command environment
[0.748s] INFO:colcon.colcon_ros.task.ament_cmake.build:Building ROS package in '/home/ubuntu/rover_ws/src/urdf_tutorial_cpp' with build type 'ament_cmake'
[0.748s] INFO:colcon.colcon_cmake.task.cmake.build:Building CMake package in '/home/ubuntu/rover_ws/src/urdf_tutorial_cpp'
[0.749s] INFO:colcon.colcon_core.shell:Skip shell extension 'powershell' for command environment: Not usable outside of PowerShell
[0.749s] DEBUG:colcon.colcon_core.shell:Skip shell extension 'dsv' for command environment
[0.774s] DEBUG:colcon.colcon_core.event_handler.log_command:Invoking command in '/home/ubuntu/rover_ws/build/halleffect_controller': CMAKE_PREFIX_PATH=${CMAKE_PREFIX_PATH}:/opt/ros/jazzy DEBUGINFOD_URLS=https://debuginfod.ubuntu.com /usr/bin/cmake --build /home/ubuntu/rover_ws/build/halleffect_controller -- -j16 -l16
[0.815s] DEBUG:colcon.colcon_core.event_handler.log_command:Invoking command in '/home/ubuntu/rover_ws/build/rover_description': CMAKE_PREFIX_PATH=${CMAKE_PREFIX_PATH}:/opt/ros/jazzy DEBUGINFOD_URLS=https://debuginfod.ubuntu.com /usr/bin/cmake --build /home/ubuntu/rover_ws/build/rover_description -- -j16 -l16
[0.868s] DEBUG:colcon.colcon_core.event_handler.log_command:Invoking command in '/home/ubuntu/rover_ws/build/rover_localization': CMAKE_PREFIX_PATH=${CMAKE_PREFIX_PATH}:/opt/ros/jazzy DEBUGINFOD_URLS=https://debuginfod.ubuntu.com /usr/bin/cmake --build /home/ubuntu/rover_ws/build/rover_localization -- -j16 -l16
[0.914s] DEBUG:colcon.colcon_core.event_handler.log_command:Invoking command in '/home/ubuntu/rover_ws/build/rover_utils': CMAKE_PREFIX_PATH=${CMAKE_PREFIX_PATH}:/opt/ros/jazzy DEBUGINFOD_URLS=https://debuginfod.ubuntu.com /usr/bin/cmake --build /home/ubuntu/rover_ws/build/rover_utils -- -j16 -l16
[1.024s] DEBUG:colcon.colcon_core.event_handler.log_command:Invoking command in '/home/ubuntu/rover_ws/build/urdf_tutorial_cpp': CMAKE_PREFIX_PATH=${CMAKE_PREFIX_PATH}:/opt/ros/jazzy DEBUGINFOD_URLS=https://debuginfod.ubuntu.com /usr/bin/cmake --build /home/ubuntu/rover_ws/build/urdf_tutorial_cpp -- -j16 -l16
[1.362s] DEBUG:colcon.colcon_core.event_handler.log_command:Invoked command in '/home/ubuntu/rover_ws/build/rover_description' returned '0': CMAKE_PREFIX_PATH=${CMAKE_PREFIX_PATH}:/opt/ros/jazzy DEBUGINFOD_URLS=https://debuginfod.ubuntu.com /usr/bin/cmake --build /home/ubuntu/rover_ws/build/rover_description -- -j16 -l16
[1.547s] DEBUG:colcon.colcon_core.event_handler.log_command:Invoking command in '/home/ubuntu/rover_ws/build/rover_description': CMAKE_PREFIX_PATH=${CMAKE_PREFIX_PATH}:/opt/ros/jazzy DEBUGINFOD_URLS=https://debuginfod.ubuntu.com /usr/bin/cmake --install /home/ubuntu/rover_ws/build/rover_description
[1.622s] Level 1:colcon.colcon_core.environment:create_environment_scripts_only(rover_description)
[1.623s] DEBUG:colcon.colcon_core.event_handler.log_command:Invoked command in '/home/ubuntu/rover_ws/build/rover_description' returned '0': CMAKE_PREFIX_PATH=${CMAKE_PREFIX_PATH}:/opt/ros/jazzy DEBUGINFOD_URLS=https://debuginfod.ubuntu.com /usr/bin/cmake --install /home/ubuntu/rover_ws/build/rover_description
[1.717s] Level 1:colcon.colcon_core.environment:checking '/home/ubuntu/rover_ws/install/rover_description' for CMake module files
[1.717s] Level 1:colcon.colcon_core.environment:checking '/home/ubuntu/rover_ws/install/rover_description' for CMake config files
[1.717s] Level 1:colcon.colcon_core.shell:create_environment_hook('rover_description', 'cmake_prefix_path')
[1.717s] INFO:colcon.colcon_core.shell:Creating environment hook '/home/ubuntu/rover_ws/install/rover_description/share/rover_description/hook/cmake_prefix_path.ps1'
[1.722s] INFO:colcon.colcon_core.shell:Creating environment descriptor '/home/ubuntu/rover_ws/install/rover_description/share/rover_description/hook/cmake_prefix_path.dsv'
[1.732s] INFO:colcon.colcon_core.shell:Creating environment hook '/home/ubuntu/rover_ws/install/rover_description/share/rover_description/hook/cmake_prefix_path.sh'
[1.734s] Level 1:colcon.colcon_core.environment:checking '/home/ubuntu/rover_ws/install/rover_description/bin'
[1.734s] Level 1:colcon.colcon_core.environment:checking '/home/ubuntu/rover_ws/install/rover_description/lib/pkgconfig/rover_description.pc'
[1.734s] Level 1:colcon.colcon_core.environment:checking '/home/ubuntu/rover_ws/install/rover_description/lib/python3.12/site-packages'
[1.734s] Level 1:colcon.colcon_core.environment:checking '/home/ubuntu/rover_ws/install/rover_description/bin'
[1.735s] INFO:colcon.colcon_core.shell:Creating package script '/home/ubuntu/rover_ws/install/rover_description/share/rover_description/package.ps1'
[1.745s] INFO:colcon.colcon_core.shell:Creating package descriptor '/home/ubuntu/rover_ws/install/rover_description/share/rover_description/package.dsv'
[1.745s] INFO:colcon.colcon_core.shell:Creating package script '/home/ubuntu/rover_ws/install/rover_description/share/rover_description/package.sh'
[1.746s] INFO:colcon.colcon_core.shell:Creating package script '/home/ubuntu/rover_ws/install/rover_description/share/rover_description/package.bash'
[1.770s] INFO:colcon.colcon_core.shell:Creating package script '/home/ubuntu/rover_ws/install/rover_description/share/rover_description/package.zsh'
[1.778s] Level 1:colcon.colcon_core.environment:create_file_with_runtime_dependencies(/home/ubuntu/rover_ws/install/rover_description/share/colcon-core/packages/rover_description)
[1.780s] Level 1:colcon.colcon_core.environment:create_environment_scripts_only(rover_description)
[1.780s] Level 1:colcon.colcon_core.environment:checking '/home/ubuntu/rover_ws/install/rover_description' for CMake module files
[1.781s] Level 1:colcon.colcon_core.environment:checking '/home/ubuntu/rover_ws/install/rover_description' for CMake config files
[1.782s] Level 1:colcon.colcon_core.shell:create_environment_hook('rover_description', 'cmake_prefix_path')
[1.782s] INFO:colcon.colcon_core.shell:Creating environment hook '/home/ubuntu/rover_ws/install/rover_description/share/rover_description/hook/cmake_prefix_path.ps1'
[1.783s] INFO:colcon.colcon_core.shell:Creating environment descriptor '/home/ubuntu/rover_ws/install/rover_description/share/rover_description/hook/cmake_prefix_path.dsv'
[1.783s] INFO:colcon.colcon_core.shell:Creating environment hook '/home/ubuntu/rover_ws/install/rover_description/share/rover_description/hook/cmake_prefix_path.sh'
[1.784s] Level 1:colcon.colcon_core.environment:checking '/home/ubuntu/rover_ws/install/rover_description/bin'
[1.785s] Level 1:colcon.colcon_core.environment:checking '/home/ubuntu/rover_ws/install/rover_description/lib/pkgconfig/rover_description.pc'
[1.785s] Level 1:colcon.colcon_core.environment:checking '/home/ubuntu/rover_ws/install/rover_description/lib/python3.12/site-packages'
[1.785s] Level 1:colcon.colcon_core.environment:checking '/home/ubuntu/rover_ws/install/rover_description/bin'
[1.786s] INFO:colcon.colcon_core.shell:Creating package script '/home/ubuntu/rover_ws/install/rover_description/share/rover_description/package.ps1'
[1.786s] INFO:colcon.colcon_core.shell:Creating package descriptor '/home/ubuntu/rover_ws/install/rover_description/share/rover_description/package.dsv'
[1.787s] INFO:colcon.colcon_core.shell:Creating package script '/home/ubuntu/rover_ws/install/rover_description/share/rover_description/package.sh'
[1.788s] INFO:colcon.colcon_core.shell:Creating package script '/home/ubuntu/rover_ws/install/rover_description/share/rover_description/package.bash'
[1.788s] INFO:colcon.colcon_core.shell:Creating package script '/home/ubuntu/rover_ws/install/rover_description/share/rover_description/package.zsh'
[1.788s] Level 1:colcon.colcon_core.environment:create_file_with_runtime_dependencies(/home/ubuntu/rover_ws/install/rover_description/share/colcon-core/packages/rover_description)
[1.791s] DEBUG:colcon.colcon_core.event_handler.log_command:Invoked command in '/home/ubuntu/rover_ws/build/rover_utils' returned '0': CMAKE_PREFIX_PATH=${CMAKE_PREFIX_PATH}:/opt/ros/jazzy DEBUGINFOD_URLS=https://debuginfod.ubuntu.com /usr/bin/cmake --build /home/ubuntu/rover_ws/build/rover_utils -- -j16 -l16
[1.815s] DEBUG:colcon.colcon_core.event_handler.log_command:Invoking command in '/home/ubuntu/rover_ws/build/rover_utils': CMAKE_PREFIX_PATH=${CMAKE_PREFIX_PATH}:/opt/ros/jazzy DEBUGINFOD_URLS=https://debuginfod.ubuntu.com /usr/bin/cmake --install /home/ubuntu/rover_ws/build/rover_utils
[1.817s] DEBUG:colcon.colcon_core.event_handler.log_command:Invoked command in '/home/ubuntu/rover_ws/build/urdf_tutorial_cpp' returned '0': CMAKE_PREFIX_PATH=${CMAKE_PREFIX_PATH}:/opt/ros/jazzy DEBUGINFOD_URLS=https://debuginfod.ubuntu.com /usr/bin/cmake --build /home/ubuntu/rover_ws/build/urdf_tutorial_cpp -- -j16 -l16
[1.854s] DEBUG:colcon.colcon_core.event_handler.log_command:Invoking command in '/home/ubuntu/rover_ws/build/urdf_tutorial_cpp': CMAKE_PREFIX_PATH=${CMAKE_PREFIX_PATH}:/opt/ros/jazzy DEBUGINFOD_URLS=https://debuginfod.ubuntu.com /usr/bin/cmake --install /home/ubuntu/rover_ws/build/urdf_tutorial_cpp
[1.856s] DEBUG:colcon.colcon_core.event_handler.log_command:Invoked command in '/home/ubuntu/rover_ws/build/halleffect_controller' returned '0': CMAKE_PREFIX_PATH=${CMAKE_PREFIX_PATH}:/opt/ros/jazzy DEBUGINFOD_URLS=https://debuginfod.ubuntu.com /usr/bin/cmake --build /home/ubuntu/rover_ws/build/halleffect_controller -- -j16 -l16
[1.875s] DEBUG:colcon.colcon_core.event_handler.log_command:Invoking command in '/home/ubuntu/rover_ws/build/halleffect_controller': CMAKE_PREFIX_PATH=${CMAKE_PREFIX_PATH}:/opt/ros/jazzy DEBUGINFOD_URLS=https://debuginfod.ubuntu.com /usr/bin/cmake --install /home/ubuntu/rover_ws/build/halleffect_controller
[1.875s] DEBUG:colcon.colcon_core.event_handler.log_command:Invoked command in '/home/ubuntu/rover_ws/build/rover_localization' returned '0': CMAKE_PREFIX_PATH=${CMAKE_PREFIX_PATH}:/opt/ros/jazzy DEBUGINFOD_URLS=https://debuginfod.ubuntu.com /usr/bin/cmake --build /home/ubuntu/rover_ws/build/rover_localization -- -j16 -l16
[1.949s] DEBUG:colcon.colcon_core.event_handler.log_command:Invoking command in '/home/ubuntu/rover_ws/build/rover_localization': CMAKE_PREFIX_PATH=${CMAKE_PREFIX_PATH}:/opt/ros/jazzy DEBUGINFOD_URLS=https://debuginfod.ubuntu.com /usr/bin/cmake --install /home/ubuntu/rover_ws/build/rover_localization
[1.960s] Level 1:colcon.colcon_core.environment:create_environment_scripts_only(rover_utils)
[1.960s] Level 1:colcon.colcon_core.environment:checking '/home/ubuntu/rover_ws/install/rover_utils' for CMake module files
[1.960s] DEBUG:colcon.colcon_core.event_handler.log_command:Invoked command in '/home/ubuntu/rover_ws/build/rover_utils' returned '0': CMAKE_PREFIX_PATH=${CMAKE_PREFIX_PATH}:/opt/ros/jazzy DEBUGINFOD_URLS=https://debuginfod.ubuntu.com /usr/bin/cmake --install /home/ubuntu/rover_ws/build/rover_utils
[1.960s] Level 1:colcon.colcon_core.environment:checking '/home/ubuntu/rover_ws/install/rover_utils' for CMake config files
[1.961s] Level 1:colcon.colcon_core.shell:create_environment_hook('rover_utils', 'cmake_prefix_path')
[1.961s] INFO:colcon.colcon_core.shell:Creating environment hook '/home/ubuntu/rover_ws/install/rover_utils/share/rover_utils/hook/cmake_prefix_path.ps1'
[1.961s] INFO:colcon.colcon_core.shell:Creating environment descriptor '/home/ubuntu/rover_ws/install/rover_utils/share/rover_utils/hook/cmake_prefix_path.dsv'
[1.961s] INFO:colcon.colcon_core.shell:Creating environment hook '/home/ubuntu/rover_ws/install/rover_utils/share/rover_utils/hook/cmake_prefix_path.sh'
[1.961s] Level 1:colcon.colcon_core.environment:checking '/home/ubuntu/rover_ws/install/rover_utils/lib'
[1.962s] Level 1:colcon.colcon_core.environment:checking '/home/ubuntu/rover_ws/install/rover_utils/bin'
[1.962s] Level 1:colcon.colcon_core.environment:checking '/home/ubuntu/rover_ws/install/rover_utils/lib/pkgconfig/rover_utils.pc'
[1.962s] Level 1:colcon.colcon_core.environment:checking '/home/ubuntu/rover_ws/install/rover_utils/lib/python3.12/site-packages'
[1.962s] Level 1:colcon.colcon_core.environment:checking '/home/ubuntu/rover_ws/install/rover_utils/bin'
[1.962s] INFO:colcon.colcon_core.shell:Creating package script '/home/ubuntu/rover_ws/install/rover_utils/share/rover_utils/package.ps1'
[1.962s] INFO:colcon.colcon_core.shell:Creating package descriptor '/home/ubuntu/rover_ws/install/rover_utils/share/rover_utils/package.dsv'
[1.963s] INFO:colcon.colcon_core.shell:Creating package script '/home/ubuntu/rover_ws/install/rover_utils/share/rover_utils/package.sh'
[1.963s] INFO:colcon.colcon_core.shell:Creating package script '/home/ubuntu/rover_ws/install/rover_utils/share/rover_utils/package.bash'
[1.963s] INFO:colcon.colcon_core.shell:Creating package script '/home/ubuntu/rover_ws/install/rover_utils/share/rover_utils/package.zsh'
[1.963s] Level 1:colcon.colcon_core.environment:create_file_with_runtime_dependencies(/home/ubuntu/rover_ws/install/rover_utils/share/colcon-core/packages/rover_utils)
[1.964s] Level 1:colcon.colcon_core.environment:create_environment_scripts_only(rover_utils)
[1.964s] Level 1:colcon.colcon_core.environment:checking '/home/ubuntu/rover_ws/install/rover_utils' for CMake module files
[1.965s] Level 1:colcon.colcon_core.environment:checking '/home/ubuntu/rover_ws/install/rover_utils' for CMake config files
[1.965s] Level 1:colcon.colcon_core.shell:create_environment_hook('rover_utils', 'cmake_prefix_path')
[1.966s] INFO:colcon.colcon_core.shell:Creating environment hook '/home/ubuntu/rover_ws/install/rover_utils/share/rover_utils/hook/cmake_prefix_path.ps1'
[1.966s] INFO:colcon.colcon_core.shell:Creating environment descriptor '/home/ubuntu/rover_ws/install/rover_utils/share/rover_utils/hook/cmake_prefix_path.dsv'
[1.966s] INFO:colcon.colcon_core.shell:Creating environment hook '/home/ubuntu/rover_ws/install/rover_utils/share/rover_utils/hook/cmake_prefix_path.sh'
[1.966s] Level 1:colcon.colcon_core.environment:checking '/home/ubuntu/rover_ws/install/rover_utils/lib'
[1.966s] Level 1:colcon.colcon_core.environment:checking '/home/ubuntu/rover_ws/install/rover_utils/bin'
[1.966s] Level 1:colcon.colcon_core.environment:checking '/home/ubuntu/rover_ws/install/rover_utils/lib/pkgconfig/rover_utils.pc'
[1.967s] Level 1:colcon.colcon_core.environment:checking '/home/ubuntu/rover_ws/install/rover_utils/lib/python3.12/site-packages'
[1.967s] Level 1:colcon.colcon_core.environment:checking '/home/ubuntu/rover_ws/install/rover_utils/bin'
[1.967s] INFO:colcon.colcon_core.shell:Creating package script '/home/ubuntu/rover_ws/install/rover_utils/share/rover_utils/package.ps1'
[1.967s] INFO:colcon.colcon_core.shell:Creating package descriptor '/home/ubuntu/rover_ws/install/rover_utils/share/rover_utils/package.dsv'
[1.967s] INFO:colcon.colcon_core.shell:Creating package script '/home/ubuntu/rover_ws/install/rover_utils/share/rover_utils/package.sh'
[1.968s] INFO:colcon.colcon_core.shell:Creating package script '/home/ubuntu/rover_ws/install/rover_utils/share/rover_utils/package.bash'
[1.968s] INFO:colcon.colcon_core.shell:Creating package script '/home/ubuntu/rover_ws/install/rover_utils/share/rover_utils/package.zsh'
[1.968s] Level 1:colcon.colcon_core.environment:create_file_with_runtime_dependencies(/home/ubuntu/rover_ws/install/rover_utils/share/colcon-core/packages/rover_utils)
[1.974s] Level 1:colcon.colcon_core.environment:create_environment_scripts_only(halleffect_controller)
[1.974s] Level 1:colcon.colcon_core.environment:checking '/home/ubuntu/rover_ws/install/halleffect_controller' for CMake module files
[1.974s] DEBUG:colcon.colcon_core.event_handler.log_command:Invoked command in '/home/ubuntu/rover_ws/build/halleffect_controller' returned '0': CMAKE_PREFIX_PATH=${CMAKE_PREFIX_PATH}:/opt/ros/jazzy DEBUGINFOD_URLS=https://debuginfod.ubuntu.com /usr/bin/cmake --install /home/ubuntu/rover_ws/build/halleffect_controller
[1.975s] Level 1:colcon.colcon_core.environment:checking '/home/ubuntu/rover_ws/install/halleffect_controller' for CMake config files
[1.975s] Level 1:colcon.colcon_core.shell:create_environment_hook('halleffect_controller', 'cmake_prefix_path')
[1.975s] INFO:colcon.colcon_core.shell:Creating environment hook '/home/ubuntu/rover_ws/install/halleffect_controller/share/halleffect_controller/hook/cmake_prefix_path.ps1'
[1.975s] INFO:colcon.colcon_core.shell:Creating environment descriptor '/home/ubuntu/rover_ws/install/halleffect_controller/share/halleffect_controller/hook/cmake_prefix_path.dsv'
[1.975s] INFO:colcon.colcon_core.shell:Creating environment hook '/home/ubuntu/rover_ws/install/halleffect_controller/share/halleffect_controller/hook/cmake_prefix_path.sh'
[1.976s] Level 1:colcon.colcon_core.environment:checking '/home/ubuntu/rover_ws/install/halleffect_controller/lib'
[1.976s] Level 1:colcon.colcon_core.environment:checking '/home/ubuntu/rover_ws/install/halleffect_controller/bin'
[1.976s] Level 1:colcon.colcon_core.environment:checking '/home/ubuntu/rover_ws/install/halleffect_controller/lib/pkgconfig/halleffect_controller.pc'
[1.976s] Level 1:colcon.colcon_core.environment:checking '/home/ubuntu/rover_ws/install/halleffect_controller/lib/python3.12/site-packages'
[1.976s] Level 1:colcon.colcon_core.environment:checking '/home/ubuntu/rover_ws/install/halleffect_controller/bin'
[1.976s] INFO:colcon.colcon_core.shell:Creating package script '/home/ubuntu/rover_ws/install/halleffect_controller/share/halleffect_controller/package.ps1'
[1.976s] INFO:colcon.colcon_core.shell:Creating package descriptor '/home/ubuntu/rover_ws/install/halleffect_controller/share/halleffect_controller/package.dsv'
[1.977s] INFO:colcon.colcon_core.shell:Creating package script '/home/ubuntu/rover_ws/install/halleffect_controller/share/halleffect_controller/package.sh'
[1.977s] INFO:colcon.colcon_core.shell:Creating package script '/home/ubuntu/rover_ws/install/halleffect_controller/share/halleffect_controller/package.bash'
[1.977s] INFO:colcon.colcon_core.shell:Creating package script '/home/ubuntu/rover_ws/install/halleffect_controller/share/halleffect_controller/package.zsh'
[1.978s] Level 1:colcon.colcon_core.environment:create_file_with_runtime_dependencies(/home/ubuntu/rover_ws/install/halleffect_controller/share/colcon-core/packages/halleffect_controller)
[1.978s] Level 1:colcon.colcon_core.environment:create_environment_scripts_only(halleffect_controller)
[1.978s] Level 1:colcon.colcon_core.environment:checking '/home/ubuntu/rover_ws/install/halleffect_controller' for CMake module files
[1.978s] Level 1:colcon.colcon_core.environment:checking '/home/ubuntu/rover_ws/install/halleffect_controller' for CMake config files
[1.978s] Level 1:colcon.colcon_core.shell:create_environment_hook('halleffect_controller', 'cmake_prefix_path')
[1.978s] INFO:colcon.colcon_core.shell:Creating environment hook '/home/ubuntu/rover_ws/install/halleffect_controller/share/halleffect_controller/hook/cmake_prefix_path.ps1'
[1.979s] INFO:colcon.colcon_core.shell:Creating environment descriptor '/home/ubuntu/rover_ws/install/halleffect_controller/share/halleffect_controller/hook/cmake_prefix_path.dsv'
[1.979s] INFO:colcon.colcon_core.shell:Creating environment hook '/home/ubuntu/rover_ws/install/halleffect_controller/share/halleffect_controller/hook/cmake_prefix_path.sh'
[1.979s] Level 1:colcon.colcon_core.environment:checking '/home/ubuntu/rover_ws/install/halleffect_controller/lib'
[1.979s] Level 1:colcon.colcon_core.environment:checking '/home/ubuntu/rover_ws/install/halleffect_controller/bin'
[1.979s] Level 1:colcon.colcon_core.environment:checking '/home/ubuntu/rover_ws/install/halleffect_controller/lib/pkgconfig/halleffect_controller.pc'
[1.979s] Level 1:colcon.colcon_core.environment:checking '/home/ubuntu/rover_ws/install/halleffect_controller/lib/python3.12/site-packages'
[1.979s] Level 1:colcon.colcon_core.environment:checking '/home/ubuntu/rover_ws/install/halleffect_controller/bin'
[1.980s] INFO:colcon.colcon_core.shell:Creating package script '/home/ubuntu/rover_ws/install/halleffect_controller/share/halleffect_controller/package.ps1'
[1.980s] INFO:colcon.colcon_core.shell:Creating package descriptor '/home/ubuntu/rover_ws/install/halleffect_controller/share/halleffect_controller/package.dsv'
[1.980s] INFO:colcon.colcon_core.shell:Creating package script '/home/ubuntu/rover_ws/install/halleffect_controller/share/halleffect_controller/package.sh'
[1.980s] INFO:colcon.colcon_core.shell:Creating package script '/home/ubuntu/rover_ws/install/halleffect_controller/share/halleffect_controller/package.bash'
[1.981s] INFO:colcon.colcon_core.shell:Creating package script '/home/ubuntu/rover_ws/install/halleffect_controller/share/halleffect_controller/package.zsh'
[1.981s] Level 1:colcon.colcon_core.environment:create_file_with_runtime_dependencies(/home/ubuntu/rover_ws/install/halleffect_controller/share/colcon-core/packages/halleffect_controller)
[1.981s] Level 1:colcon.colcon_core.environment:create_environment_scripts_only(rover_localization)
[1.981s] Level 1:colcon.colcon_core.environment:checking '/home/ubuntu/rover_ws/install/rover_localization' for CMake module files
[1.981s] DEBUG:colcon.colcon_core.event_handler.log_command:Invoked command in '/home/ubuntu/rover_ws/build/rover_localization' returned '0': CMAKE_PREFIX_PATH=${CMAKE_PREFIX_PATH}:/opt/ros/jazzy DEBUGINFOD_URLS=https://debuginfod.ubuntu.com /usr/bin/cmake --install /home/ubuntu/rover_ws/build/rover_localization
[1.982s] Level 1:colcon.colcon_core.environment:checking '/home/ubuntu/rover_ws/install/rover_localization' for CMake config files
[1.982s] Level 1:colcon.colcon_core.shell:create_environment_hook('rover_localization', 'cmake_prefix_path')
[1.982s] INFO:colcon.colcon_core.shell:Creating environment hook '/home/ubuntu/rover_ws/install/rover_localization/share/rover_localization/hook/cmake_prefix_path.ps1'
[1.982s] INFO:colcon.colcon_core.shell:Creating environment descriptor '/home/ubuntu/rover_ws/install/rover_localization/share/rover_localization/hook/cmake_prefix_path.dsv'
[1.982s] INFO:colcon.colcon_core.shell:Creating environment hook '/home/ubuntu/rover_ws/install/rover_localization/share/rover_localization/hook/cmake_prefix_path.sh'
[1.983s] Level 1:colcon.colcon_core.environment:checking '/home/ubuntu/rover_ws/install/rover_localization/lib'
[1.983s] Level 1:colcon.colcon_core.environment:checking '/home/ubuntu/rover_ws/install/rover_localization/bin'
[1.983s] Level 1:colcon.colcon_core.environment:checking '/home/ubuntu/rover_ws/install/rover_localization/lib/pkgconfig/rover_localization.pc'
[1.983s] Level 1:colcon.colcon_core.environment:checking '/home/ubuntu/rover_ws/install/rover_localization/lib/python3.12/site-packages'
[1.983s] Level 1:colcon.colcon_core.environment:checking '/home/ubuntu/rover_ws/install/rover_localization/bin'
[1.983s] INFO:colcon.colcon_core.shell:Creating package script '/home/ubuntu/rover_ws/install/rover_localization/share/rover_localization/package.ps1'
[1.983s] INFO:colcon.colcon_core.shell:Creating package descriptor '/home/ubuntu/rover_ws/install/rover_localization/share/rover_localization/package.dsv'
[1.984s] INFO:colcon.colcon_core.shell:Creating package script '/home/ubuntu/rover_ws/install/rover_localization/share/rover_localization/package.sh'
[1.984s] INFO:colcon.colcon_core.shell:Creating package script '/home/ubuntu/rover_ws/install/rover_localization/share/rover_localization/package.bash'
[1.984s] INFO:colcon.colcon_core.shell:Creating package script '/home/ubuntu/rover_ws/install/rover_localization/share/rover_localization/package.zsh'
[1.984s] Level 1:colcon.colcon_core.environment:create_file_with_runtime_dependencies(/home/ubuntu/rover_ws/install/rover_localization/share/colcon-core/packages/rover_localization)
[1.985s] Level 1:colcon.colcon_core.environment:create_environment_scripts_only(rover_localization)
[1.985s] Level 1:colcon.colcon_core.environment:checking '/home/ubuntu/rover_ws/install/rover_localization' for CMake module files
[1.985s] Level 1:colcon.colcon_core.environment:checking '/home/ubuntu/rover_ws/install/rover_localization' for CMake config files
[1.985s] Level 1:colcon.colcon_core.shell:create_environment_hook('rover_localization', 'cmake_prefix_path')
[1.985s] INFO:colcon.colcon_core.shell:Creating environment hook '/home/ubuntu/rover_ws/install/rover_localization/share/rover_localization/hook/cmake_prefix_path.ps1'
[1.985s] INFO:colcon.colcon_core.shell:Creating environment descriptor '/home/ubuntu/rover_ws/install/rover_localization/share/rover_localization/hook/cmake_prefix_path.dsv'
[1.985s] INFO:colcon.colcon_core.shell:Creating environment hook '/home/ubuntu/rover_ws/install/rover_localization/share/rover_localization/hook/cmake_prefix_path.sh'
[1.986s] Level 1:colcon.colcon_core.environment:checking '/home/ubuntu/rover_ws/install/rover_localization/lib'
[1.986s] Level 1:colcon.colcon_core.environment:checking '/home/ubuntu/rover_ws/install/rover_localization/bin'
[1.986s] Level 1:colcon.colcon_core.environment:checking '/home/ubuntu/rover_ws/install/rover_localization/lib/pkgconfig/rover_localization.pc'
[1.986s] Level 1:colcon.colcon_core.environment:checking '/home/ubuntu/rover_ws/install/rover_localization/lib/python3.12/site-packages'
[1.986s] Level 1:colcon.colcon_core.environment:checking '/home/ubuntu/rover_ws/install/rover_localization/bin'
[1.986s] INFO:colcon.colcon_core.shell:Creating package script '/home/ubuntu/rover_ws/install/rover_localization/share/rover_localization/package.ps1'
[1.987s] INFO:colcon.colcon_core.shell:Creating package descriptor '/home/ubuntu/rover_ws/install/rover_localization/share/rover_localization/package.dsv'
[1.987s] INFO:colcon.colcon_core.shell:Creating package script '/home/ubuntu/rover_ws/install/rover_localization/share/rover_localization/package.sh'
[1.987s] INFO:colcon.colcon_core.shell:Creating package script '/home/ubuntu/rover_ws/install/rover_localization/share/rover_localization/package.bash'
[1.987s] INFO:colcon.colcon_core.shell:Creating package script '/home/ubuntu/rover_ws/install/rover_localization/share/rover_localization/package.zsh'
[1.988s] Level 1:colcon.colcon_core.environment:create_file_with_runtime_dependencies(/home/ubuntu/rover_ws/install/rover_localization/share/colcon-core/packages/rover_localization)
[2.065s] Level 1:colcon.colcon_core.environment:create_environment_scripts_only(urdf_tutorial_cpp)
[2.065s] Level 1:colcon.colcon_core.environment:checking '/home/ubuntu/rover_ws/install/urdf_tutorial_cpp' for CMake module files
[2.066s] DEBUG:colcon.colcon_core.event_handler.log_command:Invoked command in '/home/ubuntu/rover_ws/build/urdf_tutorial_cpp' returned '0': CMAKE_PREFIX_PATH=${CMAKE_PREFIX_PATH}:/opt/ros/jazzy DEBUGINFOD_URLS=https://debuginfod.ubuntu.com /usr/bin/cmake --install /home/ubuntu/rover_ws/build/urdf_tutorial_cpp
[2.068s] Level 1:colcon.colcon_core.environment:checking '/home/ubuntu/rover_ws/install/urdf_tutorial_cpp' for CMake config files
[2.069s] Level 1:colcon.colcon_core.shell:create_environment_hook('urdf_tutorial_cpp', 'cmake_prefix_path')
[2.070s] INFO:colcon.colcon_core.shell:Creating environment hook '/home/ubuntu/rover_ws/install/urdf_tutorial_cpp/share/urdf_tutorial_cpp/hook/cmake_prefix_path.ps1'
[2.071s] INFO:colcon.colcon_core.shell:Creating environment descriptor '/home/ubuntu/rover_ws/install/urdf_tutorial_cpp/share/urdf_tutorial_cpp/hook/cmake_prefix_path.dsv'
[2.073s] INFO:colcon.colcon_core.shell:Creating environment hook '/home/ubuntu/rover_ws/install/urdf_tutorial_cpp/share/urdf_tutorial_cpp/hook/cmake_prefix_path.sh'
[2.075s] Level 1:colcon.colcon_core.environment:checking '/home/ubuntu/rover_ws/install/urdf_tutorial_cpp/lib'
[2.075s] Level 1:colcon.colcon_core.environment:checking '/home/ubuntu/rover_ws/install/urdf_tutorial_cpp/bin'
[2.076s] Level 1:colcon.colcon_core.environment:checking '/home/ubuntu/rover_ws/install/urdf_tutorial_cpp/lib/pkgconfig/urdf_tutorial_cpp.pc'
[2.076s] Level 1:colcon.colcon_core.environment:checking '/home/ubuntu/rover_ws/install/urdf_tutorial_cpp/lib/python3.12/site-packages'
[2.077s] Level 1:colcon.colcon_core.environment:checking '/home/ubuntu/rover_ws/install/urdf_tutorial_cpp/bin'
[2.077s] INFO:colcon.colcon_core.shell:Creating package script '/home/ubuntu/rover_ws/install/urdf_tutorial_cpp/share/urdf_tutorial_cpp/package.ps1'
[2.078s] INFO:colcon.colcon_core.shell:Creating package descriptor '/home/ubuntu/rover_ws/install/urdf_tutorial_cpp/share/urdf_tutorial_cpp/package.dsv'
[2.079s] INFO:colcon.colcon_core.shell:Creating package script '/home/ubuntu/rover_ws/install/urdf_tutorial_cpp/share/urdf_tutorial_cpp/package.sh'
[2.079s] INFO:colcon.colcon_core.shell:Creating package script '/home/ubuntu/rover_ws/install/urdf_tutorial_cpp/share/urdf_tutorial_cpp/package.bash'
[2.079s] INFO:colcon.colcon_core.shell:Creating package script '/home/ubuntu/rover_ws/install/urdf_tutorial_cpp/share/urdf_tutorial_cpp/package.zsh'
[2.080s] Level 1:colcon.colcon_core.environment:create_file_with_runtime_dependencies(/home/ubuntu/rover_ws/install/urdf_tutorial_cpp/share/colcon-core/packages/urdf_tutorial_cpp)
[2.080s] Level 1:colcon.colcon_core.environment:create_environment_scripts_only(urdf_tutorial_cpp)
[2.080s] Level 1:colcon.colcon_core.environment:checking '/home/ubuntu/rover_ws/install/urdf_tutorial_cpp' for CMake module files
[2.080s] Level 1:colcon.colcon_core.environment:checking '/home/ubuntu/rover_ws/install/urdf_tutorial_cpp' for CMake config files
[2.081s] Level 1:colcon.colcon_core.shell:create_environment_hook('urdf_tutorial_cpp', 'cmake_prefix_path')
[2.081s] INFO:colcon.colcon_core.shell:Creating environment hook '/home/ubuntu/rover_ws/install/urdf_tutorial_cpp/share/urdf_tutorial_cpp/hook/cmake_prefix_path.ps1'
[2.081s] INFO:colcon.colcon_core.shell:Creating environment descriptor '/home/ubuntu/rover_ws/install/urdf_tutorial_cpp/share/urdf_tutorial_cpp/hook/cmake_prefix_path.dsv'
[2.081s] INFO:colcon.colcon_core.shell:Creating environment hook '/home/ubuntu/rover_ws/install/urdf_tutorial_cpp/share/urdf_tutorial_cpp/hook/cmake_prefix_path.sh'
[2.081s] Level 1:colcon.colcon_core.environment:checking '/home/ubuntu/rover_ws/install/urdf_tutorial_cpp/lib'
[2.081s] Level 1:colcon.colcon_core.environment:checking '/home/ubuntu/rover_ws/install/urdf_tutorial_cpp/bin'
[2.081s] Level 1:colcon.colcon_core.environment:checking '/home/ubuntu/rover_ws/install/urdf_tutorial_cpp/lib/pkgconfig/urdf_tutorial_cpp.pc'
[2.082s] Level 1:colcon.colcon_core.environment:checking '/home/ubuntu/rover_ws/install/urdf_tutorial_cpp/lib/python3.12/site-packages'
[2.082s] Level 1:colcon.colcon_core.environment:checking '/home/ubuntu/rover_ws/install/urdf_tutorial_cpp/bin'
[2.082s] INFO:colcon.colcon_core.shell:Creating package script '/home/ubuntu/rover_ws/install/urdf_tutorial_cpp/share/urdf_tutorial_cpp/package.ps1'
[2.082s] INFO:colcon.colcon_core.shell:Creating package descriptor '/home/ubuntu/rover_ws/install/urdf_tutorial_cpp/share/urdf_tutorial_cpp/package.dsv'
[2.082s] INFO:colcon.colcon_core.shell:Creating package script '/home/ubuntu/rover_ws/install/urdf_tutorial_cpp/share/urdf_tutorial_cpp/package.sh'
[2.083s] INFO:colcon.colcon_core.shell:Creating package script '/home/ubuntu/rover_ws/install/urdf_tutorial_cpp/share/urdf_tutorial_cpp/package.bash'
[2.083s] INFO:colcon.colcon_core.shell:Creating package script '/home/ubuntu/rover_ws/install/urdf_tutorial_cpp/share/urdf_tutorial_cpp/package.zsh'
[2.083s] Level 1:colcon.colcon_core.environment:create_file_with_runtime_dependencies(/home/ubuntu/rover_ws/install/urdf_tutorial_cpp/share/colcon-core/packages/urdf_tutorial_cpp)
[2.084s] DEBUG:colcon.colcon_parallel_executor.executor.parallel:closing loop
[2.084s] DEBUG:colcon.colcon_parallel_executor.executor.parallel:loop closed
[2.084s] DEBUG:colcon.colcon_parallel_executor.executor.parallel:run_until_complete finished with '0'
[2.084s] DEBUG:colcon.colcon_core.event_reactor:joining thread
[2.112s] INFO:colcon.colcon_core.plugin_system:Skipping extension 'colcon_notification.desktop_notification.terminal_notifier': Not used on non-Darwin systems
[2.113s] INFO:colcon.colcon_core.plugin_system:Skipping extension 'colcon_notification.desktop_notification.win32': Not used on non-Windows systems
[2.113s] INFO:colcon.colcon_notification.desktop_notification:Sending desktop notification using 'notify2'
[2.136s] DEBUG:colcon.colcon_core.event_reactor:joined thread
[2.136s] INFO:colcon.colcon_core.shell:Creating prefix script '/home/ubuntu/rover_ws/install/local_setup.ps1'
[2.158s] INFO:colcon.colcon_core.shell:Creating prefix util module '/home/ubuntu/rover_ws/install/_local_setup_util_ps1.py'
[2.159s] INFO:colcon.colcon_core.shell:Creating prefix chain script '/home/ubuntu/rover_ws/install/setup.ps1'
[2.186s] INFO:colcon.colcon_core.shell:Creating prefix script '/home/ubuntu/rover_ws/install/local_setup.sh'
[2.207s] INFO:colcon.colcon_core.shell:Creating prefix util module '/home/ubuntu/rover_ws/install/_local_setup_util_sh.py'
[2.209s] INFO:colcon.colcon_core.shell:Creating prefix chain script '/home/ubuntu/rover_ws/install/setup.sh'
[2.229s] INFO:colcon.colcon_core.shell:Creating prefix script '/home/ubuntu/rover_ws/install/local_setup.bash'
[2.231s] INFO:colcon.colcon_core.shell:Creating prefix chain script '/home/ubuntu/rover_ws/install/setup.bash'
[2.237s] INFO:colcon.colcon_core.shell:Creating prefix script '/home/ubuntu/rover_ws/install/local_setup.zsh'
[2.238s] INFO:colcon.colcon_core.shell:Creating prefix chain script '/home/ubuntu/rover_ws/install/setup.zsh'
